0it [00:00, ?it/s]
79it [00:00, 787.21it/s]
213it [00:00, 897.89it/s]
346it [00:00, 993.90it/s]
469it [00:00, 1053.99it/s]
562it [00:00, 746.74it/s] 
690it [00:00, 852.83it/s]
822it [00:00, 952.35it/s]
955it [00:00, 1039.81it/s]
1087it [00:01, 1110.06it/s]
1218it [00:01, 1162.72it/s]
1310it [00:01, 1104.65it/s]

0it [00:00, ?it/s]
127it [00:00, 1266.81it/s]
162it [00:00, 1274.47it/s]

0it [00:00, ?it/s]
129it [00:00, 1285.17it/s]
162it [00:00, 1296.64it/s]

0it [00:00, ?it/s]
1634it [00:00, 126141.00it/s]

/home/ubuntu/anaconda3/lib/python3.6/site-packages/torch/nn/modules/rnn.py:51: UserWarning: dropout option adds dropout after all but last recurrent layer, so non-zero dropout expects num_layers greater than 1, but got dropout=0.2 and num_layers=1
  "num_layers={}".format(dropout, num_layers))
  0%|          | 0/82 [00:00<?, ?it/s]
1_F1: 0.6667, 0_F1: 0.0000, accuracy: 0.5000, average_F1: 0.3333, loss: 0.7189 ||:   1%|1         | 1/82 [00:00<01:09,  1.17it/s]
1_F1: 0.6667, 0_F1: 0.0000, accuracy: 0.5000, average_F1: 0.3333, loss: 0.7063 ||:   2%|2         | 2/82 [00:01<00:53,  1.49it/s]
1_F1: 0.6286, 0_F1: 0.0000, accuracy: 0.4583, average_F1: 0.3143, loss: 0.7041 ||:   4%|3         | 3/82 [00:01<00:45,  1.75it/s]
1_F1: 0.6136, 0_F1: 0.1500, accuracy: 0.4688, average_F1: 0.3818, loss: 0.7027 ||:   5%|4         | 4/82 [00:01<00:39,  1.98it/s]
1_F1: 0.6078, 0_F1: 0.3103, accuracy: 0.5000, average_F1: 0.4591, loss: 0.6983 ||:   6%|6         | 5/82 [00:02<00:35,  2.16it/s]
1_F1: 0.6179, 0_F1: 0.3188, accuracy: 0.5104, average_F1: 0.4684, loss: 0.6949 ||:   7%|7         | 6/82 [00:02<00:33,  2.30it/s]
1_F1: 0.6389, 0_F1: 0.3500, accuracy: 0.5357, average_F1: 0.4944, loss: 0.6907 ||:   9%|8         | 7/82 [00:02<00:29,  2.56it/s]
1_F1: 0.6626, 0_F1: 0.4086, accuracy: 0.5703, average_F1: 0.5356, loss: 0.6868 ||:  10%|9         | 8/82 [00:03<00:28,  2.64it/s]
1_F1: 0.6813, 0_F1: 0.4528, accuracy: 0.5972, average_F1: 0.5671, loss: 0.6783 ||:  11%|#         | 9/82 [00:03<00:25,  2.82it/s]
1_F1: 0.6837, 0_F1: 0.5000, accuracy: 0.6125, average_F1: 0.5918, loss: 0.6733 ||:  12%|#2        | 10/82 [00:03<00:24,  2.99it/s]
1_F1: 0.6919, 0_F1: 0.5390, accuracy: 0.6307, average_F1: 0.6155, loss: 0.6676 ||:  13%|#3        | 11/82 [00:04<00:23,  2.99it/s]
1_F1: 0.7018, 0_F1: 0.5641, accuracy: 0.6458, average_F1: 0.6329, loss: 0.6633 ||:  15%|#4        | 12/82 [00:04<00:22,  3.10it/s]
1_F1: 0.6802, 0_F1: 0.5325, accuracy: 0.6202, average_F1: 0.6064, loss: 0.6753 ||:  16%|#5        | 13/82 [00:04<00:22,  3.01it/s]
1_F1: 0.6894, 0_F1: 0.5543, accuracy: 0.6339, average_F1: 0.6219, loss: 0.6697 ||:  17%|#7        | 14/82 [00:05<00:22,  3.00it/s]
1_F1: 0.7000, 0_F1: 0.5800, accuracy: 0.6500, average_F1: 0.6400, loss: 0.6637 ||:  18%|#8        | 15/82 [00:05<00:21,  3.13it/s]
1_F1: 0.6899, 0_F1: 0.6044, accuracy: 0.6523, average_F1: 0.6472, loss: 0.6624 ||:  20%|#9        | 16/82 [00:05<00:21,  3.03it/s]
1_F1: 0.6758, 0_F1: 0.6215, accuracy: 0.6507, average_F1: 0.6486, loss: 0.6622 ||:  21%|##        | 17/82 [00:06<00:22,  2.95it/s]
1_F1: 0.6535, 0_F1: 0.6154, accuracy: 0.6354, average_F1: 0.6344, loss: 0.6705 ||:  22%|##1       | 18/82 [00:06<00:22,  2.86it/s]
1_F1: 0.6456, 0_F1: 0.6164, accuracy: 0.6316, average_F1: 0.6310, loss: 0.6731 ||:  23%|##3       | 19/82 [00:06<00:21,  2.89it/s]
1_F1: 0.6505, 0_F1: 0.6302, accuracy: 0.6406, average_F1: 0.6403, loss: 0.6687 ||:  24%|##4       | 20/82 [00:07<00:20,  3.02it/s]
1_F1: 0.6529, 0_F1: 0.6446, accuracy: 0.6488, average_F1: 0.6488, loss: 0.6647 ||:  26%|##5       | 21/82 [00:07<00:20,  2.99it/s]
1_F1: 0.6776, 0_F1: 0.6509, accuracy: 0.6648, average_F1: 0.6642, loss: 0.6554 ||:  27%|##6       | 22/82 [00:07<00:19,  3.02it/s]
1_F1: 0.6701, 0_F1: 0.6382, accuracy: 0.6549, average_F1: 0.6542, loss: 0.6614 ||:  28%|##8       | 23/82 [00:08<00:19,  2.97it/s]
1_F1: 0.6749, 0_F1: 0.6354, accuracy: 0.6562, average_F1: 0.6551, loss: 0.6597 ||:  29%|##9       | 24/82 [00:08<00:20,  2.88it/s]
1_F1: 0.6838, 0_F1: 0.6381, accuracy: 0.6625, average_F1: 0.6610, loss: 0.6554 ||:  30%|###       | 25/82 [00:08<00:20,  2.85it/s]
1_F1: 0.6861, 0_F1: 0.6373, accuracy: 0.6635, average_F1: 0.6617, loss: 0.6545 ||:  32%|###1      | 26/82 [00:09<00:18,  2.99it/s]
1_F1: 0.6810, 0_F1: 0.6300, accuracy: 0.6574, average_F1: 0.6555, loss: 0.6561 ||:  33%|###2      | 27/82 [00:09<00:18,  2.98it/s]
1_F1: 0.6902, 0_F1: 0.6410, accuracy: 0.6674, average_F1: 0.6656, loss: 0.6499 ||:  34%|###4      | 28/82 [00:09<00:18,  2.92it/s]
1_F1: 0.6894, 0_F1: 0.6387, accuracy: 0.6659, average_F1: 0.6640, loss: 0.6497 ||:  35%|###5      | 29/82 [00:10<00:17,  2.95it/s]
1_F1: 0.6940, 0_F1: 0.6488, accuracy: 0.6729, average_F1: 0.6714, loss: 0.6460 ||:  37%|###6      | 30/82 [00:10<00:17,  2.90it/s]
1_F1: 0.6919, 0_F1: 0.6479, accuracy: 0.6714, average_F1: 0.6699, loss: 0.6478 ||:  38%|###7      | 31/82 [00:10<00:16,  3.03it/s]
1_F1: 0.6939, 0_F1: 0.6598, accuracy: 0.6777, average_F1: 0.6768, loss: 0.6433 ||:  39%|###9      | 32/82 [00:11<00:16,  3.11it/s]
1_F1: 0.6957, 0_F1: 0.6667, accuracy: 0.6818, average_F1: 0.6812, loss: 0.6393 ||:  40%|####      | 33/82 [00:11<00:16,  3.02it/s]
1_F1: 0.7030, 0_F1: 0.6744, accuracy: 0.6893, average_F1: 0.6887, loss: 0.6335 ||:  41%|####1     | 34/82 [00:11<00:16,  2.93it/s]
1_F1: 0.7041, 0_F1: 0.6729, accuracy: 0.6893, average_F1: 0.6885, loss: 0.6320 ||:  43%|####2     | 35/82 [00:12<00:15,  3.08it/s]
1_F1: 0.7074, 0_F1: 0.6764, accuracy: 0.6927, average_F1: 0.6919, loss: 0.6291 ||:  44%|####3     | 36/82 [00:12<00:14,  3.12it/s]
1_F1: 0.7095, 0_F1: 0.6774, accuracy: 0.6943, average_F1: 0.6934, loss: 0.6267 ||:  45%|####5     | 37/82 [00:12<00:14,  3.09it/s]
1_F1: 0.7130, 0_F1: 0.6725, accuracy: 0.6941, average_F1: 0.6927, loss: 0.6255 ||:  46%|####6     | 38/82 [00:13<00:14,  2.98it/s]
1_F1: 0.7147, 0_F1: 0.6735, accuracy: 0.6955, average_F1: 0.6941, loss: 0.6236 ||:  48%|####7     | 39/82 [00:13<00:14,  3.07it/s]
1_F1: 0.7116, 0_F1: 0.6700, accuracy: 0.6922, average_F1: 0.6908, loss: 0.6255 ||:  49%|####8     | 40/82 [00:13<00:14,  2.94it/s]
1_F1: 0.7161, 0_F1: 0.6743, accuracy: 0.6966, average_F1: 0.6952, loss: 0.6221 ||:  50%|#####     | 41/82 [00:14<00:12,  3.22it/s]
1_F1: 0.7133, 0_F1: 0.6741, accuracy: 0.6949, average_F1: 0.6937, loss: 0.6230 ||:  51%|#####1    | 42/82 [00:14<00:12,  3.29it/s]
1_F1: 0.7123, 0_F1: 0.6749, accuracy: 0.6948, average_F1: 0.6936, loss: 0.6227 ||:  52%|#####2    | 43/82 [00:14<00:11,  3.34it/s]
1_F1: 0.7151, 0_F1: 0.6807, accuracy: 0.6989, average_F1: 0.6979, loss: 0.6195 ||:  54%|#####3    | 44/82 [00:14<00:12,  3.09it/s]
1_F1: 0.7133, 0_F1: 0.6823, accuracy: 0.6986, average_F1: 0.6978, loss: 0.6195 ||:  55%|#####4    | 45/82 [00:15<00:12,  2.95it/s]
1_F1: 0.7158, 0_F1: 0.6848, accuracy: 0.7011, average_F1: 0.7003, loss: 0.6171 ||:  56%|#####6    | 46/82 [00:15<00:12,  2.93it/s]
1_F1: 0.7206, 0_F1: 0.6900, accuracy: 0.7061, average_F1: 0.7053, loss: 0.6128 ||:  57%|#####7    | 47/82 [00:15<00:11,  3.12it/s]
1_F1: 0.7194, 0_F1: 0.6878, accuracy: 0.7044, average_F1: 0.7036, loss: 0.6134 ||:  59%|#####8    | 48/82 [00:16<00:09,  3.42it/s]
1_F1: 0.7215, 0_F1: 0.6900, accuracy: 0.7066, average_F1: 0.7058, loss: 0.6114 ||:  60%|#####9    | 49/82 [00:16<00:09,  3.52it/s]
1_F1: 0.7221, 0_F1: 0.6913, accuracy: 0.7075, average_F1: 0.7067, loss: 0.6090 ||:  61%|######    | 50/82 [00:16<00:09,  3.27it/s]
1_F1: 0.7234, 0_F1: 0.7008, accuracy: 0.7125, average_F1: 0.7121, loss: 0.6039 ||:  62%|######2   | 51/82 [00:17<00:10,  2.98it/s]
1_F1: 0.7214, 0_F1: 0.6969, accuracy: 0.7096, average_F1: 0.7091, loss: 0.6037 ||:  63%|######3   | 52/82 [00:17<00:10,  2.97it/s]
1_F1: 0.7232, 0_F1: 0.6964, accuracy: 0.7104, average_F1: 0.7098, loss: 0.6038 ||:  65%|######4   | 53/82 [00:17<00:09,  3.08it/s]
1_F1: 0.7314, 0_F1: 0.6955, accuracy: 0.7146, average_F1: 0.7135, loss: 0.5993 ||:  66%|######5   | 54/82 [00:18<00:08,  3.42it/s]
1_F1: 0.7292, 0_F1: 0.6972, accuracy: 0.7141, average_F1: 0.7132, loss: 0.5982 ||:  67%|######7   | 55/82 [00:18<00:07,  3.39it/s]
1_F1: 0.7331, 0_F1: 0.7014, accuracy: 0.7181, average_F1: 0.7172, loss: 0.5947 ||:  68%|######8   | 56/82 [00:18<00:07,  3.47it/s]
1_F1: 0.7375, 0_F1: 0.7070, accuracy: 0.7231, average_F1: 0.7222, loss: 0.5906 ||:  70%|######9   | 57/82 [00:18<00:07,  3.39it/s]
1_F1: 0.7401, 0_F1: 0.7072, accuracy: 0.7246, average_F1: 0.7236, loss: 0.5897 ||:  71%|#######   | 58/82 [00:19<00:07,  3.25it/s]
1_F1: 0.7413, 0_F1: 0.7067, accuracy: 0.7251, average_F1: 0.7240, loss: 0.5887 ||:  72%|#######1  | 59/82 [00:19<00:06,  3.36it/s]
1_F1: 0.7439, 0_F1: 0.7090, accuracy: 0.7276, average_F1: 0.7264, loss: 0.5850 ||:  73%|#######3  | 60/82 [00:19<00:06,  3.44it/s]
1_F1: 0.7449, 0_F1: 0.7085, accuracy: 0.7279, average_F1: 0.7267, loss: 0.5835 ||:  74%|#######4  | 61/82 [00:20<00:06,  3.49it/s]
1_F1: 0.7450, 0_F1: 0.7092, accuracy: 0.7283, average_F1: 0.7271, loss: 0.5838 ||:  76%|#######5  | 62/82 [00:20<00:06,  3.26it/s]
1_F1: 0.7456, 0_F1: 0.7093, accuracy: 0.7286, average_F1: 0.7274, loss: 0.5815 ||:  77%|#######6  | 63/82 [00:20<00:05,  3.29it/s]
1_F1: 0.7479, 0_F1: 0.7114, accuracy: 0.7309, average_F1: 0.7297, loss: 0.5780 ||:  78%|#######8  | 64/82 [00:21<00:05,  3.22it/s]
1_F1: 0.7471, 0_F1: 0.7088, accuracy: 0.7293, average_F1: 0.7279, loss: 0.5798 ||:  79%|#######9  | 65/82 [00:21<00:05,  3.31it/s]
1_F1: 0.7451, 0_F1: 0.7099, accuracy: 0.7287, average_F1: 0.7275, loss: 0.5806 ||:  80%|########  | 66/82 [00:21<00:04,  3.36it/s]
1_F1: 0.7459, 0_F1: 0.7075, accuracy: 0.7280, average_F1: 0.7267, loss: 0.5818 ||:  82%|########1 | 67/82 [00:21<00:04,  3.29it/s]
1_F1: 0.7429, 0_F1: 0.7080, accuracy: 0.7265, average_F1: 0.7254, loss: 0.5824 ||:  83%|########2 | 68/82 [00:22<00:04,  3.28it/s]
1_F1: 0.7436, 0_F1: 0.7099, accuracy: 0.7278, average_F1: 0.7267, loss: 0.5807 ||:  84%|########4 | 69/82 [00:22<00:03,  3.46it/s]
1_F1: 0.7421, 0_F1: 0.7144, accuracy: 0.7290, average_F1: 0.7283, loss: 0.5792 ||:  85%|########5 | 70/82 [00:22<00:03,  3.15it/s]
1_F1: 0.7422, 0_F1: 0.7189, accuracy: 0.7310, average_F1: 0.7305, loss: 0.5770 ||:  87%|########6 | 71/82 [00:23<00:03,  2.87it/s]
1_F1: 0.7423, 0_F1: 0.7193, accuracy: 0.7313, average_F1: 0.7308, loss: 0.5765 ||:  88%|########7 | 72/82 [00:23<00:03,  3.16it/s]
1_F1: 0.7432, 0_F1: 0.7226, accuracy: 0.7333, average_F1: 0.7329, loss: 0.5742 ||:  89%|########9 | 73/82 [00:23<00:02,  3.17it/s]
1_F1: 0.7457, 0_F1: 0.7274, accuracy: 0.7369, average_F1: 0.7366, loss: 0.5706 ||:  90%|######### | 74/82 [00:24<00:02,  3.18it/s]
1_F1: 0.7464, 0_F1: 0.7288, accuracy: 0.7379, average_F1: 0.7376, loss: 0.5694 ||:  91%|#########1| 75/82 [00:24<00:02,  3.12it/s]
1_F1: 0.7466, 0_F1: 0.7271, accuracy: 0.7372, average_F1: 0.7369, loss: 0.5694 ||:  93%|#########2| 76/82 [00:24<00:01,  3.28it/s]
1_F1: 0.7480, 0_F1: 0.7276, accuracy: 0.7382, average_F1: 0.7378, loss: 0.5676 ||:  94%|#########3| 77/82 [00:25<00:01,  3.41it/s]
1_F1: 0.7498, 0_F1: 0.7276, accuracy: 0.7392, average_F1: 0.7387, loss: 0.5649 ||:  95%|#########5| 78/82 [00:25<00:01,  3.60it/s]
1_F1: 0.7527, 0_F1: 0.7297, accuracy: 0.7417, average_F1: 0.7412, loss: 0.5622 ||:  96%|#########6| 79/82 [00:25<00:00,  3.65it/s]
1_F1: 0.7526, 0_F1: 0.7300, accuracy: 0.7418, average_F1: 0.7413, loss: 0.5620 ||:  98%|#########7| 80/82 [00:25<00:00,  3.41it/s]
1_F1: 0.7570, 0_F1: 0.7317, accuracy: 0.7450, average_F1: 0.7444, loss: 0.5577 ||:  99%|#########8| 81/82 [00:26<00:00,  3.48it/s]
1_F1: 0.7574, 0_F1: 0.7296, accuracy: 0.7443, average_F1: 0.7435, loss: 0.5578 ||: 100%|##########| 82/82 [00:26<00:00,  3.37it/s]
1_F1: 0.7574, 0_F1: 0.7296, accuracy: 0.7443, average_F1: 0.7435, loss: 0.5578 ||: 100%|##########| 82/82 [00:26<00:00,  3.09it/s]

  0%|          | 0/11 [00:00<?, ?it/s]
1_F1: 0.7619, 0_F1: 0.5455, accuracy: 0.6875, average_F1: 0.6537, loss: 0.6179 ||:   9%|9         | 1/11 [00:00<00:01,  9.51it/s]
1_F1: 0.7925, 0_F1: 0.7442, accuracy: 0.7708, average_F1: 0.7683, loss: 0.5194 ||:  27%|##7       | 3/11 [00:00<00:00, 10.29it/s]
1_F1: 0.8193, 0_F1: 0.8052, accuracy: 0.8125, average_F1: 0.8122, loss: 0.4443 ||:  45%|####5     | 5/11 [00:00<00:00, 10.91it/s]
1_F1: 0.8421, 0_F1: 0.8364, accuracy: 0.8393, average_F1: 0.8392, loss: 0.4127 ||:  64%|######3   | 7/11 [00:00<00:00, 10.80it/s]
1_F1: 0.8413, 0_F1: 0.8462, accuracy: 0.8438, average_F1: 0.8437, loss: 0.4208 ||:  73%|#######2  | 8/11 [00:00<00:00, 10.02it/s]
1_F1: 0.8451, 0_F1: 0.8493, accuracy: 0.8472, average_F1: 0.8472, loss: 0.4153 ||:  82%|########1 | 9/11 [00:00<00:00,  9.51it/s]
1_F1: 0.8481, 0_F1: 0.8519, accuracy: 0.8500, average_F1: 0.8500, loss: 0.4112 ||:  91%|######### | 10/11 [00:00<00:00,  9.09it/s]
1_F1: 0.8500, 0_F1: 0.8537, accuracy: 0.8519, average_F1: 0.8518, loss: 0.3919 ||: 100%|##########| 11/11 [00:00<00:00, 11.04it/s]

  0%|          | 0/82 [00:00<?, ?it/s]
1_F1: 0.8571, 0_F1: 0.8889, accuracy: 0.8750, average_F1: 0.8730, loss: 0.4024 ||:   1%|1         | 1/82 [00:00<00:29,  2.78it/s]
1_F1: 0.8800, 0_F1: 0.9231, accuracy: 0.9062, average_F1: 0.9015, loss: 0.3551 ||:   2%|2         | 2/82 [00:00<00:28,  2.76it/s]
1_F1: 0.8485, 0_F1: 0.9206, accuracy: 0.8958, average_F1: 0.8846, loss: 0.3576 ||:   4%|3         | 3/82 [00:01<00:27,  2.88it/s]
1_F1: 0.9057, 0_F1: 0.9333, accuracy: 0.9219, average_F1: 0.9195, loss: 0.3210 ||:   5%|4         | 4/82 [00:01<00:25,  3.03it/s]
1_F1: 0.9275, 0_F1: 0.9451, accuracy: 0.9375, average_F1: 0.9363, loss: 0.2960 ||:   6%|6         | 5/82 [00:01<00:26,  2.94it/s]
1_F1: 0.9213, 0_F1: 0.9320, accuracy: 0.9271, average_F1: 0.9267, loss: 0.3066 ||:   7%|7         | 6/82 [00:01<00:24,  3.07it/s]
1_F1: 0.9358, 0_F1: 0.9391, accuracy: 0.9375, average_F1: 0.9375, loss: 0.2870 ||:   9%|8         | 7/82 [00:02<00:24,  3.11it/s]
1_F1: 0.9365, 0_F1: 0.9385, accuracy: 0.9375, average_F1: 0.9375, loss: 0.2856 ||:  10%|9         | 8/82 [00:02<00:26,  2.85it/s]
1_F1: 0.9379, 0_F1: 0.9371, accuracy: 0.9375, average_F1: 0.9375, loss: 0.2881 ||:  11%|#         | 9/82 [00:03<00:25,  2.92it/s]
1_F1: 0.9405, 0_F1: 0.9342, accuracy: 0.9375, average_F1: 0.9373, loss: 0.2865 ||:  12%|#2        | 10/82 [00:03<00:23,  3.06it/s]
1_F1: 0.9333, 0_F1: 0.9302, accuracy: 0.9318, average_F1: 0.9318, loss: 0.2926 ||:  13%|#3        | 11/82 [00:03<00:21,  3.24it/s]
1_F1: 0.9263, 0_F1: 0.9278, accuracy: 0.9271, average_F1: 0.9271, loss: 0.3072 ||:  15%|#4        | 12/82 [00:03<00:22,  3.15it/s]
1_F1: 0.9163, 0_F1: 0.9202, accuracy: 0.9183, average_F1: 0.9182, loss: 0.3205 ||:  16%|#5        | 13/82 [00:04<00:21,  3.18it/s]
1_F1: 0.9065, 0_F1: 0.9145, accuracy: 0.9107, average_F1: 0.9105, loss: 0.3379 ||:  17%|#7        | 14/82 [00:04<00:22,  2.96it/s]
1_F1: 0.9099, 0_F1: 0.9150, accuracy: 0.9125, average_F1: 0.9124, loss: 0.3349 ||:  18%|#8        | 15/82 [00:04<00:21,  3.14it/s]
1_F1: 0.9004, 0_F1: 0.9042, accuracy: 0.9023, average_F1: 0.9023, loss: 0.3509 ||:  20%|#9        | 16/82 [00:05<00:19,  3.41it/s]
1_F1: 0.9064, 0_F1: 0.9097, accuracy: 0.9081, average_F1: 0.9081, loss: 0.3415 ||:  21%|##        | 17/82 [00:05<00:19,  3.35it/s]
1_F1: 0.8961, 0_F1: 0.9024, accuracy: 0.8993, average_F1: 0.8992, loss: 0.3564 ||:  22%|##1       | 18/82 [00:06<00:25,  2.56it/s]
1_F1: 0.8951, 0_F1: 0.9068, accuracy: 0.9013, average_F1: 0.9010, loss: 0.3577 ||:  23%|##3       | 19/82 [00:06<00:22,  2.82it/s]
1_F1: 0.9000, 0_F1: 0.9118, accuracy: 0.9062, average_F1: 0.9059, loss: 0.3504 ||:  24%|##4       | 20/82 [00:06<00:21,  2.85it/s]
1_F1: 0.9016, 0_F1: 0.9132, accuracy: 0.9077, average_F1: 0.9074, loss: 0.3512 ||:  26%|##5       | 21/82 [00:07<00:21,  2.81it/s]
1_F1: 0.9063, 0_F1: 0.9169, accuracy: 0.9119, average_F1: 0.9116, loss: 0.3432 ||:  27%|##6       | 22/82 [00:07<00:19,  3.01it/s]
1_F1: 0.9029, 0_F1: 0.9119, accuracy: 0.9076, average_F1: 0.9074, loss: 0.3505 ||:  28%|##8       | 23/82 [00:07<00:20,  2.93it/s]
1_F1: 0.9032, 0_F1: 0.9091, accuracy: 0.9062, average_F1: 0.9062, loss: 0.3507 ||:  29%|##9       | 24/82 [00:07<00:18,  3.08it/s]
1_F1: 0.9003, 0_F1: 0.9046, accuracy: 0.9025, average_F1: 0.9025, loss: 0.3508 ||:  30%|###       | 25/82 [00:08<00:18,  3.06it/s]
1_F1: 0.8981, 0_F1: 0.9000, accuracy: 0.8990, average_F1: 0.8990, loss: 0.3518 ||:  32%|###1      | 26/82 [00:08<00:17,  3.15it/s]
1_F1: 0.8988, 0_F1: 0.9021, accuracy: 0.9005, average_F1: 0.9004, loss: 0.3496 ||:  33%|###2      | 27/82 [00:08<00:17,  3.10it/s]
1_F1: 0.9011, 0_F1: 0.9067, accuracy: 0.9040, average_F1: 0.9039, loss: 0.3430 ||:  34%|###4      | 28/82 [00:09<00:16,  3.18it/s]
1_F1: 0.8939, 0_F1: 0.9031, accuracy: 0.8987, average_F1: 0.8985, loss: 0.3501 ||:  35%|###5      | 29/82 [00:09<00:16,  3.13it/s]
1_F1: 0.8898, 0_F1: 0.8974, accuracy: 0.8938, average_F1: 0.8936, loss: 0.3514 ||:  37%|###6      | 30/82 [00:09<00:15,  3.44it/s]
1_F1: 0.8875, 0_F1: 0.8945, accuracy: 0.8911, average_F1: 0.8910, loss: 0.3563 ||:  38%|###7      | 31/82 [00:10<00:14,  3.45it/s]
1_F1: 0.8844, 0_F1: 0.8927, accuracy: 0.8887, average_F1: 0.8885, loss: 0.3591 ||:  39%|###9      | 32/82 [00:10<00:14,  3.34it/s]
1_F1: 0.8850, 0_F1: 0.8913, accuracy: 0.8883, average_F1: 0.8882, loss: 0.3576 ||:  40%|####      | 33/82 [00:10<00:15,  3.17it/s]
1_F1: 0.8868, 0_F1: 0.8925, accuracy: 0.8897, average_F1: 0.8896, loss: 0.3568 ||:  41%|####1     | 34/82 [00:11<00:15,  3.07it/s]
1_F1: 0.8816, 0_F1: 0.8862, accuracy: 0.8839, average_F1: 0.8839, loss: 0.3645 ||:  43%|####2     | 35/82 [00:11<00:15,  2.99it/s]
1_F1: 0.8810, 0_F1: 0.8862, accuracy: 0.8837, average_F1: 0.8836, loss: 0.3676 ||:  44%|####3     | 36/82 [00:11<00:15,  3.04it/s]
1_F1: 0.8812, 0_F1: 0.8856, accuracy: 0.8834, average_F1: 0.8834, loss: 0.3699 ||:  45%|####5     | 37/82 [00:12<00:14,  3.12it/s]
1_F1: 0.8779, 0_F1: 0.8787, accuracy: 0.8783, average_F1: 0.8783, loss: 0.3737 ||:  46%|####6     | 38/82 [00:12<00:13,  3.24it/s]
1_F1: 0.8804, 0_F1: 0.8792, accuracy: 0.8798, average_F1: 0.8798, loss: 0.3708 ||:  48%|####7     | 39/82 [00:12<00:13,  3.30it/s]
1_F1: 0.8789, 0_F1: 0.8774, accuracy: 0.8781, average_F1: 0.8781, loss: 0.3711 ||:  49%|####8     | 40/82 [00:12<00:13,  3.22it/s]
1_F1: 0.8778, 0_F1: 0.8752, accuracy: 0.8765, average_F1: 0.8765, loss: 0.3757 ||:  50%|#####     | 41/82 [00:13<00:11,  3.60it/s]
1_F1: 0.8774, 0_F1: 0.8756, accuracy: 0.8765, average_F1: 0.8765, loss: 0.3756 ||:  51%|#####1    | 42/82 [00:13<00:11,  3.42it/s]
1_F1: 0.8773, 0_F1: 0.8755, accuracy: 0.8765, average_F1: 0.8764, loss: 0.3747 ||:  52%|#####2    | 43/82 [00:13<00:11,  3.33it/s]
1_F1: 0.8717, 0_F1: 0.8698, accuracy: 0.8707, average_F1: 0.8707, loss: 0.3822 ||:  54%|#####3    | 44/82 [00:14<00:12,  3.08it/s]
1_F1: 0.8675, 0_F1: 0.8686, accuracy: 0.8681, average_F1: 0.8681, loss: 0.3866 ||:  55%|#####4    | 45/82 [00:14<00:11,  3.16it/s]
1_F1: 0.8641, 0_F1: 0.8641, accuracy: 0.8641, average_F1: 0.8641, loss: 0.3934 ||:  56%|#####6    | 46/82 [00:14<00:11,  3.04it/s]
1_F1: 0.8659, 0_F1: 0.8655, accuracy: 0.8657, average_F1: 0.8657, loss: 0.3900 ||:  57%|#####7    | 47/82 [00:15<00:10,  3.19it/s]
1_F1: 0.8613, 0_F1: 0.8645, accuracy: 0.8629, average_F1: 0.8629, loss: 0.3931 ||:  59%|#####8    | 48/82 [00:15<00:11,  2.94it/s]
1_F1: 0.8594, 0_F1: 0.8619, accuracy: 0.8606, average_F1: 0.8606, loss: 0.3961 ||:  60%|#####9    | 49/82 [00:15<00:11,  2.96it/s]
1_F1: 0.8600, 0_F1: 0.8618, accuracy: 0.8609, average_F1: 0.8609, loss: 0.3955 ||:  61%|######    | 50/82 [00:16<00:10,  3.03it/s]
1_F1: 0.8606, 0_F1: 0.8593, accuracy: 0.8600, average_F1: 0.8599, loss: 0.3971 ||:  62%|######2   | 51/82 [00:16<00:09,  3.30it/s]
1_F1: 0.8636, 0_F1: 0.8592, accuracy: 0.8614, average_F1: 0.8614, loss: 0.3945 ||:  63%|######3   | 52/82 [00:16<00:09,  3.15it/s]
1_F1: 0.8654, 0_F1: 0.8602, accuracy: 0.8629, average_F1: 0.8628, loss: 0.3938 ||:  65%|######4   | 53/82 [00:17<00:08,  3.30it/s]
1_F1: 0.8630, 0_F1: 0.8561, accuracy: 0.8596, average_F1: 0.8595, loss: 0.3952 ||:  66%|######5   | 54/82 [00:17<00:08,  3.22it/s]
1_F1: 0.8600, 0_F1: 0.8528, accuracy: 0.8565, average_F1: 0.8564, loss: 0.3976 ||:  67%|######7   | 55/82 [00:17<00:08,  3.27it/s]
1_F1: 0.8615, 0_F1: 0.8519, accuracy: 0.8568, average_F1: 0.8567, loss: 0.3948 ||:  68%|######8   | 56/82 [00:17<00:07,  3.37it/s]
1_F1: 0.8590, 0_F1: 0.8483, accuracy: 0.8538, average_F1: 0.8537, loss: 0.3953 ||:  70%|######9   | 57/82 [00:18<00:07,  3.17it/s]
1_F1: 0.8601, 0_F1: 0.8501, accuracy: 0.8553, average_F1: 0.8551, loss: 0.3948 ||:  71%|#######   | 58/82 [00:18<00:07,  3.27it/s]
1_F1: 0.8607, 0_F1: 0.8502, accuracy: 0.8556, average_F1: 0.8554, loss: 0.3940 ||:  72%|#######1  | 59/82 [00:18<00:07,  3.08it/s]
1_F1: 0.8603, 0_F1: 0.8513, accuracy: 0.8559, average_F1: 0.8558, loss: 0.3925 ||:  73%|#######3  | 60/82 [00:19<00:06,  3.28it/s]
1_F1: 0.8609, 0_F1: 0.8535, accuracy: 0.8573, average_F1: 0.8572, loss: 0.3913 ||:  74%|#######4  | 61/82 [00:19<00:06,  3.20it/s]
1_F1: 0.8605, 0_F1: 0.8545, accuracy: 0.8576, average_F1: 0.8575, loss: 0.3902 ||:  76%|#######5  | 62/82 [00:19<00:06,  3.26it/s]
1_F1: 0.8627, 0_F1: 0.8548, accuracy: 0.8588, average_F1: 0.8587, loss: 0.3885 ||:  77%|#######6  | 63/82 [00:20<00:05,  3.17it/s]
1_F1: 0.8639, 0_F1: 0.8560, accuracy: 0.8601, average_F1: 0.8600, loss: 0.3863 ||:  78%|#######8  | 64/82 [00:20<00:05,  3.18it/s]
1_F1: 0.8612, 0_F1: 0.8535, accuracy: 0.8574, average_F1: 0.8573, loss: 0.3898 ||:  79%|#######9  | 65/82 [00:20<00:05,  3.04it/s]
1_F1: 0.8611, 0_F1: 0.8560, accuracy: 0.8586, average_F1: 0.8586, loss: 0.3878 ||:  80%|########  | 66/82 [00:21<00:05,  2.96it/s]
1_F1: 0.8582, 0_F1: 0.8539, accuracy: 0.8561, average_F1: 0.8560, loss: 0.3901 ||:  82%|########1 | 67/82 [00:21<00:05,  2.91it/s]
1_F1: 0.8584, 0_F1: 0.8542, accuracy: 0.8564, average_F1: 0.8563, loss: 0.3910 ||:  83%|########2 | 68/82 [00:21<00:04,  3.01it/s]
1_F1: 0.8584, 0_F1: 0.8548, accuracy: 0.8566, average_F1: 0.8566, loss: 0.3917 ||:  84%|########4 | 69/82 [00:22<00:04,  2.93it/s]
1_F1: 0.8579, 0_F1: 0.8559, accuracy: 0.8569, average_F1: 0.8569, loss: 0.3901 ||:  85%|########5 | 70/82 [00:22<00:03,  3.01it/s]
1_F1: 0.8586, 0_F1: 0.8574, accuracy: 0.8580, average_F1: 0.8580, loss: 0.3877 ||:  87%|########6 | 71/82 [00:22<00:03,  3.11it/s]
1_F1: 0.8569, 0_F1: 0.8561, accuracy: 0.8565, average_F1: 0.8565, loss: 0.3895 ||:  88%|########7 | 72/82 [00:23<00:03,  2.98it/s]
1_F1: 0.8567, 0_F1: 0.8569, accuracy: 0.8568, average_F1: 0.8568, loss: 0.3889 ||:  89%|########9 | 73/82 [00:23<00:03,  2.91it/s]
1_F1: 0.8547, 0_F1: 0.8542, accuracy: 0.8545, average_F1: 0.8545, loss: 0.3923 ||:  90%|######### | 74/82 [00:23<00:02,  2.87it/s]
1_F1: 0.8545, 0_F1: 0.8533, accuracy: 0.8539, average_F1: 0.8539, loss: 0.3927 ||:  91%|#########1| 75/82 [00:24<00:02,  3.07it/s]
1_F1: 0.8532, 0_F1: 0.8519, accuracy: 0.8526, average_F1: 0.8526, loss: 0.3942 ||:  93%|#########2| 76/82 [00:24<00:02,  2.96it/s]
1_F1: 0.8546, 0_F1: 0.8527, accuracy: 0.8537, average_F1: 0.8537, loss: 0.3918 ||:  94%|#########3| 77/82 [00:24<00:01,  3.08it/s]
1_F1: 0.8542, 0_F1: 0.8521, accuracy: 0.8531, average_F1: 0.8531, loss: 0.3919 ||:  95%|#########5| 78/82 [00:25<00:01,  3.04it/s]
1_F1: 0.8554, 0_F1: 0.8514, accuracy: 0.8534, average_F1: 0.8534, loss: 0.3915 ||:  96%|#########6| 79/82 [00:25<00:00,  3.37it/s]
1_F1: 0.8580, 0_F1: 0.8524, accuracy: 0.8552, average_F1: 0.8552, loss: 0.3891 ||:  98%|#########7| 80/82 [00:25<00:00,  3.32it/s]
1_F1: 0.8587, 0_F1: 0.8538, accuracy: 0.8563, average_F1: 0.8562, loss: 0.3865 ||:  99%|#########8| 81/82 [00:25<00:00,  3.36it/s]
1_F1: 0.8584, 0_F1: 0.8545, accuracy: 0.8565, average_F1: 0.8565, loss: 0.3859 ||: 100%|##########| 82/82 [00:26<00:00,  3.11it/s]
1_F1: 0.8584, 0_F1: 0.8545, accuracy: 0.8565, average_F1: 0.8565, loss: 0.3859 ||: 100%|##########| 82/82 [00:26<00:00,  3.11it/s]

  0%|          | 0/11 [00:00<?, ?it/s]
1_F1: 0.8571, 0_F1: 0.7273, accuracy: 0.8125, average_F1: 0.7922, loss: 0.4161 ||:   9%|9         | 1/11 [00:00<00:01,  9.14it/s]
1_F1: 0.8358, 0_F1: 0.6207, accuracy: 0.7708, average_F1: 0.7283, loss: 0.5575 ||:  27%|##7       | 3/11 [00:00<00:00,  9.96it/s]
1_F1: 0.8283, 0_F1: 0.7213, accuracy: 0.7875, average_F1: 0.7748, loss: 0.5108 ||:  45%|####5     | 5/11 [00:00<00:00, 10.44it/s]
1_F1: 0.8244, 0_F1: 0.7527, accuracy: 0.7946, average_F1: 0.7886, loss: 0.5164 ||:  64%|######3   | 7/11 [00:00<00:00, 10.54it/s]
1_F1: 0.8193, 0_F1: 0.7541, accuracy: 0.7917, average_F1: 0.7867, loss: 0.5306 ||:  82%|########1 | 9/11 [00:00<00:00, 10.16it/s]
1_F1: 0.8216, 0_F1: 0.7556, accuracy: 0.7937, average_F1: 0.7886, loss: 0.5199 ||:  91%|######### | 10/11 [00:00<00:00,  9.41it/s]
1_F1: 0.8191, 0_F1: 0.7500, accuracy: 0.7901, average_F1: 0.7846, loss: 0.5214 ||: 100%|##########| 11/11 [00:00<00:00, 11.08it/s]

  0%|          | 0/82 [00:00<?, ?it/s]
1_F1: 0.8889, 0_F1: 0.4000, accuracy: 0.8125, average_F1: 0.6444, loss: 0.5030 ||:   1%|1         | 1/82 [00:00<00:20,  3.91it/s]
1_F1: 0.9388, 0_F1: 0.8000, accuracy: 0.9062, average_F1: 0.8694, loss: 0.3208 ||:   2%|2         | 2/82 [00:00<00:22,  3.54it/s]
1_F1: 0.9474, 0_F1: 0.9143, accuracy: 0.9348, average_F1: 0.9308, loss: 0.2756 ||:   4%|3         | 3/82 [00:01<00:25,  3.13it/s]
1_F1: 0.9333, 0_F1: 0.8980, accuracy: 0.9194, average_F1: 0.9156, loss: 0.3044 ||:   5%|4         | 4/82 [00:01<00:25,  3.03it/s]
1_F1: 0.9318, 0_F1: 0.9118, accuracy: 0.9231, average_F1: 0.9218, loss: 0.3009 ||:   6%|6         | 5/82 [00:01<00:26,  2.92it/s]
1_F1: 0.9259, 0_F1: 0.9000, accuracy: 0.9149, average_F1: 0.9130, loss: 0.3102 ||:   7%|7         | 6/82 [00:02<00:25,  3.02it/s]
1_F1: 0.9280, 0_F1: 0.9053, accuracy: 0.9182, average_F1: 0.9166, loss: 0.3131 ||:   9%|8         | 7/82 [00:02<00:24,  3.02it/s]
1_F1: 0.9197, 0_F1: 0.9043, accuracy: 0.9127, average_F1: 0.9120, loss: 0.3307 ||:  10%|9         | 8/82 [00:02<00:24,  3.01it/s]
1_F1: 0.9161, 0_F1: 0.8992, accuracy: 0.9085, average_F1: 0.9077, loss: 0.3304 ||:  11%|#         | 9/82 [00:02<00:22,  3.19it/s]
1_F1: 0.9195, 0_F1: 0.9014, accuracy: 0.9114, average_F1: 0.9105, loss: 0.3152 ||:  12%|#2        | 10/82 [00:03<00:23,  3.07it/s]
1_F1: 0.9198, 0_F1: 0.9068, accuracy: 0.9138, average_F1: 0.9133, loss: 0.3041 ||:  13%|#3        | 11/82 [00:03<00:22,  3.12it/s]
1_F1: 0.9146, 0_F1: 0.9061, accuracy: 0.9105, average_F1: 0.9103, loss: 0.3143 ||:  15%|#4        | 12/82 [00:03<00:22,  3.13it/s]
1_F1: 0.9140, 0_F1: 0.9005, accuracy: 0.9078, average_F1: 0.9073, loss: 0.3167 ||:  16%|#5        | 13/82 [00:04<00:20,  3.32it/s]
1_F1: 0.9076, 0_F1: 0.8932, accuracy: 0.9009, average_F1: 0.9004, loss: 0.3261 ||:  17%|#7        | 14/82 [00:04<00:21,  3.15it/s]
1_F1: 0.8988, 0_F1: 0.8908, accuracy: 0.8950, average_F1: 0.8948, loss: 0.3432 ||:  18%|#8        | 15/82 [00:04<00:21,  3.16it/s]
1_F1: 0.8958, 0_F1: 0.8916, accuracy: 0.8937, average_F1: 0.8937, loss: 0.3492 ||:  20%|#9        | 16/82 [00:05<00:20,  3.16it/s]
1_F1: 0.8947, 0_F1: 0.8978, accuracy: 0.8963, average_F1: 0.8963, loss: 0.3444 ||:  21%|##        | 17/82 [00:05<00:21,  3.00it/s]
1_F1: 0.8889, 0_F1: 0.8942, accuracy: 0.8916, average_F1: 0.8915, loss: 0.3537 ||:  22%|##1       | 18/82 [00:05<00:20,  3.08it/s]
1_F1: 0.8912, 0_F1: 0.8968, accuracy: 0.8940, average_F1: 0.8940, loss: 0.3540 ||:  23%|##3       | 19/82 [00:06<00:19,  3.16it/s]
1_F1: 0.8918, 0_F1: 0.9003, accuracy: 0.8962, average_F1: 0.8961, loss: 0.3508 ||:  24%|##4       | 20/82 [00:06<00:20,  3.06it/s]
1_F1: 0.8896, 0_F1: 0.9003, accuracy: 0.8952, average_F1: 0.8949, loss: 0.3507 ||:  26%|##5       | 21/82 [00:06<00:19,  3.14it/s]
1_F1: 0.8936, 0_F1: 0.9057, accuracy: 0.9000, average_F1: 0.8996, loss: 0.3412 ||:  27%|##6       | 22/82 [00:07<00:19,  3.05it/s]
1_F1: 0.8941, 0_F1: 0.9082, accuracy: 0.9016, average_F1: 0.9011, loss: 0.3380 ||:  28%|##8       | 23/82 [00:07<00:18,  3.15it/s]
1_F1: 0.8981, 0_F1: 0.9077, accuracy: 0.9031, average_F1: 0.9029, loss: 0.3315 ||:  29%|##9       | 24/82 [00:07<00:17,  3.39it/s]
1_F1: 0.9016, 0_F1: 0.9073, accuracy: 0.9045, average_F1: 0.9044, loss: 0.3304 ||:  30%|###       | 25/82 [00:07<00:16,  3.44it/s]
1_F1: 0.8988, 0_F1: 0.9031, accuracy: 0.9010, average_F1: 0.9009, loss: 0.3353 ||:  32%|###1      | 26/82 [00:08<00:16,  3.37it/s]
1_F1: 0.9031, 0_F1: 0.9062, accuracy: 0.9047, average_F1: 0.9046, loss: 0.3274 ||:  33%|###2      | 27/82 [00:08<00:15,  3.49it/s]
1_F1: 0.9066, 0_F1: 0.9095, accuracy: 0.9081, average_F1: 0.9080, loss: 0.3236 ||:  34%|###4      | 28/82 [00:08<00:15,  3.40it/s]
1_F1: 0.9063, 0_F1: 0.9075, accuracy: 0.9069, average_F1: 0.9069, loss: 0.3241 ||:  35%|###5      | 29/82 [00:09<00:14,  3.74it/s]
1_F1: 0.9079, 0_F1: 0.9079, accuracy: 0.9079, average_F1: 0.9079, loss: 0.3215 ||:  37%|###6      | 30/82 [00:09<00:14,  3.60it/s]
1_F1: 0.9095, 0_F1: 0.9084, accuracy: 0.9089, average_F1: 0.9089, loss: 0.3178 ||:  38%|###7      | 31/82 [00:09<00:14,  3.47it/s]
1_F1: 0.9112, 0_F1: 0.9084, accuracy: 0.9098, average_F1: 0.9098, loss: 0.3142 ||:  39%|###9      | 32/82 [00:10<00:15,  3.26it/s]
1_F1: 0.9115, 0_F1: 0.9098, accuracy: 0.9106, average_F1: 0.9106, loss: 0.3148 ||:  40%|####      | 33/82 [00:10<00:15,  3.15it/s]
1_F1: 0.9131, 0_F1: 0.9134, accuracy: 0.9133, average_F1: 0.9133, loss: 0.3103 ||:  41%|####1     | 34/82 [00:10<00:16,  2.88it/s]
1_F1: 0.9165, 0_F1: 0.9150, accuracy: 0.9158, average_F1: 0.9158, loss: 0.3049 ||:  43%|####2     | 35/82 [00:11<00:15,  3.04it/s]
1_F1: 0.9183, 0_F1: 0.9180, accuracy: 0.9181, average_F1: 0.9181, loss: 0.3006 ||:  44%|####3     | 36/82 [00:11<00:18,  2.44it/s]
1_F1: 0.9195, 0_F1: 0.9178, accuracy: 0.9186, average_F1: 0.9186, loss: 0.2967 ||:  45%|####5     | 37/82 [00:11<00:16,  2.65it/s]
1_F1: 0.9216, 0_F1: 0.9200, accuracy: 0.9208, average_F1: 0.9208, loss: 0.2922 ||:  46%|####6     | 38/82 [00:12<00:15,  2.85it/s]
1_F1: 0.9206, 0_F1: 0.9186, accuracy: 0.9196, average_F1: 0.9196, loss: 0.2941 ||:  48%|####7     | 39/82 [00:12<00:14,  2.96it/s]
1_F1: 0.9228, 0_F1: 0.9204, accuracy: 0.9216, average_F1: 0.9216, loss: 0.2898 ||:  49%|####8     | 40/82 [00:12<00:13,  3.14it/s]
1_F1: 0.9245, 0_F1: 0.9226, accuracy: 0.9235, average_F1: 0.9235, loss: 0.2859 ||:  50%|#####     | 41/82 [00:13<00:12,  3.30it/s]
1_F1: 0.9201, 0_F1: 0.9187, accuracy: 0.9194, average_F1: 0.9194, loss: 0.2913 ||:  51%|#####1    | 42/82 [00:13<00:13,  3.03it/s]
1_F1: 0.9220, 0_F1: 0.9206, accuracy: 0.9213, average_F1: 0.9213, loss: 0.2866 ||:  52%|#####2    | 43/82 [00:13<00:11,  3.28it/s]
1_F1: 0.9205, 0_F1: 0.9200, accuracy: 0.9202, average_F1: 0.9202, loss: 0.2882 ||:  54%|#####3    | 44/82 [00:14<00:11,  3.25it/s]
1_F1: 0.9220, 0_F1: 0.9220, accuracy: 0.9220, average_F1: 0.9220, loss: 0.2845 ||:  55%|#####4    | 45/82 [00:14<00:12,  3.07it/s]
1_F1: 0.9220, 0_F1: 0.9199, accuracy: 0.9210, average_F1: 0.9210, loss: 0.2863 ||:  56%|#####6    | 46/82 [00:14<00:10,  3.40it/s]
1_F1: 0.9237, 0_F1: 0.9216, accuracy: 0.9227, average_F1: 0.9227, loss: 0.2826 ||:  57%|#####7    | 47/82 [00:14<00:10,  3.46it/s]
1_F1: 0.9233, 0_F1: 0.9200, accuracy: 0.9217, average_F1: 0.9216, loss: 0.2853 ||:  59%|#####8    | 48/82 [00:15<00:10,  3.30it/s]
1_F1: 0.9244, 0_F1: 0.9221, accuracy: 0.9233, average_F1: 0.9233, loss: 0.2813 ||:  60%|#####9    | 49/82 [00:15<00:10,  3.18it/s]
1_F1: 0.9231, 0_F1: 0.9215, accuracy: 0.9223, average_F1: 0.9223, loss: 0.2817 ||:  61%|######    | 50/82 [00:15<00:09,  3.30it/s]
1_F1: 0.9235, 0_F1: 0.9217, accuracy: 0.9226, average_F1: 0.9226, loss: 0.2808 ||:  62%|######2   | 51/82 [00:16<00:09,  3.31it/s]
1_F1: 0.9223, 0_F1: 0.9210, accuracy: 0.9217, average_F1: 0.9217, loss: 0.2824 ||:  63%|######3   | 52/82 [00:16<00:09,  3.10it/s]
1_F1: 0.9242, 0_F1: 0.9222, accuracy: 0.9232, average_F1: 0.9232, loss: 0.2793 ||:  65%|######4   | 53/82 [00:16<00:09,  3.18it/s]
1_F1: 0.9231, 0_F1: 0.9215, accuracy: 0.9223, average_F1: 0.9223, loss: 0.2817 ||:  66%|######5   | 54/82 [00:17<00:09,  3.03it/s]
1_F1: 0.9233, 0_F1: 0.9218, accuracy: 0.9226, average_F1: 0.9225, loss: 0.2816 ||:  67%|######7   | 55/82 [00:17<00:08,  3.13it/s]
1_F1: 0.9227, 0_F1: 0.9229, accuracy: 0.9228, average_F1: 0.9228, loss: 0.2819 ||:  68%|######8   | 56/82 [00:17<00:08,  3.13it/s]
1_F1: 0.9227, 0_F1: 0.9212, accuracy: 0.9220, average_F1: 0.9220, loss: 0.2824 ||:  70%|######9   | 57/82 [00:18<00:07,  3.28it/s]
1_F1: 0.9241, 0_F1: 0.9226, accuracy: 0.9233, average_F1: 0.9233, loss: 0.2791 ||:  71%|#######   | 58/82 [00:18<00:06,  3.51it/s]
1_F1: 0.9245, 0_F1: 0.9226, accuracy: 0.9236, average_F1: 0.9236, loss: 0.2780 ||:  72%|#######1  | 59/82 [00:18<00:06,  3.60it/s]
1_F1: 0.9258, 0_F1: 0.9239, accuracy: 0.9248, average_F1: 0.9248, loss: 0.2747 ||:  73%|#######3  | 60/82 [00:18<00:06,  3.55it/s]
1_F1: 0.9257, 0_F1: 0.9244, accuracy: 0.9251, average_F1: 0.9250, loss: 0.2736 ||:  74%|#######4  | 61/82 [00:19<00:06,  3.32it/s]
1_F1: 0.9266, 0_F1: 0.9259, accuracy: 0.9263, average_F1: 0.9263, loss: 0.2707 ||:  76%|#######5  | 62/82 [00:19<00:06,  3.30it/s]
1_F1: 0.9269, 0_F1: 0.9260, accuracy: 0.9264, average_F1: 0.9264, loss: 0.2695 ||:  77%|#######6  | 63/82 [00:19<00:05,  3.43it/s]
1_F1: 0.9255, 0_F1: 0.9258, accuracy: 0.9256, average_F1: 0.9256, loss: 0.2720 ||:  78%|#######8  | 64/82 [00:20<00:05,  3.31it/s]
1_F1: 0.9238, 0_F1: 0.9240, accuracy: 0.9239, average_F1: 0.9239, loss: 0.2747 ||:  79%|#######9  | 65/82 [00:20<00:05,  3.10it/s]
1_F1: 0.9222, 0_F1: 0.9222, accuracy: 0.9222, average_F1: 0.9222, loss: 0.2787 ||:  80%|########  | 66/82 [00:20<00:05,  3.05it/s]
1_F1: 0.9216, 0_F1: 0.9213, accuracy: 0.9215, average_F1: 0.9215, loss: 0.2788 ||:  82%|########1 | 67/82 [00:21<00:05,  2.98it/s]
1_F1: 0.9212, 0_F1: 0.9222, accuracy: 0.9217, average_F1: 0.9217, loss: 0.2789 ||:  83%|########2 | 68/82 [00:21<00:04,  2.90it/s]
1_F1: 0.9221, 0_F1: 0.9218, accuracy: 0.9220, average_F1: 0.9220, loss: 0.2790 ||:  84%|########4 | 69/82 [00:21<00:04,  2.85it/s]
1_F1: 0.9224, 0_F1: 0.9220, accuracy: 0.9222, average_F1: 0.9222, loss: 0.2773 ||:  85%|########5 | 70/82 [00:22<00:04,  2.98it/s]
1_F1: 0.9219, 0_F1: 0.9212, accuracy: 0.9215, average_F1: 0.9215, loss: 0.2779 ||:  87%|########6 | 71/82 [00:22<00:03,  3.14it/s]
1_F1: 0.9213, 0_F1: 0.9204, accuracy: 0.9209, average_F1: 0.9209, loss: 0.2794 ||:  88%|########7 | 72/82 [00:22<00:03,  3.02it/s]
1_F1: 0.9218, 0_F1: 0.9204, accuracy: 0.9211, average_F1: 0.9211, loss: 0.2785 ||:  89%|########9 | 73/82 [00:23<00:03,  2.91it/s]
1_F1: 0.9217, 0_F1: 0.9192, accuracy: 0.9205, average_F1: 0.9205, loss: 0.2796 ||:  90%|######### | 74/82 [00:23<00:02,  2.90it/s]
1_F1: 0.9198, 0_F1: 0.9165, accuracy: 0.9182, average_F1: 0.9182, loss: 0.2842 ||:  91%|#########1| 75/82 [00:23<00:02,  2.86it/s]
1_F1: 0.9200, 0_F1: 0.9169, accuracy: 0.9185, average_F1: 0.9184, loss: 0.2843 ||:  93%|#########2| 76/82 [00:24<00:02,  2.83it/s]
1_F1: 0.9187, 0_F1: 0.9154, accuracy: 0.9171, average_F1: 0.9170, loss: 0.2864 ||:  94%|#########3| 77/82 [00:24<00:01,  2.84it/s]
1_F1: 0.9197, 0_F1: 0.9165, accuracy: 0.9181, average_F1: 0.9181, loss: 0.2841 ||:  95%|#########5| 78/82 [00:25<00:01,  2.89it/s]
1_F1: 0.9190, 0_F1: 0.9161, accuracy: 0.9176, average_F1: 0.9176, loss: 0.2841 ||:  96%|#########6| 79/82 [00:25<00:01,  2.81it/s]
1_F1: 0.9200, 0_F1: 0.9172, accuracy: 0.9186, average_F1: 0.9186, loss: 0.2828 ||:  98%|#########7| 80/82 [00:25<00:00,  2.94it/s]
1_F1: 0.9184, 0_F1: 0.9162, accuracy: 0.9173, average_F1: 0.9173, loss: 0.2847 ||:  99%|#########8| 81/82 [00:25<00:00,  3.06it/s]
1_F1: 0.9188, 0_F1: 0.9163, accuracy: 0.9176, average_F1: 0.9175, loss: 0.2845 ||: 100%|##########| 82/82 [00:26<00:00,  2.96it/s]
1_F1: 0.9188, 0_F1: 0.9163, accuracy: 0.9176, average_F1: 0.9175, loss: 0.2845 ||: 100%|##########| 82/82 [00:26<00:00,  3.11it/s]

  0%|          | 0/11 [00:00<?, ?it/s]
1_F1: 0.8421, 0_F1: 0.7692, accuracy: 0.8125, average_F1: 0.8057, loss: 0.4933 ||:   9%|9         | 1/11 [00:00<00:01,  9.54it/s]
1_F1: 0.8276, 0_F1: 0.7368, accuracy: 0.7917, average_F1: 0.7822, loss: 0.5457 ||:  27%|##7       | 3/11 [00:00<00:00, 10.62it/s]
1_F1: 0.8636, 0_F1: 0.8333, accuracy: 0.8500, average_F1: 0.8485, loss: 0.4304 ||:  45%|####5     | 5/11 [00:00<00:00, 11.13it/s]
1_F1: 0.8468, 0_F1: 0.8496, accuracy: 0.8482, average_F1: 0.8482, loss: 0.4049 ||:  64%|######3   | 7/11 [00:00<00:00, 10.98it/s]
1_F1: 0.8429, 0_F1: 0.8514, accuracy: 0.8472, average_F1: 0.8471, loss: 0.3956 ||:  82%|########1 | 9/11 [00:00<00:00, 10.47it/s]
1_F1: 0.8395, 0_F1: 0.8354, accuracy: 0.8375, average_F1: 0.8375, loss: 0.4035 ||:  91%|######### | 10/11 [00:00<00:00,  9.63it/s]
1_F1: 0.8395, 0_F1: 0.8395, accuracy: 0.8395, average_F1: 0.8395, loss: 0.3944 ||: 100%|##########| 11/11 [00:00<00:00, 11.48it/s]

  0%|          | 0/82 [00:00<?, ?it/s]
1_F1: 1.0000, 0_F1: 1.0000, accuracy: 1.0000, average_F1: 1.0000, loss: 0.1542 ||:   1%|1         | 1/82 [00:00<00:25,  3.19it/s]
1_F1: 0.9744, 0_F1: 0.9600, accuracy: 0.9688, average_F1: 0.9672, loss: 0.2006 ||:   2%|2         | 2/82 [00:00<00:25,  3.17it/s]
1_F1: 0.9804, 0_F1: 0.9778, accuracy: 0.9792, average_F1: 0.9791, loss: 0.1843 ||:   4%|3         | 3/82 [00:00<00:24,  3.21it/s]
1_F1: 0.9846, 0_F1: 0.9841, accuracy: 0.9844, average_F1: 0.9844, loss: 0.1772 ||:   5%|4         | 4/82 [00:01<00:24,  3.22it/s]
1_F1: 0.9535, 0_F1: 0.9459, accuracy: 0.9500, average_F1: 0.9497, loss: 0.2506 ||:   6%|6         | 5/82 [00:01<00:23,  3.23it/s]
1_F1: 0.9623, 0_F1: 0.9535, accuracy: 0.9583, average_F1: 0.9579, loss: 0.2328 ||:   7%|7         | 6/82 [00:01<00:24,  3.15it/s]
1_F1: 0.9580, 0_F1: 0.9524, accuracy: 0.9554, average_F1: 0.9552, loss: 0.2270 ||:   9%|8         | 7/82 [00:02<00:24,  3.05it/s]
1_F1: 0.9394, 0_F1: 0.9355, accuracy: 0.9375, average_F1: 0.9374, loss: 0.2620 ||:  10%|9         | 8/82 [00:02<00:21,  3.41it/s]
1_F1: 0.9396, 0_F1: 0.9353, accuracy: 0.9375, average_F1: 0.9374, loss: 0.2540 ||:  11%|#         | 9/82 [00:02<00:21,  3.42it/s]
1_F1: 0.9480, 0_F1: 0.9388, accuracy: 0.9437, average_F1: 0.9434, loss: 0.2388 ||:  12%|#2        | 10/82 [00:03<00:20,  3.52it/s]
1_F1: 0.9495, 0_F1: 0.9351, accuracy: 0.9432, average_F1: 0.9423, loss: 0.2353 ||:  13%|#3        | 11/82 [00:03<00:18,  3.78it/s]
1_F1: 0.9528, 0_F1: 0.9419, accuracy: 0.9479, average_F1: 0.9473, loss: 0.2239 ||:  15%|#4        | 12/82 [00:03<00:20,  3.50it/s]
1_F1: 0.9511, 0_F1: 0.9424, accuracy: 0.9471, average_F1: 0.9468, loss: 0.2186 ||:  16%|#5        | 13/82 [00:03<00:20,  3.33it/s]
1_F1: 0.9555, 0_F1: 0.9453, accuracy: 0.9509, average_F1: 0.9504, loss: 0.2079 ||:  17%|#7        | 14/82 [00:04<00:19,  3.45it/s]
1_F1: 0.9594, 0_F1: 0.9474, accuracy: 0.9542, average_F1: 0.9534, loss: 0.1988 ||:  18%|#8        | 15/82 [00:04<00:20,  3.20it/s]
1_F1: 0.9589, 0_F1: 0.9455, accuracy: 0.9531, average_F1: 0.9522, loss: 0.1996 ||:  20%|#9        | 16/82 [00:04<00:21,  3.04it/s]
1_F1: 0.9574, 0_F1: 0.9456, accuracy: 0.9522, average_F1: 0.9515, loss: 0.2028 ||:  21%|##        | 17/82 [00:05<00:21,  3.02it/s]
1_F1: 0.9602, 0_F1: 0.9478, accuracy: 0.9549, average_F1: 0.9540, loss: 0.1955 ||:  22%|##1       | 18/82 [00:05<00:21,  2.95it/s]
1_F1: 0.9591, 0_F1: 0.9474, accuracy: 0.9539, average_F1: 0.9532, loss: 0.1987 ||:  23%|##3       | 19/82 [00:05<00:21,  2.95it/s]
1_F1: 0.9605, 0_F1: 0.9510, accuracy: 0.9563, average_F1: 0.9558, loss: 0.1923 ||:  24%|##4       | 20/82 [00:06<00:19,  3.17it/s]
1_F1: 0.9626, 0_F1: 0.9530, accuracy: 0.9583, average_F1: 0.9578, loss: 0.1859 ||:  26%|##5       | 21/82 [00:06<00:18,  3.23it/s]
1_F1: 0.9641, 0_F1: 0.9554, accuracy: 0.9602, average_F1: 0.9598, loss: 0.1809 ||:  27%|##6       | 22/82 [00:06<00:17,  3.37it/s]
1_F1: 0.9602, 0_F1: 0.9521, accuracy: 0.9565, average_F1: 0.9561, loss: 0.1896 ||:  28%|##8       | 23/82 [00:07<00:17,  3.41it/s]
1_F1: 0.9621, 0_F1: 0.9538, accuracy: 0.9583, average_F1: 0.9579, loss: 0.1840 ||:  29%|##9       | 24/82 [00:07<00:16,  3.60it/s]
1_F1: 0.9636, 0_F1: 0.9556, accuracy: 0.9600, average_F1: 0.9596, loss: 0.1793 ||:  30%|###       | 25/82 [00:07<00:17,  3.35it/s]
1_F1: 0.9630, 0_F1: 0.9544, accuracy: 0.9591, average_F1: 0.9587, loss: 0.1819 ||:  32%|###1      | 26/82 [00:07<00:16,  3.35it/s]
1_F1: 0.9602, 0_F1: 0.9509, accuracy: 0.9560, average_F1: 0.9555, loss: 0.1906 ||:  33%|###2      | 27/82 [00:08<00:16,  3.39it/s]
1_F1: 0.9597, 0_F1: 0.9500, accuracy: 0.9554, average_F1: 0.9548, loss: 0.1920 ||:  34%|###4      | 28/82 [00:08<00:17,  3.17it/s]
1_F1: 0.9603, 0_F1: 0.9528, accuracy: 0.9569, average_F1: 0.9566, loss: 0.1873 ||:  35%|###5      | 29/82 [00:08<00:17,  3.05it/s]
1_F1: 0.9575, 0_F1: 0.9502, accuracy: 0.9542, average_F1: 0.9539, loss: 0.1926 ||:  37%|###6      | 30/82 [00:09<00:17,  3.04it/s]
1_F1: 0.9542, 0_F1: 0.9487, accuracy: 0.9516, average_F1: 0.9515, loss: 0.1995 ||:  38%|###7      | 31/82 [00:09<00:18,  2.82it/s]
1_F1: 0.9556, 0_F1: 0.9504, accuracy: 0.9531, average_F1: 0.9530, loss: 0.1961 ||:  39%|###9      | 32/82 [00:09<00:16,  3.01it/s]
1_F1: 0.9495, 0_F1: 0.9442, accuracy: 0.9470, average_F1: 0.9468, loss: 0.2069 ||:  40%|####      | 33/82 [00:10<00:16,  3.01it/s]
1_F1: 0.9492, 0_F1: 0.9439, accuracy: 0.9467, average_F1: 0.9466, loss: 0.2063 ||:  41%|####1     | 34/82 [00:10<00:16,  2.96it/s]
1_F1: 0.9503, 0_F1: 0.9460, accuracy: 0.9482, average_F1: 0.9481, loss: 0.2033 ||:  43%|####2     | 35/82 [00:10<00:15,  2.94it/s]
1_F1: 0.9514, 0_F1: 0.9477, accuracy: 0.9497, average_F1: 0.9496, loss: 0.1997 ||:  44%|####3     | 36/82 [00:11<00:14,  3.11it/s]
1_F1: 0.9486, 0_F1: 0.9463, accuracy: 0.9475, average_F1: 0.9474, loss: 0.2050 ||:  45%|####5     | 37/82 [00:11<00:15,  2.88it/s]
1_F1: 0.9467, 0_F1: 0.9444, accuracy: 0.9455, average_F1: 0.9455, loss: 0.2056 ||:  46%|####6     | 38/82 [00:12<00:15,  2.82it/s]
1_F1: 0.9482, 0_F1: 0.9456, accuracy: 0.9469, average_F1: 0.9469, loss: 0.2031 ||:  48%|####7     | 39/82 [00:12<00:14,  2.93it/s]
1_F1: 0.9496, 0_F1: 0.9469, accuracy: 0.9483, average_F1: 0.9482, loss: 0.2005 ||:  49%|####8     | 40/82 [00:12<00:13,  3.07it/s]
1_F1: 0.9510, 0_F1: 0.9480, accuracy: 0.9495, average_F1: 0.9495, loss: 0.1984 ||:  50%|#####     | 41/82 [00:13<00:14,  2.87it/s]
1_F1: 0.9507, 0_F1: 0.9477, accuracy: 0.9493, average_F1: 0.9492, loss: 0.1974 ||:  51%|#####1    | 42/82 [00:13<00:14,  2.85it/s]
1_F1: 0.9517, 0_F1: 0.9491, accuracy: 0.9504, average_F1: 0.9504, loss: 0.1946 ||:  52%|#####2    | 43/82 [00:13<00:12,  3.07it/s]
1_F1: 0.9525, 0_F1: 0.9506, accuracy: 0.9516, average_F1: 0.9515, loss: 0.1917 ||:  54%|#####3    | 44/82 [00:13<00:12,  3.10it/s]
1_F1: 0.9505, 0_F1: 0.9492, accuracy: 0.9499, average_F1: 0.9499, loss: 0.1938 ||:  55%|#####4    | 45/82 [00:14<00:12,  3.04it/s]
1_F1: 0.9472, 0_F1: 0.9465, accuracy: 0.9469, average_F1: 0.9469, loss: 0.1996 ||:  56%|#####6    | 46/82 [00:14<00:11,  3.08it/s]
1_F1: 0.9456, 0_F1: 0.9451, accuracy: 0.9453, average_F1: 0.9453, loss: 0.2018 ||:  57%|#####7    | 47/82 [00:14<00:11,  3.17it/s]
1_F1: 0.9430, 0_F1: 0.9421, accuracy: 0.9426, average_F1: 0.9426, loss: 0.2075 ||:  59%|#####8    | 48/82 [00:15<00:10,  3.24it/s]
1_F1: 0.9430, 0_F1: 0.9419, accuracy: 0.9425, average_F1: 0.9425, loss: 0.2060 ||:  60%|#####9    | 49/82 [00:15<00:10,  3.23it/s]
1_F1: 0.9437, 0_F1: 0.9435, accuracy: 0.9436, average_F1: 0.9436, loss: 0.2035 ||:  61%|######    | 50/82 [00:15<00:09,  3.25it/s]
1_F1: 0.9442, 0_F1: 0.9428, accuracy: 0.9435, average_F1: 0.9435, loss: 0.2018 ||:  62%|######2   | 51/82 [00:16<00:08,  3.50it/s]
1_F1: 0.9442, 0_F1: 0.9425, accuracy: 0.9434, average_F1: 0.9434, loss: 0.2015 ||:  63%|######3   | 52/82 [00:16<00:09,  3.26it/s]
1_F1: 0.9417, 0_F1: 0.9400, accuracy: 0.9409, average_F1: 0.9409, loss: 0.2072 ||:  65%|######4   | 53/82 [00:16<00:08,  3.44it/s]
1_F1: 0.9414, 0_F1: 0.9402, accuracy: 0.9408, average_F1: 0.9408, loss: 0.2088 ||:  66%|######5   | 54/82 [00:17<00:11,  2.50it/s]
1_F1: 0.9397, 0_F1: 0.9396, accuracy: 0.9396, average_F1: 0.9396, loss: 0.2092 ||:  67%|######7   | 55/82 [00:17<00:10,  2.63it/s]
1_F1: 0.9409, 0_F1: 0.9405, accuracy: 0.9407, average_F1: 0.9407, loss: 0.2075 ||:  68%|######8   | 56/82 [00:17<00:09,  2.80it/s]
1_F1: 0.9416, 0_F1: 0.9397, accuracy: 0.9407, average_F1: 0.9406, loss: 0.2078 ||:  70%|######9   | 57/82 [00:18<00:07,  3.13it/s]
1_F1: 0.9411, 0_F1: 0.9402, accuracy: 0.9406, average_F1: 0.9406, loss: 0.2080 ||:  71%|#######   | 58/82 [00:18<00:07,  3.15it/s]
1_F1: 0.9401, 0_F1: 0.9389, accuracy: 0.9395, average_F1: 0.9395, loss: 0.2118 ||:  72%|#######1  | 59/82 [00:18<00:07,  3.08it/s]
1_F1: 0.9412, 0_F1: 0.9398, accuracy: 0.9405, average_F1: 0.9405, loss: 0.2093 ||:  73%|#######3  | 60/82 [00:19<00:06,  3.15it/s]
1_F1: 0.9411, 0_F1: 0.9398, accuracy: 0.9405, average_F1: 0.9404, loss: 0.2092 ||:  74%|#######4  | 61/82 [00:19<00:06,  3.06it/s]
1_F1: 0.9416, 0_F1: 0.9391, accuracy: 0.9404, average_F1: 0.9404, loss: 0.2090 ||:  76%|#######5  | 62/82 [00:19<00:06,  3.17it/s]
1_F1: 0.9404, 0_F1: 0.9383, accuracy: 0.9394, average_F1: 0.9393, loss: 0.2086 ||:  77%|#######6  | 63/82 [00:20<00:06,  3.01it/s]
1_F1: 0.9395, 0_F1: 0.9372, accuracy: 0.9384, average_F1: 0.9383, loss: 0.2097 ||:  78%|#######8  | 64/82 [00:20<00:05,  3.04it/s]
1_F1: 0.9403, 0_F1: 0.9383, accuracy: 0.9393, average_F1: 0.9393, loss: 0.2085 ||:  79%|#######9  | 65/82 [00:20<00:05,  3.26it/s]
1_F1: 0.9404, 0_F1: 0.9381, accuracy: 0.9393, average_F1: 0.9393, loss: 0.2075 ||:  80%|########  | 66/82 [00:21<00:05,  3.07it/s]
1_F1: 0.9404, 0_F1: 0.9380, accuracy: 0.9393, average_F1: 0.9392, loss: 0.2079 ||:  82%|########1 | 67/82 [00:21<00:05,  2.93it/s]
1_F1: 0.9404, 0_F1: 0.9380, accuracy: 0.9392, average_F1: 0.9392, loss: 0.2079 ||:  83%|########2 | 68/82 [00:21<00:04,  2.94it/s]
1_F1: 0.9401, 0_F1: 0.9382, accuracy: 0.9392, average_F1: 0.9392, loss: 0.2070 ||:  84%|########4 | 69/82 [00:22<00:04,  2.98it/s]
1_F1: 0.9397, 0_F1: 0.9386, accuracy: 0.9392, average_F1: 0.9392, loss: 0.2083 ||:  85%|########5 | 70/82 [00:22<00:03,  3.07it/s]
1_F1: 0.9391, 0_F1: 0.9374, accuracy: 0.9383, average_F1: 0.9383, loss: 0.2094 ||:  87%|########6 | 71/82 [00:22<00:03,  3.27it/s]
1_F1: 0.9391, 0_F1: 0.9374, accuracy: 0.9383, average_F1: 0.9383, loss: 0.2110 ||:  88%|########7 | 72/82 [00:23<00:03,  3.18it/s]
1_F1: 0.9373, 0_F1: 0.9358, accuracy: 0.9365, average_F1: 0.9365, loss: 0.2118 ||:  89%|########9 | 73/82 [00:23<00:02,  3.17it/s]
1_F1: 0.9356, 0_F1: 0.9341, accuracy: 0.9349, average_F1: 0.9348, loss: 0.2133 ||:  90%|######### | 74/82 [00:23<00:02,  3.00it/s]
1_F1: 0.9347, 0_F1: 0.9334, accuracy: 0.9341, average_F1: 0.9341, loss: 0.2147 ||:  91%|#########1| 75/82 [00:24<00:02,  2.86it/s]
1_F1: 0.9353, 0_F1: 0.9345, accuracy: 0.9349, average_F1: 0.9349, loss: 0.2134 ||:  93%|#########2| 76/82 [00:24<00:02,  2.78it/s]
1_F1: 0.9354, 0_F1: 0.9345, accuracy: 0.9350, average_F1: 0.9350, loss: 0.2130 ||:  94%|#########3| 77/82 [00:24<00:01,  2.78it/s]
1_F1: 0.9358, 0_F1: 0.9342, accuracy: 0.9350, average_F1: 0.9350, loss: 0.2124 ||:  95%|#########5| 78/82 [00:25<00:01,  2.92it/s]
1_F1: 0.9355, 0_F1: 0.9345, accuracy: 0.9350, average_F1: 0.9350, loss: 0.2117 ||:  96%|#########6| 79/82 [00:25<00:00,  3.02it/s]
1_F1: 0.9356, 0_F1: 0.9345, accuracy: 0.9351, average_F1: 0.9350, loss: 0.2116 ||:  98%|#########7| 80/82 [00:25<00:00,  2.96it/s]
1_F1: 0.9340, 0_F1: 0.9330, accuracy: 0.9335, average_F1: 0.9335, loss: 0.2132 ||:  99%|#########8| 81/82 [00:26<00:00,  2.93it/s]
1_F1: 0.9350, 0_F1: 0.9336, accuracy: 0.9344, average_F1: 0.9343, loss: 0.2119 ||: 100%|##########| 82/82 [00:26<00:00,  3.04it/s]
1_F1: 0.9350, 0_F1: 0.9336, accuracy: 0.9344, average_F1: 0.9343, loss: 0.2119 ||: 100%|##########| 82/82 [00:26<00:00,  3.10it/s]

  0%|          | 0/11 [00:00<?, ?it/s]
1_F1: 0.8387, 0_F1: 0.8485, accuracy: 0.8438, average_F1: 0.8436, loss: 0.6361 ||:  18%|#8        | 2/11 [00:00<00:00, 12.39it/s]
1_F1: 0.8358, 0_F1: 0.8197, accuracy: 0.8281, average_F1: 0.8277, loss: 0.5673 ||:  36%|###6      | 4/11 [00:00<00:00, 12.55it/s]
1_F1: 0.8172, 0_F1: 0.8283, accuracy: 0.8229, average_F1: 0.8227, loss: 0.5700 ||:  55%|#####4    | 6/11 [00:00<00:00, 11.98it/s]
1_F1: 0.7748, 0_F1: 0.8276, accuracy: 0.8047, average_F1: 0.8012, loss: 0.5619 ||:  73%|#######2  | 8/11 [00:00<00:00, 11.10it/s]
1_F1: 0.7705, 0_F1: 0.8313, accuracy: 0.8056, average_F1: 0.8009, loss: 0.5484 ||:  82%|########1 | 9/11 [00:00<00:00, 10.22it/s]
1_F1: 0.7826, 0_F1: 0.8352, accuracy: 0.8125, average_F1: 0.8089, loss: 0.5299 ||:  91%|######### | 10/11 [00:00<00:00,  9.72it/s]
1_F1: 0.7770, 0_F1: 0.8324, accuracy: 0.8086, average_F1: 0.8047, loss: 0.5283 ||: 100%|##########| 11/11 [00:00<00:00, 11.29it/s]

  0%|          | 0/11 [00:00<?, ?it/s]
1_F1: 0.59, 0_F1: 0.53, accuracy: 0.56, average_F1: 0.56, loss: 0.63 ||:   9%|9         | 1/11 [00:00<00:01,  8.21it/s]
1_F1: 0.74, 0_F1: 0.69, accuracy: 0.72, average_F1: 0.72, loss: 0.41 ||:  18%|#8        | 2/11 [00:00<00:01,  8.61it/s]
1_F1: 0.75, 0_F1: 0.78, accuracy: 0.77, average_F1: 0.77, loss: 0.38 ||:  36%|###6      | 4/11 [00:00<00:00,  9.30it/s]
1_F1: 0.78, 0_F1: 0.78, accuracy: 0.78, average_F1: 0.78, loss: 0.30 ||:  55%|#####4    | 6/11 [00:00<00:00,  9.80it/s]
1_F1: 0.80, 0_F1: 0.81, accuracy: 0.80, average_F1: 0.80, loss: 0.44 ||:  73%|#######2  | 8/11 [00:00<00:00, 10.02it/s]
1_F1: 0.81, 0_F1: 0.81, accuracy: 0.81, average_F1: 0.81, loss: 0.38 ||:  82%|########1 | 9/11 [00:00<00:00,  9.52it/s]
1_F1: 0.82, 0_F1: 0.82, accuracy: 0.82, average_F1: 0.82, loss: 0.40 ||:  91%|######### | 10/11 [00:01<00:00,  9.01it/s]
1_F1: 0.82, 0_F1: 0.83, accuracy: 0.82, average_F1: 0.82, loss: 0.23 ||: 100%|##########| 11/11 [00:01<00:00, 10.56it/s]

