0it [00:00, ?it/s]
78it [00:00, 778.25it/s]
213it [00:00, 890.62it/s]
346it [00:00, 988.45it/s]
479it [00:00, 1069.88it/s]
575it [00:00, 671.16it/s] 
703it [00:00, 782.74it/s]
835it [00:00, 890.57it/s]
968it [00:00, 988.35it/s]
1099it [00:01, 1065.64it/s]
1231it [00:01, 1130.85it/s]
1310it [00:01, 1060.89it/s]

0it [00:00, ?it/s]
127it [00:00, 1269.85it/s]
162it [00:00, 1280.44it/s]

0it [00:00, ?it/s]
131it [00:00, 1303.05it/s]
162it [00:00, 1312.13it/s]

0it [00:00, ?it/s]
1634it [00:00, 128663.01it/s]

  0%|          | 0/82 [00:00<?, ?it/s]
1_F1: 0.8889, 0_F1: 0.8571, accuracy: 0.8750, average_F1: 0.8730, loss: 0.4876 ||:   1%|1         | 1/82 [00:00<01:00,  1.33it/s]
1_F1: 0.6667, 0_F1: 0.7568, accuracy: 0.7188, average_F1: 0.7117, loss: 0.9742 ||:   2%|2         | 2/82 [00:00<00:47,  1.70it/s]
1_F1: 0.7500, 0_F1: 0.8214, accuracy: 0.7917, average_F1: 0.7857, loss: 0.7368 ||:   4%|3         | 3/82 [00:01<00:39,  1.99it/s]
1_F1: 0.6809, 0_F1: 0.8148, accuracy: 0.7656, average_F1: 0.7478, loss: 0.7398 ||:   5%|4         | 4/82 [00:01<00:34,  2.25it/s]
1_F1: 0.7273, 0_F1: 0.8085, accuracy: 0.7750, average_F1: 0.7679, loss: 0.7179 ||:   6%|6         | 5/82 [00:01<00:31,  2.44it/s]
1_F1: 0.6494, 0_F1: 0.7652, accuracy: 0.7188, average_F1: 0.7073, loss: 0.7508 ||:   7%|7         | 6/82 [00:02<00:29,  2.62it/s]
1_F1: 0.6667, 0_F1: 0.7360, accuracy: 0.7054, average_F1: 0.7013, loss: 0.7684 ||:   9%|8         | 7/82 [00:02<00:26,  2.87it/s]
1_F1: 0.6957, 0_F1: 0.7518, accuracy: 0.7266, average_F1: 0.7237, loss: 0.7307 ||:  10%|9         | 8/82 [00:02<00:24,  2.99it/s]
1_F1: 0.7218, 0_F1: 0.7613, accuracy: 0.7431, average_F1: 0.7415, loss: 0.6924 ||:  11%|#         | 9/82 [00:03<00:22,  3.23it/s]
1_F1: 0.7162, 0_F1: 0.7558, accuracy: 0.7375, average_F1: 0.7360, loss: 0.6940 ||:  12%|#2        | 10/82 [00:03<00:21,  3.42it/s]
1_F1: 0.7195, 0_F1: 0.7553, accuracy: 0.7386, average_F1: 0.7374, loss: 0.6737 ||:  13%|#3        | 11/82 [00:03<00:20,  3.45it/s]
1_F1: 0.7222, 0_F1: 0.7549, accuracy: 0.7396, average_F1: 0.7386, loss: 0.6524 ||:  15%|#4        | 12/82 [00:03<00:19,  3.59it/s]
1_F1: 0.7302, 0_F1: 0.7753, accuracy: 0.7548, average_F1: 0.7527, loss: 0.6282 ||:  16%|#5        | 13/82 [00:04<00:19,  3.47it/s]
1_F1: 0.7451, 0_F1: 0.7869, accuracy: 0.7679, average_F1: 0.7660, loss: 0.6024 ||:  17%|#7        | 14/82 [00:04<00:19,  3.46it/s]
1_F1: 0.7568, 0_F1: 0.7907, accuracy: 0.7750, average_F1: 0.7737, loss: 0.5831 ||:  18%|#8        | 15/82 [00:04<00:18,  3.62it/s]
1_F1: 0.7607, 0_F1: 0.7986, accuracy: 0.7812, average_F1: 0.7796, loss: 0.5652 ||:  20%|#9        | 16/82 [00:04<00:18,  3.50it/s]
1_F1: 0.7673, 0_F1: 0.8094, accuracy: 0.7904, average_F1: 0.7884, loss: 0.5565 ||:  21%|##        | 17/82 [00:05<00:19,  3.39it/s]
1_F1: 0.7774, 0_F1: 0.8103, accuracy: 0.7951, average_F1: 0.7938, loss: 0.5435 ||:  22%|##1       | 18/82 [00:05<00:19,  3.27it/s]
1_F1: 0.7875, 0_F1: 0.8100, accuracy: 0.7993, average_F1: 0.7987, loss: 0.5336 ||:  23%|##3       | 19/82 [00:05<00:19,  3.26it/s]
1_F1: 0.7907, 0_F1: 0.8142, accuracy: 0.8031, average_F1: 0.8024, loss: 0.5202 ||:  24%|##4       | 20/82 [00:06<00:18,  3.44it/s]
1_F1: 0.7923, 0_F1: 0.8189, accuracy: 0.8065, average_F1: 0.8056, loss: 0.5138 ||:  26%|##5       | 21/82 [00:06<00:17,  3.41it/s]
1_F1: 0.8047, 0_F1: 0.8197, accuracy: 0.8125, average_F1: 0.8122, loss: 0.5040 ||:  27%|##6       | 22/82 [00:06<00:17,  3.42it/s]
1_F1: 0.8034, 0_F1: 0.8208, accuracy: 0.8125, average_F1: 0.8121, loss: 0.5099 ||:  28%|##8       | 23/82 [00:07<00:17,  3.38it/s]
1_F1: 0.8022, 0_F1: 0.8218, accuracy: 0.8125, average_F1: 0.8120, loss: 0.5049 ||:  29%|##9       | 24/82 [00:07<00:17,  3.28it/s]
1_F1: 0.8042, 0_F1: 0.8201, accuracy: 0.8125, average_F1: 0.8122, loss: 0.5016 ||:  30%|###       | 25/82 [00:07<00:17,  3.24it/s]
1_F1: 0.8090, 0_F1: 0.8249, accuracy: 0.8173, average_F1: 0.8170, loss: 0.4967 ||:  32%|###1      | 26/82 [00:08<00:16,  3.38it/s]
1_F1: 0.8048, 0_F1: 0.8196, accuracy: 0.8125, average_F1: 0.8122, loss: 0.5051 ||:  33%|###2      | 27/82 [00:08<00:16,  3.40it/s]
1_F1: 0.8093, 0_F1: 0.8240, accuracy: 0.8170, average_F1: 0.8167, loss: 0.4987 ||:  34%|###4      | 28/82 [00:08<00:16,  3.36it/s]
1_F1: 0.8107, 0_F1: 0.8225, accuracy: 0.8168, average_F1: 0.8166, loss: 0.4970 ||:  35%|###5      | 29/82 [00:08<00:15,  3.39it/s]
1_F1: 0.8155, 0_F1: 0.8259, accuracy: 0.8208, average_F1: 0.8207, loss: 0.4883 ||:  37%|###6      | 30/82 [00:09<00:15,  3.32it/s]
1_F1: 0.8165, 0_F1: 0.8245, accuracy: 0.8206, average_F1: 0.8205, loss: 0.4887 ||:  38%|###7      | 31/82 [00:09<00:14,  3.54it/s]
1_F1: 0.8162, 0_F1: 0.8280, accuracy: 0.8223, average_F1: 0.8221, loss: 0.4815 ||:  39%|###9      | 32/82 [00:09<00:13,  3.68it/s]
1_F1: 0.8157, 0_F1: 0.8278, accuracy: 0.8220, average_F1: 0.8218, loss: 0.4819 ||:  40%|####      | 33/82 [00:09<00:13,  3.52it/s]
1_F1: 0.8197, 0_F1: 0.8307, accuracy: 0.8254, average_F1: 0.8252, loss: 0.4738 ||:  41%|####1     | 34/82 [00:10<00:14,  3.40it/s]
1_F1: 0.8197, 0_F1: 0.8266, accuracy: 0.8232, average_F1: 0.8231, loss: 0.4716 ||:  43%|####2     | 35/82 [00:10<00:13,  3.54it/s]
1_F1: 0.8191, 0_F1: 0.8265, accuracy: 0.8229, average_F1: 0.8228, loss: 0.4690 ||:  44%|####3     | 36/82 [00:10<00:12,  3.60it/s]
1_F1: 0.8193, 0_F1: 0.8259, accuracy: 0.8226, average_F1: 0.8226, loss: 0.4657 ||:  45%|####5     | 37/82 [00:11<00:12,  3.57it/s]
1_F1: 0.8179, 0_F1: 0.8203, accuracy: 0.8191, average_F1: 0.8191, loss: 0.4660 ||:  46%|####6     | 38/82 [00:11<00:12,  3.42it/s]
1_F1: 0.8163, 0_F1: 0.8215, accuracy: 0.8189, average_F1: 0.8189, loss: 0.4645 ||:  48%|####7     | 39/82 [00:11<00:12,  3.49it/s]
1_F1: 0.8160, 0_F1: 0.8244, accuracy: 0.8203, average_F1: 0.8202, loss: 0.4631 ||:  49%|####8     | 40/82 [00:12<00:12,  3.35it/s]
1_F1: 0.8156, 0_F1: 0.8244, accuracy: 0.8201, average_F1: 0.8200, loss: 0.4615 ||:  50%|#####     | 41/82 [00:12<00:11,  3.71it/s]
1_F1: 0.8079, 0_F1: 0.8169, accuracy: 0.8125, average_F1: 0.8124, loss: 0.4766 ||:  51%|#####1    | 42/82 [00:12<00:10,  3.85it/s]
1_F1: 0.8119, 0_F1: 0.8188, accuracy: 0.8154, average_F1: 0.8153, loss: 0.4709 ||:  52%|#####2    | 43/82 [00:12<00:09,  3.90it/s]
1_F1: 0.8133, 0_F1: 0.8201, accuracy: 0.8168, average_F1: 0.8167, loss: 0.4664 ||:  54%|#####3    | 44/82 [00:13<00:10,  3.59it/s]
1_F1: 0.8119, 0_F1: 0.8186, accuracy: 0.8153, average_F1: 0.8152, loss: 0.4699 ||:  55%|#####4    | 45/82 [00:13<00:10,  3.38it/s]
1_F1: 0.8148, 0_F1: 0.8183, accuracy: 0.8166, average_F1: 0.8166, loss: 0.4660 ||:  56%|#####6    | 46/82 [00:13<00:10,  3.36it/s]
1_F1: 0.8177, 0_F1: 0.8206, accuracy: 0.8191, average_F1: 0.8191, loss: 0.4603 ||:  57%|#####7    | 47/82 [00:13<00:09,  3.60it/s]
1_F1: 0.8177, 0_F1: 0.8177, accuracy: 0.8177, average_F1: 0.8177, loss: 0.4611 ||:  59%|#####8    | 48/82 [00:14<00:08,  4.00it/s]
1_F1: 0.8178, 0_F1: 0.8174, accuracy: 0.8176, average_F1: 0.8176, loss: 0.4607 ||:  60%|#####9    | 49/82 [00:14<00:07,  4.14it/s]
1_F1: 0.8190, 0_F1: 0.8185, accuracy: 0.8187, average_F1: 0.8187, loss: 0.4599 ||:  61%|######    | 50/82 [00:14<00:08,  3.81it/s]
1_F1: 0.8199, 0_F1: 0.8238, accuracy: 0.8219, average_F1: 0.8218, loss: 0.4536 ||:  62%|######2   | 51/82 [00:15<00:09,  3.42it/s]
1_F1: 0.8211, 0_F1: 0.8270, accuracy: 0.8241, average_F1: 0.8240, loss: 0.4484 ||:  63%|######3   | 52/82 [00:15<00:08,  3.35it/s]
1_F1: 0.8211, 0_F1: 0.8265, accuracy: 0.8239, average_F1: 0.8238, loss: 0.4488 ||:  65%|######4   | 53/82 [00:15<00:08,  3.45it/s]
1_F1: 0.8264, 0_F1: 0.8256, accuracy: 0.8260, average_F1: 0.8260, loss: 0.4444 ||:  66%|######5   | 54/82 [00:15<00:07,  3.87it/s]
1_F1: 0.8266, 0_F1: 0.8294, accuracy: 0.8280, average_F1: 0.8280, loss: 0.4399 ||:  67%|######7   | 55/82 [00:16<00:06,  3.86it/s]
1_F1: 0.8298, 0_F1: 0.8324, accuracy: 0.8311, average_F1: 0.8311, loss: 0.4340 ||:  68%|######8   | 56/82 [00:16<00:06,  3.99it/s]
1_F1: 0.8315, 0_F1: 0.8344, accuracy: 0.8330, average_F1: 0.8330, loss: 0.4302 ||:  70%|######9   | 57/82 [00:16<00:06,  3.90it/s]
1_F1: 0.8342, 0_F1: 0.8353, accuracy: 0.8348, average_F1: 0.8348, loss: 0.4269 ||:  71%|#######   | 58/82 [00:16<00:06,  3.74it/s]
1_F1: 0.8347, 0_F1: 0.8340, accuracy: 0.8344, average_F1: 0.8344, loss: 0.4250 ||:  72%|#######1  | 59/82 [00:17<00:06,  3.80it/s]
1_F1: 0.8370, 0_F1: 0.8353, accuracy: 0.8361, average_F1: 0.8361, loss: 0.4228 ||:  73%|#######3  | 60/82 [00:17<00:05,  3.95it/s]
1_F1: 0.8365, 0_F1: 0.8328, accuracy: 0.8347, average_F1: 0.8347, loss: 0.4260 ||:  74%|#######4  | 61/82 [00:17<00:05,  3.97it/s]
1_F1: 0.8368, 0_F1: 0.8338, accuracy: 0.8354, average_F1: 0.8353, loss: 0.4276 ||:  76%|#######5  | 62/82 [00:17<00:05,  3.71it/s]
1_F1: 0.8386, 0_F1: 0.8353, accuracy: 0.8370, average_F1: 0.8370, loss: 0.4251 ||:  77%|#######6  | 63/82 [00:18<00:05,  3.77it/s]
1_F1: 0.8383, 0_F1: 0.8348, accuracy: 0.8366, average_F1: 0.8366, loss: 0.4251 ||:  78%|#######8  | 64/82 [00:18<00:04,  3.63it/s]
1_F1: 0.8365, 0_F1: 0.8320, accuracy: 0.8343, average_F1: 0.8343, loss: 0.4259 ||:  79%|#######9  | 65/82 [00:18<00:04,  3.74it/s]
1_F1: 0.8358, 0_F1: 0.8340, accuracy: 0.8349, average_F1: 0.8349, loss: 0.4252 ||:  80%|########  | 66/82 [00:18<00:04,  3.79it/s]
1_F1: 0.8363, 0_F1: 0.8329, accuracy: 0.8346, average_F1: 0.8346, loss: 0.4265 ||:  82%|########1 | 67/82 [00:19<00:04,  3.69it/s]
1_F1: 0.8376, 0_F1: 0.8346, accuracy: 0.8361, average_F1: 0.8361, loss: 0.4252 ||:  83%|########2 | 68/82 [00:19<00:03,  3.72it/s]
1_F1: 0.8381, 0_F1: 0.8352, accuracy: 0.8367, average_F1: 0.8366, loss: 0.4259 ||:  84%|########4 | 69/82 [00:19<00:03,  3.91it/s]
1_F1: 0.8360, 0_F1: 0.8348, accuracy: 0.8354, average_F1: 0.8354, loss: 0.4291 ||:  85%|########5 | 70/82 [00:20<00:03,  3.54it/s]
1_F1: 0.8339, 0_F1: 0.8345, accuracy: 0.8342, average_F1: 0.8342, loss: 0.4311 ||:  87%|########6 | 71/82 [00:20<00:03,  3.22it/s]
1_F1: 0.8330, 0_F1: 0.8330, accuracy: 0.8330, average_F1: 0.8330, loss: 0.4339 ||:  88%|########7 | 72/82 [00:20<00:02,  3.61it/s]
1_F1: 0.8330, 0_F1: 0.8342, accuracy: 0.8336, average_F1: 0.8336, loss: 0.4312 ||:  89%|########9 | 73/82 [00:20<00:02,  3.63it/s]
1_F1: 0.8330, 0_F1: 0.8353, accuracy: 0.8342, average_F1: 0.8342, loss: 0.4280 ||:  90%|######### | 74/82 [00:21<00:02,  3.72it/s]
1_F1: 0.8314, 0_F1: 0.8347, accuracy: 0.8331, average_F1: 0.8330, loss: 0.4278 ||:  91%|#########1| 75/82 [00:21<00:01,  3.68it/s]
1_F1: 0.8322, 0_F1: 0.8350, accuracy: 0.8336, average_F1: 0.8336, loss: 0.4273 ||:  93%|#########2| 76/82 [00:21<00:01,  3.92it/s]
1_F1: 0.8335, 0_F1: 0.8364, accuracy: 0.8350, average_F1: 0.8349, loss: 0.4268 ||:  94%|#########3| 77/82 [00:21<00:01,  4.11it/s]
1_F1: 0.8357, 0_F1: 0.8368, accuracy: 0.8363, average_F1: 0.8363, loss: 0.4246 ||:  95%|#########5| 78/82 [00:22<00:00,  4.34it/s]
1_F1: 0.8352, 0_F1: 0.8352, accuracy: 0.8352, average_F1: 0.8352, loss: 0.4248 ||:  96%|#########6| 79/82 [00:22<00:00,  4.44it/s]
1_F1: 0.8348, 0_F1: 0.8350, accuracy: 0.8349, average_F1: 0.8349, loss: 0.4244 ||:  98%|#########7| 80/82 [00:22<00:00,  4.16it/s]
1_F1: 0.8369, 0_F1: 0.8354, accuracy: 0.8362, average_F1: 0.8362, loss: 0.4210 ||:  99%|#########8| 81/82 [00:22<00:00,  4.16it/s]
1_F1: 0.8342, 0_F1: 0.8314, accuracy: 0.8328, average_F1: 0.8328, loss: 0.4239 ||: 100%|##########| 82/82 [00:23<00:00,  3.98it/s]
1_F1: 0.8342, 0_F1: 0.8314, accuracy: 0.8328, average_F1: 0.8328, loss: 0.4239 ||: 100%|##########| 82/82 [00:23<00:00,  3.55it/s]

  0%|          | 0/11 [00:00<?, ?it/s]
1_F1: 0.9091, 0_F1: 0.8000, accuracy: 0.8750, average_F1: 0.8545, loss: 0.2901 ||:   9%|9         | 1/11 [00:00<00:01,  9.74it/s]
1_F1: 0.8571, 0_F1: 0.8000, accuracy: 0.8333, average_F1: 0.8286, loss: 0.4831 ||:  27%|##7       | 3/11 [00:00<00:00, 10.54it/s]
1_F1: 0.8736, 0_F1: 0.8493, accuracy: 0.8625, average_F1: 0.8614, loss: 0.3793 ||:  45%|####5     | 5/11 [00:00<00:00, 11.22it/s]
1_F1: 0.8814, 0_F1: 0.8679, accuracy: 0.8750, average_F1: 0.8746, loss: 0.3343 ||:  64%|######3   | 7/11 [00:00<00:00, 11.18it/s]
1_F1: 0.8855, 0_F1: 0.8800, accuracy: 0.8828, average_F1: 0.8827, loss: 0.3431 ||:  73%|#######2  | 8/11 [00:00<00:00, 10.44it/s]
1_F1: 0.8784, 0_F1: 0.8714, accuracy: 0.8750, average_F1: 0.8749, loss: 0.3396 ||:  82%|########1 | 9/11 [00:00<00:00, 10.02it/s]
1_F1: 0.8889, 0_F1: 0.8861, accuracy: 0.8875, average_F1: 0.8875, loss: 0.3234 ||:  91%|######### | 10/11 [00:00<00:00,  9.49it/s]
1_F1: 0.8834, 0_F1: 0.8820, accuracy: 0.8827, average_F1: 0.8827, loss: 0.3861 ||: 100%|##########| 11/11 [00:00<00:00, 11.52it/s]

  0%|          | 0/82 [00:00<?, ?it/s]
1_F1: 0.9333, 0_F1: 0.9412, accuracy: 0.9375, average_F1: 0.9373, loss: 0.2846 ||:   1%|1         | 1/82 [00:00<00:26,  3.03it/s]
1_F1: 0.8462, 0_F1: 0.8947, accuracy: 0.8750, average_F1: 0.8704, loss: 0.3450 ||:   2%|2         | 2/82 [00:00<00:26,  3.04it/s]
1_F1: 0.8333, 0_F1: 0.9000, accuracy: 0.8750, average_F1: 0.8667, loss: 0.3241 ||:   4%|3         | 3/82 [00:00<00:24,  3.18it/s]
1_F1: 0.8929, 0_F1: 0.9167, accuracy: 0.9062, average_F1: 0.9048, loss: 0.2762 ||:   5%|4         | 4/82 [00:01<00:23,  3.35it/s]
1_F1: 0.9167, 0_F1: 0.9318, accuracy: 0.9250, average_F1: 0.9242, loss: 0.2390 ||:   6%|6         | 5/82 [00:01<00:23,  3.28it/s]
1_F1: 0.9231, 0_F1: 0.9307, accuracy: 0.9271, average_F1: 0.9269, loss: 0.2593 ||:   7%|7         | 6/82 [00:01<00:22,  3.40it/s]
1_F1: 0.9273, 0_F1: 0.9298, accuracy: 0.9286, average_F1: 0.9285, loss: 0.2579 ||:   9%|8         | 7/82 [00:02<00:21,  3.48it/s]
1_F1: 0.9206, 0_F1: 0.9231, accuracy: 0.9219, average_F1: 0.9219, loss: 0.2697 ||:  10%|9         | 8/82 [00:02<00:23,  3.19it/s]
1_F1: 0.9241, 0_F1: 0.9231, accuracy: 0.9236, average_F1: 0.9236, loss: 0.2593 ||:  11%|#         | 9/82 [00:02<00:22,  3.24it/s]
1_F1: 0.9286, 0_F1: 0.9211, accuracy: 0.9250, average_F1: 0.9248, loss: 0.2504 ||:  12%|#2        | 10/82 [00:02<00:20,  3.44it/s]
1_F1: 0.9231, 0_F1: 0.9176, accuracy: 0.9205, average_F1: 0.9204, loss: 0.2545 ||:  13%|#3        | 11/82 [00:03<00:19,  3.70it/s]
1_F1: 0.9110, 0_F1: 0.9119, accuracy: 0.9115, average_F1: 0.9115, loss: 0.2675 ||:  15%|#4        | 12/82 [00:03<00:19,  3.61it/s]
1_F1: 0.9118, 0_F1: 0.9151, accuracy: 0.9135, average_F1: 0.9134, loss: 0.2605 ||:  16%|#5        | 13/82 [00:03<00:18,  3.64it/s]
1_F1: 0.9159, 0_F1: 0.9231, accuracy: 0.9196, average_F1: 0.9195, loss: 0.2555 ||:  17%|#7        | 14/82 [00:04<00:20,  3.38it/s]
1_F1: 0.9177, 0_F1: 0.9237, accuracy: 0.9208, average_F1: 0.9207, loss: 0.2501 ||:  18%|#8        | 15/82 [00:04<00:18,  3.66it/s]
1_F1: 0.9170, 0_F1: 0.9189, accuracy: 0.9180, average_F1: 0.9180, loss: 0.2555 ||:  20%|#9        | 16/82 [00:04<00:16,  4.00it/s]
1_F1: 0.9118, 0_F1: 0.9118, accuracy: 0.9118, average_F1: 0.9118, loss: 0.2574 ||:  21%|##        | 17/82 [00:04<00:16,  3.98it/s]
1_F1: 0.9123, 0_F1: 0.9141, accuracy: 0.9132, average_F1: 0.9132, loss: 0.2534 ||:  22%|##1       | 18/82 [00:05<00:21,  2.92it/s]
1_F1: 0.9110, 0_F1: 0.9177, accuracy: 0.9145, average_F1: 0.9143, loss: 0.2477 ||:  23%|##3       | 19/82 [00:05<00:19,  3.20it/s]
1_F1: 0.9115, 0_F1: 0.9194, accuracy: 0.9156, average_F1: 0.9154, loss: 0.2420 ||:  24%|##4       | 20/82 [00:05<00:19,  3.25it/s]
1_F1: 0.9154, 0_F1: 0.9235, accuracy: 0.9196, average_F1: 0.9194, loss: 0.2367 ||:  26%|##5       | 21/82 [00:06<00:19,  3.18it/s]
1_F1: 0.9194, 0_F1: 0.9268, accuracy: 0.9233, average_F1: 0.9231, loss: 0.2302 ||:  27%|##6       | 22/82 [00:06<00:17,  3.43it/s]
1_F1: 0.9200, 0_F1: 0.9275, accuracy: 0.9239, average_F1: 0.9237, loss: 0.2305 ||:  28%|##8       | 23/82 [00:06<00:17,  3.33it/s]
1_F1: 0.9135, 0_F1: 0.9196, accuracy: 0.9167, average_F1: 0.9166, loss: 0.2418 ||:  29%|##9       | 24/82 [00:07<00:16,  3.53it/s]
1_F1: 0.9152, 0_F1: 0.9197, accuracy: 0.9175, average_F1: 0.9174, loss: 0.2431 ||:  30%|###       | 25/82 [00:07<00:16,  3.55it/s]
1_F1: 0.9104, 0_F1: 0.9117, accuracy: 0.9111, average_F1: 0.9111, loss: 0.2573 ||:  32%|###1      | 26/82 [00:07<00:15,  3.70it/s]
1_F1: 0.9087, 0_F1: 0.9108, accuracy: 0.9097, average_F1: 0.9097, loss: 0.2584 ||:  33%|###2      | 27/82 [00:07<00:14,  3.67it/s]
1_F1: 0.9108, 0_F1: 0.9150, accuracy: 0.9129, average_F1: 0.9129, loss: 0.2540 ||:  34%|###4      | 28/82 [00:08<00:14,  3.78it/s]
1_F1: 0.9107, 0_F1: 0.9167, accuracy: 0.9138, average_F1: 0.9137, loss: 0.2534 ||:  35%|###5      | 29/82 [00:08<00:14,  3.74it/s]
1_F1: 0.9110, 0_F1: 0.9139, accuracy: 0.9125, average_F1: 0.9125, loss: 0.2572 ||:  37%|###6      | 30/82 [00:08<00:12,  4.11it/s]
1_F1: 0.9106, 0_F1: 0.9120, accuracy: 0.9113, average_F1: 0.9113, loss: 0.2571 ||:  38%|###7      | 31/82 [00:08<00:12,  4.14it/s]
1_F1: 0.9094, 0_F1: 0.9109, accuracy: 0.9102, average_F1: 0.9102, loss: 0.2577 ||:  39%|###9      | 32/82 [00:09<00:12,  3.97it/s]
1_F1: 0.9112, 0_F1: 0.9108, accuracy: 0.9110, average_F1: 0.9110, loss: 0.2558 ||:  40%|####      | 33/82 [00:09<00:12,  3.78it/s]
1_F1: 0.9101, 0_F1: 0.9098, accuracy: 0.9099, average_F1: 0.9099, loss: 0.2550 ||:  41%|####1     | 34/82 [00:09<00:13,  3.65it/s]
1_F1: 0.9107, 0_F1: 0.9107, accuracy: 0.9107, average_F1: 0.9107, loss: 0.2535 ||:  43%|####2     | 35/82 [00:09<00:13,  3.49it/s]
1_F1: 0.9107, 0_F1: 0.9122, accuracy: 0.9115, average_F1: 0.9115, loss: 0.2503 ||:  44%|####3     | 36/82 [00:10<00:13,  3.53it/s]
1_F1: 0.9097, 0_F1: 0.9112, accuracy: 0.9105, average_F1: 0.9105, loss: 0.2514 ||:  45%|####5     | 37/82 [00:10<00:12,  3.61it/s]
1_F1: 0.9094, 0_F1: 0.9097, accuracy: 0.9095, average_F1: 0.9095, loss: 0.2518 ||:  46%|####6     | 38/82 [00:10<00:11,  3.72it/s]
1_F1: 0.9088, 0_F1: 0.9085, accuracy: 0.9087, average_F1: 0.9087, loss: 0.2545 ||:  48%|####7     | 39/82 [00:10<00:11,  3.81it/s]
1_F1: 0.9051, 0_F1: 0.9042, accuracy: 0.9047, average_F1: 0.9047, loss: 0.2581 ||:  49%|####8     | 40/82 [00:11<00:11,  3.64it/s]
1_F1: 0.9000, 0_F1: 0.8988, accuracy: 0.8994, average_F1: 0.8994, loss: 0.2658 ||:  50%|#####     | 41/82 [00:11<00:09,  4.14it/s]
1_F1: 0.8991, 0_F1: 0.8985, accuracy: 0.8988, average_F1: 0.8988, loss: 0.2672 ||:  51%|#####1    | 42/82 [00:11<00:10,  3.93it/s]
1_F1: 0.8999, 0_F1: 0.8996, accuracy: 0.8997, average_F1: 0.8997, loss: 0.2652 ||:  52%|#####2    | 43/82 [00:12<00:10,  3.76it/s]
1_F1: 0.8983, 0_F1: 0.8971, accuracy: 0.8977, average_F1: 0.8977, loss: 0.2687 ||:  54%|#####3    | 44/82 [00:12<00:10,  3.49it/s]
1_F1: 0.8985, 0_F1: 0.8988, accuracy: 0.8986, average_F1: 0.8986, loss: 0.2685 ||:  55%|#####4    | 45/82 [00:12<00:10,  3.59it/s]
1_F1: 0.9017, 0_F1: 0.8999, accuracy: 0.9008, average_F1: 0.9008, loss: 0.2654 ||:  56%|#####6    | 46/82 [00:12<00:10,  3.45it/s]
1_F1: 0.9003, 0_F1: 0.8976, accuracy: 0.8989, average_F1: 0.8989, loss: 0.2675 ||:  57%|#####7    | 47/82 [00:13<00:09,  3.64it/s]
1_F1: 0.9005, 0_F1: 0.9010, accuracy: 0.9008, average_F1: 0.9008, loss: 0.2639 ||:  59%|#####8    | 48/82 [00:13<00:10,  3.35it/s]
1_F1: 0.8974, 0_F1: 0.8980, accuracy: 0.8977, average_F1: 0.8977, loss: 0.2658 ||:  60%|#####9    | 49/82 [00:13<00:09,  3.33it/s]
1_F1: 0.8995, 0_F1: 0.9000, accuracy: 0.8997, average_F1: 0.8997, loss: 0.2636 ||:  61%|######    | 50/82 [00:14<00:09,  3.45it/s]
1_F1: 0.9011, 0_F1: 0.8999, accuracy: 0.9005, average_F1: 0.9005, loss: 0.2658 ||:  62%|######2   | 51/82 [00:14<00:08,  3.80it/s]
1_F1: 0.9015, 0_F1: 0.8984, accuracy: 0.9000, average_F1: 0.9000, loss: 0.2654 ||:  63%|######3   | 52/82 [00:14<00:08,  3.61it/s]
1_F1: 0.9026, 0_F1: 0.8988, accuracy: 0.9007, average_F1: 0.9007, loss: 0.2647 ||:  65%|######4   | 53/82 [00:14<00:07,  3.82it/s]
1_F1: 0.9031, 0_F1: 0.8996, accuracy: 0.9014, average_F1: 0.9014, loss: 0.2620 ||:  66%|######5   | 54/82 [00:15<00:07,  3.72it/s]
1_F1: 0.9034, 0_F1: 0.9007, accuracy: 0.9021, average_F1: 0.9020, loss: 0.2602 ||:  67%|######7   | 55/82 [00:15<00:07,  3.78it/s]
1_F1: 0.9025, 0_F1: 0.8983, accuracy: 0.9004, average_F1: 0.9004, loss: 0.2631 ||:  68%|######8   | 56/82 [00:15<00:06,  3.84it/s]
1_F1: 0.9030, 0_F1: 0.8991, accuracy: 0.9011, average_F1: 0.9011, loss: 0.2627 ||:  70%|######9   | 57/82 [00:15<00:06,  3.62it/s]
1_F1: 0.9023, 0_F1: 0.8989, accuracy: 0.9006, average_F1: 0.9006, loss: 0.2628 ||:  71%|#######   | 58/82 [00:16<00:06,  3.72it/s]
1_F1: 0.9030, 0_F1: 0.8995, accuracy: 0.9013, average_F1: 0.9012, loss: 0.2614 ||:  72%|#######1  | 59/82 [00:16<00:06,  3.51it/s]
1_F1: 0.9024, 0_F1: 0.8993, accuracy: 0.9008, average_F1: 0.9008, loss: 0.2617 ||:  73%|#######3  | 60/82 [00:16<00:05,  3.73it/s]
1_F1: 0.9024, 0_F1: 0.9004, accuracy: 0.9014, average_F1: 0.9014, loss: 0.2596 ||:  74%|#######4  | 61/82 [00:17<00:05,  3.65it/s]
1_F1: 0.9025, 0_F1: 0.9015, accuracy: 0.9020, average_F1: 0.9020, loss: 0.2593 ||:  76%|#######5  | 62/82 [00:17<00:05,  3.68it/s]
1_F1: 0.9048, 0_F1: 0.9023, accuracy: 0.9036, average_F1: 0.9036, loss: 0.2564 ||:  77%|#######6  | 63/82 [00:17<00:05,  3.57it/s]
1_F1: 0.9065, 0_F1: 0.9037, accuracy: 0.9051, average_F1: 0.9051, loss: 0.2543 ||:  78%|#######8  | 64/82 [00:17<00:04,  3.62it/s]
1_F1: 0.9030, 0_F1: 0.9004, accuracy: 0.9017, average_F1: 0.9017, loss: 0.2579 ||:  79%|#######9  | 65/82 [00:18<00:04,  3.46it/s]
1_F1: 0.9027, 0_F1: 0.9018, accuracy: 0.9023, average_F1: 0.9023, loss: 0.2562 ||:  80%|########  | 66/82 [00:18<00:04,  3.43it/s]
1_F1: 0.9018, 0_F1: 0.9020, accuracy: 0.9019, average_F1: 0.9019, loss: 0.2562 ||:  82%|########1 | 67/82 [00:18<00:04,  3.32it/s]
1_F1: 0.9030, 0_F1: 0.9036, accuracy: 0.9033, average_F1: 0.9033, loss: 0.2536 ||:  83%|########2 | 68/82 [00:19<00:04,  3.42it/s]
1_F1: 0.9045, 0_F1: 0.9050, accuracy: 0.9047, average_F1: 0.9047, loss: 0.2519 ||:  84%|########4 | 69/82 [00:19<00:03,  3.35it/s]
1_F1: 0.9055, 0_F1: 0.9067, accuracy: 0.9061, average_F1: 0.9061, loss: 0.2493 ||:  85%|########5 | 70/82 [00:19<00:03,  3.44it/s]
1_F1: 0.9049, 0_F1: 0.9064, accuracy: 0.9056, average_F1: 0.9056, loss: 0.2482 ||:  87%|########6 | 71/82 [00:19<00:03,  3.56it/s]
1_F1: 0.9053, 0_F1: 0.9069, accuracy: 0.9061, average_F1: 0.9061, loss: 0.2484 ||:  88%|########7 | 72/82 [00:20<00:02,  3.40it/s]
1_F1: 0.9053, 0_F1: 0.9077, accuracy: 0.9065, average_F1: 0.9065, loss: 0.2482 ||:  89%|########9 | 73/82 [00:20<00:02,  3.30it/s]
1_F1: 0.9063, 0_F1: 0.9076, accuracy: 0.9069, average_F1: 0.9069, loss: 0.2488 ||:  90%|######### | 74/82 [00:20<00:02,  3.32it/s]
1_F1: 0.9062, 0_F1: 0.9068, accuracy: 0.9065, average_F1: 0.9065, loss: 0.2500 ||:  91%|#########1| 75/82 [00:21<00:01,  3.59it/s]
1_F1: 0.9068, 0_F1: 0.9070, accuracy: 0.9069, average_F1: 0.9069, loss: 0.2494 ||:  93%|#########2| 76/82 [00:21<00:01,  3.41it/s]
1_F1: 0.9075, 0_F1: 0.9072, accuracy: 0.9073, average_F1: 0.9073, loss: 0.2482 ||:  94%|#########3| 77/82 [00:21<00:01,  3.56it/s]
1_F1: 0.9073, 0_F1: 0.9065, accuracy: 0.9069, average_F1: 0.9069, loss: 0.2500 ||:  95%|#########5| 78/82 [00:21<00:01,  3.51it/s]
1_F1: 0.9085, 0_F1: 0.9060, accuracy: 0.9073, average_F1: 0.9073, loss: 0.2497 ||:  96%|#########6| 79/82 [00:22<00:00,  3.92it/s]
1_F1: 0.9102, 0_F1: 0.9066, accuracy: 0.9085, average_F1: 0.9084, loss: 0.2475 ||:  98%|#########7| 80/82 [00:22<00:00,  3.85it/s]
1_F1: 0.9112, 0_F1: 0.9079, accuracy: 0.9096, average_F1: 0.9096, loss: 0.2455 ||:  99%|#########8| 81/82 [00:22<00:00,  3.90it/s]
1_F1: 0.9113, 0_F1: 0.9085, accuracy: 0.9099, average_F1: 0.9099, loss: 0.2453 ||: 100%|##########| 82/82 [00:22<00:00,  3.57it/s]
1_F1: 0.9113, 0_F1: 0.9085, accuracy: 0.9099, average_F1: 0.9099, loss: 0.2453 ||: 100%|##########| 82/82 [00:22<00:00,  3.57it/s]

  0%|          | 0/11 [00:00<?, ?it/s]
1_F1: 0.9048, 0_F1: 0.8182, accuracy: 0.8750, average_F1: 0.8615, loss: 0.2938 ||:  18%|#8        | 2/11 [00:00<00:00, 11.83it/s]
1_F1: 0.8800, 0_F1: 0.8302, accuracy: 0.8594, average_F1: 0.8551, loss: 0.4295 ||:  36%|###6      | 4/11 [00:00<00:00, 12.21it/s]
1_F1: 0.8785, 0_F1: 0.8471, accuracy: 0.8646, average_F1: 0.8628, loss: 0.3726 ||:  55%|#####4    | 6/11 [00:00<00:00, 11.90it/s]
1_F1: 0.8855, 0_F1: 0.8800, accuracy: 0.8828, average_F1: 0.8827, loss: 0.3278 ||:  73%|#######2  | 8/11 [00:00<00:00, 11.60it/s]
1_F1: 0.8889, 0_F1: 0.8889, accuracy: 0.8889, average_F1: 0.8889, loss: 0.3238 ||:  82%|########1 | 9/11 [00:00<00:00, 10.57it/s]
1_F1: 0.8944, 0_F1: 0.8931, accuracy: 0.8938, average_F1: 0.8937, loss: 0.3175 ||:  91%|######### | 10/11 [00:00<00:00,  9.81it/s]
1_F1: 0.8957, 0_F1: 0.8944, accuracy: 0.8951, average_F1: 0.8951, loss: 0.2945 ||: 100%|##########| 11/11 [00:00<00:00, 11.67it/s]

  0%|          | 0/82 [00:00<?, ?it/s]
1_F1: 0.9231, 0_F1: 0.6667, accuracy: 0.8750, average_F1: 0.7949, loss: 0.2660 ||:   1%|1         | 1/82 [00:00<00:23,  3.52it/s]
1_F1: 0.9388, 0_F1: 0.8000, accuracy: 0.9062, average_F1: 0.8694, loss: 0.2000 ||:   2%|2         | 2/82 [00:00<00:24,  3.26it/s]
1_F1: 0.9474, 0_F1: 0.9143, accuracy: 0.9348, average_F1: 0.9308, loss: 0.1568 ||:   4%|3         | 3/82 [00:01<00:25,  3.05it/s]
1_F1: 0.9459, 0_F1: 0.9200, accuracy: 0.9355, average_F1: 0.9330, loss: 0.1468 ||:   5%|4         | 4/82 [00:01<00:24,  3.14it/s]
1_F1: 0.9302, 0_F1: 0.9143, accuracy: 0.9231, average_F1: 0.9223, loss: 0.1564 ||:   6%|6         | 5/82 [00:01<00:24,  3.09it/s]
1_F1: 0.9423, 0_F1: 0.9286, accuracy: 0.9362, average_F1: 0.9354, loss: 0.1481 ||:   7%|7         | 6/82 [00:01<00:23,  3.28it/s]
1_F1: 0.9500, 0_F1: 0.9400, accuracy: 0.9455, average_F1: 0.9450, loss: 0.1439 ||:   9%|8         | 7/82 [00:02<00:22,  3.33it/s]
1_F1: 0.9538, 0_F1: 0.9508, accuracy: 0.9524, average_F1: 0.9523, loss: 0.1377 ||:  10%|9         | 8/82 [00:02<00:22,  3.36it/s]
1_F1: 0.9396, 0_F1: 0.9333, accuracy: 0.9366, average_F1: 0.9365, loss: 0.1789 ||:  11%|#         | 9/82 [00:02<00:20,  3.60it/s]
1_F1: 0.9461, 0_F1: 0.9396, accuracy: 0.9430, average_F1: 0.9429, loss: 0.1699 ||:  12%|#2        | 10/82 [00:03<00:20,  3.48it/s]
1_F1: 0.9497, 0_F1: 0.9467, accuracy: 0.9483, average_F1: 0.9482, loss: 0.1607 ||:  13%|#3        | 11/82 [00:03<00:20,  3.53it/s]
1_F1: 0.9479, 0_F1: 0.9468, accuracy: 0.9474, average_F1: 0.9474, loss: 0.1694 ||:  15%|#4        | 12/82 [00:03<00:19,  3.57it/s]
1_F1: 0.9439, 0_F1: 0.9394, accuracy: 0.9417, average_F1: 0.9417, loss: 0.1787 ||:  16%|#5        | 13/82 [00:03<00:18,  3.78it/s]
1_F1: 0.9483, 0_F1: 0.9434, accuracy: 0.9459, average_F1: 0.9458, loss: 0.1743 ||:  17%|#7        | 14/82 [00:04<00:18,  3.58it/s]
1_F1: 0.9421, 0_F1: 0.9402, accuracy: 0.9412, average_F1: 0.9412, loss: 0.1872 ||:  18%|#8        | 15/82 [00:04<00:18,  3.60it/s]
1_F1: 0.9416, 0_F1: 0.9402, accuracy: 0.9409, average_F1: 0.9409, loss: 0.1852 ||:  20%|#9        | 16/82 [00:04<00:18,  3.62it/s]
1_F1: 0.9434, 0_F1: 0.9455, accuracy: 0.9444, average_F1: 0.9444, loss: 0.1771 ||:  21%|##        | 17/82 [00:05<00:19,  3.42it/s]
1_F1: 0.9348, 0_F1: 0.9392, accuracy: 0.9371, average_F1: 0.9370, loss: 0.1810 ||:  22%|##1       | 18/82 [00:05<00:18,  3.52it/s]
1_F1: 0.9352, 0_F1: 0.9389, accuracy: 0.9371, average_F1: 0.9370, loss: 0.1796 ||:  23%|##3       | 19/82 [00:05<00:17,  3.67it/s]
1_F1: 0.9311, 0_F1: 0.9366, accuracy: 0.9340, average_F1: 0.9339, loss: 0.1800 ||:  24%|##4       | 20/82 [00:05<00:17,  3.58it/s]
1_F1: 0.9338, 0_F1: 0.9402, accuracy: 0.9371, average_F1: 0.9370, loss: 0.1750 ||:  26%|##5       | 21/82 [00:06<00:16,  3.70it/s]
1_F1: 0.9362, 0_F1: 0.9434, accuracy: 0.9400, average_F1: 0.9398, loss: 0.1701 ||:  27%|##6       | 22/82 [00:06<00:16,  3.59it/s]
1_F1: 0.9353, 0_F1: 0.9439, accuracy: 0.9399, average_F1: 0.9396, loss: 0.1687 ||:  28%|##8       | 23/82 [00:06<00:15,  3.70it/s]
1_F1: 0.9392, 0_F1: 0.9453, accuracy: 0.9424, average_F1: 0.9423, loss: 0.1666 ||:  29%|##9       | 24/82 [00:06<00:14,  4.01it/s]
1_F1: 0.9403, 0_F1: 0.9440, accuracy: 0.9422, average_F1: 0.9421, loss: 0.1644 ||:  30%|###       | 25/82 [00:07<00:14,  4.06it/s]
1_F1: 0.9380, 0_F1: 0.9412, accuracy: 0.9396, average_F1: 0.9396, loss: 0.1750 ||:  32%|###1      | 26/82 [00:07<00:13,  4.03it/s]
1_F1: 0.9406, 0_F1: 0.9431, accuracy: 0.9419, average_F1: 0.9418, loss: 0.1698 ||:  33%|###2      | 27/82 [00:07<00:13,  4.17it/s]
1_F1: 0.9428, 0_F1: 0.9451, accuracy: 0.9439, average_F1: 0.9439, loss: 0.1655 ||:  34%|###4      | 28/82 [00:07<00:13,  3.98it/s]
1_F1: 0.9407, 0_F1: 0.9424, accuracy: 0.9416, average_F1: 0.9415, loss: 0.1700 ||:  35%|###5      | 29/82 [00:07<00:11,  4.46it/s]
1_F1: 0.9429, 0_F1: 0.9441, accuracy: 0.9435, average_F1: 0.9435, loss: 0.1690 ||:  37%|###6      | 30/82 [00:08<00:12,  4.32it/s]
1_F1: 0.9450, 0_F1: 0.9457, accuracy: 0.9453, average_F1: 0.9453, loss: 0.1666 ||:  38%|###7      | 31/82 [00:08<00:12,  4.07it/s]
1_F1: 0.9453, 0_F1: 0.9449, accuracy: 0.9451, average_F1: 0.9451, loss: 0.1658 ||:  39%|###9      | 32/82 [00:08<00:12,  3.86it/s]
1_F1: 0.9448, 0_F1: 0.9450, accuracy: 0.9449, average_F1: 0.9449, loss: 0.1702 ||:  40%|####      | 33/82 [00:09<00:13,  3.74it/s]
1_F1: 0.9458, 0_F1: 0.9472, accuracy: 0.9465, average_F1: 0.9465, loss: 0.1684 ||:  41%|####1     | 34/82 [00:09<00:14,  3.33it/s]
1_F1: 0.9479, 0_F1: 0.9481, accuracy: 0.9480, average_F1: 0.9480, loss: 0.1653 ||:  43%|####2     | 35/82 [00:09<00:13,  3.50it/s]
1_F1: 0.9472, 0_F1: 0.9483, accuracy: 0.9477, average_F1: 0.9477, loss: 0.1641 ||:  44%|####3     | 36/82 [00:10<00:16,  2.71it/s]
1_F1: 0.9492, 0_F1: 0.9492, accuracy: 0.9492, average_F1: 0.9492, loss: 0.1615 ||:  45%|####5     | 37/82 [00:10<00:15,  2.94it/s]
1_F1: 0.9474, 0_F1: 0.9470, accuracy: 0.9472, average_F1: 0.9472, loss: 0.1631 ||:  46%|####6     | 38/82 [00:10<00:13,  3.19it/s]
1_F1: 0.9440, 0_F1: 0.9435, accuracy: 0.9437, average_F1: 0.9437, loss: 0.1648 ||:  48%|####7     | 39/82 [00:11<00:12,  3.35it/s]
1_F1: 0.9425, 0_F1: 0.9415, accuracy: 0.9420, average_F1: 0.9420, loss: 0.1668 ||:  49%|####8     | 40/82 [00:11<00:11,  3.53it/s]
1_F1: 0.9437, 0_F1: 0.9432, accuracy: 0.9434, average_F1: 0.9434, loss: 0.1656 ||:  50%|#####     | 41/82 [00:11<00:10,  3.76it/s]
1_F1: 0.9419, 0_F1: 0.9417, accuracy: 0.9418, average_F1: 0.9418, loss: 0.1672 ||:  51%|#####1    | 42/82 [00:11<00:11,  3.43it/s]
1_F1: 0.9432, 0_F1: 0.9431, accuracy: 0.9431, average_F1: 0.9431, loss: 0.1660 ||:  52%|#####2    | 43/82 [00:12<00:10,  3.76it/s]
1_F1: 0.9400, 0_F1: 0.9403, accuracy: 0.9402, average_F1: 0.9402, loss: 0.1714 ||:  54%|#####3    | 44/82 [00:12<00:10,  3.71it/s]
1_F1: 0.9412, 0_F1: 0.9418, accuracy: 0.9415, average_F1: 0.9415, loss: 0.1697 ||:  55%|#####4    | 45/82 [00:12<00:10,  3.52it/s]
1_F1: 0.9391, 0_F1: 0.9383, accuracy: 0.9387, average_F1: 0.9387, loss: 0.1739 ||:  56%|#####6    | 46/82 [00:12<00:09,  3.91it/s]
1_F1: 0.9390, 0_F1: 0.9383, accuracy: 0.9387, average_F1: 0.9387, loss: 0.1733 ||:  57%|#####7    | 47/82 [00:13<00:08,  3.95it/s]
1_F1: 0.9383, 0_F1: 0.9363, accuracy: 0.9373, average_F1: 0.9373, loss: 0.1741 ||:  59%|#####8    | 48/82 [00:13<00:09,  3.74it/s]
1_F1: 0.9392, 0_F1: 0.9380, accuracy: 0.9386, average_F1: 0.9386, loss: 0.1715 ||:  60%|#####9    | 49/82 [00:13<00:09,  3.62it/s]
1_F1: 0.9388, 0_F1: 0.9384, accuracy: 0.9386, average_F1: 0.9386, loss: 0.1709 ||:  61%|######    | 50/82 [00:13<00:08,  3.72it/s]
1_F1: 0.9390, 0_F1: 0.9381, accuracy: 0.9386, average_F1: 0.9386, loss: 0.1706 ||:  62%|######2   | 51/82 [00:14<00:08,  3.78it/s]
1_F1: 0.9389, 0_F1: 0.9382, accuracy: 0.9386, average_F1: 0.9386, loss: 0.1696 ||:  63%|######3   | 52/82 [00:14<00:08,  3.54it/s]
1_F1: 0.9393, 0_F1: 0.9378, accuracy: 0.9385, average_F1: 0.9385, loss: 0.1701 ||:  65%|######4   | 53/82 [00:14<00:08,  3.62it/s]
1_F1: 0.9402, 0_F1: 0.9391, accuracy: 0.9397, average_F1: 0.9397, loss: 0.1691 ||:  66%|######5   | 54/82 [00:15<00:08,  3.46it/s]
1_F1: 0.9379, 0_F1: 0.9369, accuracy: 0.9374, average_F1: 0.9374, loss: 0.1712 ||:  67%|######7   | 55/82 [00:15<00:07,  3.59it/s]
1_F1: 0.9383, 0_F1: 0.9387, accuracy: 0.9385, average_F1: 0.9385, loss: 0.1699 ||:  68%|######8   | 56/82 [00:15<00:07,  3.53it/s]
1_F1: 0.9389, 0_F1: 0.9381, accuracy: 0.9385, average_F1: 0.9385, loss: 0.1699 ||:  70%|######9   | 57/82 [00:15<00:06,  3.76it/s]
1_F1: 0.9399, 0_F1: 0.9391, accuracy: 0.9395, average_F1: 0.9395, loss: 0.1689 ||:  71%|#######   | 58/82 [00:16<00:05,  4.05it/s]
1_F1: 0.9411, 0_F1: 0.9400, accuracy: 0.9406, average_F1: 0.9405, loss: 0.1673 ||:  72%|#######1  | 59/82 [00:16<00:05,  4.12it/s]
1_F1: 0.9420, 0_F1: 0.9411, accuracy: 0.9415, average_F1: 0.9415, loss: 0.1655 ||:  73%|#######3  | 60/82 [00:16<00:05,  4.02it/s]
1_F1: 0.9429, 0_F1: 0.9421, accuracy: 0.9425, average_F1: 0.9425, loss: 0.1637 ||:  74%|#######4  | 61/82 [00:16<00:05,  3.77it/s]
1_F1: 0.9435, 0_F1: 0.9433, accuracy: 0.9434, average_F1: 0.9434, loss: 0.1624 ||:  76%|#######5  | 62/82 [00:17<00:05,  3.75it/s]
1_F1: 0.9435, 0_F1: 0.9432, accuracy: 0.9433, average_F1: 0.9433, loss: 0.1653 ||:  77%|#######6  | 63/82 [00:17<00:04,  3.92it/s]
1_F1: 0.9438, 0_F1: 0.9446, accuracy: 0.9442, average_F1: 0.9442, loss: 0.1640 ||:  78%|#######8  | 64/82 [00:17<00:04,  3.77it/s]
1_F1: 0.9438, 0_F1: 0.9444, accuracy: 0.9441, average_F1: 0.9441, loss: 0.1637 ||:  79%|#######9  | 65/82 [00:17<00:04,  3.53it/s]
1_F1: 0.9446, 0_F1: 0.9454, accuracy: 0.9450, average_F1: 0.9450, loss: 0.1622 ||:  80%|########  | 66/82 [00:18<00:04,  3.47it/s]
1_F1: 0.9435, 0_F1: 0.9443, accuracy: 0.9439, average_F1: 0.9439, loss: 0.1631 ||:  82%|########1 | 67/82 [00:18<00:04,  3.44it/s]
1_F1: 0.9429, 0_F1: 0.9447, accuracy: 0.9438, average_F1: 0.9438, loss: 0.1646 ||:  83%|########2 | 68/82 [00:18<00:04,  3.31it/s]
1_F1: 0.9433, 0_F1: 0.9441, accuracy: 0.9437, average_F1: 0.9437, loss: 0.1640 ||:  84%|########4 | 69/82 [00:19<00:04,  3.24it/s]
1_F1: 0.9442, 0_F1: 0.9448, accuracy: 0.9445, average_F1: 0.9445, loss: 0.1622 ||:  85%|########5 | 70/82 [00:19<00:03,  3.35it/s]
1_F1: 0.9451, 0_F1: 0.9455, accuracy: 0.9453, average_F1: 0.9453, loss: 0.1619 ||:  87%|########6 | 71/82 [00:19<00:03,  3.52it/s]
1_F1: 0.9443, 0_F1: 0.9443, accuracy: 0.9443, average_F1: 0.9443, loss: 0.1629 ||:  88%|########7 | 72/82 [00:20<00:02,  3.41it/s]
1_F1: 0.9453, 0_F1: 0.9449, accuracy: 0.9451, average_F1: 0.9451, loss: 0.1619 ||:  89%|########9 | 73/82 [00:20<00:02,  3.28it/s]
1_F1: 0.9446, 0_F1: 0.9437, accuracy: 0.9442, average_F1: 0.9442, loss: 0.1651 ||:  90%|######### | 74/82 [00:20<00:02,  3.34it/s]
1_F1: 0.9449, 0_F1: 0.9433, accuracy: 0.9441, average_F1: 0.9441, loss: 0.1644 ||:  91%|#########1| 75/82 [00:21<00:02,  3.27it/s]
1_F1: 0.9456, 0_F1: 0.9440, accuracy: 0.9448, average_F1: 0.9448, loss: 0.1637 ||:  93%|#########2| 76/82 [00:21<00:01,  3.26it/s]
1_F1: 0.9454, 0_F1: 0.9440, accuracy: 0.9447, average_F1: 0.9447, loss: 0.1647 ||:  94%|#########3| 77/82 [00:21<00:01,  3.25it/s]
1_F1: 0.9453, 0_F1: 0.9439, accuracy: 0.9446, average_F1: 0.9446, loss: 0.1641 ||:  95%|#########5| 78/82 [00:21<00:01,  3.26it/s]
1_F1: 0.9435, 0_F1: 0.9424, accuracy: 0.9429, average_F1: 0.9429, loss: 0.1684 ||:  96%|#########6| 79/82 [00:22<00:00,  3.16it/s]
1_F1: 0.9435, 0_F1: 0.9423, accuracy: 0.9429, average_F1: 0.9429, loss: 0.1678 ||:  98%|#########7| 80/82 [00:22<00:00,  3.33it/s]
1_F1: 0.9438, 0_F1: 0.9434, accuracy: 0.9436, average_F1: 0.9436, loss: 0.1664 ||:  99%|#########8| 81/82 [00:22<00:00,  3.44it/s]
1_F1: 0.9446, 0_F1: 0.9440, accuracy: 0.9443, average_F1: 0.9443, loss: 0.1648 ||: 100%|##########| 82/82 [00:23<00:00,  3.34it/s]
1_F1: 0.9446, 0_F1: 0.9440, accuracy: 0.9443, average_F1: 0.9443, loss: 0.1648 ||: 100%|##########| 82/82 [00:23<00:00,  3.54it/s]

  0%|          | 0/11 [00:00<?, ?it/s]
1_F1: 0.8649, 0_F1: 0.8148, accuracy: 0.8438, average_F1: 0.8398, loss: 0.3876 ||:  18%|#8        | 2/11 [00:00<00:00, 13.01it/s]
1_F1: 0.8649, 0_F1: 0.8148, accuracy: 0.8438, average_F1: 0.8398, loss: 0.4529 ||:  36%|###6      | 4/11 [00:00<00:00, 13.05it/s]
1_F1: 0.8866, 0_F1: 0.8842, accuracy: 0.8854, average_F1: 0.8854, loss: 0.3493 ||:  55%|#####4    | 6/11 [00:00<00:00, 12.70it/s]
1_F1: 0.8992, 0_F1: 0.8976, accuracy: 0.8984, average_F1: 0.8984, loss: 0.3213 ||:  73%|#######2  | 8/11 [00:00<00:00, 12.14it/s]
1_F1: 0.9000, 0_F1: 0.9054, accuracy: 0.9028, average_F1: 0.9027, loss: 0.3039 ||:  82%|########1 | 9/11 [00:00<00:00, 10.93it/s]
1_F1: 0.8987, 0_F1: 0.9012, accuracy: 0.9000, average_F1: 0.9000, loss: 0.3071 ||:  91%|######### | 10/11 [00:00<00:00,  9.96it/s]
1_F1: 0.8987, 0_F1: 0.9036, accuracy: 0.9012, average_F1: 0.9012, loss: 0.2933 ||: 100%|##########| 11/11 [00:00<00:00, 12.00it/s]

  0%|          | 0/82 [00:00<?, ?it/s]
1_F1: 0.9474, 0_F1: 0.9231, accuracy: 0.9375, average_F1: 0.9352, loss: 0.1535 ||:   1%|1         | 1/82 [00:00<00:22,  3.52it/s]
1_F1: 0.9730, 0_F1: 0.9630, accuracy: 0.9688, average_F1: 0.9680, loss: 0.1117 ||:   2%|2         | 2/82 [00:00<00:22,  3.50it/s]
1_F1: 0.9583, 0_F1: 0.9583, accuracy: 0.9583, average_F1: 0.9583, loss: 0.1163 ||:   4%|3         | 3/82 [00:00<00:22,  3.55it/s]
1_F1: 0.9524, 0_F1: 0.9538, accuracy: 0.9531, average_F1: 0.9531, loss: 0.1166 ||:   5%|4         | 4/82 [00:01<00:21,  3.61it/s]
1_F1: 0.9535, 0_F1: 0.9459, accuracy: 0.9500, average_F1: 0.9497, loss: 0.1200 ||:   6%|6         | 5/82 [00:01<00:21,  3.65it/s]
1_F1: 0.9524, 0_F1: 0.9425, accuracy: 0.9479, average_F1: 0.9475, loss: 0.1207 ||:   7%|7         | 6/82 [00:01<00:21,  3.57it/s]
1_F1: 0.9580, 0_F1: 0.9524, accuracy: 0.9554, average_F1: 0.9552, loss: 0.1135 ||:   9%|8         | 7/82 [00:01<00:21,  3.47it/s]
1_F1: 0.9559, 0_F1: 0.9500, accuracy: 0.9531, average_F1: 0.9529, loss: 0.1271 ||:  10%|9         | 8/82 [00:02<00:18,  3.94it/s]
1_F1: 0.9542, 0_F1: 0.9481, accuracy: 0.9514, average_F1: 0.9512, loss: 0.1282 ||:  11%|#         | 9/82 [00:02<00:18,  3.97it/s]
1_F1: 0.9605, 0_F1: 0.9510, accuracy: 0.9563, average_F1: 0.9558, loss: 0.1200 ||:  12%|#2        | 10/82 [00:02<00:17,  4.09it/s]
1_F1: 0.9604, 0_F1: 0.9467, accuracy: 0.9545, average_F1: 0.9535, loss: 0.1230 ||:  13%|#3        | 11/82 [00:02<00:16,  4.44it/s]
1_F1: 0.9630, 0_F1: 0.9524, accuracy: 0.9583, average_F1: 0.9577, loss: 0.1153 ||:  15%|#4        | 12/82 [00:03<00:17,  4.09it/s]
1_F1: 0.9649, 0_F1: 0.9574, accuracy: 0.9615, average_F1: 0.9612, loss: 0.1097 ||:  16%|#5        | 13/82 [00:03<00:17,  3.85it/s]
1_F1: 0.9639, 0_F1: 0.9548, accuracy: 0.9598, average_F1: 0.9593, loss: 0.1091 ||:  17%|#7        | 14/82 [00:03<00:16,  4.01it/s]
1_F1: 0.9632, 0_F1: 0.9519, accuracy: 0.9583, average_F1: 0.9576, loss: 0.1105 ||:  18%|#8        | 15/82 [00:03<00:18,  3.68it/s]
1_F1: 0.9625, 0_F1: 0.9498, accuracy: 0.9570, average_F1: 0.9561, loss: 0.1084 ||:  20%|#9        | 16/82 [00:04<00:18,  3.48it/s]
1_F1: 0.9608, 0_F1: 0.9496, accuracy: 0.9559, average_F1: 0.9552, loss: 0.1099 ||:  21%|##        | 17/82 [00:04<00:19,  3.41it/s]
1_F1: 0.9634, 0_F1: 0.9516, accuracy: 0.9583, average_F1: 0.9575, loss: 0.1054 ||:  22%|##1       | 18/82 [00:04<00:19,  3.33it/s]
1_F1: 0.9621, 0_F1: 0.9509, accuracy: 0.9572, average_F1: 0.9565, loss: 0.1064 ||:  23%|##3       | 19/82 [00:05<00:18,  3.34it/s]
1_F1: 0.9634, 0_F1: 0.9544, accuracy: 0.9594, average_F1: 0.9589, loss: 0.1051 ||:  24%|##4       | 20/82 [00:05<00:17,  3.56it/s]
1_F1: 0.9653, 0_F1: 0.9562, accuracy: 0.9613, average_F1: 0.9608, loss: 0.1016 ||:  26%|##5       | 21/82 [00:05<00:16,  3.66it/s]
1_F1: 0.9616, 0_F1: 0.9521, accuracy: 0.9574, average_F1: 0.9569, loss: 0.1035 ||:  27%|##6       | 22/82 [00:05<00:15,  3.86it/s]
1_F1: 0.9602, 0_F1: 0.9521, accuracy: 0.9565, average_F1: 0.9561, loss: 0.1033 ||:  28%|##8       | 23/82 [00:06<00:15,  3.86it/s]
1_F1: 0.9621, 0_F1: 0.9538, accuracy: 0.9583, average_F1: 0.9579, loss: 0.1034 ||:  29%|##9       | 24/82 [00:06<00:14,  4.12it/s]
1_F1: 0.9636, 0_F1: 0.9556, accuracy: 0.9600, average_F1: 0.9596, loss: 0.1009 ||:  30%|###       | 25/82 [00:06<00:14,  3.83it/s]
1_F1: 0.9630, 0_F1: 0.9544, accuracy: 0.9591, average_F1: 0.9587, loss: 0.1001 ||:  32%|###1      | 26/82 [00:06<00:14,  3.85it/s]
1_F1: 0.9644, 0_F1: 0.9561, accuracy: 0.9606, average_F1: 0.9602, loss: 0.0989 ||:  33%|###2      | 27/82 [00:07<00:14,  3.89it/s]
1_F1: 0.9636, 0_F1: 0.9552, accuracy: 0.9598, average_F1: 0.9594, loss: 0.0991 ||:  34%|###4      | 28/82 [00:07<00:14,  3.62it/s]
1_F1: 0.9641, 0_F1: 0.9577, accuracy: 0.9612, average_F1: 0.9609, loss: 0.0986 ||:  35%|###5      | 29/82 [00:07<00:15,  3.50it/s]
1_F1: 0.9634, 0_F1: 0.9569, accuracy: 0.9604, average_F1: 0.9602, loss: 0.0999 ||:  37%|###6      | 30/82 [00:08<00:14,  3.48it/s]
1_F1: 0.9638, 0_F1: 0.9593, accuracy: 0.9617, average_F1: 0.9616, loss: 0.0980 ||:  38%|###7      | 31/82 [00:08<00:15,  3.21it/s]
1_F1: 0.9649, 0_F1: 0.9607, accuracy: 0.9629, average_F1: 0.9628, loss: 0.0960 ||:  39%|###9      | 32/82 [00:08<00:14,  3.44it/s]
1_F1: 0.9659, 0_F1: 0.9619, accuracy: 0.9640, average_F1: 0.9639, loss: 0.0953 ||:  40%|####      | 33/82 [00:09<00:14,  3.43it/s]
1_F1: 0.9652, 0_F1: 0.9611, accuracy: 0.9632, average_F1: 0.9631, loss: 0.0999 ||:  41%|####1     | 34/82 [00:09<00:14,  3.40it/s]
1_F1: 0.9659, 0_F1: 0.9625, accuracy: 0.9643, average_F1: 0.9642, loss: 0.0999 ||:  43%|####2     | 35/82 [00:09<00:13,  3.43it/s]
1_F1: 0.9667, 0_F1: 0.9638, accuracy: 0.9653, average_F1: 0.9652, loss: 0.0982 ||:  44%|####3     | 36/82 [00:09<00:12,  3.60it/s]
1_F1: 0.9671, 0_F1: 0.9650, accuracy: 0.9661, average_F1: 0.9661, loss: 0.0969 ||:  45%|####5     | 37/82 [00:10<00:13,  3.31it/s]
1_F1: 0.9681, 0_F1: 0.9659, accuracy: 0.9670, average_F1: 0.9670, loss: 0.0956 ||:  46%|####6     | 38/82 [00:10<00:13,  3.19it/s]
1_F1: 0.9689, 0_F1: 0.9667, accuracy: 0.9678, average_F1: 0.9678, loss: 0.0943 ||:  48%|####7     | 39/82 [00:10<00:12,  3.34it/s]
1_F1: 0.9698, 0_F1: 0.9674, accuracy: 0.9687, average_F1: 0.9686, loss: 0.0929 ||:  49%|####8     | 40/82 [00:11<00:12,  3.45it/s]
1_F1: 0.9706, 0_F1: 0.9682, accuracy: 0.9694, average_F1: 0.9694, loss: 0.0921 ||:  50%|#####     | 41/82 [00:11<00:12,  3.24it/s]
1_F1: 0.9713, 0_F1: 0.9689, accuracy: 0.9701, average_F1: 0.9701, loss: 0.0914 ||:  51%|#####1    | 42/82 [00:11<00:12,  3.24it/s]
1_F1: 0.9718, 0_F1: 0.9698, accuracy: 0.9708, average_F1: 0.9708, loss: 0.0909 ||:  52%|#####2    | 43/82 [00:11<00:11,  3.54it/s]
1_F1: 0.9723, 0_F1: 0.9707, accuracy: 0.9715, average_F1: 0.9715, loss: 0.0892 ||:  54%|#####3    | 44/82 [00:12<00:10,  3.63it/s]
1_F1: 0.9714, 0_F1: 0.9701, accuracy: 0.9708, average_F1: 0.9707, loss: 0.0921 ||:  55%|#####4    | 45/82 [00:12<00:10,  3.57it/s]
1_F1: 0.9717, 0_F1: 0.9711, accuracy: 0.9714, average_F1: 0.9714, loss: 0.0929 ||:  56%|#####6    | 46/82 [00:12<00:09,  3.64it/s]
1_F1: 0.9708, 0_F1: 0.9705, accuracy: 0.9707, average_F1: 0.9707, loss: 0.0943 ||:  57%|#####7    | 47/82 [00:13<00:09,  3.77it/s]
1_F1: 0.9663, 0_F1: 0.9658, accuracy: 0.9661, average_F1: 0.9661, loss: 0.0976 ||:  59%|#####8    | 48/82 [00:13<00:08,  3.88it/s]
1_F1: 0.9657, 0_F1: 0.9653, accuracy: 0.9655, average_F1: 0.9655, loss: 0.0974 ||:  60%|#####9    | 49/82 [00:13<00:08,  3.86it/s]
1_F1: 0.9661, 0_F1: 0.9662, accuracy: 0.9662, average_F1: 0.9662, loss: 0.0960 ||:  61%|######    | 50/82 [00:13<00:08,  3.88it/s]
1_F1: 0.9672, 0_F1: 0.9665, accuracy: 0.9668, average_F1: 0.9668, loss: 0.0961 ||:  62%|######2   | 51/82 [00:13<00:07,  4.16it/s]
1_F1: 0.9679, 0_F1: 0.9670, accuracy: 0.9675, average_F1: 0.9675, loss: 0.0952 ||:  63%|######3   | 52/82 [00:14<00:07,  3.80it/s]
1_F1: 0.9674, 0_F1: 0.9664, accuracy: 0.9669, average_F1: 0.9669, loss: 0.0985 ||:  65%|######4   | 53/82 [00:14<00:07,  4.06it/s]
1_F1: 0.9668, 0_F1: 0.9659, accuracy: 0.9664, average_F1: 0.9664, loss: 0.0982 ||:  66%|######5   | 54/82 [00:15<00:09,  2.81it/s]
1_F1: 0.9671, 0_F1: 0.9669, accuracy: 0.9670, average_F1: 0.9670, loss: 0.0973 ||:  67%|######7   | 55/82 [00:15<00:09,  2.91it/s]
1_F1: 0.9677, 0_F1: 0.9674, accuracy: 0.9676, average_F1: 0.9676, loss: 0.0970 ||:  68%|######8   | 56/82 [00:15<00:08,  3.12it/s]
1_F1: 0.9666, 0_F1: 0.9653, accuracy: 0.9659, average_F1: 0.9659, loss: 0.0993 ||:  70%|######9   | 57/82 [00:15<00:07,  3.56it/s]
1_F1: 0.9658, 0_F1: 0.9651, accuracy: 0.9654, average_F1: 0.9654, loss: 0.0995 ||:  71%|#######   | 58/82 [00:16<00:06,  3.53it/s]
1_F1: 0.9654, 0_F1: 0.9646, accuracy: 0.9650, average_F1: 0.9650, loss: 0.1027 ||:  72%|#######1  | 59/82 [00:16<00:06,  3.45it/s]
1_F1: 0.9640, 0_F1: 0.9630, accuracy: 0.9635, average_F1: 0.9635, loss: 0.1042 ||:  73%|#######3  | 60/82 [00:16<00:06,  3.56it/s]
1_F1: 0.9625, 0_F1: 0.9615, accuracy: 0.9620, average_F1: 0.9620, loss: 0.1054 ||:  74%|#######4  | 61/82 [00:17<00:06,  3.47it/s]
1_F1: 0.9635, 0_F1: 0.9617, accuracy: 0.9626, average_F1: 0.9626, loss: 0.1051 ||:  76%|#######5  | 62/82 [00:17<00:05,  3.60it/s]
1_F1: 0.9638, 0_F1: 0.9626, accuracy: 0.9632, average_F1: 0.9632, loss: 0.1046 ||:  77%|#######6  | 63/82 [00:17<00:05,  3.43it/s]
1_F1: 0.9644, 0_F1: 0.9632, accuracy: 0.9638, average_F1: 0.9638, loss: 0.1042 ||:  78%|#######8  | 64/82 [00:17<00:05,  3.49it/s]
1_F1: 0.9639, 0_F1: 0.9629, accuracy: 0.9634, average_F1: 0.9634, loss: 0.1046 ||:  79%|#######9  | 65/82 [00:18<00:04,  3.71it/s]
1_F1: 0.9637, 0_F1: 0.9623, accuracy: 0.9630, average_F1: 0.9630, loss: 0.1049 ||:  80%|########  | 66/82 [00:18<00:04,  3.49it/s]
1_F1: 0.9633, 0_F1: 0.9619, accuracy: 0.9626, average_F1: 0.9626, loss: 0.1051 ||:  82%|########1 | 67/82 [00:18<00:04,  3.32it/s]
1_F1: 0.9639, 0_F1: 0.9624, accuracy: 0.9632, average_F1: 0.9632, loss: 0.1043 ||:  83%|########2 | 68/82 [00:19<00:04,  3.33it/s]
1_F1: 0.9642, 0_F1: 0.9632, accuracy: 0.9637, average_F1: 0.9637, loss: 0.1034 ||:  84%|########4 | 69/82 [00:19<00:03,  3.38it/s]
1_F1: 0.9636, 0_F1: 0.9630, accuracy: 0.9633, average_F1: 0.9633, loss: 0.1054 ||:  85%|########5 | 70/82 [00:19<00:03,  3.53it/s]
1_F1: 0.9624, 0_F1: 0.9617, accuracy: 0.9621, average_F1: 0.9621, loss: 0.1084 ||:  87%|########6 | 71/82 [00:19<00:02,  3.77it/s]
1_F1: 0.9621, 0_F1: 0.9614, accuracy: 0.9617, average_F1: 0.9617, loss: 0.1101 ||:  88%|########7 | 72/82 [00:20<00:02,  3.71it/s]
1_F1: 0.9625, 0_F1: 0.9621, accuracy: 0.9623, average_F1: 0.9623, loss: 0.1093 ||:  89%|########9 | 73/82 [00:20<00:02,  3.73it/s]
1_F1: 0.9628, 0_F1: 0.9627, accuracy: 0.9628, average_F1: 0.9628, loss: 0.1091 ||:  90%|######### | 74/82 [00:20<00:02,  3.48it/s]
1_F1: 0.9632, 0_F1: 0.9633, accuracy: 0.9633, average_F1: 0.9633, loss: 0.1086 ||:  91%|#########1| 75/82 [00:21<00:02,  3.30it/s]
1_F1: 0.9636, 0_F1: 0.9639, accuracy: 0.9638, average_F1: 0.9638, loss: 0.1075 ||:  93%|#########2| 76/82 [00:21<00:01,  3.18it/s]
1_F1: 0.9633, 0_F1: 0.9636, accuracy: 0.9634, average_F1: 0.9634, loss: 0.1080 ||:  94%|#########3| 77/82 [00:21<00:01,  3.16it/s]
1_F1: 0.9631, 0_F1: 0.9630, accuracy: 0.9631, average_F1: 0.9631, loss: 0.1089 ||:  95%|#########5| 78/82 [00:21<00:01,  3.38it/s]
1_F1: 0.9627, 0_F1: 0.9628, accuracy: 0.9628, average_F1: 0.9628, loss: 0.1093 ||:  96%|#########6| 79/82 [00:22<00:00,  3.53it/s]
1_F1: 0.9632, 0_F1: 0.9633, accuracy: 0.9632, average_F1: 0.9632, loss: 0.1082 ||:  98%|#########7| 80/82 [00:22<00:00,  3.49it/s]
1_F1: 0.9622, 0_F1: 0.9621, accuracy: 0.9621, average_F1: 0.9621, loss: 0.1084 ||:  99%|#########8| 81/82 [00:22<00:00,  3.46it/s]
1_F1: 0.9627, 0_F1: 0.9625, accuracy: 0.9626, average_F1: 0.9626, loss: 0.1079 ||: 100%|##########| 82/82 [00:23<00:00,  3.63it/s]
1_F1: 0.9627, 0_F1: 0.9625, accuracy: 0.9626, average_F1: 0.9626, loss: 0.1079 ||: 100%|##########| 82/82 [00:23<00:00,  3.56it/s]

  0%|          | 0/11 [00:00<?, ?it/s]
1_F1: 0.8649, 0_F1: 0.8148, accuracy: 0.8438, average_F1: 0.8398, loss: 0.3955 ||:  18%|#8        | 2/11 [00:00<00:00, 13.31it/s]
1_F1: 0.8684, 0_F1: 0.8077, accuracy: 0.8438, average_F1: 0.8381, loss: 0.4805 ||:  36%|###6      | 4/11 [00:00<00:00, 13.28it/s]
1_F1: 0.8727, 0_F1: 0.8293, accuracy: 0.8542, average_F1: 0.8510, loss: 0.3845 ||:  55%|#####4    | 6/11 [00:00<00:00, 12.50it/s]
1_F1: 0.8806, 0_F1: 0.8689, accuracy: 0.8750, average_F1: 0.8747, loss: 0.3306 ||:  73%|#######2  | 8/11 [00:00<00:00, 11.54it/s]
1_F1: 0.8707, 0_F1: 0.8652, accuracy: 0.8681, average_F1: 0.8680, loss: 0.3225 ||:  82%|########1 | 9/11 [00:00<00:00, 10.65it/s]
1_F1: 0.8765, 0_F1: 0.8734, accuracy: 0.8750, average_F1: 0.8750, loss: 0.3152 ||:  91%|######### | 10/11 [00:00<00:00, 10.08it/s]
1_F1: 0.8780, 0_F1: 0.8750, accuracy: 0.8765, average_F1: 0.8765, loss: 0.3013 ||: 100%|##########| 11/11 [00:00<00:00, 11.72it/s]

  0%|          | 0/82 [00:00<?, ?it/s]
1_F1: 1.0000, 0_F1: 1.0000, accuracy: 1.0000, average_F1: 1.0000, loss: 0.0331 ||:   1%|1         | 1/82 [00:00<00:28,  2.82it/s]
1_F1: 0.9756, 0_F1: 0.9565, accuracy: 0.9688, average_F1: 0.9661, loss: 0.0547 ||:   2%|2         | 2/82 [00:00<00:25,  3.11it/s]
1_F1: 0.9825, 0_F1: 0.9744, accuracy: 0.9792, average_F1: 0.9784, loss: 0.0460 ||:   4%|3         | 3/82 [00:00<00:23,  3.33it/s]
1_F1: 0.9730, 0_F1: 0.9630, accuracy: 0.9688, average_F1: 0.9680, loss: 0.0755 ||:   5%|4         | 4/82 [00:01<00:22,  3.45it/s]
1_F1: 0.9778, 0_F1: 0.9714, accuracy: 0.9750, average_F1: 0.9746, loss: 0.0703 ||:   6%|6         | 5/82 [00:01<00:22,  3.43it/s]
1_F1: 0.9796, 0_F1: 0.9778, accuracy: 0.9787, average_F1: 0.9787, loss: 0.0613 ||:   7%|7         | 6/82 [00:01<00:23,  3.20it/s]
1_F1: 0.9833, 0_F1: 0.9800, accuracy: 0.9818, average_F1: 0.9817, loss: 0.0630 ||:   9%|8         | 7/82 [00:02<00:22,  3.37it/s]
1_F1: 0.9853, 0_F1: 0.9828, accuracy: 0.9841, average_F1: 0.9840, loss: 0.0624 ||:  10%|9         | 8/82 [00:02<00:21,  3.46it/s]
1_F1: 0.9867, 0_F1: 0.9851, accuracy: 0.9859, average_F1: 0.9859, loss: 0.0584 ||:  11%|#         | 9/82 [00:02<00:20,  3.61it/s]
1_F1: 0.9818, 0_F1: 0.9801, accuracy: 0.9810, average_F1: 0.9810, loss: 0.0655 ||:  12%|#2        | 10/82 [00:02<00:20,  3.50it/s]
1_F1: 0.9827, 0_F1: 0.9829, accuracy: 0.9828, average_F1: 0.9828, loss: 0.0633 ||:  13%|#3        | 11/82 [00:03<00:20,  3.41it/s]
1_F1: 0.9838, 0_F1: 0.9846, accuracy: 0.9842, average_F1: 0.9842, loss: 0.0602 ||:  15%|#4        | 12/82 [00:03<00:20,  3.35it/s]
1_F1: 0.9848, 0_F1: 0.9860, accuracy: 0.9854, average_F1: 0.9854, loss: 0.0587 ||:  16%|#5        | 13/82 [00:03<00:20,  3.32it/s]
1_F1: 0.9860, 0_F1: 0.9869, accuracy: 0.9865, average_F1: 0.9865, loss: 0.0579 ||:  17%|#7        | 14/82 [00:04<00:19,  3.41it/s]
1_F1: 0.9782, 0_F1: 0.9798, accuracy: 0.9790, average_F1: 0.9790, loss: 0.0662 ||:  18%|#8        | 15/82 [00:04<00:18,  3.63it/s]
1_F1: 0.9801, 0_F1: 0.9805, accuracy: 0.9803, average_F1: 0.9803, loss: 0.0640 ||:  20%|#9        | 16/82 [00:04<00:19,  3.43it/s]
1_F1: 0.9818, 0_F1: 0.9811, accuracy: 0.9815, average_F1: 0.9815, loss: 0.0638 ||:  21%|##        | 17/82 [00:04<00:18,  3.58it/s]
1_F1: 0.9834, 0_F1: 0.9815, accuracy: 0.9825, average_F1: 0.9825, loss: 0.0612 ||:  22%|##1       | 18/82 [00:05<00:17,  3.70it/s]
1_F1: 0.9843, 0_F1: 0.9825, accuracy: 0.9834, average_F1: 0.9834, loss: 0.0602 ||:  23%|##3       | 19/82 [00:05<00:17,  3.61it/s]
1_F1: 0.9821, 0_F1: 0.9800, accuracy: 0.9811, average_F1: 0.9811, loss: 0.0612 ||:  24%|##4       | 20/82 [00:05<00:16,  3.81it/s]
1_F1: 0.9829, 0_F1: 0.9811, accuracy: 0.9820, average_F1: 0.9820, loss: 0.0629 ||:  26%|##5       | 21/82 [00:05<00:15,  3.88it/s]
1_F1: 0.9838, 0_F1: 0.9818, accuracy: 0.9829, average_F1: 0.9828, loss: 0.0612 ||:  27%|##6       | 22/82 [00:06<00:16,  3.59it/s]
1_F1: 0.9841, 0_F1: 0.9831, accuracy: 0.9836, average_F1: 0.9836, loss: 0.0593 ||:  28%|##8       | 23/82 [00:06<00:17,  3.36it/s]
1_F1: 0.9844, 0_F1: 0.9842, accuracy: 0.9843, average_F1: 0.9843, loss: 0.0585 ||:  29%|##9       | 24/82 [00:06<00:18,  3.11it/s]
1_F1: 0.9849, 0_F1: 0.9849, accuracy: 0.9849, average_F1: 0.9849, loss: 0.0575 ||:  30%|###       | 25/82 [00:07<00:17,  3.18it/s]
1_F1: 0.9854, 0_F1: 0.9856, accuracy: 0.9855, average_F1: 0.9855, loss: 0.0559 ||:  32%|###1      | 26/82 [00:07<00:17,  3.26it/s]
1_F1: 0.9856, 0_F1: 0.9864, accuracy: 0.9860, average_F1: 0.9860, loss: 0.0569 ||:  33%|###2      | 27/82 [00:07<00:16,  3.29it/s]
1_F1: 0.9861, 0_F1: 0.9870, accuracy: 0.9865, average_F1: 0.9865, loss: 0.0570 ||:  34%|###4      | 28/82 [00:08<00:16,  3.22it/s]
1_F1: 0.9865, 0_F1: 0.9874, accuracy: 0.9870, average_F1: 0.9870, loss: 0.0564 ||:  35%|###5      | 29/82 [00:08<00:16,  3.18it/s]
1_F1: 0.9847, 0_F1: 0.9859, accuracy: 0.9854, average_F1: 0.9853, loss: 0.0577 ||:  37%|###6      | 30/82 [00:08<00:16,  3.16it/s]
1_F1: 0.9851, 0_F1: 0.9865, accuracy: 0.9858, average_F1: 0.9858, loss: 0.0573 ||:  38%|###7      | 31/82 [00:09<00:15,  3.34it/s]
1_F1: 0.9858, 0_F1: 0.9867, accuracy: 0.9863, average_F1: 0.9863, loss: 0.0572 ||:  39%|###9      | 32/82 [00:09<00:15,  3.31it/s]
1_F1: 0.9863, 0_F1: 0.9871, accuracy: 0.9867, average_F1: 0.9867, loss: 0.0585 ||:  40%|####      | 33/82 [00:09<00:12,  3.83it/s]
1_F1: 0.9868, 0_F1: 0.9873, accuracy: 0.9871, average_F1: 0.9871, loss: 0.0576 ||:  41%|####1     | 34/82 [00:09<00:13,  3.59it/s]
1_F1: 0.9872, 0_F1: 0.9877, accuracy: 0.9875, average_F1: 0.9875, loss: 0.0572 ||:  43%|####2     | 35/82 [00:10<00:12,  3.64it/s]
1_F1: 0.9858, 0_F1: 0.9863, accuracy: 0.9861, average_F1: 0.9861, loss: 0.0607 ||:  44%|####3     | 36/82 [00:10<00:12,  3.73it/s]
1_F1: 0.9862, 0_F1: 0.9867, accuracy: 0.9864, average_F1: 0.9864, loss: 0.0596 ||:  45%|####5     | 37/82 [00:10<00:13,  3.41it/s]
1_F1: 0.9864, 0_F1: 0.9871, accuracy: 0.9868, average_F1: 0.9868, loss: 0.0592 ||:  46%|####6     | 38/82 [00:11<00:12,  3.43it/s]
1_F1: 0.9868, 0_F1: 0.9874, accuracy: 0.9871, average_F1: 0.9871, loss: 0.0596 ||:  48%|####7     | 39/82 [00:11<00:11,  3.61it/s]
1_F1: 0.9870, 0_F1: 0.9879, accuracy: 0.9875, average_F1: 0.9874, loss: 0.0583 ||:  49%|####8     | 40/82 [00:11<00:12,  3.29it/s]
1_F1: 0.9872, 0_F1: 0.9883, accuracy: 0.9878, average_F1: 0.9877, loss: 0.0572 ||:  50%|#####     | 41/82 [00:11<00:11,  3.45it/s]
1_F1: 0.9875, 0_F1: 0.9886, accuracy: 0.9881, average_F1: 0.9880, loss: 0.0567 ||:  51%|#####1    | 42/82 [00:12<00:11,  3.43it/s]
1_F1: 0.9878, 0_F1: 0.9888, accuracy: 0.9883, average_F1: 0.9883, loss: 0.0560 ||:  52%|#####2    | 43/82 [00:12<00:11,  3.35it/s]
1_F1: 0.9881, 0_F1: 0.9891, accuracy: 0.9886, average_F1: 0.9886, loss: 0.0558 ||:  54%|#####3    | 44/82 [00:12<00:10,  3.59it/s]
1_F1: 0.9883, 0_F1: 0.9893, accuracy: 0.9889, average_F1: 0.9888, loss: 0.0557 ||:  55%|#####4    | 45/82 [00:12<00:10,  3.67it/s]
1_F1: 0.9886, 0_F1: 0.9895, accuracy: 0.9891, average_F1: 0.9891, loss: 0.0552 ||:  56%|#####6    | 46/82 [00:13<00:10,  3.51it/s]
1_F1: 0.9890, 0_F1: 0.9897, accuracy: 0.9893, average_F1: 0.9893, loss: 0.0547 ||:  57%|#####7    | 47/82 [00:13<00:10,  3.45it/s]
1_F1: 0.9893, 0_F1: 0.9898, accuracy: 0.9896, average_F1: 0.9895, loss: 0.0545 ||:  59%|#####8    | 48/82 [00:13<00:09,  3.69it/s]
1_F1: 0.9882, 0_F1: 0.9888, accuracy: 0.9885, average_F1: 0.9885, loss: 0.0581 ||:  60%|#####9    | 49/82 [00:14<00:09,  3.57it/s]
1_F1: 0.9883, 0_F1: 0.9891, accuracy: 0.9887, average_F1: 0.9887, loss: 0.0581 ||:  61%|######    | 50/82 [00:14<00:08,  3.61it/s]
1_F1: 0.9886, 0_F1: 0.9893, accuracy: 0.9889, average_F1: 0.9889, loss: 0.0576 ||:  62%|######2   | 51/82 [00:14<00:08,  3.70it/s]
1_F1: 0.9888, 0_F1: 0.9895, accuracy: 0.9892, average_F1: 0.9891, loss: 0.0583 ||:  63%|######3   | 52/82 [00:14<00:08,  3.59it/s]
1_F1: 0.9878, 0_F1: 0.9885, accuracy: 0.9882, average_F1: 0.9882, loss: 0.0640 ||:  65%|######4   | 53/82 [00:15<00:07,  3.88it/s]
1_F1: 0.9881, 0_F1: 0.9887, accuracy: 0.9884, average_F1: 0.9884, loss: 0.0632 ||:  66%|######5   | 54/82 [00:15<00:07,  3.60it/s]
1_F1: 0.9883, 0_F1: 0.9889, accuracy: 0.9886, average_F1: 0.9886, loss: 0.0626 ||:  67%|######7   | 55/82 [00:15<00:07,  3.70it/s]
1_F1: 0.9886, 0_F1: 0.9890, accuracy: 0.9888, average_F1: 0.9888, loss: 0.0622 ||:  68%|######8   | 56/82 [00:16<00:07,  3.58it/s]
1_F1: 0.9888, 0_F1: 0.9892, accuracy: 0.9890, average_F1: 0.9890, loss: 0.0616 ||:  70%|######9   | 57/82 [00:16<00:06,  3.81it/s]
1_F1: 0.9879, 0_F1: 0.9883, accuracy: 0.9881, average_F1: 0.9881, loss: 0.0632 ||:  71%|#######   | 58/82 [00:16<00:06,  3.75it/s]
1_F1: 0.9871, 0_F1: 0.9874, accuracy: 0.9873, average_F1: 0.9873, loss: 0.0641 ||:  72%|#######1  | 59/82 [00:16<00:06,  3.68it/s]
1_F1: 0.9862, 0_F1: 0.9866, accuracy: 0.9864, average_F1: 0.9864, loss: 0.0649 ||:  73%|#######3  | 60/82 [00:17<00:05,  3.78it/s]
1_F1: 0.9866, 0_F1: 0.9867, accuracy: 0.9867, average_F1: 0.9867, loss: 0.0641 ||:  74%|#######4  | 61/82 [00:17<00:05,  3.88it/s]
1_F1: 0.9859, 0_F1: 0.9858, accuracy: 0.9859, average_F1: 0.9859, loss: 0.0653 ||:  76%|#######5  | 62/82 [00:17<00:04,  4.26it/s]
1_F1: 0.9861, 0_F1: 0.9860, accuracy: 0.9861, average_F1: 0.9861, loss: 0.0651 ||:  77%|#######6  | 63/82 [00:17<00:04,  4.04it/s]
1_F1: 0.9863, 0_F1: 0.9863, accuracy: 0.9863, average_F1: 0.9863, loss: 0.0647 ||:  78%|#######8  | 64/82 [00:18<00:04,  3.94it/s]
1_F1: 0.9865, 0_F1: 0.9865, accuracy: 0.9865, average_F1: 0.9865, loss: 0.0641 ||:  79%|#######9  | 65/82 [00:18<00:04,  3.93it/s]
1_F1: 0.9857, 0_F1: 0.9858, accuracy: 0.9858, average_F1: 0.9858, loss: 0.0651 ||:  80%|########  | 66/82 [00:18<00:04,  3.98it/s]
1_F1: 0.9859, 0_F1: 0.9860, accuracy: 0.9860, average_F1: 0.9860, loss: 0.0646 ||:  82%|########1 | 67/82 [00:18<00:03,  4.15it/s]
1_F1: 0.9852, 0_F1: 0.9853, accuracy: 0.9853, average_F1: 0.9853, loss: 0.0662 ||:  83%|########2 | 68/82 [00:18<00:03,  4.08it/s]
1_F1: 0.9855, 0_F1: 0.9855, accuracy: 0.9855, average_F1: 0.9855, loss: 0.0658 ||:  84%|########4 | 69/82 [00:19<00:03,  3.70it/s]
1_F1: 0.9858, 0_F1: 0.9856, accuracy: 0.9857, average_F1: 0.9857, loss: 0.0650 ||:  85%|########5 | 70/82 [00:19<00:03,  3.70it/s]
1_F1: 0.9859, 0_F1: 0.9858, accuracy: 0.9859, average_F1: 0.9859, loss: 0.0647 ||:  87%|########6 | 71/82 [00:19<00:02,  3.73it/s]
1_F1: 0.9852, 0_F1: 0.9852, accuracy: 0.9852, average_F1: 0.9852, loss: 0.0674 ||:  88%|########7 | 72/82 [00:20<00:03,  2.78it/s]
1_F1: 0.9855, 0_F1: 0.9853, accuracy: 0.9854, average_F1: 0.9854, loss: 0.0678 ||:  89%|########9 | 73/82 [00:20<00:02,  3.30it/s]
1_F1: 0.9839, 0_F1: 0.9839, accuracy: 0.9839, average_F1: 0.9839, loss: 0.0701 ||:  90%|######### | 74/82 [00:20<00:02,  3.21it/s]
1_F1: 0.9834, 0_F1: 0.9832, accuracy: 0.9833, average_F1: 0.9833, loss: 0.0706 ||:  91%|#########1| 75/82 [00:21<00:02,  3.39it/s]
1_F1: 0.9837, 0_F1: 0.9834, accuracy: 0.9835, average_F1: 0.9835, loss: 0.0702 ||:  93%|#########2| 76/82 [00:21<00:01,  3.28it/s]
1_F1: 0.9839, 0_F1: 0.9836, accuracy: 0.9837, average_F1: 0.9837, loss: 0.0695 ||:  94%|#########3| 77/82 [00:21<00:01,  3.25it/s]
1_F1: 0.9840, 0_F1: 0.9839, accuracy: 0.9839, average_F1: 0.9839, loss: 0.0689 ||:  95%|#########5| 78/82 [00:22<00:01,  3.22it/s]
1_F1: 0.9842, 0_F1: 0.9841, accuracy: 0.9842, average_F1: 0.9842, loss: 0.0684 ||:  96%|#########6| 79/82 [00:22<00:00,  3.26it/s]
1_F1: 0.9836, 0_F1: 0.9836, accuracy: 0.9836, average_F1: 0.9836, loss: 0.0685 ||:  98%|#########7| 80/82 [00:22<00:00,  3.24it/s]
1_F1: 0.9823, 0_F1: 0.9821, accuracy: 0.9822, average_F1: 0.9822, loss: 0.0704 ||:  99%|#########8| 81/82 [00:22<00:00,  3.60it/s]
1_F1: 0.9825, 0_F1: 0.9824, accuracy: 0.9824, average_F1: 0.9824, loss: 0.0700 ||: 100%|##########| 82/82 [00:23<00:00,  3.55it/s]
1_F1: 0.9825, 0_F1: 0.9824, accuracy: 0.9824, average_F1: 0.9824, loss: 0.0700 ||: 100%|##########| 82/82 [00:23<00:00,  3.53it/s]

  0%|          | 0/11 [00:00<?, ?it/s]
1_F1: 0.8649, 0_F1: 0.8148, accuracy: 0.8438, average_F1: 0.8398, loss: 0.5254 ||:  18%|#8        | 2/11 [00:00<00:00, 11.80it/s]
1_F1: 0.8732, 0_F1: 0.8421, accuracy: 0.8594, average_F1: 0.8577, loss: 0.5266 ||:  36%|###6      | 4/11 [00:00<00:00, 12.24it/s]
1_F1: 0.8958, 0_F1: 0.8958, accuracy: 0.8958, average_F1: 0.8958, loss: 0.4039 ||:  55%|#####4    | 6/11 [00:00<00:00, 11.86it/s]
1_F1: 0.9077, 0_F1: 0.9048, accuracy: 0.9062, average_F1: 0.9062, loss: 0.3538 ||:  73%|#######2  | 8/11 [00:00<00:00, 11.34it/s]
1_F1: 0.9155, 0_F1: 0.9178, accuracy: 0.9167, average_F1: 0.9167, loss: 0.3262 ||:  82%|########1 | 9/11 [00:00<00:00, 10.50it/s]
1_F1: 0.9103, 0_F1: 0.9146, accuracy: 0.9125, average_F1: 0.9124, loss: 0.3428 ||:  91%|######### | 10/11 [00:00<00:00, 10.07it/s]
1_F1: 0.9114, 0_F1: 0.9157, accuracy: 0.9136, average_F1: 0.9135, loss: 0.3282 ||: 100%|##########| 11/11 [00:00<00:00, 11.67it/s]

  0%|          | 0/82 [00:00<?, ?it/s]
1_F1: 1.0000, 0_F1: 1.0000, accuracy: 1.0000, average_F1: 1.0000, loss: 0.0240 ||:   1%|1         | 1/82 [00:00<00:34,  2.34it/s]
1_F1: 1.0000, 0_F1: 1.0000, accuracy: 1.0000, average_F1: 1.0000, loss: 0.0428 ||:   2%|2         | 2/82 [00:00<00:30,  2.60it/s]
1_F1: 1.0000, 0_F1: 1.0000, accuracy: 1.0000, average_F1: 1.0000, loss: 0.0516 ||:   4%|3         | 3/82 [00:00<00:26,  2.93it/s]
1_F1: 0.9863, 0_F1: 0.9818, accuracy: 0.9844, average_F1: 0.9841, loss: 0.0559 ||:   5%|4         | 4/82 [00:01<00:24,  3.19it/s]
1_F1: 0.9655, 0_F1: 0.9589, accuracy: 0.9625, average_F1: 0.9622, loss: 0.0824 ||:   6%|6         | 5/82 [00:01<00:22,  3.39it/s]
1_F1: 0.9714, 0_F1: 0.9655, accuracy: 0.9688, average_F1: 0.9685, loss: 0.0740 ||:   7%|7         | 6/82 [00:01<00:21,  3.53it/s]
1_F1: 0.9752, 0_F1: 0.9709, accuracy: 0.9732, average_F1: 0.9730, loss: 0.0720 ||:   9%|8         | 7/82 [00:01<00:18,  3.99it/s]
1_F1: 0.9778, 0_F1: 0.9752, accuracy: 0.9766, average_F1: 0.9765, loss: 0.0652 ||:  10%|9         | 8/82 [00:02<00:19,  3.73it/s]
1_F1: 0.9796, 0_F1: 0.9787, accuracy: 0.9792, average_F1: 0.9792, loss: 0.0612 ||:  11%|#         | 9/82 [00:02<00:21,  3.40it/s]
1_F1: 0.9820, 0_F1: 0.9804, accuracy: 0.9812, average_F1: 0.9812, loss: 0.0583 ||:  12%|#2        | 10/82 [00:02<00:20,  3.46it/s]
1_F1: 0.9840, 0_F1: 0.9818, accuracy: 0.9830, average_F1: 0.9829, loss: 0.0560 ||:  13%|#3        | 11/82 [00:03<00:18,  3.77it/s]
1_F1: 0.9858, 0_F1: 0.9827, accuracy: 0.9844, average_F1: 0.9842, loss: 0.0523 ||:  15%|#4        | 12/82 [00:03<00:19,  3.59it/s]
1_F1: 0.9868, 0_F1: 0.9841, accuracy: 0.9856, average_F1: 0.9855, loss: 0.0502 ||:  16%|#5        | 13/82 [00:03<00:19,  3.62it/s]
1_F1: 0.9876, 0_F1: 0.9855, accuracy: 0.9866, average_F1: 0.9865, loss: 0.0478 ||:  17%|#7        | 14/82 [00:03<00:20,  3.36it/s]
1_F1: 0.9884, 0_F1: 0.9864, accuracy: 0.9875, average_F1: 0.9874, loss: 0.0459 ||:  18%|#8        | 15/82 [00:04<00:19,  3.41it/s]
1_F1: 0.9888, 0_F1: 0.9877, accuracy: 0.9883, average_F1: 0.9883, loss: 0.0439 ||:  20%|#9        | 16/82 [00:04<00:19,  3.44it/s]
1_F1: 0.9892, 0_F1: 0.9887, accuracy: 0.9890, average_F1: 0.9890, loss: 0.0442 ||:  21%|##        | 17/82 [00:04<00:18,  3.46it/s]
1_F1: 0.9897, 0_F1: 0.9895, accuracy: 0.9896, average_F1: 0.9896, loss: 0.0434 ||:  22%|##1       | 18/82 [00:05<00:18,  3.44it/s]
1_F1: 0.9904, 0_F1: 0.9899, accuracy: 0.9901, average_F1: 0.9901, loss: 0.0432 ||:  23%|##3       | 19/82 [00:05<00:17,  3.60it/s]
1_F1: 0.9907, 0_F1: 0.9905, accuracy: 0.9906, average_F1: 0.9906, loss: 0.0422 ||:  24%|##4       | 20/82 [00:05<00:16,  3.68it/s]
1_F1: 0.9911, 0_F1: 0.9910, accuracy: 0.9911, average_F1: 0.9911, loss: 0.0412 ||:  26%|##5       | 21/82 [00:05<00:16,  3.74it/s]
1_F1: 0.9915, 0_F1: 0.9914, accuracy: 0.9915, average_F1: 0.9915, loss: 0.0413 ||:  27%|##6       | 22/82 [00:06<00:15,  3.79it/s]
1_F1: 0.9919, 0_F1: 0.9918, accuracy: 0.9918, average_F1: 0.9918, loss: 0.0409 ||:  28%|##8       | 23/82 [00:06<00:16,  3.65it/s]
1_F1: 0.9922, 0_F1: 0.9922, accuracy: 0.9922, average_F1: 0.9922, loss: 0.0405 ||:  29%|##9       | 24/82 [00:06<00:16,  3.62it/s]
1_F1: 0.9926, 0_F1: 0.9924, accuracy: 0.9925, average_F1: 0.9925, loss: 0.0407 ||:  30%|###       | 25/82 [00:06<00:14,  3.85it/s]
1_F1: 0.9928, 0_F1: 0.9928, accuracy: 0.9928, average_F1: 0.9928, loss: 0.0418 ||:  32%|###1      | 26/82 [00:07<00:16,  3.48it/s]
1_F1: 0.9931, 0_F1: 0.9930, accuracy: 0.9931, average_F1: 0.9931, loss: 0.0408 ||:  33%|###2      | 27/82 [00:07<00:16,  3.38it/s]
1_F1: 0.9933, 0_F1: 0.9933, accuracy: 0.9933, average_F1: 0.9933, loss: 0.0406 ||:  34%|###4      | 28/82 [00:07<00:15,  3.52it/s]
1_F1: 0.9936, 0_F1: 0.9935, accuracy: 0.9935, average_F1: 0.9935, loss: 0.0405 ||:  35%|###5      | 29/82 [00:08<00:13,  3.85it/s]
1_F1: 0.9937, 0_F1: 0.9938, accuracy: 0.9937, average_F1: 0.9937, loss: 0.0396 ||:  37%|###6      | 30/82 [00:08<00:15,  3.44it/s]
1_F1: 0.9918, 0_F1: 0.9920, accuracy: 0.9919, average_F1: 0.9919, loss: 0.0460 ||:  38%|###7      | 31/82 [00:08<00:14,  3.40it/s]
1_F1: 0.9921, 0_F1: 0.9922, accuracy: 0.9922, average_F1: 0.9922, loss: 0.0454 ||:  39%|###9      | 32/82 [00:08<00:13,  3.61it/s]
1_F1: 0.9923, 0_F1: 0.9925, accuracy: 0.9924, average_F1: 0.9924, loss: 0.0453 ||:  40%|####      | 33/82 [00:09<00:13,  3.69it/s]
1_F1: 0.9907, 0_F1: 0.9908, accuracy: 0.9908, average_F1: 0.9908, loss: 0.0464 ||:  41%|####1     | 34/82 [00:09<00:12,  3.79it/s]
1_F1: 0.9893, 0_F1: 0.9892, accuracy: 0.9892, average_F1: 0.9892, loss: 0.0476 ||:  43%|####2     | 35/82 [00:09<00:11,  3.92it/s]
1_F1: 0.9897, 0_F1: 0.9894, accuracy: 0.9895, average_F1: 0.9895, loss: 0.0468 ||:  44%|####3     | 36/82 [00:09<00:11,  3.85it/s]
1_F1: 0.9900, 0_F1: 0.9896, accuracy: 0.9898, average_F1: 0.9898, loss: 0.0460 ||:  45%|####5     | 37/82 [00:10<00:11,  3.86it/s]
1_F1: 0.9903, 0_F1: 0.9899, accuracy: 0.9901, average_F1: 0.9901, loss: 0.0453 ||:  46%|####6     | 38/82 [00:10<00:11,  3.98it/s]
1_F1: 0.9905, 0_F1: 0.9902, accuracy: 0.9904, average_F1: 0.9904, loss: 0.0455 ||:  48%|####7     | 39/82 [00:10<00:11,  3.90it/s]
1_F1: 0.9907, 0_F1: 0.9904, accuracy: 0.9906, average_F1: 0.9906, loss: 0.0450 ||:  49%|####8     | 40/82 [00:11<00:11,  3.61it/s]
1_F1: 0.9910, 0_F1: 0.9907, accuracy: 0.9908, average_F1: 0.9908, loss: 0.0448 ||:  50%|#####     | 41/82 [00:11<00:11,  3.50it/s]
1_F1: 0.9913, 0_F1: 0.9908, accuracy: 0.9910, average_F1: 0.9910, loss: 0.0442 ||:  51%|#####1    | 42/82 [00:11<00:11,  3.37it/s]
1_F1: 0.9915, 0_F1: 0.9910, accuracy: 0.9913, average_F1: 0.9912, loss: 0.0438 ||:  52%|#####2    | 43/82 [00:12<00:11,  3.26it/s]
1_F1: 0.9905, 0_F1: 0.9896, accuracy: 0.9900, average_F1: 0.9900, loss: 0.0446 ||:  54%|#####3    | 44/82 [00:12<00:10,  3.69it/s]
1_F1: 0.9906, 0_F1: 0.9899, accuracy: 0.9903, average_F1: 0.9902, loss: 0.0447 ||:  55%|#####4    | 45/82 [00:12<00:09,  3.76it/s]
1_F1: 0.9908, 0_F1: 0.9901, accuracy: 0.9905, average_F1: 0.9904, loss: 0.0447 ||:  56%|#####6    | 46/82 [00:12<00:10,  3.55it/s]
1_F1: 0.9910, 0_F1: 0.9903, accuracy: 0.9907, average_F1: 0.9907, loss: 0.0440 ||:  57%|#####7    | 47/82 [00:13<00:10,  3.35it/s]
1_F1: 0.9912, 0_F1: 0.9906, accuracy: 0.9909, average_F1: 0.9909, loss: 0.0435 ||:  59%|#####8    | 48/82 [00:13<00:10,  3.23it/s]
1_F1: 0.9913, 0_F1: 0.9908, accuracy: 0.9910, average_F1: 0.9910, loss: 0.0428 ||:  60%|#####9    | 49/82 [00:13<00:10,  3.28it/s]
1_F1: 0.9915, 0_F1: 0.9910, accuracy: 0.9912, average_F1: 0.9912, loss: 0.0427 ||:  61%|######    | 50/82 [00:13<00:09,  3.46it/s]
1_F1: 0.9916, 0_F1: 0.9912, accuracy: 0.9914, average_F1: 0.9914, loss: 0.0423 ||:  62%|######2   | 51/82 [00:14<00:08,  3.52it/s]
1_F1: 0.9917, 0_F1: 0.9914, accuracy: 0.9916, average_F1: 0.9916, loss: 0.0431 ||:  63%|######3   | 52/82 [00:14<00:08,  3.49it/s]
1_F1: 0.9907, 0_F1: 0.9904, accuracy: 0.9905, average_F1: 0.9905, loss: 0.0444 ||:  65%|######4   | 53/82 [00:14<00:07,  3.63it/s]
1_F1: 0.9909, 0_F1: 0.9906, accuracy: 0.9907, average_F1: 0.9907, loss: 0.0439 ||:  66%|######5   | 54/82 [00:15<00:08,  3.42it/s]
1_F1: 0.9910, 0_F1: 0.9908, accuracy: 0.9909, average_F1: 0.9909, loss: 0.0434 ||:  67%|######7   | 55/82 [00:15<00:08,  3.29it/s]
1_F1: 0.9900, 0_F1: 0.9898, accuracy: 0.9899, average_F1: 0.9899, loss: 0.0450 ||:  68%|######8   | 56/82 [00:15<00:07,  3.27it/s]
1_F1: 0.9902, 0_F1: 0.9900, accuracy: 0.9901, average_F1: 0.9901, loss: 0.0452 ||:  70%|######9   | 57/82 [00:15<00:06,  3.61it/s]
1_F1: 0.9893, 0_F1: 0.9891, accuracy: 0.9892, average_F1: 0.9892, loss: 0.0473 ||:  71%|#######   | 58/82 [00:16<00:06,  3.44it/s]
1_F1: 0.9895, 0_F1: 0.9892, accuracy: 0.9894, average_F1: 0.9894, loss: 0.0469 ||:  72%|#######1  | 59/82 [00:16<00:06,  3.60it/s]
1_F1: 0.9897, 0_F1: 0.9894, accuracy: 0.9896, average_F1: 0.9896, loss: 0.0465 ||:  73%|#######3  | 60/82 [00:16<00:05,  3.68it/s]
1_F1: 0.9900, 0_F1: 0.9895, accuracy: 0.9897, average_F1: 0.9897, loss: 0.0460 ||:  74%|#######4  | 61/82 [00:17<00:06,  3.46it/s]
1_F1: 0.9902, 0_F1: 0.9896, accuracy: 0.9899, average_F1: 0.9899, loss: 0.0454 ||:  76%|#######5  | 62/82 [00:17<00:05,  3.39it/s]
1_F1: 0.9904, 0_F1: 0.9897, accuracy: 0.9901, average_F1: 0.9900, loss: 0.0453 ||:  77%|#######6  | 63/82 [00:17<00:05,  3.35it/s]
1_F1: 0.9906, 0_F1: 0.9898, accuracy: 0.9902, average_F1: 0.9902, loss: 0.0448 ||:  78%|#######8  | 64/82 [00:18<00:05,  3.32it/s]
1_F1: 0.9898, 0_F1: 0.9890, accuracy: 0.9894, average_F1: 0.9894, loss: 0.0453 ||:  79%|#######9  | 65/82 [00:18<00:05,  3.36it/s]
1_F1: 0.9899, 0_F1: 0.9892, accuracy: 0.9896, average_F1: 0.9896, loss: 0.0450 ||:  80%|########  | 66/82 [00:18<00:04,  3.36it/s]
1_F1: 0.9901, 0_F1: 0.9893, accuracy: 0.9897, average_F1: 0.9897, loss: 0.0446 ||:  82%|########1 | 67/82 [00:18<00:04,  3.60it/s]
1_F1: 0.9902, 0_F1: 0.9896, accuracy: 0.9899, average_F1: 0.9899, loss: 0.0447 ||:  83%|########2 | 68/82 [00:19<00:04,  3.38it/s]
1_F1: 0.9903, 0_F1: 0.9897, accuracy: 0.9900, average_F1: 0.9900, loss: 0.0443 ||:  84%|########4 | 69/82 [00:19<00:03,  3.46it/s]
1_F1: 0.9887, 0_F1: 0.9880, accuracy: 0.9884, average_F1: 0.9884, loss: 0.0469 ||:  85%|########5 | 70/82 [00:19<00:03,  3.70it/s]
1_F1: 0.9888, 0_F1: 0.9882, accuracy: 0.9885, average_F1: 0.9885, loss: 0.0465 ||:  87%|########6 | 71/82 [00:20<00:03,  3.56it/s]
1_F1: 0.9890, 0_F1: 0.9884, accuracy: 0.9887, average_F1: 0.9887, loss: 0.0460 ||:  88%|########7 | 72/82 [00:20<00:02,  3.42it/s]
1_F1: 0.9883, 0_F1: 0.9877, accuracy: 0.9880, average_F1: 0.9880, loss: 0.0465 ||:  89%|########9 | 73/82 [00:20<00:02,  3.35it/s]
1_F1: 0.9884, 0_F1: 0.9879, accuracy: 0.9882, average_F1: 0.9881, loss: 0.0464 ||:  90%|######### | 74/82 [00:20<00:02,  3.26it/s]
1_F1: 0.9885, 0_F1: 0.9881, accuracy: 0.9883, average_F1: 0.9883, loss: 0.0459 ||:  91%|#########1| 75/82 [00:21<00:02,  3.46it/s]
1_F1: 0.9878, 0_F1: 0.9875, accuracy: 0.9876, average_F1: 0.9876, loss: 0.0472 ||:  93%|#########2| 76/82 [00:21<00:01,  3.43it/s]
1_F1: 0.9879, 0_F1: 0.9877, accuracy: 0.9878, average_F1: 0.9878, loss: 0.0473 ||:  94%|#########3| 77/82 [00:21<00:01,  3.53it/s]
1_F1: 0.9881, 0_F1: 0.9879, accuracy: 0.9880, average_F1: 0.9880, loss: 0.0472 ||:  95%|#########5| 78/82 [00:21<00:01,  3.92it/s]
1_F1: 0.9882, 0_F1: 0.9881, accuracy: 0.9881, average_F1: 0.9881, loss: 0.0467 ||:  96%|#########6| 79/82 [00:22<00:00,  3.95it/s]
1_F1: 0.9883, 0_F1: 0.9883, accuracy: 0.9883, average_F1: 0.9883, loss: 0.0467 ||:  98%|#########7| 80/82 [00:22<00:00,  3.94it/s]
1_F1: 0.9885, 0_F1: 0.9884, accuracy: 0.9884, average_F1: 0.9884, loss: 0.0463 ||:  99%|#########8| 81/82 [00:22<00:00,  3.79it/s]
1_F1: 0.9886, 0_F1: 0.9885, accuracy: 0.9885, average_F1: 0.9885, loss: 0.0463 ||: 100%|##########| 82/82 [00:23<00:00,  3.56it/s]
1_F1: 0.9886, 0_F1: 0.9885, accuracy: 0.9885, average_F1: 0.9885, loss: 0.0463 ||: 100%|##########| 82/82 [00:23<00:00,  3.55it/s]

  0%|          | 0/11 [00:00<?, ?it/s]
1_F1: 0.8718, 0_F1: 0.8000, accuracy: 0.8438, average_F1: 0.8359, loss: 0.5979 ||:  18%|#8        | 2/11 [00:00<00:00, 11.48it/s]
1_F1: 0.8857, 0_F1: 0.8621, accuracy: 0.8750, average_F1: 0.8739, loss: 0.5295 ||:  36%|###6      | 4/11 [00:00<00:00, 11.91it/s]
1_F1: 0.8932, 0_F1: 0.8764, accuracy: 0.8854, average_F1: 0.8848, loss: 0.3916 ||:  55%|#####4    | 6/11 [00:00<00:00, 11.89it/s]
1_F1: 0.8992, 0_F1: 0.8976, accuracy: 0.8984, average_F1: 0.8984, loss: 0.3472 ||:  73%|#######2  | 8/11 [00:00<00:00, 11.47it/s]
1_F1: 0.8828, 0_F1: 0.8811, accuracy: 0.8819, average_F1: 0.8819, loss: 0.3712 ||:  82%|########1 | 9/11 [00:00<00:00, 10.51it/s]
1_F1: 0.8875, 0_F1: 0.8875, accuracy: 0.8875, average_F1: 0.8875, loss: 0.3450 ||:  91%|######### | 10/11 [00:00<00:00,  9.70it/s]
1_F1: 0.8889, 0_F1: 0.8889, accuracy: 0.8889, average_F1: 0.8889, loss: 0.3311 ||: 100%|##########| 11/11 [00:00<00:00, 11.59it/s]

  0%|          | 0/82 [00:00<?, ?it/s]
1_F1: 0.9474, 0_F1: 0.9231, accuracy: 0.9375, average_F1: 0.9352, loss: 0.0641 ||:   1%|1         | 1/82 [00:00<00:23,  3.41it/s]
1_F1: 0.9677, 0_F1: 0.9697, accuracy: 0.9688, average_F1: 0.9687, loss: 0.0493 ||:   2%|2         | 2/82 [00:00<00:23,  3.41it/s]
1_F1: 0.9796, 0_F1: 0.9787, accuracy: 0.9792, average_F1: 0.9792, loss: 0.0481 ||:   4%|3         | 3/82 [00:00<00:23,  3.41it/s]
1_F1: 0.9855, 0_F1: 0.9831, accuracy: 0.9844, average_F1: 0.9843, loss: 0.0380 ||:   5%|4         | 4/82 [00:01<00:23,  3.37it/s]
1_F1: 0.9885, 0_F1: 0.9863, accuracy: 0.9875, average_F1: 0.9874, loss: 0.0324 ||:   6%|6         | 5/82 [00:01<00:23,  3.23it/s]
1_F1: 0.9907, 0_F1: 0.9882, accuracy: 0.9896, average_F1: 0.9894, loss: 0.0325 ||:   7%|7         | 6/82 [00:01<00:23,  3.17it/s]
1_F1: 0.9917, 0_F1: 0.9903, accuracy: 0.9911, average_F1: 0.9910, loss: 0.0302 ||:   9%|8         | 7/82 [00:02<00:23,  3.18it/s]
1_F1: 0.9928, 0_F1: 0.9915, accuracy: 0.9922, average_F1: 0.9921, loss: 0.0290 ||:  10%|9         | 8/82 [00:02<00:29,  2.52it/s]
1_F1: 0.9934, 0_F1: 0.9927, accuracy: 0.9931, average_F1: 0.9930, loss: 0.0270 ||:  11%|#         | 9/82 [00:03<00:25,  2.84it/s]
1_F1: 0.9935, 0_F1: 0.9938, accuracy: 0.9937, average_F1: 0.9937, loss: 0.0251 ||:  12%|#2        | 10/82 [00:03<00:25,  2.83it/s]
1_F1: 0.9881, 0_F1: 0.9889, accuracy: 0.9885, average_F1: 0.9885, loss: 0.0328 ||:  13%|#3        | 11/82 [00:03<00:23,  3.08it/s]
1_F1: 0.9892, 0_F1: 0.9897, accuracy: 0.9895, average_F1: 0.9895, loss: 0.0307 ||:  15%|#4        | 12/82 [00:03<00:22,  3.09it/s]
1_F1: 0.9903, 0_F1: 0.9903, accuracy: 0.9903, average_F1: 0.9903, loss: 0.0294 ||:  16%|#5        | 13/82 [00:04<00:21,  3.17it/s]
1_F1: 0.9911, 0_F1: 0.9909, accuracy: 0.9910, average_F1: 0.9910, loss: 0.0286 ||:  17%|#7        | 14/82 [00:04<00:21,  3.22it/s]
1_F1: 0.9917, 0_F1: 0.9915, accuracy: 0.9916, average_F1: 0.9916, loss: 0.0286 ||:  18%|#8        | 15/82 [00:04<00:19,  3.41it/s]
1_F1: 0.9922, 0_F1: 0.9920, accuracy: 0.9921, average_F1: 0.9921, loss: 0.0278 ||:  20%|#9        | 16/82 [00:05<00:18,  3.57it/s]
1_F1: 0.9928, 0_F1: 0.9924, accuracy: 0.9926, average_F1: 0.9926, loss: 0.0289 ||:  21%|##        | 17/82 [00:05<00:17,  3.79it/s]
1_F1: 0.9932, 0_F1: 0.9928, accuracy: 0.9930, average_F1: 0.9930, loss: 0.0279 ||:  22%|##1       | 18/82 [00:05<00:16,  3.82it/s]
1_F1: 0.9934, 0_F1: 0.9934, accuracy: 0.9934, average_F1: 0.9934, loss: 0.0282 ||:  23%|##3       | 19/82 [00:05<00:17,  3.55it/s]
1_F1: 0.9938, 0_F1: 0.9936, accuracy: 0.9937, average_F1: 0.9937, loss: 0.0300 ||:  24%|##4       | 20/82 [00:06<00:16,  3.73it/s]
1_F1: 0.9941, 0_F1: 0.9939, accuracy: 0.9940, average_F1: 0.9940, loss: 0.0314 ||:  26%|##5       | 21/82 [00:06<00:16,  3.61it/s]
1_F1: 0.9944, 0_F1: 0.9942, accuracy: 0.9943, average_F1: 0.9943, loss: 0.0303 ||:  27%|##6       | 22/82 [00:06<00:17,  3.50it/s]
1_F1: 0.9920, 0_F1: 0.9916, accuracy: 0.9918, average_F1: 0.9918, loss: 0.0321 ||:  28%|##8       | 23/82 [00:06<00:15,  3.73it/s]
1_F1: 0.9924, 0_F1: 0.9919, accuracy: 0.9921, average_F1: 0.9921, loss: 0.0315 ||:  29%|##9       | 24/82 [00:07<00:16,  3.56it/s]
1_F1: 0.9927, 0_F1: 0.9922, accuracy: 0.9925, average_F1: 0.9925, loss: 0.0309 ||:  30%|###       | 25/82 [00:07<00:16,  3.50it/s]
1_F1: 0.9929, 0_F1: 0.9926, accuracy: 0.9928, average_F1: 0.9928, loss: 0.0304 ||:  32%|###1      | 26/82 [00:07<00:15,  3.54it/s]
1_F1: 0.9932, 0_F1: 0.9928, accuracy: 0.9930, average_F1: 0.9930, loss: 0.0311 ||:  33%|###2      | 27/82 [00:08<00:16,  3.39it/s]
1_F1: 0.9935, 0_F1: 0.9930, accuracy: 0.9933, average_F1: 0.9933, loss: 0.0317 ||:  34%|###4      | 28/82 [00:08<00:16,  3.25it/s]
1_F1: 0.9937, 0_F1: 0.9933, accuracy: 0.9935, average_F1: 0.9935, loss: 0.0313 ||:  35%|###5      | 29/82 [00:08<00:14,  3.61it/s]
1_F1: 0.9940, 0_F1: 0.9935, accuracy: 0.9937, average_F1: 0.9937, loss: 0.0308 ||:  37%|###6      | 30/82 [00:08<00:14,  3.61it/s]
1_F1: 0.9942, 0_F1: 0.9937, accuracy: 0.9939, average_F1: 0.9939, loss: 0.0305 ||:  38%|###7      | 31/82 [00:09<00:13,  3.84it/s]
1_F1: 0.9943, 0_F1: 0.9939, accuracy: 0.9941, average_F1: 0.9941, loss: 0.0303 ||:  39%|###9      | 32/82 [00:09<00:12,  3.91it/s]
1_F1: 0.9945, 0_F1: 0.9941, accuracy: 0.9943, average_F1: 0.9943, loss: 0.0298 ||:  40%|####      | 33/82 [00:09<00:12,  3.96it/s]
1_F1: 0.9947, 0_F1: 0.9942, accuracy: 0.9945, average_F1: 0.9944, loss: 0.0296 ||:  41%|####1     | 34/82 [00:09<00:11,  4.23it/s]
1_F1: 0.9932, 0_F1: 0.9924, accuracy: 0.9928, average_F1: 0.9928, loss: 0.0309 ||:  43%|####2     | 35/82 [00:10<00:11,  3.93it/s]
1_F1: 0.9916, 0_F1: 0.9909, accuracy: 0.9913, average_F1: 0.9913, loss: 0.0321 ||:  44%|####3     | 36/82 [00:10<00:11,  3.88it/s]
1_F1: 0.9902, 0_F1: 0.9894, accuracy: 0.9898, average_F1: 0.9898, loss: 0.0366 ||:  45%|####5     | 37/82 [00:10<00:11,  4.03it/s]
1_F1: 0.9904, 0_F1: 0.9897, accuracy: 0.9901, average_F1: 0.9901, loss: 0.0358 ||:  46%|####6     | 38/82 [00:10<00:12,  3.59it/s]
1_F1: 0.9907, 0_F1: 0.9900, accuracy: 0.9904, average_F1: 0.9903, loss: 0.0360 ||:  48%|####7     | 39/82 [00:11<00:12,  3.39it/s]
1_F1: 0.9908, 0_F1: 0.9904, accuracy: 0.9906, average_F1: 0.9906, loss: 0.0365 ||:  49%|####8     | 40/82 [00:11<00:12,  3.45it/s]
1_F1: 0.9911, 0_F1: 0.9906, accuracy: 0.9908, average_F1: 0.9908, loss: 0.0360 ||:  50%|#####     | 41/82 [00:11<00:11,  3.60it/s]
1_F1: 0.9913, 0_F1: 0.9907, accuracy: 0.9910, average_F1: 0.9910, loss: 0.0355 ||:  51%|#####1    | 42/82 [00:12<00:11,  3.63it/s]
1_F1: 0.9915, 0_F1: 0.9910, accuracy: 0.9913, average_F1: 0.9912, loss: 0.0348 ||:  52%|#####2    | 43/82 [00:12<00:11,  3.44it/s]
1_F1: 0.9916, 0_F1: 0.9913, accuracy: 0.9915, average_F1: 0.9914, loss: 0.0342 ||:  54%|#####3    | 44/82 [00:12<00:10,  3.50it/s]
1_F1: 0.9918, 0_F1: 0.9914, accuracy: 0.9916, average_F1: 0.9916, loss: 0.0335 ||:  55%|#####4    | 45/82 [00:13<00:10,  3.37it/s]
1_F1: 0.9920, 0_F1: 0.9916, accuracy: 0.9918, average_F1: 0.9918, loss: 0.0331 ||:  56%|#####6    | 46/82 [00:13<00:10,  3.40it/s]
1_F1: 0.9921, 0_F1: 0.9919, accuracy: 0.9920, average_F1: 0.9920, loss: 0.0328 ||:  57%|#####7    | 47/82 [00:13<00:10,  3.38it/s]
1_F1: 0.9923, 0_F1: 0.9921, accuracy: 0.9922, average_F1: 0.9922, loss: 0.0327 ||:  59%|#####8    | 48/82 [00:13<00:09,  3.52it/s]
1_F1: 0.9910, 0_F1: 0.9911, accuracy: 0.9910, average_F1: 0.9910, loss: 0.0346 ||:  60%|#####9    | 49/82 [00:14<00:09,  3.52it/s]
1_F1: 0.9912, 0_F1: 0.9912, accuracy: 0.9912, average_F1: 0.9912, loss: 0.0347 ||:  61%|######    | 50/82 [00:14<00:08,  3.86it/s]
1_F1: 0.9914, 0_F1: 0.9914, accuracy: 0.9914, average_F1: 0.9914, loss: 0.0350 ||:  62%|######2   | 51/82 [00:14<00:07,  3.94it/s]
1_F1: 0.9916, 0_F1: 0.9916, accuracy: 0.9916, average_F1: 0.9916, loss: 0.0351 ||:  63%|######3   | 52/82 [00:14<00:08,  3.75it/s]
1_F1: 0.9918, 0_F1: 0.9917, accuracy: 0.9917, average_F1: 0.9917, loss: 0.0352 ||:  65%|######4   | 53/82 [00:15<00:07,  3.85it/s]
1_F1: 0.9919, 0_F1: 0.9919, accuracy: 0.9919, average_F1: 0.9919, loss: 0.0352 ||:  66%|######5   | 54/82 [00:15<00:08,  3.47it/s]
1_F1: 0.9909, 0_F1: 0.9909, accuracy: 0.9909, average_F1: 0.9909, loss: 0.0357 ||:  67%|######7   | 55/82 [00:15<00:07,  3.65it/s]
1_F1: 0.9900, 0_F1: 0.9899, accuracy: 0.9899, average_F1: 0.9899, loss: 0.0367 ||:  68%|######8   | 56/82 [00:15<00:06,  3.85it/s]
1_F1: 0.9902, 0_F1: 0.9900, accuracy: 0.9901, average_F1: 0.9901, loss: 0.0363 ||:  70%|######9   | 57/82 [00:16<00:06,  3.74it/s]
1_F1: 0.9904, 0_F1: 0.9902, accuracy: 0.9903, average_F1: 0.9903, loss: 0.0359 ||:  71%|#######   | 58/82 [00:16<00:06,  3.56it/s]
1_F1: 0.9905, 0_F1: 0.9904, accuracy: 0.9904, average_F1: 0.9904, loss: 0.0358 ||:  72%|#######1  | 59/82 [00:16<00:06,  3.58it/s]
1_F1: 0.9907, 0_F1: 0.9905, accuracy: 0.9906, average_F1: 0.9906, loss: 0.0357 ||:  73%|#######3  | 60/82 [00:17<00:06,  3.48it/s]
1_F1: 0.9909, 0_F1: 0.9907, accuracy: 0.9908, average_F1: 0.9908, loss: 0.0364 ||:  74%|#######4  | 61/82 [00:17<00:05,  3.99it/s]
1_F1: 0.9910, 0_F1: 0.9908, accuracy: 0.9909, average_F1: 0.9909, loss: 0.0360 ||:  76%|#######5  | 62/82 [00:17<00:05,  3.66it/s]
1_F1: 0.9912, 0_F1: 0.9909, accuracy: 0.9911, average_F1: 0.9911, loss: 0.0357 ||:  77%|#######6  | 63/82 [00:17<00:05,  3.63it/s]
1_F1: 0.9913, 0_F1: 0.9911, accuracy: 0.9912, average_F1: 0.9912, loss: 0.0355 ||:  78%|#######8  | 64/82 [00:18<00:05,  3.48it/s]
1_F1: 0.9915, 0_F1: 0.9912, accuracy: 0.9913, average_F1: 0.9913, loss: 0.0360 ||:  79%|#######9  | 65/82 [00:18<00:04,  3.87it/s]
1_F1: 0.9916, 0_F1: 0.9913, accuracy: 0.9915, average_F1: 0.9915, loss: 0.0363 ||:  80%|########  | 66/82 [00:18<00:04,  3.61it/s]
1_F1: 0.9917, 0_F1: 0.9915, accuracy: 0.9916, average_F1: 0.9916, loss: 0.0359 ||:  82%|########1 | 67/82 [00:19<00:04,  3.62it/s]
1_F1: 0.9918, 0_F1: 0.9916, accuracy: 0.9917, average_F1: 0.9917, loss: 0.0355 ||:  83%|########2 | 68/82 [00:19<00:04,  3.45it/s]
1_F1: 0.9919, 0_F1: 0.9917, accuracy: 0.9918, average_F1: 0.9918, loss: 0.0351 ||:  84%|########4 | 69/82 [00:19<00:03,  3.55it/s]
1_F1: 0.9921, 0_F1: 0.9918, accuracy: 0.9919, average_F1: 0.9919, loss: 0.0348 ||:  85%|########5 | 70/82 [00:19<00:03,  3.56it/s]
1_F1: 0.9923, 0_F1: 0.9918, accuracy: 0.9921, average_F1: 0.9921, loss: 0.0348 ||:  87%|########6 | 71/82 [00:20<00:02,  3.96it/s]
1_F1: 0.9923, 0_F1: 0.9920, accuracy: 0.9922, average_F1: 0.9922, loss: 0.0349 ||:  88%|########7 | 72/82 [00:20<00:02,  3.77it/s]
1_F1: 0.9924, 0_F1: 0.9922, accuracy: 0.9923, average_F1: 0.9923, loss: 0.0352 ||:  89%|########9 | 73/82 [00:20<00:02,  3.68it/s]
1_F1: 0.9925, 0_F1: 0.9923, accuracy: 0.9924, average_F1: 0.9924, loss: 0.0349 ||:  90%|######### | 74/82 [00:20<00:02,  3.78it/s]
1_F1: 0.9926, 0_F1: 0.9924, accuracy: 0.9925, average_F1: 0.9925, loss: 0.0345 ||:  91%|#########1| 75/82 [00:21<00:01,  3.84it/s]
1_F1: 0.9919, 0_F1: 0.9916, accuracy: 0.9918, average_F1: 0.9918, loss: 0.0352 ||:  93%|#########2| 76/82 [00:21<00:01,  3.92it/s]
1_F1: 0.9920, 0_F1: 0.9917, accuracy: 0.9919, average_F1: 0.9919, loss: 0.0350 ||:  94%|#########3| 77/82 [00:21<00:01,  3.93it/s]
1_F1: 0.9921, 0_F1: 0.9919, accuracy: 0.9920, average_F1: 0.9920, loss: 0.0347 ||:  95%|#########5| 78/82 [00:22<00:01,  3.42it/s]
1_F1: 0.9913, 0_F1: 0.9912, accuracy: 0.9913, average_F1: 0.9913, loss: 0.0349 ||:  96%|#########6| 79/82 [00:22<00:00,  3.36it/s]
1_F1: 0.9914, 0_F1: 0.9914, accuracy: 0.9914, average_F1: 0.9914, loss: 0.0347 ||:  98%|#########7| 80/82 [00:22<00:00,  3.32it/s]
1_F1: 0.9915, 0_F1: 0.9915, accuracy: 0.9915, average_F1: 0.9915, loss: 0.0345 ||:  99%|#########8| 81/82 [00:22<00:00,  3.49it/s]
1_F1: 0.9908, 0_F1: 0.9908, accuracy: 0.9908, average_F1: 0.9908, loss: 0.0364 ||: 100%|##########| 82/82 [00:23<00:00,  3.46it/s]
1_F1: 0.9908, 0_F1: 0.9908, accuracy: 0.9908, average_F1: 0.9908, loss: 0.0364 ||: 100%|##########| 82/82 [00:23<00:00,  3.53it/s]

  0%|          | 0/11 [00:00<?, ?it/s]
1_F1: 0.9189, 0_F1: 0.8889, accuracy: 0.9062, average_F1: 0.9039, loss: 0.4032 ||:  18%|#8        | 2/11 [00:00<00:00, 11.69it/s]
1_F1: 0.8857, 0_F1: 0.8621, accuracy: 0.8750, average_F1: 0.8739, loss: 0.5007 ||:  36%|###6      | 4/11 [00:00<00:00, 12.10it/s]
1_F1: 0.8932, 0_F1: 0.8764, accuracy: 0.8854, average_F1: 0.8848, loss: 0.4449 ||:  55%|#####4    | 6/11 [00:00<00:00, 11.76it/s]
1_F1: 0.9077, 0_F1: 0.9048, accuracy: 0.9062, average_F1: 0.9062, loss: 0.3541 ||:  73%|#######2  | 8/11 [00:00<00:00, 11.02it/s]
1_F1: 0.9091, 0_F1: 0.9103, accuracy: 0.9097, average_F1: 0.9097, loss: 0.3379 ||:  82%|########1 | 9/11 [00:00<00:00, 10.31it/s]
1_F1: 0.8961, 0_F1: 0.9036, accuracy: 0.9000, average_F1: 0.8999, loss: 0.3711 ||:  91%|######### | 10/11 [00:00<00:00,  9.83it/s]
1_F1: 0.8974, 0_F1: 0.9048, accuracy: 0.9012, average_F1: 0.9011, loss: 0.3462 ||: 100%|##########| 11/11 [00:00<00:00, 11.40it/s]

  0%|          | 0/82 [00:00<?, ?it/s]
1_F1: 1.0000, 0_F1: 1.0000, accuracy: 1.0000, average_F1: 1.0000, loss: 0.0126 ||:   1%|1         | 1/82 [00:00<00:26,  3.05it/s]
1_F1: 1.0000, 0_F1: 1.0000, accuracy: 1.0000, average_F1: 1.0000, loss: 0.0085 ||:   2%|2         | 2/82 [00:00<00:25,  3.14it/s]
1_F1: 1.0000, 0_F1: 1.0000, accuracy: 1.0000, average_F1: 1.0000, loss: 0.0114 ||:   4%|3         | 3/82 [00:00<00:23,  3.34it/s]
1_F1: 1.0000, 0_F1: 1.0000, accuracy: 1.0000, average_F1: 1.0000, loss: 0.0144 ||:   5%|4         | 4/82 [00:01<00:22,  3.49it/s]
1_F1: 1.0000, 0_F1: 1.0000, accuracy: 1.0000, average_F1: 1.0000, loss: 0.0140 ||:   6%|6         | 5/82 [00:01<00:22,  3.37it/s]
1_F1: 1.0000, 0_F1: 1.0000, accuracy: 1.0000, average_F1: 1.0000, loss: 0.0173 ||:   7%|7         | 6/82 [00:01<00:22,  3.35it/s]
1_F1: 1.0000, 0_F1: 1.0000, accuracy: 1.0000, average_F1: 1.0000, loss: 0.0203 ||:   9%|8         | 7/82 [00:02<00:21,  3.45it/s]
1_F1: 1.0000, 0_F1: 1.0000, accuracy: 1.0000, average_F1: 1.0000, loss: 0.0199 ||:  10%|9         | 8/82 [00:02<00:21,  3.44it/s]
1_F1: 1.0000, 0_F1: 1.0000, accuracy: 1.0000, average_F1: 1.0000, loss: 0.0195 ||:  11%|#         | 9/82 [00:02<00:21,  3.34it/s]
1_F1: 1.0000, 0_F1: 1.0000, accuracy: 1.0000, average_F1: 1.0000, loss: 0.0211 ||:  12%|#2        | 10/82 [00:02<00:20,  3.57it/s]
1_F1: 1.0000, 0_F1: 1.0000, accuracy: 1.0000, average_F1: 1.0000, loss: 0.0200 ||:  13%|#3        | 11/82 [00:03<00:20,  3.41it/s]
1_F1: 1.0000, 0_F1: 1.0000, accuracy: 1.0000, average_F1: 1.0000, loss: 0.0208 ||:  15%|#4        | 12/82 [00:03<00:19,  3.52it/s]
1_F1: 1.0000, 0_F1: 1.0000, accuracy: 1.0000, average_F1: 1.0000, loss: 0.0200 ||:  16%|#5        | 13/82 [00:03<00:18,  3.64it/s]
1_F1: 1.0000, 0_F1: 1.0000, accuracy: 1.0000, average_F1: 1.0000, loss: 0.0192 ||:  17%|#7        | 14/82 [00:03<00:17,  3.84it/s]
1_F1: 1.0000, 0_F1: 1.0000, accuracy: 1.0000, average_F1: 1.0000, loss: 0.0187 ||:  18%|#8        | 15/82 [00:04<00:17,  3.78it/s]
1_F1: 1.0000, 0_F1: 1.0000, accuracy: 1.0000, average_F1: 1.0000, loss: 0.0182 ||:  20%|#9        | 16/82 [00:04<00:17,  3.85it/s]
1_F1: 1.0000, 0_F1: 1.0000, accuracy: 1.0000, average_F1: 1.0000, loss: 0.0175 ||:  21%|##        | 17/82 [00:04<00:16,  3.95it/s]
1_F1: 1.0000, 0_F1: 1.0000, accuracy: 1.0000, average_F1: 1.0000, loss: 0.0167 ||:  22%|##1       | 18/82 [00:04<00:16,  3.85it/s]
1_F1: 1.0000, 0_F1: 1.0000, accuracy: 1.0000, average_F1: 1.0000, loss: 0.0168 ||:  23%|##3       | 19/82 [00:05<00:16,  3.90it/s]
1_F1: 1.0000, 0_F1: 1.0000, accuracy: 1.0000, average_F1: 1.0000, loss: 0.0168 ||:  24%|##4       | 20/82 [00:05<00:15,  3.96it/s]
1_F1: 1.0000, 0_F1: 1.0000, accuracy: 1.0000, average_F1: 1.0000, loss: 0.0163 ||:  26%|##5       | 21/82 [00:05<00:16,  3.64it/s]
1_F1: 0.9970, 0_F1: 0.9973, accuracy: 0.9972, average_F1: 0.9971, loss: 0.0181 ||:  27%|##6       | 22/82 [00:06<00:16,  3.54it/s]
1_F1: 0.9971, 0_F1: 0.9975, accuracy: 0.9973, average_F1: 0.9973, loss: 0.0180 ||:  28%|##8       | 23/82 [00:06<00:16,  3.59it/s]
1_F1: 0.9971, 0_F1: 0.9976, accuracy: 0.9974, average_F1: 0.9974, loss: 0.0175 ||:  29%|##9       | 24/82 [00:06<00:16,  3.48it/s]
1_F1: 0.9973, 0_F1: 0.9977, accuracy: 0.9975, average_F1: 0.9975, loss: 0.0184 ||:  30%|###       | 25/82 [00:06<00:14,  3.98it/s]
1_F1: 0.9974, 0_F1: 0.9978, accuracy: 0.9976, average_F1: 0.9976, loss: 0.0182 ||:  32%|###1      | 26/82 [00:07<00:18,  3.10it/s]
1_F1: 0.9950, 0_F1: 0.9957, accuracy: 0.9954, average_F1: 0.9953, loss: 0.0213 ||:  33%|###2      | 27/82 [00:07<00:16,  3.33it/s]
1_F1: 0.9952, 0_F1: 0.9958, accuracy: 0.9955, average_F1: 0.9955, loss: 0.0213 ||:  34%|###4      | 28/82 [00:07<00:16,  3.36it/s]
1_F1: 0.9954, 0_F1: 0.9959, accuracy: 0.9957, average_F1: 0.9957, loss: 0.0207 ||:  35%|###5      | 29/82 [00:08<00:15,  3.51it/s]
1_F1: 0.9957, 0_F1: 0.9960, accuracy: 0.9958, average_F1: 0.9958, loss: 0.0216 ||:  37%|###6      | 30/82 [00:08<00:14,  3.55it/s]
1_F1: 0.9958, 0_F1: 0.9961, accuracy: 0.9960, average_F1: 0.9960, loss: 0.0215 ||:  38%|###7      | 31/82 [00:08<00:14,  3.47it/s]
1_F1: 0.9959, 0_F1: 0.9963, accuracy: 0.9961, average_F1: 0.9961, loss: 0.0218 ||:  39%|###9      | 32/82 [00:08<00:14,  3.53it/s]
1_F1: 0.9960, 0_F1: 0.9964, accuracy: 0.9962, average_F1: 0.9962, loss: 0.0216 ||:  40%|####      | 33/82 [00:09<00:12,  3.85it/s]
1_F1: 0.9962, 0_F1: 0.9964, accuracy: 0.9963, average_F1: 0.9963, loss: 0.0212 ||:  41%|####1     | 34/82 [00:09<00:12,  3.71it/s]
1_F1: 0.9963, 0_F1: 0.9965, accuracy: 0.9964, average_F1: 0.9964, loss: 0.0221 ||:  43%|####2     | 35/82 [00:09<00:12,  3.76it/s]
1_F1: 0.9965, 0_F1: 0.9966, accuracy: 0.9965, average_F1: 0.9965, loss: 0.0217 ||:  44%|####3     | 36/82 [00:10<00:13,  3.52it/s]
1_F1: 0.9965, 0_F1: 0.9967, accuracy: 0.9966, average_F1: 0.9966, loss: 0.0216 ||:  45%|####5     | 37/82 [00:10<00:12,  3.62it/s]
1_F1: 0.9966, 0_F1: 0.9968, accuracy: 0.9967, average_F1: 0.9967, loss: 0.0215 ||:  46%|####6     | 38/82 [00:10<00:12,  3.55it/s]
1_F1: 0.9967, 0_F1: 0.9969, accuracy: 0.9968, average_F1: 0.9968, loss: 0.0212 ||:  48%|####7     | 39/82 [00:10<00:11,  3.78it/s]
1_F1: 0.9968, 0_F1: 0.9970, accuracy: 0.9969, average_F1: 0.9969, loss: 0.0211 ||:  49%|####8     | 40/82 [00:11<00:11,  3.65it/s]
1_F1: 0.9953, 0_F1: 0.9956, accuracy: 0.9954, average_F1: 0.9954, loss: 0.0224 ||:  50%|#####     | 41/82 [00:11<00:10,  3.73it/s]
1_F1: 0.9954, 0_F1: 0.9957, accuracy: 0.9955, average_F1: 0.9955, loss: 0.0224 ||:  51%|#####1    | 42/82 [00:11<00:11,  3.63it/s]
1_F1: 0.9955, 0_F1: 0.9957, accuracy: 0.9956, average_F1: 0.9956, loss: 0.0229 ||:  52%|#####2    | 43/82 [00:11<00:09,  3.99it/s]
1_F1: 0.9957, 0_F1: 0.9958, accuracy: 0.9957, average_F1: 0.9957, loss: 0.0233 ||:  54%|#####3    | 44/82 [00:12<00:08,  4.33it/s]
1_F1: 0.9958, 0_F1: 0.9959, accuracy: 0.9958, average_F1: 0.9958, loss: 0.0230 ||:  55%|#####4    | 45/82 [00:12<00:09,  4.02it/s]
1_F1: 0.9959, 0_F1: 0.9959, accuracy: 0.9959, average_F1: 0.9959, loss: 0.0229 ||:  56%|#####6    | 46/82 [00:12<00:10,  3.55it/s]
1_F1: 0.9960, 0_F1: 0.9960, accuracy: 0.9960, average_F1: 0.9960, loss: 0.0226 ||:  57%|#####7    | 47/82 [00:12<00:09,  3.63it/s]
1_F1: 0.9961, 0_F1: 0.9961, accuracy: 0.9961, average_F1: 0.9961, loss: 0.0230 ||:  59%|#####8    | 48/82 [00:13<00:09,  3.48it/s]
1_F1: 0.9962, 0_F1: 0.9962, accuracy: 0.9962, average_F1: 0.9962, loss: 0.0226 ||:  60%|#####9    | 49/82 [00:13<00:09,  3.35it/s]
1_F1: 0.9962, 0_F1: 0.9963, accuracy: 0.9962, average_F1: 0.9962, loss: 0.0224 ||:  61%|######    | 50/82 [00:13<00:10,  3.09it/s]
1_F1: 0.9963, 0_F1: 0.9964, accuracy: 0.9963, average_F1: 0.9963, loss: 0.0221 ||:  62%|######2   | 51/82 [00:14<00:09,  3.25it/s]
1_F1: 0.9964, 0_F1: 0.9964, accuracy: 0.9964, average_F1: 0.9964, loss: 0.0220 ||:  63%|######3   | 52/82 [00:14<00:08,  3.37it/s]
1_F1: 0.9964, 0_F1: 0.9965, accuracy: 0.9965, average_F1: 0.9965, loss: 0.0218 ||:  65%|######4   | 53/82 [00:14<00:08,  3.53it/s]
1_F1: 0.9953, 0_F1: 0.9954, accuracy: 0.9954, average_F1: 0.9954, loss: 0.0224 ||:  66%|######5   | 54/82 [00:15<00:07,  3.50it/s]
1_F1: 0.9954, 0_F1: 0.9955, accuracy: 0.9955, average_F1: 0.9955, loss: 0.0221 ||:  67%|######7   | 55/82 [00:15<00:07,  3.48it/s]
1_F1: 0.9955, 0_F1: 0.9956, accuracy: 0.9955, average_F1: 0.9955, loss: 0.0219 ||:  68%|######8   | 56/82 [00:15<00:07,  3.61it/s]
1_F1: 0.9956, 0_F1: 0.9956, accuracy: 0.9956, average_F1: 0.9956, loss: 0.0219 ||:  70%|######9   | 57/82 [00:15<00:06,  3.69it/s]
1_F1: 0.9957, 0_F1: 0.9957, accuracy: 0.9957, average_F1: 0.9957, loss: 0.0217 ||:  71%|#######   | 58/82 [00:16<00:06,  3.52it/s]
1_F1: 0.9958, 0_F1: 0.9958, accuracy: 0.9958, average_F1: 0.9958, loss: 0.0214 ||:  72%|#######1  | 59/82 [00:16<00:06,  3.36it/s]
1_F1: 0.9958, 0_F1: 0.9958, accuracy: 0.9958, average_F1: 0.9958, loss: 0.0212 ||:  73%|#######3  | 60/82 [00:16<00:06,  3.25it/s]
1_F1: 0.9959, 0_F1: 0.9959, accuracy: 0.9959, average_F1: 0.9959, loss: 0.0212 ||:  74%|#######4  | 61/82 [00:17<00:05,  3.60it/s]
1_F1: 0.9960, 0_F1: 0.9960, accuracy: 0.9960, average_F1: 0.9960, loss: 0.0210 ||:  76%|#######5  | 62/82 [00:17<00:05,  3.41it/s]
1_F1: 0.9961, 0_F1: 0.9960, accuracy: 0.9960, average_F1: 0.9960, loss: 0.0209 ||:  77%|#######6  | 63/82 [00:17<00:05,  3.72it/s]
1_F1: 0.9961, 0_F1: 0.9961, accuracy: 0.9961, average_F1: 0.9961, loss: 0.0208 ||:  78%|#######8  | 64/82 [00:17<00:04,  3.70it/s]
1_F1: 0.9962, 0_F1: 0.9961, accuracy: 0.9962, average_F1: 0.9962, loss: 0.0206 ||:  79%|#######9  | 65/82 [00:18<00:04,  3.69it/s]
1_F1: 0.9962, 0_F1: 0.9962, accuracy: 0.9962, average_F1: 0.9962, loss: 0.0204 ||:  80%|########  | 66/82 [00:18<00:04,  3.34it/s]
1_F1: 0.9963, 0_F1: 0.9963, accuracy: 0.9963, average_F1: 0.9963, loss: 0.0203 ||:  82%|########1 | 67/82 [00:18<00:04,  3.40it/s]
1_F1: 0.9963, 0_F1: 0.9963, accuracy: 0.9963, average_F1: 0.9963, loss: 0.0202 ||:  83%|########2 | 68/82 [00:19<00:03,  3.62it/s]
1_F1: 0.9964, 0_F1: 0.9964, accuracy: 0.9964, average_F1: 0.9964, loss: 0.0200 ||:  84%|########4 | 69/82 [00:19<00:03,  3.35it/s]
1_F1: 0.9964, 0_F1: 0.9964, accuracy: 0.9964, average_F1: 0.9964, loss: 0.0198 ||:  85%|########5 | 70/82 [00:19<00:03,  3.21it/s]
1_F1: 0.9956, 0_F1: 0.9956, accuracy: 0.9956, average_F1: 0.9956, loss: 0.0208 ||:  87%|########6 | 71/82 [00:20<00:03,  3.16it/s]
1_F1: 0.9956, 0_F1: 0.9957, accuracy: 0.9957, average_F1: 0.9957, loss: 0.0207 ||:  88%|########7 | 72/82 [00:20<00:03,  3.20it/s]
1_F1: 0.9957, 0_F1: 0.9958, accuracy: 0.9957, average_F1: 0.9957, loss: 0.0205 ||:  89%|########9 | 73/82 [00:20<00:02,  3.11it/s]
1_F1: 0.9957, 0_F1: 0.9958, accuracy: 0.9958, average_F1: 0.9958, loss: 0.0203 ||:  90%|######### | 74/82 [00:20<00:02,  3.14it/s]
1_F1: 0.9958, 0_F1: 0.9959, accuracy: 0.9958, average_F1: 0.9958, loss: 0.0205 ||:  91%|#########1| 75/82 [00:21<00:02,  3.19it/s]
1_F1: 0.9958, 0_F1: 0.9959, accuracy: 0.9959, average_F1: 0.9959, loss: 0.0204 ||:  93%|#########2| 76/82 [00:21<00:01,  3.24it/s]
1_F1: 0.9959, 0_F1: 0.9960, accuracy: 0.9959, average_F1: 0.9959, loss: 0.0203 ||:  94%|#########3| 77/82 [00:21<00:01,  3.43it/s]
1_F1: 0.9960, 0_F1: 0.9960, accuracy: 0.9960, average_F1: 0.9960, loss: 0.0202 ||:  95%|#########5| 78/82 [00:22<00:01,  3.37it/s]
1_F1: 0.9960, 0_F1: 0.9960, accuracy: 0.9960, average_F1: 0.9960, loss: 0.0201 ||:  96%|#########6| 79/82 [00:22<00:00,  3.50it/s]
1_F1: 0.9961, 0_F1: 0.9961, accuracy: 0.9961, average_F1: 0.9961, loss: 0.0199 ||:  98%|#########7| 80/82 [00:22<00:00,  3.40it/s]
1_F1: 0.9961, 0_F1: 0.9962, accuracy: 0.9961, average_F1: 0.9961, loss: 0.0199 ||:  99%|#########8| 81/82 [00:23<00:00,  3.30it/s]
1_F1: 0.9962, 0_F1: 0.9962, accuracy: 0.9962, average_F1: 0.9962, loss: 0.0198 ||: 100%|##########| 82/82 [00:23<00:00,  3.46it/s]
1_F1: 0.9962, 0_F1: 0.9962, accuracy: 0.9962, average_F1: 0.9962, loss: 0.0198 ||: 100%|##########| 82/82 [00:23<00:00,  3.52it/s]

  0%|          | 0/11 [00:00<?, ?it/s]
1_F1: 0.8500, 0_F1: 0.7500, accuracy: 0.8125, average_F1: 0.8000, loss: 0.7405 ||:  18%|#8        | 2/11 [00:00<00:00, 12.06it/s]
1_F1: 0.8919, 0_F1: 0.8519, accuracy: 0.8750, average_F1: 0.8719, loss: 0.5272 ||:  36%|###6      | 4/11 [00:00<00:00, 12.45it/s]
1_F1: 0.8972, 0_F1: 0.8706, accuracy: 0.8854, average_F1: 0.8839, loss: 0.4567 ||:  55%|#####4    | 6/11 [00:00<00:00, 12.25it/s]
1_F1: 0.9091, 0_F1: 0.9032, accuracy: 0.9062, average_F1: 0.9062, loss: 0.3589 ||:  73%|#######2  | 8/11 [00:00<00:00, 11.39it/s]
1_F1: 0.9167, 0_F1: 0.9167, accuracy: 0.9167, average_F1: 0.9167, loss: 0.3271 ||:  82%|########1 | 9/11 [00:00<00:00, 10.56it/s]
1_F1: 0.8987, 0_F1: 0.9012, accuracy: 0.9000, average_F1: 0.9000, loss: 0.3747 ||:  91%|######### | 10/11 [00:00<00:00, 10.04it/s]
1_F1: 0.9000, 0_F1: 0.9024, accuracy: 0.9012, average_F1: 0.9012, loss: 0.3489 ||: 100%|##########| 11/11 [00:00<00:00, 11.72it/s]

  0%|          | 0/11 [00:00<?, ?it/s]
1_F1: 0.76, 0_F1: 0.55, accuracy: 0.69, average_F1: 0.65, loss: 0.80 ||:   9%|9         | 1/11 [00:00<00:01,  7.58it/s]
1_F1: 0.78, 0_F1: 0.71, accuracy: 0.75, average_F1: 0.75, loss: 0.65 ||:  18%|#8        | 2/11 [00:00<00:01,  8.00it/s]
1_F1: 0.78, 0_F1: 0.78, accuracy: 0.78, average_F1: 0.78, loss: 0.73 ||:  36%|###6      | 4/11 [00:00<00:00,  8.83it/s]
1_F1: 0.80, 0_F1: 0.80, accuracy: 0.80, average_F1: 0.80, loss: 0.36 ||:  55%|#####4    | 6/11 [00:00<00:00,  9.46it/s]
1_F1: 0.78, 0_F1: 0.78, accuracy: 0.78, average_F1: 0.78, loss: 1.34 ||:  73%|#######2  | 8/11 [00:00<00:00,  9.62it/s]
1_F1: 0.78, 0_F1: 0.79, accuracy: 0.78, average_F1: 0.78, loss: 0.64 ||:  82%|########1 | 9/11 [00:00<00:00,  9.40it/s]
1_F1: 0.78, 0_F1: 0.79, accuracy: 0.79, average_F1: 0.79, loss: 0.41 ||:  91%|######### | 10/11 [00:01<00:00,  9.28it/s]
1_F1: 0.78, 0_F1: 0.80, accuracy: 0.79, average_F1: 0.79, loss: 0.09 ||: 100%|##########| 11/11 [00:01<00:00, 10.58it/s]

