2019-12-03 23:33:26,735 - INFO - allennlp.common.from_params - instantiating class <class 'allennlp.data.dataset_readers.dataset_reader.DatasetReader'> from params {'bert_model_name': 'bert-base-uncased', 'token_indexers': {'bert': {'pretrained_model': 'bert-base-uncased', 'type': 'bert-pretrained'}}, 'type': 'hur_reader0'} and extras {}
2019-12-03 23:33:26,735 - INFO - allennlp.common.params - dataset_reader.type = hur_reader0
2019-12-03 23:33:26,735 - INFO - allennlp.common.from_params - instantiating class <class 'my_library.dataset_readers.hurricanes_reader0.SarcasmDatasetReader'> from params {'bert_model_name': 'bert-base-uncased', 'token_indexers': {'bert': {'pretrained_model': 'bert-base-uncased', 'type': 'bert-pretrained'}}} and extras {}
2019-12-03 23:33:26,735 - INFO - allennlp.common.params - dataset_reader.lazy = False
2019-12-03 23:33:26,735 - INFO - allennlp.common.params - dataset_reader.seq_len = 256
2019-12-03 23:33:26,735 - INFO - allennlp.common.params - dataset_reader.bert_model_name = bert-base-uncased
2019-12-03 23:33:26,735 - INFO - allennlp.common.from_params - instantiating class allennlp.data.token_indexers.token_indexer.TokenIndexer from params {'pretrained_model': 'bert-base-uncased', 'type': 'bert-pretrained'} and extras {}
2019-12-03 23:33:26,736 - INFO - allennlp.common.params - dataset_reader.token_indexers.bert.type = bert-pretrained
2019-12-03 23:33:26,736 - INFO - allennlp.common.from_params - instantiating class allennlp.data.token_indexers.wordpiece_indexer.PretrainedBertIndexer from params {'pretrained_model': 'bert-base-uncased'} and extras {}
2019-12-03 23:33:26,736 - INFO - allennlp.common.params - dataset_reader.token_indexers.bert.pretrained_model = bert-base-uncased
2019-12-03 23:33:26,736 - INFO - allennlp.common.params - dataset_reader.token_indexers.bert.use_starting_offsets = False
2019-12-03 23:33:26,736 - INFO - allennlp.common.params - dataset_reader.token_indexers.bert.do_lowercase = True
2019-12-03 23:33:26,736 - INFO - allennlp.common.params - dataset_reader.token_indexers.bert.never_lowercase = None
2019-12-03 23:33:26,736 - INFO - allennlp.common.params - dataset_reader.token_indexers.bert.max_pieces = 512
2019-12-03 23:33:26,813 - INFO - pytorch_pretrained_bert.tokenization - loading vocabulary file https://s3.amazonaws.com/models.huggingface.co/bert/bert-base-uncased-vocab.txt from cache at /home/ubuntu/.pytorch_pretrained_bert/26bc1ad6c0ac742e9b52263248f6d0f00068293b33709fae12320c0e35ccfbbb.542ce4285a40d23a559526243235df47c5f75c197f04f37d1a0c124c32c9a084
2019-12-03 23:33:26,974 - INFO - transformers.tokenization_utils - loading file https://s3.amazonaws.com/models.huggingface.co/bert/bert-base-uncased-vocab.txt from cache at /home/ubuntu/.cache/torch/transformers/26bc1ad6c0ac742e9b52263248f6d0f00068293b33709fae12320c0e35ccfbbb.542ce4285a40d23a559526243235df47c5f75c197f04f37d1a0c124c32c9a084
2019-12-03 23:33:27,003 - INFO - allennlp.common.params - validation_dataset_reader = None
2019-12-03 23:33:27,004 - INFO - allennlp.common.params - train_data_path = data/Train5.json
2019-12-03 23:33:27,004 - INFO - my_library.training.transfer - Reading training data from data/Train5.json
2019-12-03 23:33:27,004 - INFO - my_library.dataset_readers.hurricanes_reader0 - Reading instances from lines in file at: data/Train5.json
2019-12-03 23:33:28,239 - INFO - allennlp.common.params - validation_data_path = data/Val5.json
2019-12-03 23:33:28,239 - INFO - my_library.training.transfer - Reading validation data from data/Val5.json
2019-12-03 23:33:28,240 - INFO - my_library.dataset_readers.hurricanes_reader0 - Reading instances from lines in file at: data/Val5.json
2019-12-03 23:33:28,366 - INFO - allennlp.common.params - test_data_path = data/Test5.json
2019-12-03 23:33:28,366 - INFO - my_library.training.transfer - Reading test data from data/Test5.json
2019-12-03 23:33:28,367 - INFO - my_library.dataset_readers.hurricanes_reader0 - Reading instances from lines in file at: data/Test5.json
2019-12-03 23:33:28,492 - INFO - my_library.training.transfer - From dataset instances, train, validation, test will be considered for vocabulary creation.
2019-12-03 23:33:28,492 - INFO - allennlp.common.params - vocabulary.type = None
2019-12-03 23:33:28,492 - INFO - allennlp.common.params - vocabulary.extend = False
2019-12-03 23:33:28,492 - INFO - allennlp.common.params - vocabulary.directory_path = None
2019-12-03 23:33:28,492 - INFO - allennlp.common.params - vocabulary.min_count = None
2019-12-03 23:33:28,492 - INFO - allennlp.common.params - vocabulary.max_vocab_size = None
2019-12-03 23:33:28,493 - INFO - allennlp.common.params - vocabulary.non_padded_namespaces = ('*tags', '*labels')
2019-12-03 23:33:28,493 - INFO - allennlp.common.params - vocabulary.min_pretrained_embeddings = None
2019-12-03 23:33:28,493 - INFO - allennlp.common.params - vocabulary.only_include_pretrained_words = False
2019-12-03 23:33:28,493 - INFO - allennlp.common.params - vocabulary.tokens_to_add = None
2019-12-03 23:33:28,493 - INFO - allennlp.data.vocabulary - Fitting token dictionary from dataset.
2019-12-03 23:33:28,506 - INFO - allennlp.common.from_params - instantiating class <class 'allennlp.models.model.Model'> from params {'bert_model_name': 'bert-base-uncased', 'type': 'emotion_classifier'} and extras {'vocab': <allennlp.data.vocabulary.Vocabulary object at 0x7fecc004d630>}
2019-12-03 23:33:28,506 - INFO - allennlp.common.params - model.type = emotion_classifier
2019-12-03 23:33:28,506 - INFO - allennlp.common.params - model.bert_model_name = bert-base-uncased
2019-12-03 23:33:28,506 - INFO - allennlp.common.params - model.initializer = []
2019-12-03 23:33:28,506 - INFO - allennlp.common.params - model.regularizer = []
2019-12-03 23:33:28,578 - INFO - transformers.configuration_utils - loading configuration file https://s3.amazonaws.com/models.huggingface.co/bert/bert-base-uncased-config.json from cache at /home/ubuntu/.cache/torch/transformers/4dad0251492946e18ac39290fcfe91b89d370fee250efe9521476438fe8ca185.bf3b9ea126d8c0001ee8a1e8b92229871d06d36d8808208cc2449280da87785c
2019-12-03 23:33:28,578 - INFO - transformers.configuration_utils - Model config {
  "attention_probs_dropout_prob": 0.1,
  "finetuning_task": null,
  "hidden_act": "gelu",
  "hidden_dropout_prob": 0.1,
  "hidden_size": 768,
  "initializer_range": 0.02,
  "intermediate_size": 3072,
  "is_decoder": false,
  "layer_norm_eps": 1e-12,
  "max_position_embeddings": 512,
  "num_attention_heads": 12,
  "num_hidden_layers": 12,
  "num_labels": 2,
  "output_attentions": false,
  "output_hidden_states": false,
  "output_past": true,
  "pruned_heads": {},
  "torchscript": false,
  "type_vocab_size": 2,
  "use_bfloat16": false,
  "vocab_size": 30522
}

2019-12-03 23:33:28,651 - INFO - transformers.modeling_utils - loading weights file https://s3.amazonaws.com/models.huggingface.co/bert/bert-base-uncased-pytorch_model.bin from cache at /home/ubuntu/.cache/torch/transformers/aa1ef1aede4482d0dbcd4d52baad8ae300e60902e88fcb0bebdec09afd232066.36ca03ab34a1a5d5fa7bc3d03d55c4fa650fed07220e2eeebc06ce58d0e9a157
2019-12-03 23:33:31,330 - INFO - allennlp.nn.initializers - Initializing parameters
2019-12-03 23:33:31,331 - INFO - allennlp.nn.initializers - Done initializing parameters; the following parameters are using their default initialization from their code
2019-12-03 23:33:31,331 - INFO - allennlp.nn.initializers -    linear.bias
2019-12-03 23:33:31,331 - INFO - allennlp.nn.initializers -    linear.weight
2019-12-03 23:33:31,331 - INFO - allennlp.nn.initializers -    text_field_embedder.embeddings.LayerNorm.bias
2019-12-03 23:33:31,331 - INFO - allennlp.nn.initializers -    text_field_embedder.embeddings.LayerNorm.weight
2019-12-03 23:33:31,331 - INFO - allennlp.nn.initializers -    text_field_embedder.embeddings.position_embeddings.weight
2019-12-03 23:33:31,331 - INFO - allennlp.nn.initializers -    text_field_embedder.embeddings.token_type_embeddings.weight
2019-12-03 23:33:31,332 - INFO - allennlp.nn.initializers -    text_field_embedder.embeddings.word_embeddings.weight
2019-12-03 23:33:31,332 - INFO - allennlp.nn.initializers -    text_field_embedder.encoder.layer.0.attention.output.LayerNorm.bias
2019-12-03 23:33:31,332 - INFO - allennlp.nn.initializers -    text_field_embedder.encoder.layer.0.attention.output.LayerNorm.weight
2019-12-03 23:33:31,332 - INFO - allennlp.nn.initializers -    text_field_embedder.encoder.layer.0.attention.output.dense.bias
2019-12-03 23:33:31,332 - INFO - allennlp.nn.initializers -    text_field_embedder.encoder.layer.0.attention.output.dense.weight
2019-12-03 23:33:31,332 - INFO - allennlp.nn.initializers -    text_field_embedder.encoder.layer.0.attention.self.key.bias
2019-12-03 23:33:31,332 - INFO - allennlp.nn.initializers -    text_field_embedder.encoder.layer.0.attention.self.key.weight
2019-12-03 23:33:31,332 - INFO - allennlp.nn.initializers -    text_field_embedder.encoder.layer.0.attention.self.query.bias
2019-12-03 23:33:31,332 - INFO - allennlp.nn.initializers -    text_field_embedder.encoder.layer.0.attention.self.query.weight
2019-12-03 23:33:31,332 - INFO - allennlp.nn.initializers -    text_field_embedder.encoder.layer.0.attention.self.value.bias
2019-12-03 23:33:31,332 - INFO - allennlp.nn.initializers -    text_field_embedder.encoder.layer.0.attention.self.value.weight
2019-12-03 23:33:31,332 - INFO - allennlp.nn.initializers -    text_field_embedder.encoder.layer.0.intermediate.dense.bias
2019-12-03 23:33:31,332 - INFO - allennlp.nn.initializers -    text_field_embedder.encoder.layer.0.intermediate.dense.weight
2019-12-03 23:33:31,332 - INFO - allennlp.nn.initializers -    text_field_embedder.encoder.layer.0.output.LayerNorm.bias
2019-12-03 23:33:31,332 - INFO - allennlp.nn.initializers -    text_field_embedder.encoder.layer.0.output.LayerNorm.weight
2019-12-03 23:33:31,332 - INFO - allennlp.nn.initializers -    text_field_embedder.encoder.layer.0.output.dense.bias
2019-12-03 23:33:31,332 - INFO - allennlp.nn.initializers -    text_field_embedder.encoder.layer.0.output.dense.weight
2019-12-03 23:33:31,333 - INFO - allennlp.nn.initializers -    text_field_embedder.encoder.layer.1.attention.output.LayerNorm.bias
2019-12-03 23:33:31,333 - INFO - allennlp.nn.initializers -    text_field_embedder.encoder.layer.1.attention.output.LayerNorm.weight
2019-12-03 23:33:31,333 - INFO - allennlp.nn.initializers -    text_field_embedder.encoder.layer.1.attention.output.dense.bias
2019-12-03 23:33:31,333 - INFO - allennlp.nn.initializers -    text_field_embedder.encoder.layer.1.attention.output.dense.weight
2019-12-03 23:33:31,333 - INFO - allennlp.nn.initializers -    text_field_embedder.encoder.layer.1.attention.self.key.bias
2019-12-03 23:33:31,333 - INFO - allennlp.nn.initializers -    text_field_embedder.encoder.layer.1.attention.self.key.weight
2019-12-03 23:33:31,333 - INFO - allennlp.nn.initializers -    text_field_embedder.encoder.layer.1.attention.self.query.bias
2019-12-03 23:33:31,333 - INFO - allennlp.nn.initializers -    text_field_embedder.encoder.layer.1.attention.self.query.weight
2019-12-03 23:33:31,333 - INFO - allennlp.nn.initializers -    text_field_embedder.encoder.layer.1.attention.self.value.bias
2019-12-03 23:33:31,333 - INFO - allennlp.nn.initializers -    text_field_embedder.encoder.layer.1.attention.self.value.weight
2019-12-03 23:33:31,333 - INFO - allennlp.nn.initializers -    text_field_embedder.encoder.layer.1.intermediate.dense.bias
2019-12-03 23:33:31,333 - INFO - allennlp.nn.initializers -    text_field_embedder.encoder.layer.1.intermediate.dense.weight
2019-12-03 23:33:31,333 - INFO - allennlp.nn.initializers -    text_field_embedder.encoder.layer.1.output.LayerNorm.bias
2019-12-03 23:33:31,333 - INFO - allennlp.nn.initializers -    text_field_embedder.encoder.layer.1.output.LayerNorm.weight
2019-12-03 23:33:31,333 - INFO - allennlp.nn.initializers -    text_field_embedder.encoder.layer.1.output.dense.bias
2019-12-03 23:33:31,333 - INFO - allennlp.nn.initializers -    text_field_embedder.encoder.layer.1.output.dense.weight
2019-12-03 23:33:31,333 - INFO - allennlp.nn.initializers -    text_field_embedder.encoder.layer.10.attention.output.LayerNorm.bias
2019-12-03 23:33:31,334 - INFO - allennlp.nn.initializers -    text_field_embedder.encoder.layer.10.attention.output.LayerNorm.weight
2019-12-03 23:33:31,334 - INFO - allennlp.nn.initializers -    text_field_embedder.encoder.layer.10.attention.output.dense.bias
2019-12-03 23:33:31,334 - INFO - allennlp.nn.initializers -    text_field_embedder.encoder.layer.10.attention.output.dense.weight
2019-12-03 23:33:31,334 - INFO - allennlp.nn.initializers -    text_field_embedder.encoder.layer.10.attention.self.key.bias
2019-12-03 23:33:31,334 - INFO - allennlp.nn.initializers -    text_field_embedder.encoder.layer.10.attention.self.key.weight
2019-12-03 23:33:31,334 - INFO - allennlp.nn.initializers -    text_field_embedder.encoder.layer.10.attention.self.query.bias
2019-12-03 23:33:31,334 - INFO - allennlp.nn.initializers -    text_field_embedder.encoder.layer.10.attention.self.query.weight
2019-12-03 23:33:31,334 - INFO - allennlp.nn.initializers -    text_field_embedder.encoder.layer.10.attention.self.value.bias
2019-12-03 23:33:31,334 - INFO - allennlp.nn.initializers -    text_field_embedder.encoder.layer.10.attention.self.value.weight
2019-12-03 23:33:31,334 - INFO - allennlp.nn.initializers -    text_field_embedder.encoder.layer.10.intermediate.dense.bias
2019-12-03 23:33:31,334 - INFO - allennlp.nn.initializers -    text_field_embedder.encoder.layer.10.intermediate.dense.weight
2019-12-03 23:33:31,334 - INFO - allennlp.nn.initializers -    text_field_embedder.encoder.layer.10.output.LayerNorm.bias
2019-12-03 23:33:31,334 - INFO - allennlp.nn.initializers -    text_field_embedder.encoder.layer.10.output.LayerNorm.weight
2019-12-03 23:33:31,334 - INFO - allennlp.nn.initializers -    text_field_embedder.encoder.layer.10.output.dense.bias
2019-12-03 23:33:31,334 - INFO - allennlp.nn.initializers -    text_field_embedder.encoder.layer.10.output.dense.weight
2019-12-03 23:33:31,334 - INFO - allennlp.nn.initializers -    text_field_embedder.encoder.layer.11.attention.output.LayerNorm.bias
2019-12-03 23:33:31,334 - INFO - allennlp.nn.initializers -    text_field_embedder.encoder.layer.11.attention.output.LayerNorm.weight
2019-12-03 23:33:31,335 - INFO - allennlp.nn.initializers -    text_field_embedder.encoder.layer.11.attention.output.dense.bias
2019-12-03 23:33:31,335 - INFO - allennlp.nn.initializers -    text_field_embedder.encoder.layer.11.attention.output.dense.weight
2019-12-03 23:33:31,335 - INFO - allennlp.nn.initializers -    text_field_embedder.encoder.layer.11.attention.self.key.bias
2019-12-03 23:33:31,335 - INFO - allennlp.nn.initializers -    text_field_embedder.encoder.layer.11.attention.self.key.weight
2019-12-03 23:33:31,335 - INFO - allennlp.nn.initializers -    text_field_embedder.encoder.layer.11.attention.self.query.bias
2019-12-03 23:33:31,335 - INFO - allennlp.nn.initializers -    text_field_embedder.encoder.layer.11.attention.self.query.weight
2019-12-03 23:33:31,335 - INFO - allennlp.nn.initializers -    text_field_embedder.encoder.layer.11.attention.self.value.bias
2019-12-03 23:33:31,335 - INFO - allennlp.nn.initializers -    text_field_embedder.encoder.layer.11.attention.self.value.weight
2019-12-03 23:33:31,335 - INFO - allennlp.nn.initializers -    text_field_embedder.encoder.layer.11.intermediate.dense.bias
2019-12-03 23:33:31,335 - INFO - allennlp.nn.initializers -    text_field_embedder.encoder.layer.11.intermediate.dense.weight
2019-12-03 23:33:31,335 - INFO - allennlp.nn.initializers -    text_field_embedder.encoder.layer.11.output.LayerNorm.bias
2019-12-03 23:33:31,335 - INFO - allennlp.nn.initializers -    text_field_embedder.encoder.layer.11.output.LayerNorm.weight
2019-12-03 23:33:31,335 - INFO - allennlp.nn.initializers -    text_field_embedder.encoder.layer.11.output.dense.bias
2019-12-03 23:33:31,335 - INFO - allennlp.nn.initializers -    text_field_embedder.encoder.layer.11.output.dense.weight
2019-12-03 23:33:31,335 - INFO - allennlp.nn.initializers -    text_field_embedder.encoder.layer.2.attention.output.LayerNorm.bias
2019-12-03 23:33:31,335 - INFO - allennlp.nn.initializers -    text_field_embedder.encoder.layer.2.attention.output.LayerNorm.weight
2019-12-03 23:33:31,335 - INFO - allennlp.nn.initializers -    text_field_embedder.encoder.layer.2.attention.output.dense.bias
2019-12-03 23:33:31,336 - INFO - allennlp.nn.initializers -    text_field_embedder.encoder.layer.2.attention.output.dense.weight
2019-12-03 23:33:31,336 - INFO - allennlp.nn.initializers -    text_field_embedder.encoder.layer.2.attention.self.key.bias
2019-12-03 23:33:31,336 - INFO - allennlp.nn.initializers -    text_field_embedder.encoder.layer.2.attention.self.key.weight
2019-12-03 23:33:31,336 - INFO - allennlp.nn.initializers -    text_field_embedder.encoder.layer.2.attention.self.query.bias
2019-12-03 23:33:31,336 - INFO - allennlp.nn.initializers -    text_field_embedder.encoder.layer.2.attention.self.query.weight
2019-12-03 23:33:31,336 - INFO - allennlp.nn.initializers -    text_field_embedder.encoder.layer.2.attention.self.value.bias
2019-12-03 23:33:31,336 - INFO - allennlp.nn.initializers -    text_field_embedder.encoder.layer.2.attention.self.value.weight
2019-12-03 23:33:31,336 - INFO - allennlp.nn.initializers -    text_field_embedder.encoder.layer.2.intermediate.dense.bias
2019-12-03 23:33:31,336 - INFO - allennlp.nn.initializers -    text_field_embedder.encoder.layer.2.intermediate.dense.weight
2019-12-03 23:33:31,336 - INFO - allennlp.nn.initializers -    text_field_embedder.encoder.layer.2.output.LayerNorm.bias
2019-12-03 23:33:31,336 - INFO - allennlp.nn.initializers -    text_field_embedder.encoder.layer.2.output.LayerNorm.weight
2019-12-03 23:33:31,336 - INFO - allennlp.nn.initializers -    text_field_embedder.encoder.layer.2.output.dense.bias
2019-12-03 23:33:31,336 - INFO - allennlp.nn.initializers -    text_field_embedder.encoder.layer.2.output.dense.weight
2019-12-03 23:33:31,336 - INFO - allennlp.nn.initializers -    text_field_embedder.encoder.layer.3.attention.output.LayerNorm.bias
2019-12-03 23:33:31,336 - INFO - allennlp.nn.initializers -    text_field_embedder.encoder.layer.3.attention.output.LayerNorm.weight
2019-12-03 23:33:31,336 - INFO - allennlp.nn.initializers -    text_field_embedder.encoder.layer.3.attention.output.dense.bias
2019-12-03 23:33:31,336 - INFO - allennlp.nn.initializers -    text_field_embedder.encoder.layer.3.attention.output.dense.weight
2019-12-03 23:33:31,337 - INFO - allennlp.nn.initializers -    text_field_embedder.encoder.layer.3.attention.self.key.bias
2019-12-03 23:33:31,337 - INFO - allennlp.nn.initializers -    text_field_embedder.encoder.layer.3.attention.self.key.weight
2019-12-03 23:33:31,337 - INFO - allennlp.nn.initializers -    text_field_embedder.encoder.layer.3.attention.self.query.bias
2019-12-03 23:33:31,337 - INFO - allennlp.nn.initializers -    text_field_embedder.encoder.layer.3.attention.self.query.weight
2019-12-03 23:33:31,337 - INFO - allennlp.nn.initializers -    text_field_embedder.encoder.layer.3.attention.self.value.bias
2019-12-03 23:33:31,337 - INFO - allennlp.nn.initializers -    text_field_embedder.encoder.layer.3.attention.self.value.weight
2019-12-03 23:33:31,337 - INFO - allennlp.nn.initializers -    text_field_embedder.encoder.layer.3.intermediate.dense.bias
2019-12-03 23:33:31,337 - INFO - allennlp.nn.initializers -    text_field_embedder.encoder.layer.3.intermediate.dense.weight
2019-12-03 23:33:31,337 - INFO - allennlp.nn.initializers -    text_field_embedder.encoder.layer.3.output.LayerNorm.bias
2019-12-03 23:33:31,337 - INFO - allennlp.nn.initializers -    text_field_embedder.encoder.layer.3.output.LayerNorm.weight
2019-12-03 23:33:31,337 - INFO - allennlp.nn.initializers -    text_field_embedder.encoder.layer.3.output.dense.bias
2019-12-03 23:33:31,337 - INFO - allennlp.nn.initializers -    text_field_embedder.encoder.layer.3.output.dense.weight
2019-12-03 23:33:31,337 - INFO - allennlp.nn.initializers -    text_field_embedder.encoder.layer.4.attention.output.LayerNorm.bias
2019-12-03 23:33:31,337 - INFO - allennlp.nn.initializers -    text_field_embedder.encoder.layer.4.attention.output.LayerNorm.weight
2019-12-03 23:33:31,337 - INFO - allennlp.nn.initializers -    text_field_embedder.encoder.layer.4.attention.output.dense.bias
2019-12-03 23:33:31,337 - INFO - allennlp.nn.initializers -    text_field_embedder.encoder.layer.4.attention.output.dense.weight
2019-12-03 23:33:31,338 - INFO - allennlp.nn.initializers -    text_field_embedder.encoder.layer.4.attention.self.key.bias
2019-12-03 23:33:31,338 - INFO - allennlp.nn.initializers -    text_field_embedder.encoder.layer.4.attention.self.key.weight
2019-12-03 23:33:31,338 - INFO - allennlp.nn.initializers -    text_field_embedder.encoder.layer.4.attention.self.query.bias
2019-12-03 23:33:31,338 - INFO - allennlp.nn.initializers -    text_field_embedder.encoder.layer.4.attention.self.query.weight
2019-12-03 23:33:31,338 - INFO - allennlp.nn.initializers -    text_field_embedder.encoder.layer.4.attention.self.value.bias
2019-12-03 23:33:31,338 - INFO - allennlp.nn.initializers -    text_field_embedder.encoder.layer.4.attention.self.value.weight
2019-12-03 23:33:31,338 - INFO - allennlp.nn.initializers -    text_field_embedder.encoder.layer.4.intermediate.dense.bias
2019-12-03 23:33:31,338 - INFO - allennlp.nn.initializers -    text_field_embedder.encoder.layer.4.intermediate.dense.weight
2019-12-03 23:33:31,338 - INFO - allennlp.nn.initializers -    text_field_embedder.encoder.layer.4.output.LayerNorm.bias
2019-12-03 23:33:31,338 - INFO - allennlp.nn.initializers -    text_field_embedder.encoder.layer.4.output.LayerNorm.weight
2019-12-03 23:33:31,338 - INFO - allennlp.nn.initializers -    text_field_embedder.encoder.layer.4.output.dense.bias
2019-12-03 23:33:31,338 - INFO - allennlp.nn.initializers -    text_field_embedder.encoder.layer.4.output.dense.weight
2019-12-03 23:33:31,338 - INFO - allennlp.nn.initializers -    text_field_embedder.encoder.layer.5.attention.output.LayerNorm.bias
2019-12-03 23:33:31,338 - INFO - allennlp.nn.initializers -    text_field_embedder.encoder.layer.5.attention.output.LayerNorm.weight
2019-12-03 23:33:31,338 - INFO - allennlp.nn.initializers -    text_field_embedder.encoder.layer.5.attention.output.dense.bias
2019-12-03 23:33:31,338 - INFO - allennlp.nn.initializers -    text_field_embedder.encoder.layer.5.attention.output.dense.weight
2019-12-03 23:33:31,338 - INFO - allennlp.nn.initializers -    text_field_embedder.encoder.layer.5.attention.self.key.bias
2019-12-03 23:33:31,339 - INFO - allennlp.nn.initializers -    text_field_embedder.encoder.layer.5.attention.self.key.weight
2019-12-03 23:33:31,339 - INFO - allennlp.nn.initializers -    text_field_embedder.encoder.layer.5.attention.self.query.bias
2019-12-03 23:33:31,339 - INFO - allennlp.nn.initializers -    text_field_embedder.encoder.layer.5.attention.self.query.weight
2019-12-03 23:33:31,339 - INFO - allennlp.nn.initializers -    text_field_embedder.encoder.layer.5.attention.self.value.bias
2019-12-03 23:33:31,339 - INFO - allennlp.nn.initializers -    text_field_embedder.encoder.layer.5.attention.self.value.weight
2019-12-03 23:33:31,339 - INFO - allennlp.nn.initializers -    text_field_embedder.encoder.layer.5.intermediate.dense.bias
2019-12-03 23:33:31,339 - INFO - allennlp.nn.initializers -    text_field_embedder.encoder.layer.5.intermediate.dense.weight
2019-12-03 23:33:31,339 - INFO - allennlp.nn.initializers -    text_field_embedder.encoder.layer.5.output.LayerNorm.bias
2019-12-03 23:33:31,339 - INFO - allennlp.nn.initializers -    text_field_embedder.encoder.layer.5.output.LayerNorm.weight
2019-12-03 23:33:31,339 - INFO - allennlp.nn.initializers -    text_field_embedder.encoder.layer.5.output.dense.bias
2019-12-03 23:33:31,339 - INFO - allennlp.nn.initializers -    text_field_embedder.encoder.layer.5.output.dense.weight
2019-12-03 23:33:31,339 - INFO - allennlp.nn.initializers -    text_field_embedder.encoder.layer.6.attention.output.LayerNorm.bias
2019-12-03 23:33:31,339 - INFO - allennlp.nn.initializers -    text_field_embedder.encoder.layer.6.attention.output.LayerNorm.weight
2019-12-03 23:33:31,339 - INFO - allennlp.nn.initializers -    text_field_embedder.encoder.layer.6.attention.output.dense.bias
2019-12-03 23:33:31,339 - INFO - allennlp.nn.initializers -    text_field_embedder.encoder.layer.6.attention.output.dense.weight
2019-12-03 23:33:31,339 - INFO - allennlp.nn.initializers -    text_field_embedder.encoder.layer.6.attention.self.key.bias
2019-12-03 23:33:31,339 - INFO - allennlp.nn.initializers -    text_field_embedder.encoder.layer.6.attention.self.key.weight
2019-12-03 23:33:31,340 - INFO - allennlp.nn.initializers -    text_field_embedder.encoder.layer.6.attention.self.query.bias
2019-12-03 23:33:31,340 - INFO - allennlp.nn.initializers -    text_field_embedder.encoder.layer.6.attention.self.query.weight
2019-12-03 23:33:31,340 - INFO - allennlp.nn.initializers -    text_field_embedder.encoder.layer.6.attention.self.value.bias
2019-12-03 23:33:31,340 - INFO - allennlp.nn.initializers -    text_field_embedder.encoder.layer.6.attention.self.value.weight
2019-12-03 23:33:31,340 - INFO - allennlp.nn.initializers -    text_field_embedder.encoder.layer.6.intermediate.dense.bias
2019-12-03 23:33:31,340 - INFO - allennlp.nn.initializers -    text_field_embedder.encoder.layer.6.intermediate.dense.weight
2019-12-03 23:33:31,340 - INFO - allennlp.nn.initializers -    text_field_embedder.encoder.layer.6.output.LayerNorm.bias
2019-12-03 23:33:31,340 - INFO - allennlp.nn.initializers -    text_field_embedder.encoder.layer.6.output.LayerNorm.weight
2019-12-03 23:33:31,340 - INFO - allennlp.nn.initializers -    text_field_embedder.encoder.layer.6.output.dense.bias
2019-12-03 23:33:31,340 - INFO - allennlp.nn.initializers -    text_field_embedder.encoder.layer.6.output.dense.weight
2019-12-03 23:33:31,340 - INFO - allennlp.nn.initializers -    text_field_embedder.encoder.layer.7.attention.output.LayerNorm.bias
2019-12-03 23:33:31,340 - INFO - allennlp.nn.initializers -    text_field_embedder.encoder.layer.7.attention.output.LayerNorm.weight
2019-12-03 23:33:31,340 - INFO - allennlp.nn.initializers -    text_field_embedder.encoder.layer.7.attention.output.dense.bias
2019-12-03 23:33:31,340 - INFO - allennlp.nn.initializers -    text_field_embedder.encoder.layer.7.attention.output.dense.weight
2019-12-03 23:33:31,340 - INFO - allennlp.nn.initializers -    text_field_embedder.encoder.layer.7.attention.self.key.bias
2019-12-03 23:33:31,340 - INFO - allennlp.nn.initializers -    text_field_embedder.encoder.layer.7.attention.self.key.weight
2019-12-03 23:33:31,340 - INFO - allennlp.nn.initializers -    text_field_embedder.encoder.layer.7.attention.self.query.bias
2019-12-03 23:33:31,341 - INFO - allennlp.nn.initializers -    text_field_embedder.encoder.layer.7.attention.self.query.weight
2019-12-03 23:33:31,341 - INFO - allennlp.nn.initializers -    text_field_embedder.encoder.layer.7.attention.self.value.bias
2019-12-03 23:33:31,341 - INFO - allennlp.nn.initializers -    text_field_embedder.encoder.layer.7.attention.self.value.weight
2019-12-03 23:33:31,341 - INFO - allennlp.nn.initializers -    text_field_embedder.encoder.layer.7.intermediate.dense.bias
2019-12-03 23:33:31,341 - INFO - allennlp.nn.initializers -    text_field_embedder.encoder.layer.7.intermediate.dense.weight
2019-12-03 23:33:31,341 - INFO - allennlp.nn.initializers -    text_field_embedder.encoder.layer.7.output.LayerNorm.bias
2019-12-03 23:33:31,341 - INFO - allennlp.nn.initializers -    text_field_embedder.encoder.layer.7.output.LayerNorm.weight
2019-12-03 23:33:31,341 - INFO - allennlp.nn.initializers -    text_field_embedder.encoder.layer.7.output.dense.bias
2019-12-03 23:33:31,341 - INFO - allennlp.nn.initializers -    text_field_embedder.encoder.layer.7.output.dense.weight
2019-12-03 23:33:31,341 - INFO - allennlp.nn.initializers -    text_field_embedder.encoder.layer.8.attention.output.LayerNorm.bias
2019-12-03 23:33:31,341 - INFO - allennlp.nn.initializers -    text_field_embedder.encoder.layer.8.attention.output.LayerNorm.weight
2019-12-03 23:33:31,341 - INFO - allennlp.nn.initializers -    text_field_embedder.encoder.layer.8.attention.output.dense.bias
2019-12-03 23:33:31,341 - INFO - allennlp.nn.initializers -    text_field_embedder.encoder.layer.8.attention.output.dense.weight
2019-12-03 23:33:31,341 - INFO - allennlp.nn.initializers -    text_field_embedder.encoder.layer.8.attention.self.key.bias
2019-12-03 23:33:31,341 - INFO - allennlp.nn.initializers -    text_field_embedder.encoder.layer.8.attention.self.key.weight
2019-12-03 23:33:31,341 - INFO - allennlp.nn.initializers -    text_field_embedder.encoder.layer.8.attention.self.query.bias
2019-12-03 23:33:31,341 - INFO - allennlp.nn.initializers -    text_field_embedder.encoder.layer.8.attention.self.query.weight
2019-12-03 23:33:31,342 - INFO - allennlp.nn.initializers -    text_field_embedder.encoder.layer.8.attention.self.value.bias
2019-12-03 23:33:31,342 - INFO - allennlp.nn.initializers -    text_field_embedder.encoder.layer.8.attention.self.value.weight
2019-12-03 23:33:31,342 - INFO - allennlp.nn.initializers -    text_field_embedder.encoder.layer.8.intermediate.dense.bias
2019-12-03 23:33:31,342 - INFO - allennlp.nn.initializers -    text_field_embedder.encoder.layer.8.intermediate.dense.weight
2019-12-03 23:33:31,342 - INFO - allennlp.nn.initializers -    text_field_embedder.encoder.layer.8.output.LayerNorm.bias
2019-12-03 23:33:31,342 - INFO - allennlp.nn.initializers -    text_field_embedder.encoder.layer.8.output.LayerNorm.weight
2019-12-03 23:33:31,342 - INFO - allennlp.nn.initializers -    text_field_embedder.encoder.layer.8.output.dense.bias
2019-12-03 23:33:31,342 - INFO - allennlp.nn.initializers -    text_field_embedder.encoder.layer.8.output.dense.weight
2019-12-03 23:33:31,342 - INFO - allennlp.nn.initializers -    text_field_embedder.encoder.layer.9.attention.output.LayerNorm.bias
2019-12-03 23:33:31,342 - INFO - allennlp.nn.initializers -    text_field_embedder.encoder.layer.9.attention.output.LayerNorm.weight
2019-12-03 23:33:31,342 - INFO - allennlp.nn.initializers -    text_field_embedder.encoder.layer.9.attention.output.dense.bias
2019-12-03 23:33:31,342 - INFO - allennlp.nn.initializers -    text_field_embedder.encoder.layer.9.attention.output.dense.weight
2019-12-03 23:33:31,342 - INFO - allennlp.nn.initializers -    text_field_embedder.encoder.layer.9.attention.self.key.bias
2019-12-03 23:33:31,342 - INFO - allennlp.nn.initializers -    text_field_embedder.encoder.layer.9.attention.self.key.weight
2019-12-03 23:33:31,342 - INFO - allennlp.nn.initializers -    text_field_embedder.encoder.layer.9.attention.self.query.bias
2019-12-03 23:33:31,342 - INFO - allennlp.nn.initializers -    text_field_embedder.encoder.layer.9.attention.self.query.weight
2019-12-03 23:33:31,342 - INFO - allennlp.nn.initializers -    text_field_embedder.encoder.layer.9.attention.self.value.bias
2019-12-03 23:33:31,343 - INFO - allennlp.nn.initializers -    text_field_embedder.encoder.layer.9.attention.self.value.weight
2019-12-03 23:33:31,343 - INFO - allennlp.nn.initializers -    text_field_embedder.encoder.layer.9.intermediate.dense.bias
2019-12-03 23:33:31,343 - INFO - allennlp.nn.initializers -    text_field_embedder.encoder.layer.9.intermediate.dense.weight
2019-12-03 23:33:31,343 - INFO - allennlp.nn.initializers -    text_field_embedder.encoder.layer.9.output.LayerNorm.bias
2019-12-03 23:33:31,343 - INFO - allennlp.nn.initializers -    text_field_embedder.encoder.layer.9.output.LayerNorm.weight
2019-12-03 23:33:31,343 - INFO - allennlp.nn.initializers -    text_field_embedder.encoder.layer.9.output.dense.bias
2019-12-03 23:33:31,343 - INFO - allennlp.nn.initializers -    text_field_embedder.encoder.layer.9.output.dense.weight
2019-12-03 23:33:31,343 - INFO - allennlp.nn.initializers -    text_field_embedder.pooler.dense.bias
2019-12-03 23:33:31,343 - INFO - allennlp.nn.initializers -    text_field_embedder.pooler.dense.weight
2019-12-03 23:33:31,717 - INFO - allennlp.common.from_params - instantiating class <class 'allennlp.data.iterators.data_iterator.DataIterator'> from params {'batch_size': 16, 'sorting_keys': [['quote_response', 'num_tokens']], 'type': 'bucket'} and extras {}
2019-12-03 23:33:31,717 - INFO - allennlp.common.params - iterator.type = bucket
2019-12-03 23:33:31,718 - INFO - allennlp.common.from_params - instantiating class <class 'allennlp.data.iterators.bucket_iterator.BucketIterator'> from params {'batch_size': 16, 'sorting_keys': [['quote_response', 'num_tokens']]} and extras {}
2019-12-03 23:33:31,718 - INFO - allennlp.common.params - iterator.sorting_keys = [['quote_response', 'num_tokens']]
2019-12-03 23:33:31,718 - INFO - allennlp.common.params - iterator.padding_noise = 0.1
2019-12-03 23:33:31,718 - INFO - allennlp.common.params - iterator.biggest_batch_first = False
2019-12-03 23:33:31,718 - INFO - allennlp.common.params - iterator.batch_size = 16
2019-12-03 23:33:31,718 - INFO - allennlp.common.params - iterator.instances_per_epoch = None
2019-12-03 23:33:31,719 - INFO - allennlp.common.params - iterator.max_instances_in_memory = None
2019-12-03 23:33:31,719 - INFO - allennlp.common.params - iterator.cache_instances = False
2019-12-03 23:33:31,719 - INFO - allennlp.common.params - iterator.track_epoch = False
2019-12-03 23:33:31,719 - INFO - allennlp.common.params - iterator.maximum_samples_per_batch = None
2019-12-03 23:33:31,719 - INFO - allennlp.common.params - validation_iterator = None
2019-12-03 23:33:31,719 - INFO - allennlp.common.params - trainer.no_grad = ()
2019-12-03 23:33:31,721 - INFO - my_library.training.transfer - Following parameters are Frozen  (without gradient):
2019-12-03 23:33:31,721 - INFO - my_library.training.transfer - Following parameters are Tunable (with gradient):
2019-12-03 23:33:31,721 - INFO - my_library.training.transfer - text_field_embedder.embeddings.word_embeddings.weight
2019-12-03 23:33:31,721 - INFO - my_library.training.transfer - text_field_embedder.embeddings.position_embeddings.weight
2019-12-03 23:33:31,721 - INFO - my_library.training.transfer - text_field_embedder.embeddings.token_type_embeddings.weight
2019-12-03 23:33:31,721 - INFO - my_library.training.transfer - text_field_embedder.embeddings.LayerNorm.weight
2019-12-03 23:33:31,721 - INFO - my_library.training.transfer - text_field_embedder.embeddings.LayerNorm.bias
2019-12-03 23:33:31,721 - INFO - my_library.training.transfer - text_field_embedder.encoder.layer.0.attention.self.query.weight
2019-12-03 23:33:31,721 - INFO - my_library.training.transfer - text_field_embedder.encoder.layer.0.attention.self.query.bias
2019-12-03 23:33:31,721 - INFO - my_library.training.transfer - text_field_embedder.encoder.layer.0.attention.self.key.weight
2019-12-03 23:33:31,721 - INFO - my_library.training.transfer - text_field_embedder.encoder.layer.0.attention.self.key.bias
2019-12-03 23:33:31,721 - INFO - my_library.training.transfer - text_field_embedder.encoder.layer.0.attention.self.value.weight
2019-12-03 23:33:31,722 - INFO - my_library.training.transfer - text_field_embedder.encoder.layer.0.attention.self.value.bias
2019-12-03 23:33:31,722 - INFO - my_library.training.transfer - text_field_embedder.encoder.layer.0.attention.output.dense.weight
2019-12-03 23:33:31,722 - INFO - my_library.training.transfer - text_field_embedder.encoder.layer.0.attention.output.dense.bias
2019-12-03 23:33:31,722 - INFO - my_library.training.transfer - text_field_embedder.encoder.layer.0.attention.output.LayerNorm.weight
2019-12-03 23:33:31,722 - INFO - my_library.training.transfer - text_field_embedder.encoder.layer.0.attention.output.LayerNorm.bias
2019-12-03 23:33:31,722 - INFO - my_library.training.transfer - text_field_embedder.encoder.layer.0.intermediate.dense.weight
2019-12-03 23:33:31,722 - INFO - my_library.training.transfer - text_field_embedder.encoder.layer.0.intermediate.dense.bias
2019-12-03 23:33:31,722 - INFO - my_library.training.transfer - text_field_embedder.encoder.layer.0.output.dense.weight
2019-12-03 23:33:31,722 - INFO - my_library.training.transfer - text_field_embedder.encoder.layer.0.output.dense.bias
2019-12-03 23:33:31,722 - INFO - my_library.training.transfer - text_field_embedder.encoder.layer.0.output.LayerNorm.weight
2019-12-03 23:33:31,722 - INFO - my_library.training.transfer - text_field_embedder.encoder.layer.0.output.LayerNorm.bias
2019-12-03 23:33:31,722 - INFO - my_library.training.transfer - text_field_embedder.encoder.layer.1.attention.self.query.weight
2019-12-03 23:33:31,722 - INFO - my_library.training.transfer - text_field_embedder.encoder.layer.1.attention.self.query.bias
2019-12-03 23:33:31,722 - INFO - my_library.training.transfer - text_field_embedder.encoder.layer.1.attention.self.key.weight
2019-12-03 23:33:31,722 - INFO - my_library.training.transfer - text_field_embedder.encoder.layer.1.attention.self.key.bias
2019-12-03 23:33:31,722 - INFO - my_library.training.transfer - text_field_embedder.encoder.layer.1.attention.self.value.weight
2019-12-03 23:33:31,722 - INFO - my_library.training.transfer - text_field_embedder.encoder.layer.1.attention.self.value.bias
2019-12-03 23:33:31,722 - INFO - my_library.training.transfer - text_field_embedder.encoder.layer.1.attention.output.dense.weight
2019-12-03 23:33:31,722 - INFO - my_library.training.transfer - text_field_embedder.encoder.layer.1.attention.output.dense.bias
2019-12-03 23:33:31,723 - INFO - my_library.training.transfer - text_field_embedder.encoder.layer.1.attention.output.LayerNorm.weight
2019-12-03 23:33:31,723 - INFO - my_library.training.transfer - text_field_embedder.encoder.layer.1.attention.output.LayerNorm.bias
2019-12-03 23:33:31,723 - INFO - my_library.training.transfer - text_field_embedder.encoder.layer.1.intermediate.dense.weight
2019-12-03 23:33:31,723 - INFO - my_library.training.transfer - text_field_embedder.encoder.layer.1.intermediate.dense.bias
2019-12-03 23:33:31,723 - INFO - my_library.training.transfer - text_field_embedder.encoder.layer.1.output.dense.weight
2019-12-03 23:33:31,723 - INFO - my_library.training.transfer - text_field_embedder.encoder.layer.1.output.dense.bias
2019-12-03 23:33:31,723 - INFO - my_library.training.transfer - text_field_embedder.encoder.layer.1.output.LayerNorm.weight
2019-12-03 23:33:31,723 - INFO - my_library.training.transfer - text_field_embedder.encoder.layer.1.output.LayerNorm.bias
2019-12-03 23:33:31,723 - INFO - my_library.training.transfer - text_field_embedder.encoder.layer.2.attention.self.query.weight
2019-12-03 23:33:31,723 - INFO - my_library.training.transfer - text_field_embedder.encoder.layer.2.attention.self.query.bias
2019-12-03 23:33:31,723 - INFO - my_library.training.transfer - text_field_embedder.encoder.layer.2.attention.self.key.weight
2019-12-03 23:33:31,723 - INFO - my_library.training.transfer - text_field_embedder.encoder.layer.2.attention.self.key.bias
2019-12-03 23:33:31,723 - INFO - my_library.training.transfer - text_field_embedder.encoder.layer.2.attention.self.value.weight
2019-12-03 23:33:31,723 - INFO - my_library.training.transfer - text_field_embedder.encoder.layer.2.attention.self.value.bias
2019-12-03 23:33:31,723 - INFO - my_library.training.transfer - text_field_embedder.encoder.layer.2.attention.output.dense.weight
2019-12-03 23:33:31,723 - INFO - my_library.training.transfer - text_field_embedder.encoder.layer.2.attention.output.dense.bias
2019-12-03 23:33:31,723 - INFO - my_library.training.transfer - text_field_embedder.encoder.layer.2.attention.output.LayerNorm.weight
2019-12-03 23:33:31,723 - INFO - my_library.training.transfer - text_field_embedder.encoder.layer.2.attention.output.LayerNorm.bias
2019-12-03 23:33:31,724 - INFO - my_library.training.transfer - text_field_embedder.encoder.layer.2.intermediate.dense.weight
2019-12-03 23:33:31,724 - INFO - my_library.training.transfer - text_field_embedder.encoder.layer.2.intermediate.dense.bias
2019-12-03 23:33:31,724 - INFO - my_library.training.transfer - text_field_embedder.encoder.layer.2.output.dense.weight
2019-12-03 23:33:31,724 - INFO - my_library.training.transfer - text_field_embedder.encoder.layer.2.output.dense.bias
2019-12-03 23:33:31,724 - INFO - my_library.training.transfer - text_field_embedder.encoder.layer.2.output.LayerNorm.weight
2019-12-03 23:33:31,724 - INFO - my_library.training.transfer - text_field_embedder.encoder.layer.2.output.LayerNorm.bias
2019-12-03 23:33:31,724 - INFO - my_library.training.transfer - text_field_embedder.encoder.layer.3.attention.self.query.weight
2019-12-03 23:33:31,724 - INFO - my_library.training.transfer - text_field_embedder.encoder.layer.3.attention.self.query.bias
2019-12-03 23:33:31,724 - INFO - my_library.training.transfer - text_field_embedder.encoder.layer.3.attention.self.key.weight
2019-12-03 23:33:31,724 - INFO - my_library.training.transfer - text_field_embedder.encoder.layer.3.attention.self.key.bias
2019-12-03 23:33:31,724 - INFO - my_library.training.transfer - text_field_embedder.encoder.layer.3.attention.self.value.weight
2019-12-03 23:33:31,724 - INFO - my_library.training.transfer - text_field_embedder.encoder.layer.3.attention.self.value.bias
2019-12-03 23:33:31,724 - INFO - my_library.training.transfer - text_field_embedder.encoder.layer.3.attention.output.dense.weight
2019-12-03 23:33:31,724 - INFO - my_library.training.transfer - text_field_embedder.encoder.layer.3.attention.output.dense.bias
2019-12-03 23:33:31,724 - INFO - my_library.training.transfer - text_field_embedder.encoder.layer.3.attention.output.LayerNorm.weight
2019-12-03 23:33:31,724 - INFO - my_library.training.transfer - text_field_embedder.encoder.layer.3.attention.output.LayerNorm.bias
2019-12-03 23:33:31,724 - INFO - my_library.training.transfer - text_field_embedder.encoder.layer.3.intermediate.dense.weight
2019-12-03 23:33:31,724 - INFO - my_library.training.transfer - text_field_embedder.encoder.layer.3.intermediate.dense.bias
2019-12-03 23:33:31,724 - INFO - my_library.training.transfer - text_field_embedder.encoder.layer.3.output.dense.weight
2019-12-03 23:33:31,725 - INFO - my_library.training.transfer - text_field_embedder.encoder.layer.3.output.dense.bias
2019-12-03 23:33:31,725 - INFO - my_library.training.transfer - text_field_embedder.encoder.layer.3.output.LayerNorm.weight
2019-12-03 23:33:31,725 - INFO - my_library.training.transfer - text_field_embedder.encoder.layer.3.output.LayerNorm.bias
2019-12-03 23:33:31,725 - INFO - my_library.training.transfer - text_field_embedder.encoder.layer.4.attention.self.query.weight
2019-12-03 23:33:31,725 - INFO - my_library.training.transfer - text_field_embedder.encoder.layer.4.attention.self.query.bias
2019-12-03 23:33:31,725 - INFO - my_library.training.transfer - text_field_embedder.encoder.layer.4.attention.self.key.weight
2019-12-03 23:33:31,725 - INFO - my_library.training.transfer - text_field_embedder.encoder.layer.4.attention.self.key.bias
2019-12-03 23:33:31,725 - INFO - my_library.training.transfer - text_field_embedder.encoder.layer.4.attention.self.value.weight
2019-12-03 23:33:31,725 - INFO - my_library.training.transfer - text_field_embedder.encoder.layer.4.attention.self.value.bias
2019-12-03 23:33:31,725 - INFO - my_library.training.transfer - text_field_embedder.encoder.layer.4.attention.output.dense.weight
2019-12-03 23:33:31,725 - INFO - my_library.training.transfer - text_field_embedder.encoder.layer.4.attention.output.dense.bias
2019-12-03 23:33:31,725 - INFO - my_library.training.transfer - text_field_embedder.encoder.layer.4.attention.output.LayerNorm.weight
2019-12-03 23:33:31,725 - INFO - my_library.training.transfer - text_field_embedder.encoder.layer.4.attention.output.LayerNorm.bias
2019-12-03 23:33:31,725 - INFO - my_library.training.transfer - text_field_embedder.encoder.layer.4.intermediate.dense.weight
2019-12-03 23:33:31,725 - INFO - my_library.training.transfer - text_field_embedder.encoder.layer.4.intermediate.dense.bias
2019-12-03 23:33:31,725 - INFO - my_library.training.transfer - text_field_embedder.encoder.layer.4.output.dense.weight
2019-12-03 23:33:31,725 - INFO - my_library.training.transfer - text_field_embedder.encoder.layer.4.output.dense.bias
2019-12-03 23:33:31,725 - INFO - my_library.training.transfer - text_field_embedder.encoder.layer.4.output.LayerNorm.weight
2019-12-03 23:33:31,725 - INFO - my_library.training.transfer - text_field_embedder.encoder.layer.4.output.LayerNorm.bias
2019-12-03 23:33:31,726 - INFO - my_library.training.transfer - text_field_embedder.encoder.layer.5.attention.self.query.weight
2019-12-03 23:33:31,726 - INFO - my_library.training.transfer - text_field_embedder.encoder.layer.5.attention.self.query.bias
2019-12-03 23:33:31,726 - INFO - my_library.training.transfer - text_field_embedder.encoder.layer.5.attention.self.key.weight
2019-12-03 23:33:31,726 - INFO - my_library.training.transfer - text_field_embedder.encoder.layer.5.attention.self.key.bias
2019-12-03 23:33:31,726 - INFO - my_library.training.transfer - text_field_embedder.encoder.layer.5.attention.self.value.weight
2019-12-03 23:33:31,726 - INFO - my_library.training.transfer - text_field_embedder.encoder.layer.5.attention.self.value.bias
2019-12-03 23:33:31,726 - INFO - my_library.training.transfer - text_field_embedder.encoder.layer.5.attention.output.dense.weight
2019-12-03 23:33:31,726 - INFO - my_library.training.transfer - text_field_embedder.encoder.layer.5.attention.output.dense.bias
2019-12-03 23:33:31,726 - INFO - my_library.training.transfer - text_field_embedder.encoder.layer.5.attention.output.LayerNorm.weight
2019-12-03 23:33:31,726 - INFO - my_library.training.transfer - text_field_embedder.encoder.layer.5.attention.output.LayerNorm.bias
2019-12-03 23:33:31,726 - INFO - my_library.training.transfer - text_field_embedder.encoder.layer.5.intermediate.dense.weight
2019-12-03 23:33:31,726 - INFO - my_library.training.transfer - text_field_embedder.encoder.layer.5.intermediate.dense.bias
2019-12-03 23:33:31,726 - INFO - my_library.training.transfer - text_field_embedder.encoder.layer.5.output.dense.weight
2019-12-03 23:33:31,726 - INFO - my_library.training.transfer - text_field_embedder.encoder.layer.5.output.dense.bias
2019-12-03 23:33:31,726 - INFO - my_library.training.transfer - text_field_embedder.encoder.layer.5.output.LayerNorm.weight
2019-12-03 23:33:31,726 - INFO - my_library.training.transfer - text_field_embedder.encoder.layer.5.output.LayerNorm.bias
2019-12-03 23:33:31,726 - INFO - my_library.training.transfer - text_field_embedder.encoder.layer.6.attention.self.query.weight
2019-12-03 23:33:31,726 - INFO - my_library.training.transfer - text_field_embedder.encoder.layer.6.attention.self.query.bias
2019-12-03 23:33:31,726 - INFO - my_library.training.transfer - text_field_embedder.encoder.layer.6.attention.self.key.weight
2019-12-03 23:33:31,727 - INFO - my_library.training.transfer - text_field_embedder.encoder.layer.6.attention.self.key.bias
2019-12-03 23:33:31,727 - INFO - my_library.training.transfer - text_field_embedder.encoder.layer.6.attention.self.value.weight
2019-12-03 23:33:31,727 - INFO - my_library.training.transfer - text_field_embedder.encoder.layer.6.attention.self.value.bias
2019-12-03 23:33:31,727 - INFO - my_library.training.transfer - text_field_embedder.encoder.layer.6.attention.output.dense.weight
2019-12-03 23:33:31,727 - INFO - my_library.training.transfer - text_field_embedder.encoder.layer.6.attention.output.dense.bias
2019-12-03 23:33:31,727 - INFO - my_library.training.transfer - text_field_embedder.encoder.layer.6.attention.output.LayerNorm.weight
2019-12-03 23:33:31,727 - INFO - my_library.training.transfer - text_field_embedder.encoder.layer.6.attention.output.LayerNorm.bias
2019-12-03 23:33:31,727 - INFO - my_library.training.transfer - text_field_embedder.encoder.layer.6.intermediate.dense.weight
2019-12-03 23:33:31,727 - INFO - my_library.training.transfer - text_field_embedder.encoder.layer.6.intermediate.dense.bias
2019-12-03 23:33:31,727 - INFO - my_library.training.transfer - text_field_embedder.encoder.layer.6.output.dense.weight
2019-12-03 23:33:31,727 - INFO - my_library.training.transfer - text_field_embedder.encoder.layer.6.output.dense.bias
2019-12-03 23:33:31,727 - INFO - my_library.training.transfer - text_field_embedder.encoder.layer.6.output.LayerNorm.weight
2019-12-03 23:33:31,727 - INFO - my_library.training.transfer - text_field_embedder.encoder.layer.6.output.LayerNorm.bias
2019-12-03 23:33:31,727 - INFO - my_library.training.transfer - text_field_embedder.encoder.layer.7.attention.self.query.weight
2019-12-03 23:33:31,727 - INFO - my_library.training.transfer - text_field_embedder.encoder.layer.7.attention.self.query.bias
2019-12-03 23:33:31,727 - INFO - my_library.training.transfer - text_field_embedder.encoder.layer.7.attention.self.key.weight
2019-12-03 23:33:31,727 - INFO - my_library.training.transfer - text_field_embedder.encoder.layer.7.attention.self.key.bias
2019-12-03 23:33:31,727 - INFO - my_library.training.transfer - text_field_embedder.encoder.layer.7.attention.self.value.weight
2019-12-03 23:33:31,728 - INFO - my_library.training.transfer - text_field_embedder.encoder.layer.7.attention.self.value.bias
2019-12-03 23:33:31,728 - INFO - my_library.training.transfer - text_field_embedder.encoder.layer.7.attention.output.dense.weight
2019-12-03 23:33:31,728 - INFO - my_library.training.transfer - text_field_embedder.encoder.layer.7.attention.output.dense.bias
2019-12-03 23:33:31,728 - INFO - my_library.training.transfer - text_field_embedder.encoder.layer.7.attention.output.LayerNorm.weight
2019-12-03 23:33:31,728 - INFO - my_library.training.transfer - text_field_embedder.encoder.layer.7.attention.output.LayerNorm.bias
2019-12-03 23:33:31,728 - INFO - my_library.training.transfer - text_field_embedder.encoder.layer.7.intermediate.dense.weight
2019-12-03 23:33:31,728 - INFO - my_library.training.transfer - text_field_embedder.encoder.layer.7.intermediate.dense.bias
2019-12-03 23:33:31,728 - INFO - my_library.training.transfer - text_field_embedder.encoder.layer.7.output.dense.weight
2019-12-03 23:33:31,728 - INFO - my_library.training.transfer - text_field_embedder.encoder.layer.7.output.dense.bias
2019-12-03 23:33:31,728 - INFO - my_library.training.transfer - text_field_embedder.encoder.layer.7.output.LayerNorm.weight
2019-12-03 23:33:31,728 - INFO - my_library.training.transfer - text_field_embedder.encoder.layer.7.output.LayerNorm.bias
2019-12-03 23:33:31,728 - INFO - my_library.training.transfer - text_field_embedder.encoder.layer.8.attention.self.query.weight
2019-12-03 23:33:31,728 - INFO - my_library.training.transfer - text_field_embedder.encoder.layer.8.attention.self.query.bias
2019-12-03 23:33:31,728 - INFO - my_library.training.transfer - text_field_embedder.encoder.layer.8.attention.self.key.weight
2019-12-03 23:33:31,728 - INFO - my_library.training.transfer - text_field_embedder.encoder.layer.8.attention.self.key.bias
2019-12-03 23:33:31,728 - INFO - my_library.training.transfer - text_field_embedder.encoder.layer.8.attention.self.value.weight
2019-12-03 23:33:31,728 - INFO - my_library.training.transfer - text_field_embedder.encoder.layer.8.attention.self.value.bias
2019-12-03 23:33:31,728 - INFO - my_library.training.transfer - text_field_embedder.encoder.layer.8.attention.output.dense.weight
2019-12-03 23:33:31,728 - INFO - my_library.training.transfer - text_field_embedder.encoder.layer.8.attention.output.dense.bias
2019-12-03 23:33:31,729 - INFO - my_library.training.transfer - text_field_embedder.encoder.layer.8.attention.output.LayerNorm.weight
2019-12-03 23:33:31,729 - INFO - my_library.training.transfer - text_field_embedder.encoder.layer.8.attention.output.LayerNorm.bias
2019-12-03 23:33:31,729 - INFO - my_library.training.transfer - text_field_embedder.encoder.layer.8.intermediate.dense.weight
2019-12-03 23:33:31,729 - INFO - my_library.training.transfer - text_field_embedder.encoder.layer.8.intermediate.dense.bias
2019-12-03 23:33:31,729 - INFO - my_library.training.transfer - text_field_embedder.encoder.layer.8.output.dense.weight
2019-12-03 23:33:31,729 - INFO - my_library.training.transfer - text_field_embedder.encoder.layer.8.output.dense.bias
2019-12-03 23:33:31,729 - INFO - my_library.training.transfer - text_field_embedder.encoder.layer.8.output.LayerNorm.weight
2019-12-03 23:33:31,729 - INFO - my_library.training.transfer - text_field_embedder.encoder.layer.8.output.LayerNorm.bias
2019-12-03 23:33:31,729 - INFO - my_library.training.transfer - text_field_embedder.encoder.layer.9.attention.self.query.weight
2019-12-03 23:33:31,729 - INFO - my_library.training.transfer - text_field_embedder.encoder.layer.9.attention.self.query.bias
2019-12-03 23:33:31,729 - INFO - my_library.training.transfer - text_field_embedder.encoder.layer.9.attention.self.key.weight
2019-12-03 23:33:31,729 - INFO - my_library.training.transfer - text_field_embedder.encoder.layer.9.attention.self.key.bias
2019-12-03 23:33:31,729 - INFO - my_library.training.transfer - text_field_embedder.encoder.layer.9.attention.self.value.weight
2019-12-03 23:33:31,729 - INFO - my_library.training.transfer - text_field_embedder.encoder.layer.9.attention.self.value.bias
2019-12-03 23:33:31,729 - INFO - my_library.training.transfer - text_field_embedder.encoder.layer.9.attention.output.dense.weight
2019-12-03 23:33:31,729 - INFO - my_library.training.transfer - text_field_embedder.encoder.layer.9.attention.output.dense.bias
2019-12-03 23:33:31,729 - INFO - my_library.training.transfer - text_field_embedder.encoder.layer.9.attention.output.LayerNorm.weight
2019-12-03 23:33:31,729 - INFO - my_library.training.transfer - text_field_embedder.encoder.layer.9.attention.output.LayerNorm.bias
2019-12-03 23:33:31,730 - INFO - my_library.training.transfer - text_field_embedder.encoder.layer.9.intermediate.dense.weight
2019-12-03 23:33:31,730 - INFO - my_library.training.transfer - text_field_embedder.encoder.layer.9.intermediate.dense.bias
2019-12-03 23:33:31,730 - INFO - my_library.training.transfer - text_field_embedder.encoder.layer.9.output.dense.weight
2019-12-03 23:33:31,730 - INFO - my_library.training.transfer - text_field_embedder.encoder.layer.9.output.dense.bias
2019-12-03 23:33:31,730 - INFO - my_library.training.transfer - text_field_embedder.encoder.layer.9.output.LayerNorm.weight
2019-12-03 23:33:31,730 - INFO - my_library.training.transfer - text_field_embedder.encoder.layer.9.output.LayerNorm.bias
2019-12-03 23:33:31,730 - INFO - my_library.training.transfer - text_field_embedder.encoder.layer.10.attention.self.query.weight
2019-12-03 23:33:31,730 - INFO - my_library.training.transfer - text_field_embedder.encoder.layer.10.attention.self.query.bias
2019-12-03 23:33:31,730 - INFO - my_library.training.transfer - text_field_embedder.encoder.layer.10.attention.self.key.weight
2019-12-03 23:33:31,730 - INFO - my_library.training.transfer - text_field_embedder.encoder.layer.10.attention.self.key.bias
2019-12-03 23:33:31,730 - INFO - my_library.training.transfer - text_field_embedder.encoder.layer.10.attention.self.value.weight
2019-12-03 23:33:31,730 - INFO - my_library.training.transfer - text_field_embedder.encoder.layer.10.attention.self.value.bias
2019-12-03 23:33:31,730 - INFO - my_library.training.transfer - text_field_embedder.encoder.layer.10.attention.output.dense.weight
2019-12-03 23:33:31,730 - INFO - my_library.training.transfer - text_field_embedder.encoder.layer.10.attention.output.dense.bias
2019-12-03 23:33:31,730 - INFO - my_library.training.transfer - text_field_embedder.encoder.layer.10.attention.output.LayerNorm.weight
2019-12-03 23:33:31,730 - INFO - my_library.training.transfer - text_field_embedder.encoder.layer.10.attention.output.LayerNorm.bias
2019-12-03 23:33:31,730 - INFO - my_library.training.transfer - text_field_embedder.encoder.layer.10.intermediate.dense.weight
2019-12-03 23:33:31,730 - INFO - my_library.training.transfer - text_field_embedder.encoder.layer.10.intermediate.dense.bias
2019-12-03 23:33:31,730 - INFO - my_library.training.transfer - text_field_embedder.encoder.layer.10.output.dense.weight
2019-12-03 23:33:31,731 - INFO - my_library.training.transfer - text_field_embedder.encoder.layer.10.output.dense.bias
2019-12-03 23:33:31,731 - INFO - my_library.training.transfer - text_field_embedder.encoder.layer.10.output.LayerNorm.weight
2019-12-03 23:33:31,731 - INFO - my_library.training.transfer - text_field_embedder.encoder.layer.10.output.LayerNorm.bias
2019-12-03 23:33:31,731 - INFO - my_library.training.transfer - text_field_embedder.encoder.layer.11.attention.self.query.weight
2019-12-03 23:33:31,731 - INFO - my_library.training.transfer - text_field_embedder.encoder.layer.11.attention.self.query.bias
2019-12-03 23:33:31,731 - INFO - my_library.training.transfer - text_field_embedder.encoder.layer.11.attention.self.key.weight
2019-12-03 23:33:31,731 - INFO - my_library.training.transfer - text_field_embedder.encoder.layer.11.attention.self.key.bias
2019-12-03 23:33:31,731 - INFO - my_library.training.transfer - text_field_embedder.encoder.layer.11.attention.self.value.weight
2019-12-03 23:33:31,731 - INFO - my_library.training.transfer - text_field_embedder.encoder.layer.11.attention.self.value.bias
2019-12-03 23:33:31,731 - INFO - my_library.training.transfer - text_field_embedder.encoder.layer.11.attention.output.dense.weight
2019-12-03 23:33:31,731 - INFO - my_library.training.transfer - text_field_embedder.encoder.layer.11.attention.output.dense.bias
2019-12-03 23:33:31,731 - INFO - my_library.training.transfer - text_field_embedder.encoder.layer.11.attention.output.LayerNorm.weight
2019-12-03 23:33:31,731 - INFO - my_library.training.transfer - text_field_embedder.encoder.layer.11.attention.output.LayerNorm.bias
2019-12-03 23:33:31,731 - INFO - my_library.training.transfer - text_field_embedder.encoder.layer.11.intermediate.dense.weight
2019-12-03 23:33:31,731 - INFO - my_library.training.transfer - text_field_embedder.encoder.layer.11.intermediate.dense.bias
2019-12-03 23:33:31,731 - INFO - my_library.training.transfer - text_field_embedder.encoder.layer.11.output.dense.weight
2019-12-03 23:33:31,731 - INFO - my_library.training.transfer - text_field_embedder.encoder.layer.11.output.dense.bias
2019-12-03 23:33:31,731 - INFO - my_library.training.transfer - text_field_embedder.encoder.layer.11.output.LayerNorm.weight
2019-12-03 23:33:31,732 - INFO - my_library.training.transfer - text_field_embedder.encoder.layer.11.output.LayerNorm.bias
2019-12-03 23:33:31,732 - INFO - my_library.training.transfer - text_field_embedder.pooler.dense.weight
2019-12-03 23:33:31,732 - INFO - my_library.training.transfer - text_field_embedder.pooler.dense.bias
2019-12-03 23:33:31,732 - INFO - my_library.training.transfer - linear.weight
2019-12-03 23:33:31,732 - INFO - my_library.training.transfer - linear.bias
2019-12-03 23:33:31,732 - INFO - allennlp.common.params - trainer.type = default
2019-12-03 23:33:31,732 - INFO - allennlp.common.params - trainer.patience = 3
2019-12-03 23:33:31,732 - INFO - allennlp.common.params - trainer.validation_metric = +average_F1
2019-12-03 23:33:31,732 - INFO - allennlp.common.params - trainer.shuffle = True
2019-12-03 23:33:31,732 - INFO - allennlp.common.params - trainer.num_epochs = 30
2019-12-03 23:33:31,732 - INFO - allennlp.common.params - trainer.cuda_device = 1
2019-12-03 23:33:31,732 - INFO - allennlp.common.params - trainer.grad_norm = None
2019-12-03 23:33:31,732 - INFO - allennlp.common.params - trainer.grad_clipping = None
2019-12-03 23:33:31,732 - INFO - allennlp.common.params - trainer.learning_rate_scheduler = None
2019-12-03 23:33:34,887 - INFO - allennlp.common.params - trainer.optimizer.type = adagrad
2019-12-03 23:33:34,888 - INFO - allennlp.common.params - trainer.optimizer.parameter_groups = None
2019-12-03 23:33:34,888 - INFO - allennlp.training.optimizers - Number of trainable parameters: 109483778
2019-12-03 23:33:34,890 - INFO - allennlp.common.params - Converting Params object to dict; logging of default values will not occur when dictionary parameters are used subsequently.
2019-12-03 23:33:34,890 - INFO - allennlp.common.params - CURRENTLY DEFINED PARAMETERS: 
2019-12-03 23:33:34,890 - INFO - allennlp.common.params - trainer.optimizer.lr = 8e-05
2019-12-03 23:33:34,910 - INFO - allennlp.common.params - trainer.num_serialized_models_to_keep = 20
2019-12-03 23:33:34,910 - INFO - allennlp.common.params - trainer.keep_serialized_model_every_num_seconds = None
2019-12-03 23:33:34,911 - INFO - allennlp.common.params - trainer.model_save_interval = None
2019-12-03 23:33:34,911 - INFO - allennlp.common.params - trainer.summary_interval = 100
2019-12-03 23:33:34,911 - INFO - allennlp.common.params - trainer.histogram_interval = None
2019-12-03 23:33:34,911 - INFO - allennlp.common.params - trainer.should_log_parameter_statistics = True
2019-12-03 23:33:34,911 - INFO - allennlp.common.params - trainer.should_log_learning_rate = True
2019-12-03 23:33:34,911 - INFO - allennlp.common.params - trainer.log_batch_size_period = None
2019-12-03 23:33:34,915 - INFO - allennlp.common.params - evaluate_on_test = True
2019-12-03 23:33:34,915 - INFO - allennlp.training.trainer - Beginning training.
2019-12-03 23:33:34,915 - INFO - allennlp.training.trainer - Epoch 0/29
2019-12-03 23:33:34,915 - INFO - allennlp.training.trainer - Peak CPU memory usage MB: 3092.356
2019-12-03 23:33:35,210 - INFO - allennlp.training.trainer - GPU 0 memory usage MB: 11
2019-12-03 23:33:35,210 - INFO - allennlp.training.trainer - GPU 1 memory usage MB: 1243
2019-12-03 23:33:35,210 - INFO - allennlp.training.trainer - GPU 2 memory usage MB: 11
2019-12-03 23:33:35,210 - INFO - allennlp.training.trainer - GPU 3 memory usage MB: 11
2019-12-03 23:33:35,210 - INFO - allennlp.training.trainer - GPU 4 memory usage MB: 11
2019-12-03 23:33:35,210 - INFO - allennlp.training.trainer - GPU 5 memory usage MB: 11
2019-12-03 23:33:35,210 - INFO - allennlp.training.trainer - GPU 6 memory usage MB: 11
2019-12-03 23:33:35,210 - INFO - allennlp.training.trainer - GPU 7 memory usage MB: 11
2019-12-03 23:33:35,210 - INFO - allennlp.training.trainer - GPU 8 memory usage MB: 11
2019-12-03 23:33:35,210 - INFO - allennlp.training.trainer - GPU 9 memory usage MB: 11
2019-12-03 23:33:35,210 - INFO - allennlp.training.trainer - GPU 10 memory usage MB: 11
2019-12-03 23:33:35,211 - INFO - allennlp.training.trainer - GPU 11 memory usage MB: 11
2019-12-03 23:33:35,211 - INFO - allennlp.training.trainer - GPU 12 memory usage MB: 11
2019-12-03 23:33:35,211 - INFO - allennlp.training.trainer - GPU 13 memory usage MB: 11
2019-12-03 23:33:35,211 - INFO - allennlp.training.trainer - GPU 14 memory usage MB: 11
2019-12-03 23:33:35,211 - INFO - allennlp.training.trainer - GPU 15 memory usage MB: 11
2019-12-03 23:33:35,215 - INFO - allennlp.training.trainer - Training
2019-12-03 23:33:58,290 - INFO - allennlp.training.trainer - Validating
2019-12-03 23:33:59,250 - INFO - allennlp.training.trainer -                      Training |  Validation
2019-12-03 23:33:59,251 - INFO - allennlp.training.trainer - loss             |     0.424  |     0.386
2019-12-03 23:33:59,251 - INFO - allennlp.training.trainer - accuracy         |     0.833  |     0.883
2019-12-03 23:33:59,251 - INFO - allennlp.training.trainer - 0_F1             |     0.831  |     0.882
2019-12-03 23:33:59,251 - INFO - allennlp.training.trainer - cpu_memory_MB    |  3092.356  |       N/A
2019-12-03 23:33:59,251 - INFO - allennlp.training.trainer - gpu_13_memory_MB |    11.000  |       N/A
2019-12-03 23:33:59,251 - INFO - allennlp.training.trainer - gpu_1_memory_MB  |  1243.000  |       N/A
2019-12-03 23:33:59,251 - INFO - allennlp.training.trainer - gpu_14_memory_MB |    11.000  |       N/A
2019-12-03 23:33:59,251 - INFO - allennlp.training.trainer - gpu_6_memory_MB  |    11.000  |       N/A
2019-12-03 23:33:59,251 - INFO - allennlp.training.trainer - gpu_9_memory_MB  |    11.000  |       N/A
2019-12-03 23:33:59,251 - INFO - allennlp.training.trainer - gpu_12_memory_MB |    11.000  |       N/A
2019-12-03 23:33:59,251 - INFO - allennlp.training.trainer - gpu_0_memory_MB  |    11.000  |       N/A
2019-12-03 23:33:59,251 - INFO - allennlp.training.trainer - gpu_3_memory_MB  |    11.000  |       N/A
2019-12-03 23:33:59,251 - INFO - allennlp.training.trainer - gpu_5_memory_MB  |    11.000  |       N/A
2019-12-03 23:33:59,251 - INFO - allennlp.training.trainer - gpu_15_memory_MB |    11.000  |       N/A
2019-12-03 23:33:59,252 - INFO - allennlp.training.trainer - 1_F1             |     0.834  |     0.883
2019-12-03 23:33:59,252 - INFO - allennlp.training.trainer - gpu_4_memory_MB  |    11.000  |       N/A
2019-12-03 23:33:59,252 - INFO - allennlp.training.trainer - gpu_10_memory_MB |    11.000  |       N/A
2019-12-03 23:33:59,252 - INFO - allennlp.training.trainer - gpu_8_memory_MB  |    11.000  |       N/A
2019-12-03 23:33:59,252 - INFO - allennlp.training.trainer - gpu_11_memory_MB |    11.000  |       N/A
2019-12-03 23:33:59,252 - INFO - allennlp.training.trainer - average_F1       |     0.833  |     0.883
2019-12-03 23:33:59,252 - INFO - allennlp.training.trainer - gpu_2_memory_MB  |    11.000  |       N/A
2019-12-03 23:33:59,252 - INFO - allennlp.training.trainer - gpu_7_memory_MB  |    11.000  |       N/A
2019-12-03 23:34:00,133 - INFO - allennlp.training.trainer - Best validation performance so far. Copying weights to 'TransferSNT/01_8e-5linear/best.th'.
2019-12-03 23:34:00,605 - INFO - allennlp.training.trainer - Epoch duration: 00:00:25
2019-12-03 23:34:00,605 - INFO - allennlp.training.trainer - Estimated training time remaining: 0:12:25
2019-12-03 23:34:00,605 - INFO - allennlp.training.trainer - Epoch 1/29
2019-12-03 23:34:00,605 - INFO - allennlp.training.trainer - Peak CPU memory usage MB: 3092.356
2019-12-03 23:34:00,889 - INFO - allennlp.training.trainer - GPU 0 memory usage MB: 11
2019-12-03 23:34:00,889 - INFO - allennlp.training.trainer - GPU 1 memory usage MB: 3006
2019-12-03 23:34:00,889 - INFO - allennlp.training.trainer - GPU 2 memory usage MB: 11
2019-12-03 23:34:00,889 - INFO - allennlp.training.trainer - GPU 3 memory usage MB: 11
2019-12-03 23:34:00,889 - INFO - allennlp.training.trainer - GPU 4 memory usage MB: 11
2019-12-03 23:34:00,889 - INFO - allennlp.training.trainer - GPU 5 memory usage MB: 11
2019-12-03 23:34:00,890 - INFO - allennlp.training.trainer - GPU 6 memory usage MB: 11
2019-12-03 23:34:00,890 - INFO - allennlp.training.trainer - GPU 7 memory usage MB: 11
2019-12-03 23:34:00,890 - INFO - allennlp.training.trainer - GPU 8 memory usage MB: 11
2019-12-03 23:34:00,890 - INFO - allennlp.training.trainer - GPU 9 memory usage MB: 11
2019-12-03 23:34:00,890 - INFO - allennlp.training.trainer - GPU 10 memory usage MB: 11
2019-12-03 23:34:00,890 - INFO - allennlp.training.trainer - GPU 11 memory usage MB: 11
2019-12-03 23:34:00,890 - INFO - allennlp.training.trainer - GPU 12 memory usage MB: 11
2019-12-03 23:34:00,890 - INFO - allennlp.training.trainer - GPU 13 memory usage MB: 11
2019-12-03 23:34:00,890 - INFO - allennlp.training.trainer - GPU 14 memory usage MB: 11
2019-12-03 23:34:00,890 - INFO - allennlp.training.trainer - GPU 15 memory usage MB: 11
2019-12-03 23:34:00,891 - INFO - allennlp.training.trainer - Training
2019-12-03 23:34:23,886 - INFO - allennlp.training.trainer - Validating
2019-12-03 23:34:24,833 - INFO - allennlp.training.trainer -                      Training |  Validation
2019-12-03 23:34:24,834 - INFO - allennlp.training.trainer - loss             |     0.245  |     0.295
2019-12-03 23:34:24,834 - INFO - allennlp.training.trainer - accuracy         |     0.910  |     0.895
2019-12-03 23:34:24,834 - INFO - allennlp.training.trainer - 0_F1             |     0.909  |     0.894
2019-12-03 23:34:24,834 - INFO - allennlp.training.trainer - cpu_memory_MB    |  3092.356  |       N/A
2019-12-03 23:34:24,834 - INFO - allennlp.training.trainer - gpu_13_memory_MB |    11.000  |       N/A
2019-12-03 23:34:24,834 - INFO - allennlp.training.trainer - gpu_1_memory_MB  |  3006.000  |       N/A
2019-12-03 23:34:24,834 - INFO - allennlp.training.trainer - gpu_14_memory_MB |    11.000  |       N/A
2019-12-03 23:34:24,834 - INFO - allennlp.training.trainer - gpu_6_memory_MB  |    11.000  |       N/A
2019-12-03 23:34:24,834 - INFO - allennlp.training.trainer - gpu_9_memory_MB  |    11.000  |       N/A
2019-12-03 23:34:24,834 - INFO - allennlp.training.trainer - gpu_12_memory_MB |    11.000  |       N/A
2019-12-03 23:34:24,834 - INFO - allennlp.training.trainer - gpu_0_memory_MB  |    11.000  |       N/A
2019-12-03 23:34:24,834 - INFO - allennlp.training.trainer - gpu_3_memory_MB  |    11.000  |       N/A
2019-12-03 23:34:24,834 - INFO - allennlp.training.trainer - gpu_5_memory_MB  |    11.000  |       N/A
2019-12-03 23:34:24,834 - INFO - allennlp.training.trainer - gpu_15_memory_MB |    11.000  |       N/A
2019-12-03 23:34:24,835 - INFO - allennlp.training.trainer - 1_F1             |     0.911  |     0.896
2019-12-03 23:34:24,835 - INFO - allennlp.training.trainer - gpu_4_memory_MB  |    11.000  |       N/A
2019-12-03 23:34:24,835 - INFO - allennlp.training.trainer - gpu_10_memory_MB |    11.000  |       N/A
2019-12-03 23:34:24,835 - INFO - allennlp.training.trainer - gpu_8_memory_MB  |    11.000  |       N/A
2019-12-03 23:34:24,835 - INFO - allennlp.training.trainer - gpu_11_memory_MB |    11.000  |       N/A
2019-12-03 23:34:24,835 - INFO - allennlp.training.trainer - average_F1       |     0.910  |     0.895
2019-12-03 23:34:24,835 - INFO - allennlp.training.trainer - gpu_2_memory_MB  |    11.000  |       N/A
2019-12-03 23:34:24,835 - INFO - allennlp.training.trainer - gpu_7_memory_MB  |    11.000  |       N/A
2019-12-03 23:34:25,847 - INFO - allennlp.training.trainer - Best validation performance so far. Copying weights to 'TransferSNT/01_8e-5linear/best.th'.
2019-12-03 23:34:28,503 - INFO - allennlp.training.trainer - Epoch duration: 00:00:27
2019-12-03 23:34:28,506 - INFO - allennlp.training.trainer - Estimated training time remaining: 0:12:30
2019-12-03 23:34:28,506 - INFO - allennlp.training.trainer - Epoch 2/29
2019-12-03 23:34:28,506 - INFO - allennlp.training.trainer - Peak CPU memory usage MB: 3092.356
2019-12-03 23:34:28,790 - INFO - allennlp.training.trainer - GPU 0 memory usage MB: 11
2019-12-03 23:34:28,791 - INFO - allennlp.training.trainer - GPU 1 memory usage MB: 3010
2019-12-03 23:34:28,791 - INFO - allennlp.training.trainer - GPU 2 memory usage MB: 11
2019-12-03 23:34:28,791 - INFO - allennlp.training.trainer - GPU 3 memory usage MB: 11
2019-12-03 23:34:28,791 - INFO - allennlp.training.trainer - GPU 4 memory usage MB: 11
2019-12-03 23:34:28,791 - INFO - allennlp.training.trainer - GPU 5 memory usage MB: 11
2019-12-03 23:34:28,791 - INFO - allennlp.training.trainer - GPU 6 memory usage MB: 11
2019-12-03 23:34:28,791 - INFO - allennlp.training.trainer - GPU 7 memory usage MB: 11
2019-12-03 23:34:28,791 - INFO - allennlp.training.trainer - GPU 8 memory usage MB: 11
2019-12-03 23:34:28,791 - INFO - allennlp.training.trainer - GPU 9 memory usage MB: 11
2019-12-03 23:34:28,791 - INFO - allennlp.training.trainer - GPU 10 memory usage MB: 11
2019-12-03 23:34:28,791 - INFO - allennlp.training.trainer - GPU 11 memory usage MB: 11
2019-12-03 23:34:28,791 - INFO - allennlp.training.trainer - GPU 12 memory usage MB: 11
2019-12-03 23:34:28,792 - INFO - allennlp.training.trainer - GPU 13 memory usage MB: 11
2019-12-03 23:34:28,792 - INFO - allennlp.training.trainer - GPU 14 memory usage MB: 11
2019-12-03 23:34:28,792 - INFO - allennlp.training.trainer - GPU 15 memory usage MB: 11
2019-12-03 23:34:28,793 - INFO - allennlp.training.trainer - Training
2019-12-03 23:34:51,937 - INFO - allennlp.training.trainer - Validating
2019-12-03 23:34:52,858 - INFO - allennlp.training.trainer -                      Training |  Validation
2019-12-03 23:34:52,859 - INFO - allennlp.training.trainer - loss             |     0.165  |     0.293
2019-12-03 23:34:52,859 - INFO - allennlp.training.trainer - accuracy         |     0.944  |     0.901
2019-12-03 23:34:52,859 - INFO - allennlp.training.trainer - 0_F1             |     0.944  |     0.904
2019-12-03 23:34:52,859 - INFO - allennlp.training.trainer - cpu_memory_MB    |  3092.356  |       N/A
2019-12-03 23:34:52,859 - INFO - allennlp.training.trainer - gpu_13_memory_MB |    11.000  |       N/A
2019-12-03 23:34:52,860 - INFO - allennlp.training.trainer - gpu_1_memory_MB  |  3010.000  |       N/A
2019-12-03 23:34:52,860 - INFO - allennlp.training.trainer - gpu_14_memory_MB |    11.000  |       N/A
2019-12-03 23:34:52,860 - INFO - allennlp.training.trainer - gpu_6_memory_MB  |    11.000  |       N/A
2019-12-03 23:34:52,860 - INFO - allennlp.training.trainer - gpu_9_memory_MB  |    11.000  |       N/A
2019-12-03 23:34:52,860 - INFO - allennlp.training.trainer - gpu_12_memory_MB |    11.000  |       N/A
2019-12-03 23:34:52,860 - INFO - allennlp.training.trainer - gpu_0_memory_MB  |    11.000  |       N/A
2019-12-03 23:34:52,860 - INFO - allennlp.training.trainer - gpu_3_memory_MB  |    11.000  |       N/A
2019-12-03 23:34:52,860 - INFO - allennlp.training.trainer - gpu_5_memory_MB  |    11.000  |       N/A
2019-12-03 23:34:52,860 - INFO - allennlp.training.trainer - gpu_15_memory_MB |    11.000  |       N/A
2019-12-03 23:34:52,860 - INFO - allennlp.training.trainer - 1_F1             |     0.945  |     0.899
2019-12-03 23:34:52,860 - INFO - allennlp.training.trainer - gpu_4_memory_MB  |    11.000  |       N/A
2019-12-03 23:34:52,860 - INFO - allennlp.training.trainer - gpu_10_memory_MB |    11.000  |       N/A
2019-12-03 23:34:52,860 - INFO - allennlp.training.trainer - gpu_8_memory_MB  |    11.000  |       N/A
2019-12-03 23:34:52,860 - INFO - allennlp.training.trainer - gpu_11_memory_MB |    11.000  |       N/A
2019-12-03 23:34:52,860 - INFO - allennlp.training.trainer - average_F1       |     0.944  |     0.901
2019-12-03 23:34:52,860 - INFO - allennlp.training.trainer - gpu_2_memory_MB  |    11.000  |       N/A
2019-12-03 23:34:52,861 - INFO - allennlp.training.trainer - gpu_7_memory_MB  |    11.000  |       N/A
2019-12-03 23:34:53,855 - INFO - allennlp.training.trainer - Best validation performance so far. Copying weights to 'TransferSNT/01_8e-5linear/best.th'.
2019-12-03 23:34:56,436 - INFO - allennlp.training.trainer - Epoch duration: 00:00:27
2019-12-03 23:34:56,436 - INFO - allennlp.training.trainer - Estimated training time remaining: 0:12:13
2019-12-03 23:34:56,437 - INFO - allennlp.training.trainer - Epoch 3/29
2019-12-03 23:34:56,437 - INFO - allennlp.training.trainer - Peak CPU memory usage MB: 3092.356
2019-12-03 23:34:56,722 - INFO - allennlp.training.trainer - GPU 0 memory usage MB: 11
2019-12-03 23:34:56,722 - INFO - allennlp.training.trainer - GPU 1 memory usage MB: 3034
2019-12-03 23:34:56,723 - INFO - allennlp.training.trainer - GPU 2 memory usage MB: 11
2019-12-03 23:34:56,723 - INFO - allennlp.training.trainer - GPU 3 memory usage MB: 11
2019-12-03 23:34:56,723 - INFO - allennlp.training.trainer - GPU 4 memory usage MB: 11
2019-12-03 23:34:56,723 - INFO - allennlp.training.trainer - GPU 5 memory usage MB: 11
2019-12-03 23:34:56,723 - INFO - allennlp.training.trainer - GPU 6 memory usage MB: 11
2019-12-03 23:34:56,723 - INFO - allennlp.training.trainer - GPU 7 memory usage MB: 11
2019-12-03 23:34:56,723 - INFO - allennlp.training.trainer - GPU 8 memory usage MB: 11
2019-12-03 23:34:56,723 - INFO - allennlp.training.trainer - GPU 9 memory usage MB: 11
2019-12-03 23:34:56,723 - INFO - allennlp.training.trainer - GPU 10 memory usage MB: 11
2019-12-03 23:34:56,723 - INFO - allennlp.training.trainer - GPU 11 memory usage MB: 11
2019-12-03 23:34:56,723 - INFO - allennlp.training.trainer - GPU 12 memory usage MB: 11
2019-12-03 23:34:56,723 - INFO - allennlp.training.trainer - GPU 13 memory usage MB: 11
2019-12-03 23:34:56,723 - INFO - allennlp.training.trainer - GPU 14 memory usage MB: 11
2019-12-03 23:34:56,723 - INFO - allennlp.training.trainer - GPU 15 memory usage MB: 11
2019-12-03 23:34:56,725 - INFO - allennlp.training.trainer - Training
2019-12-03 23:35:19,775 - INFO - allennlp.training.trainer - Validating
2019-12-03 23:35:20,718 - INFO - allennlp.training.trainer -                      Training |  Validation
2019-12-03 23:35:20,719 - INFO - allennlp.training.trainer - loss             |     0.108  |     0.301
2019-12-03 23:35:20,719 - INFO - allennlp.training.trainer - accuracy         |     0.963  |     0.877
2019-12-03 23:35:20,719 - INFO - allennlp.training.trainer - 0_F1             |     0.962  |     0.875
2019-12-03 23:35:20,719 - INFO - allennlp.training.trainer - cpu_memory_MB    |  3092.356  |       N/A
2019-12-03 23:35:20,719 - INFO - allennlp.training.trainer - gpu_13_memory_MB |    11.000  |       N/A
2019-12-03 23:35:20,719 - INFO - allennlp.training.trainer - gpu_1_memory_MB  |  3034.000  |       N/A
2019-12-03 23:35:20,719 - INFO - allennlp.training.trainer - gpu_14_memory_MB |    11.000  |       N/A
2019-12-03 23:35:20,719 - INFO - allennlp.training.trainer - gpu_6_memory_MB  |    11.000  |       N/A
2019-12-03 23:35:20,719 - INFO - allennlp.training.trainer - gpu_9_memory_MB  |    11.000  |       N/A
2019-12-03 23:35:20,719 - INFO - allennlp.training.trainer - gpu_12_memory_MB |    11.000  |       N/A
2019-12-03 23:35:20,720 - INFO - allennlp.training.trainer - gpu_0_memory_MB  |    11.000  |       N/A
2019-12-03 23:35:20,720 - INFO - allennlp.training.trainer - gpu_3_memory_MB  |    11.000  |       N/A
2019-12-03 23:35:20,720 - INFO - allennlp.training.trainer - gpu_5_memory_MB  |    11.000  |       N/A
2019-12-03 23:35:20,720 - INFO - allennlp.training.trainer - gpu_15_memory_MB |    11.000  |       N/A
2019-12-03 23:35:20,720 - INFO - allennlp.training.trainer - 1_F1             |     0.963  |     0.878
2019-12-03 23:35:20,720 - INFO - allennlp.training.trainer - gpu_4_memory_MB  |    11.000  |       N/A
2019-12-03 23:35:20,720 - INFO - allennlp.training.trainer - gpu_10_memory_MB |    11.000  |       N/A
2019-12-03 23:35:20,720 - INFO - allennlp.training.trainer - gpu_8_memory_MB  |    11.000  |       N/A
2019-12-03 23:35:20,720 - INFO - allennlp.training.trainer - gpu_11_memory_MB |    11.000  |       N/A
2019-12-03 23:35:20,720 - INFO - allennlp.training.trainer - average_F1       |     0.963  |     0.877
2019-12-03 23:35:20,720 - INFO - allennlp.training.trainer - gpu_2_memory_MB  |    11.000  |       N/A
2019-12-03 23:35:20,720 - INFO - allennlp.training.trainer - gpu_7_memory_MB  |    11.000  |       N/A
2019-12-03 23:35:21,715 - INFO - allennlp.training.trainer - Epoch duration: 00:00:25
2019-12-03 23:35:21,715 - INFO - allennlp.training.trainer - Estimated training time remaining: 0:11:34
2019-12-03 23:35:21,715 - INFO - allennlp.training.trainer - Epoch 4/29
2019-12-03 23:35:21,715 - INFO - allennlp.training.trainer - Peak CPU memory usage MB: 3092.356
2019-12-03 23:35:21,997 - INFO - allennlp.training.trainer - GPU 0 memory usage MB: 11
2019-12-03 23:35:21,998 - INFO - allennlp.training.trainer - GPU 1 memory usage MB: 3034
2019-12-03 23:35:21,998 - INFO - allennlp.training.trainer - GPU 2 memory usage MB: 11
2019-12-03 23:35:21,998 - INFO - allennlp.training.trainer - GPU 3 memory usage MB: 11
2019-12-03 23:35:21,998 - INFO - allennlp.training.trainer - GPU 4 memory usage MB: 11
2019-12-03 23:35:21,998 - INFO - allennlp.training.trainer - GPU 5 memory usage MB: 11
2019-12-03 23:35:21,998 - INFO - allennlp.training.trainer - GPU 6 memory usage MB: 11
2019-12-03 23:35:21,998 - INFO - allennlp.training.trainer - GPU 7 memory usage MB: 11
2019-12-03 23:35:21,998 - INFO - allennlp.training.trainer - GPU 8 memory usage MB: 11
2019-12-03 23:35:21,998 - INFO - allennlp.training.trainer - GPU 9 memory usage MB: 11
2019-12-03 23:35:21,998 - INFO - allennlp.training.trainer - GPU 10 memory usage MB: 11
2019-12-03 23:35:21,998 - INFO - allennlp.training.trainer - GPU 11 memory usage MB: 11
2019-12-03 23:35:21,998 - INFO - allennlp.training.trainer - GPU 12 memory usage MB: 11
2019-12-03 23:35:21,998 - INFO - allennlp.training.trainer - GPU 13 memory usage MB: 11
2019-12-03 23:35:21,998 - INFO - allennlp.training.trainer - GPU 14 memory usage MB: 11
2019-12-03 23:35:21,999 - INFO - allennlp.training.trainer - GPU 15 memory usage MB: 11
2019-12-03 23:35:22,000 - INFO - allennlp.training.trainer - Training
2019-12-03 23:35:45,261 - INFO - allennlp.training.trainer - Validating
2019-12-03 23:35:46,207 - INFO - allennlp.training.trainer -                      Training |  Validation
2019-12-03 23:35:46,207 - INFO - allennlp.training.trainer - loss             |     0.070  |     0.328
2019-12-03 23:35:46,207 - INFO - allennlp.training.trainer - accuracy         |     0.982  |     0.914
2019-12-03 23:35:46,208 - INFO - allennlp.training.trainer - 0_F1             |     0.982  |     0.916
2019-12-03 23:35:46,208 - INFO - allennlp.training.trainer - cpu_memory_MB    |  3092.356  |       N/A
2019-12-03 23:35:46,208 - INFO - allennlp.training.trainer - gpu_13_memory_MB |    11.000  |       N/A
2019-12-03 23:35:46,208 - INFO - allennlp.training.trainer - gpu_1_memory_MB  |  3034.000  |       N/A
2019-12-03 23:35:46,208 - INFO - allennlp.training.trainer - gpu_14_memory_MB |    11.000  |       N/A
2019-12-03 23:35:46,208 - INFO - allennlp.training.trainer - gpu_6_memory_MB  |    11.000  |       N/A
2019-12-03 23:35:46,208 - INFO - allennlp.training.trainer - gpu_9_memory_MB  |    11.000  |       N/A
2019-12-03 23:35:46,208 - INFO - allennlp.training.trainer - gpu_12_memory_MB |    11.000  |       N/A
2019-12-03 23:35:46,208 - INFO - allennlp.training.trainer - gpu_0_memory_MB  |    11.000  |       N/A
2019-12-03 23:35:46,209 - INFO - allennlp.training.trainer - gpu_3_memory_MB  |    11.000  |       N/A
2019-12-03 23:35:46,209 - INFO - allennlp.training.trainer - gpu_5_memory_MB  |    11.000  |       N/A
2019-12-03 23:35:46,209 - INFO - allennlp.training.trainer - gpu_15_memory_MB |    11.000  |       N/A
2019-12-03 23:35:46,209 - INFO - allennlp.training.trainer - 1_F1             |     0.983  |     0.911
2019-12-03 23:35:46,209 - INFO - allennlp.training.trainer - gpu_4_memory_MB  |    11.000  |       N/A
2019-12-03 23:35:46,209 - INFO - allennlp.training.trainer - gpu_10_memory_MB |    11.000  |       N/A
2019-12-03 23:35:46,209 - INFO - allennlp.training.trainer - gpu_8_memory_MB  |    11.000  |       N/A
2019-12-03 23:35:46,209 - INFO - allennlp.training.trainer - gpu_11_memory_MB |    11.000  |       N/A
2019-12-03 23:35:46,209 - INFO - allennlp.training.trainer - average_F1       |     0.982  |     0.914
2019-12-03 23:35:46,209 - INFO - allennlp.training.trainer - gpu_2_memory_MB  |    11.000  |       N/A
2019-12-03 23:35:46,209 - INFO - allennlp.training.trainer - gpu_7_memory_MB  |    11.000  |       N/A
2019-12-03 23:35:47,212 - INFO - allennlp.training.trainer - Best validation performance so far. Copying weights to 'TransferSNT/01_8e-5linear/best.th'.
2019-12-03 23:35:49,808 - INFO - allennlp.training.trainer - Epoch duration: 00:00:28
2019-12-03 23:35:49,808 - INFO - allennlp.training.trainer - Estimated training time remaining: 0:11:14
2019-12-03 23:35:49,809 - INFO - allennlp.training.trainer - Epoch 5/29
2019-12-03 23:35:49,809 - INFO - allennlp.training.trainer - Peak CPU memory usage MB: 3092.356
2019-12-03 23:35:50,097 - INFO - allennlp.training.trainer - GPU 0 memory usage MB: 11
2019-12-03 23:35:50,097 - INFO - allennlp.training.trainer - GPU 1 memory usage MB: 3034
2019-12-03 23:35:50,097 - INFO - allennlp.training.trainer - GPU 2 memory usage MB: 11
2019-12-03 23:35:50,097 - INFO - allennlp.training.trainer - GPU 3 memory usage MB: 11
2019-12-03 23:35:50,097 - INFO - allennlp.training.trainer - GPU 4 memory usage MB: 11
2019-12-03 23:35:50,097 - INFO - allennlp.training.trainer - GPU 5 memory usage MB: 11
2019-12-03 23:35:50,097 - INFO - allennlp.training.trainer - GPU 6 memory usage MB: 11
2019-12-03 23:35:50,098 - INFO - allennlp.training.trainer - GPU 7 memory usage MB: 11
2019-12-03 23:35:50,098 - INFO - allennlp.training.trainer - GPU 8 memory usage MB: 11
2019-12-03 23:35:50,098 - INFO - allennlp.training.trainer - GPU 9 memory usage MB: 11
2019-12-03 23:35:50,098 - INFO - allennlp.training.trainer - GPU 10 memory usage MB: 11
2019-12-03 23:35:50,098 - INFO - allennlp.training.trainer - GPU 11 memory usage MB: 11
2019-12-03 23:35:50,098 - INFO - allennlp.training.trainer - GPU 12 memory usage MB: 11
2019-12-03 23:35:50,098 - INFO - allennlp.training.trainer - GPU 13 memory usage MB: 11
2019-12-03 23:35:50,098 - INFO - allennlp.training.trainer - GPU 14 memory usage MB: 11
2019-12-03 23:35:50,098 - INFO - allennlp.training.trainer - GPU 15 memory usage MB: 11
2019-12-03 23:35:50,099 - INFO - allennlp.training.trainer - Training
2019-12-03 23:36:13,198 - INFO - allennlp.training.trainer - Validating
2019-12-03 23:36:14,153 - INFO - allennlp.training.trainer -                      Training |  Validation
2019-12-03 23:36:14,153 - INFO - allennlp.training.trainer - loss             |     0.046  |     0.331
2019-12-03 23:36:14,153 - INFO - allennlp.training.trainer - accuracy         |     0.989  |     0.889
2019-12-03 23:36:14,153 - INFO - allennlp.training.trainer - 0_F1             |     0.989  |     0.889
2019-12-03 23:36:14,153 - INFO - allennlp.training.trainer - cpu_memory_MB    |  3092.356  |       N/A
2019-12-03 23:36:14,154 - INFO - allennlp.training.trainer - gpu_13_memory_MB |    11.000  |       N/A
2019-12-03 23:36:14,154 - INFO - allennlp.training.trainer - gpu_1_memory_MB  |  3034.000  |       N/A
2019-12-03 23:36:14,154 - INFO - allennlp.training.trainer - gpu_14_memory_MB |    11.000  |       N/A
2019-12-03 23:36:14,154 - INFO - allennlp.training.trainer - gpu_6_memory_MB  |    11.000  |       N/A
2019-12-03 23:36:14,154 - INFO - allennlp.training.trainer - gpu_9_memory_MB  |    11.000  |       N/A
2019-12-03 23:36:14,154 - INFO - allennlp.training.trainer - gpu_12_memory_MB |    11.000  |       N/A
2019-12-03 23:36:14,154 - INFO - allennlp.training.trainer - gpu_0_memory_MB  |    11.000  |       N/A
2019-12-03 23:36:14,154 - INFO - allennlp.training.trainer - gpu_3_memory_MB  |    11.000  |       N/A
2019-12-03 23:36:14,154 - INFO - allennlp.training.trainer - gpu_5_memory_MB  |    11.000  |       N/A
2019-12-03 23:36:14,154 - INFO - allennlp.training.trainer - gpu_15_memory_MB |    11.000  |       N/A
2019-12-03 23:36:14,154 - INFO - allennlp.training.trainer - 1_F1             |     0.989  |     0.889
2019-12-03 23:36:14,154 - INFO - allennlp.training.trainer - gpu_4_memory_MB  |    11.000  |       N/A
2019-12-03 23:36:14,154 - INFO - allennlp.training.trainer - gpu_10_memory_MB |    11.000  |       N/A
2019-12-03 23:36:14,154 - INFO - allennlp.training.trainer - gpu_8_memory_MB  |    11.000  |       N/A
2019-12-03 23:36:14,154 - INFO - allennlp.training.trainer - gpu_11_memory_MB |    11.000  |       N/A
2019-12-03 23:36:14,154 - INFO - allennlp.training.trainer - average_F1       |     0.989  |     0.889
2019-12-03 23:36:14,155 - INFO - allennlp.training.trainer - gpu_2_memory_MB  |    11.000  |       N/A
2019-12-03 23:36:14,155 - INFO - allennlp.training.trainer - gpu_7_memory_MB  |    11.000  |       N/A
2019-12-03 23:36:15,152 - INFO - allennlp.training.trainer - Epoch duration: 00:00:25
2019-12-03 23:36:15,152 - INFO - allennlp.training.trainer - Estimated training time remaining: 0:10:40
2019-12-03 23:36:15,152 - INFO - allennlp.training.trainer - Epoch 6/29
2019-12-03 23:36:15,152 - INFO - allennlp.training.trainer - Peak CPU memory usage MB: 3092.356
2019-12-03 23:36:15,442 - INFO - allennlp.training.trainer - GPU 0 memory usage MB: 11
2019-12-03 23:36:15,442 - INFO - allennlp.training.trainer - GPU 1 memory usage MB: 3034
2019-12-03 23:36:15,443 - INFO - allennlp.training.trainer - GPU 2 memory usage MB: 11
2019-12-03 23:36:15,443 - INFO - allennlp.training.trainer - GPU 3 memory usage MB: 11
2019-12-03 23:36:15,443 - INFO - allennlp.training.trainer - GPU 4 memory usage MB: 11
2019-12-03 23:36:15,443 - INFO - allennlp.training.trainer - GPU 5 memory usage MB: 11
2019-12-03 23:36:15,443 - INFO - allennlp.training.trainer - GPU 6 memory usage MB: 11
2019-12-03 23:36:15,443 - INFO - allennlp.training.trainer - GPU 7 memory usage MB: 11
2019-12-03 23:36:15,443 - INFO - allennlp.training.trainer - GPU 8 memory usage MB: 11
2019-12-03 23:36:15,443 - INFO - allennlp.training.trainer - GPU 9 memory usage MB: 11
2019-12-03 23:36:15,443 - INFO - allennlp.training.trainer - GPU 10 memory usage MB: 11
2019-12-03 23:36:15,443 - INFO - allennlp.training.trainer - GPU 11 memory usage MB: 11
2019-12-03 23:36:15,443 - INFO - allennlp.training.trainer - GPU 12 memory usage MB: 11
2019-12-03 23:36:15,443 - INFO - allennlp.training.trainer - GPU 13 memory usage MB: 11
2019-12-03 23:36:15,443 - INFO - allennlp.training.trainer - GPU 14 memory usage MB: 11
2019-12-03 23:36:15,443 - INFO - allennlp.training.trainer - GPU 15 memory usage MB: 11
2019-12-03 23:36:15,445 - INFO - allennlp.training.trainer - Training
2019-12-03 23:36:38,647 - INFO - allennlp.training.trainer - Validating
2019-12-03 23:36:39,617 - INFO - allennlp.training.trainer -                      Training |  Validation
2019-12-03 23:36:39,617 - INFO - allennlp.training.trainer - loss             |     0.036  |     0.346
2019-12-03 23:36:39,617 - INFO - allennlp.training.trainer - accuracy         |     0.991  |     0.901
2019-12-03 23:36:39,617 - INFO - allennlp.training.trainer - 0_F1             |     0.991  |     0.905
2019-12-03 23:36:39,618 - INFO - allennlp.training.trainer - cpu_memory_MB    |  3092.356  |       N/A
2019-12-03 23:36:39,618 - INFO - allennlp.training.trainer - gpu_13_memory_MB |    11.000  |       N/A
2019-12-03 23:36:39,618 - INFO - allennlp.training.trainer - gpu_1_memory_MB  |  3034.000  |       N/A
2019-12-03 23:36:39,618 - INFO - allennlp.training.trainer - gpu_14_memory_MB |    11.000  |       N/A
2019-12-03 23:36:39,618 - INFO - allennlp.training.trainer - gpu_6_memory_MB  |    11.000  |       N/A
2019-12-03 23:36:39,618 - INFO - allennlp.training.trainer - gpu_9_memory_MB  |    11.000  |       N/A
2019-12-03 23:36:39,618 - INFO - allennlp.training.trainer - gpu_12_memory_MB |    11.000  |       N/A
2019-12-03 23:36:39,618 - INFO - allennlp.training.trainer - gpu_0_memory_MB  |    11.000  |       N/A
2019-12-03 23:36:39,618 - INFO - allennlp.training.trainer - gpu_3_memory_MB  |    11.000  |       N/A
2019-12-03 23:36:39,618 - INFO - allennlp.training.trainer - gpu_5_memory_MB  |    11.000  |       N/A
2019-12-03 23:36:39,618 - INFO - allennlp.training.trainer - gpu_15_memory_MB |    11.000  |       N/A
2019-12-03 23:36:39,618 - INFO - allennlp.training.trainer - 1_F1             |     0.991  |     0.897
2019-12-03 23:36:39,618 - INFO - allennlp.training.trainer - gpu_4_memory_MB  |    11.000  |       N/A
2019-12-03 23:36:39,618 - INFO - allennlp.training.trainer - gpu_10_memory_MB |    11.000  |       N/A
2019-12-03 23:36:39,618 - INFO - allennlp.training.trainer - gpu_8_memory_MB  |    11.000  |       N/A
2019-12-03 23:36:39,618 - INFO - allennlp.training.trainer - gpu_11_memory_MB |    11.000  |       N/A
2019-12-03 23:36:39,618 - INFO - allennlp.training.trainer - average_F1       |     0.991  |     0.901
2019-12-03 23:36:39,619 - INFO - allennlp.training.trainer - gpu_2_memory_MB  |    11.000  |       N/A
2019-12-03 23:36:39,619 - INFO - allennlp.training.trainer - gpu_7_memory_MB  |    11.000  |       N/A
2019-12-03 23:36:40,604 - INFO - allennlp.training.trainer - Epoch duration: 00:00:25
2019-12-03 23:36:40,604 - INFO - allennlp.training.trainer - Estimated training time remaining: 0:10:10
2019-12-03 23:36:40,604 - INFO - allennlp.training.trainer - Epoch 7/29
2019-12-03 23:36:40,604 - INFO - allennlp.training.trainer - Peak CPU memory usage MB: 3092.356
2019-12-03 23:36:40,889 - INFO - allennlp.training.trainer - GPU 0 memory usage MB: 11
2019-12-03 23:36:40,889 - INFO - allennlp.training.trainer - GPU 1 memory usage MB: 3034
2019-12-03 23:36:40,889 - INFO - allennlp.training.trainer - GPU 2 memory usage MB: 11
2019-12-03 23:36:40,889 - INFO - allennlp.training.trainer - GPU 3 memory usage MB: 11
2019-12-03 23:36:40,889 - INFO - allennlp.training.trainer - GPU 4 memory usage MB: 11
2019-12-03 23:36:40,889 - INFO - allennlp.training.trainer - GPU 5 memory usage MB: 11
2019-12-03 23:36:40,890 - INFO - allennlp.training.trainer - GPU 6 memory usage MB: 11
2019-12-03 23:36:40,890 - INFO - allennlp.training.trainer - GPU 7 memory usage MB: 11
2019-12-03 23:36:40,890 - INFO - allennlp.training.trainer - GPU 8 memory usage MB: 11
2019-12-03 23:36:40,890 - INFO - allennlp.training.trainer - GPU 9 memory usage MB: 11
2019-12-03 23:36:40,890 - INFO - allennlp.training.trainer - GPU 10 memory usage MB: 11
2019-12-03 23:36:40,890 - INFO - allennlp.training.trainer - GPU 11 memory usage MB: 11
2019-12-03 23:36:40,890 - INFO - allennlp.training.trainer - GPU 12 memory usage MB: 11
2019-12-03 23:36:40,890 - INFO - allennlp.training.trainer - GPU 13 memory usage MB: 11
2019-12-03 23:36:40,890 - INFO - allennlp.training.trainer - GPU 14 memory usage MB: 11
2019-12-03 23:36:40,890 - INFO - allennlp.training.trainer - GPU 15 memory usage MB: 11
2019-12-03 23:36:40,891 - INFO - allennlp.training.trainer - Training
2019-12-03 23:37:04,207 - INFO - allennlp.training.trainer - Validating
2019-12-03 23:37:05,148 - INFO - allennlp.training.trainer - Ran out of patience.  Stopping training.
2019-12-03 23:37:05,148 - INFO - allennlp.models.archival - archiving weights and vocabulary to TransferSNT/01_8e-5linear/model.tar.gz
2019-12-03 23:37:28,169 - INFO - my_library.training.transfer - Loading the best epoch weights.
2019-12-03 23:37:28,416 - INFO - my_library.training.transfer - The model will be evaluated using the best epoch weights.
2019-12-03 23:37:28,418 - INFO - allennlp.commands.evaluate - Iterating over dataset
2019-12-03 23:37:29,460 - INFO - allennlp.common.util - Metrics: {
  "peak_cpu_memory_MB": 3092.356,
  "peak_gpu_0_memory_MB": 11,
  "peak_gpu_1_memory_MB": 3034,
  "peak_gpu_2_memory_MB": 11,
  "peak_gpu_3_memory_MB": 11,
  "peak_gpu_4_memory_MB": 11,
  "peak_gpu_5_memory_MB": 11,
  "peak_gpu_6_memory_MB": 11,
  "peak_gpu_7_memory_MB": 11,
  "peak_gpu_8_memory_MB": 11,
  "peak_gpu_9_memory_MB": 11,
  "peak_gpu_10_memory_MB": 11,
  "peak_gpu_11_memory_MB": 11,
  "peak_gpu_12_memory_MB": 11,
  "peak_gpu_13_memory_MB": 11,
  "peak_gpu_14_memory_MB": 11,
  "peak_gpu_15_memory_MB": 11,
  "training_duration": "00:03:04",
  "training_start_epoch": 0,
  "training_epochs": 6,
  "epoch": 6,
  "training_1_F1": 0.9908396946564386,
  "training_0_F1": 0.9908396946564386,
  "training_accuracy": 0.9908396946564886,
  "training_average_F1": 0.9908396946564386,
  "training_loss": 0.036400413663103814,
  "training_cpu_memory_MB": 3092.356,
  "training_gpu_0_memory_MB": 11,
  "training_gpu_1_memory_MB": 3034,
  "training_gpu_2_memory_MB": 11,
  "training_gpu_3_memory_MB": 11,
  "training_gpu_4_memory_MB": 11,
  "training_gpu_5_memory_MB": 11,
  "training_gpu_6_memory_MB": 11,
  "training_gpu_7_memory_MB": 11,
  "training_gpu_8_memory_MB": 11,
  "training_gpu_9_memory_MB": 11,
  "training_gpu_10_memory_MB": 11,
  "training_gpu_11_memory_MB": 11,
  "training_gpu_12_memory_MB": 11,
  "training_gpu_13_memory_MB": 11,
  "training_gpu_14_memory_MB": 11,
  "training_gpu_15_memory_MB": 11,
  "validation_1_F1": 0.8974358974358475,
  "validation_0_F1": 0.9047619047618548,
  "validation_accuracy": 0.9012345679012346,
  "validation_average_F1": 0.9010989010988512,
  "validation_loss": 0.3461541933092204,
  "best_epoch": 4,
  "best_validation_1_F1": 0.9113924050632413,
  "best_validation_0_F1": 0.9156626506023596,
  "best_validation_accuracy": 0.9135802469135802,
  "best_validation_average_F1": 0.9135275278328004,
  "best_validation_loss": 0.32817714153365657,
  "test_1_F1": 0.7820512820512322,
  "test_0_F1": 0.7976190476189976,
  "test_accuracy": 0.7901234567901234,
  "test_average_F1": 0.789835164835115,
  "test_loss": 0.5376605540513992
}
