0it [00:00, ?it/s]
79it [00:00, 783.82it/s]
201it [00:00, 877.07it/s]
325it [00:00, 960.97it/s]
451it [00:00, 1034.40it/s]
574it [00:00, 1084.27it/s]
702it [00:00, 1134.56it/s]
826it [00:00, 1163.26it/s]
948it [00:00, 1178.87it/s]
1064it [00:00, 955.46it/s]
1189it [00:01, 1027.14it/s]
1310it [00:01, 1111.56it/s]

0it [00:00, ?it/s]
120it [00:00, 1190.95it/s]
162it [00:00, 1202.14it/s]

0it [00:00, ?it/s]
117it [00:00, 1166.89it/s]
162it [00:00, 1186.07it/s]

0it [00:00, ?it/s]
1634it [00:00, 122793.84it/s]

  0%|          | 0/82 [00:00<?, ?it/s]
1_F1: 0.8750, 0_F1: 0.8750, accuracy: 0.8750, average_F1: 0.8750, loss: 0.4295 ||:   1%|1         | 1/82 [00:00<00:45,  1.79it/s]
1_F1: 0.6087, 0_F1: 0.7805, accuracy: 0.7188, average_F1: 0.6946, loss: 0.8096 ||:   2%|2         | 2/82 [00:00<00:37,  2.12it/s]
1_F1: 0.4615, 0_F1: 0.6038, accuracy: 0.5435, average_F1: 0.5327, loss: 1.2360 ||:   4%|3         | 3/82 [00:01<00:34,  2.32it/s]
1_F1: 0.3913, 0_F1: 0.6410, accuracy: 0.5484, average_F1: 0.5162, loss: 1.1819 ||:   5%|4         | 4/82 [00:01<00:30,  2.55it/s]
1_F1: 0.4638, 0_F1: 0.5747, accuracy: 0.5256, average_F1: 0.5192, loss: 1.0914 ||:   6%|6         | 5/82 [00:01<00:27,  2.79it/s]
1_F1: 0.4474, 0_F1: 0.6250, accuracy: 0.5532, average_F1: 0.5362, loss: 1.0235 ||:   7%|7         | 6/82 [00:02<00:26,  2.88it/s]
1_F1: 0.3908, 0_F1: 0.6015, accuracy: 0.5182, average_F1: 0.4962, loss: 0.9938 ||:   9%|8         | 7/82 [00:02<00:22,  3.29it/s]
1_F1: 0.4505, 0_F1: 0.5674, accuracy: 0.5159, average_F1: 0.5089, loss: 0.9597 ||:  10%|9         | 8/82 [00:02<00:20,  3.54it/s]
1_F1: 0.4603, 0_F1: 0.5696, accuracy: 0.5211, average_F1: 0.5150, loss: 0.9290 ||:  11%|#         | 9/82 [00:02<00:20,  3.64it/s]
1_F1: 0.5033, 0_F1: 0.5455, accuracy: 0.5253, average_F1: 0.5244, loss: 0.9031 ||:  12%|#2        | 10/82 [00:02<00:18,  3.89it/s]
1_F1: 0.5087, 0_F1: 0.5143, accuracy: 0.5115, average_F1: 0.5115, loss: 0.8882 ||:  13%|#3        | 11/82 [00:03<00:17,  3.97it/s]
1_F1: 0.4862, 0_F1: 0.5327, accuracy: 0.5105, average_F1: 0.5094, loss: 0.8719 ||:  15%|#4        | 12/82 [00:03<00:17,  3.90it/s]
1_F1: 0.4894, 0_F1: 0.5714, accuracy: 0.5340, average_F1: 0.5304, loss: 0.8532 ||:  16%|#5        | 13/82 [00:03<00:18,  3.72it/s]
1_F1: 0.4817, 0_F1: 0.6087, accuracy: 0.5541, average_F1: 0.5452, loss: 0.8305 ||:  17%|#7        | 14/82 [00:04<00:17,  3.86it/s]
1_F1: 0.4623, 0_F1: 0.6137, accuracy: 0.5504, average_F1: 0.5380, loss: 0.8331 ||:  18%|#8        | 15/82 [00:04<00:17,  3.86it/s]
1_F1: 0.4498, 0_F1: 0.6154, accuracy: 0.5472, average_F1: 0.5326, loss: 0.8236 ||:  20%|#9        | 16/82 [00:04<00:16,  4.00it/s]
1_F1: 0.4589, 0_F1: 0.5955, accuracy: 0.5370, average_F1: 0.5272, loss: 0.8169 ||:  21%|##        | 17/82 [00:04<00:16,  3.94it/s]
1_F1: 0.4664, 0_F1: 0.5768, accuracy: 0.5280, average_F1: 0.5216, loss: 0.8153 ||:  22%|##1       | 18/82 [00:05<00:16,  3.85it/s]
1_F1: 0.4610, 0_F1: 0.5672, accuracy: 0.5199, average_F1: 0.5141, loss: 0.8090 ||:  23%|##3       | 19/82 [00:05<00:15,  4.15it/s]
1_F1: 0.4830, 0_F1: 0.5556, accuracy: 0.5220, average_F1: 0.5193, loss: 0.8032 ||:  24%|##4       | 20/82 [00:05<00:13,  4.63it/s]
1_F1: 0.4969, 0_F1: 0.5429, accuracy: 0.5210, average_F1: 0.5199, loss: 0.7979 ||:  26%|##5       | 21/82 [00:05<00:13,  4.58it/s]
1_F1: 0.4848, 0_F1: 0.5405, accuracy: 0.5143, average_F1: 0.5127, loss: 0.7934 ||:  27%|##6       | 22/82 [00:05<00:14,  4.12it/s]
1_F1: 0.4692, 0_F1: 0.5371, accuracy: 0.5055, average_F1: 0.5031, loss: 0.7950 ||:  28%|##8       | 23/82 [00:06<00:15,  3.87it/s]
1_F1: 0.4905, 0_F1: 0.5290, accuracy: 0.5105, average_F1: 0.5097, loss: 0.7883 ||:  29%|##9       | 24/82 [00:06<00:14,  3.97it/s]
1_F1: 0.5051, 0_F1: 0.5198, accuracy: 0.5126, average_F1: 0.5125, loss: 0.7837 ||:  30%|###       | 25/82 [00:06<00:15,  3.74it/s]
1_F1: 0.5251, 0_F1: 0.5134, accuracy: 0.5193, average_F1: 0.5193, loss: 0.7762 ||:  32%|###1      | 26/82 [00:06<00:14,  3.87it/s]
1_F1: 0.5393, 0_F1: 0.5060, accuracy: 0.5233, average_F1: 0.5227, loss: 0.7700 ||:  33%|###2      | 27/82 [00:07<00:13,  4.02it/s]
1_F1: 0.5396, 0_F1: 0.4941, accuracy: 0.5179, average_F1: 0.5169, loss: 0.7680 ||:  34%|###4      | 28/82 [00:07<00:13,  4.14it/s]
1_F1: 0.5314, 0_F1: 0.4978, accuracy: 0.5152, average_F1: 0.5146, loss: 0.7651 ||:  35%|###5      | 29/82 [00:07<00:13,  4.00it/s]
1_F1: 0.5476, 0_F1: 0.4956, accuracy: 0.5230, average_F1: 0.5216, loss: 0.7568 ||:  37%|###6      | 30/82 [00:08<00:13,  3.78it/s]
1_F1: 0.5579, 0_F1: 0.4946, accuracy: 0.5283, average_F1: 0.5262, loss: 0.7519 ||:  38%|###7      | 31/82 [00:08<00:12,  4.01it/s]
1_F1: 0.5641, 0_F1: 0.4979, accuracy: 0.5333, average_F1: 0.5310, loss: 0.7447 ||:  39%|###9      | 32/82 [00:08<00:12,  4.08it/s]
1_F1: 0.5714, 0_F1: 0.4990, accuracy: 0.5380, average_F1: 0.5352, loss: 0.7424 ||:  40%|####      | 33/82 [00:08<00:12,  4.01it/s]
1_F1: 0.5654, 0_F1: 0.5127, accuracy: 0.5406, average_F1: 0.5391, loss: 0.7381 ||:  41%|####1     | 34/82 [00:09<00:12,  3.79it/s]
1_F1: 0.5625, 0_F1: 0.5333, accuracy: 0.5484, average_F1: 0.5479, loss: 0.7286 ||:  43%|####2     | 35/82 [00:09<00:13,  3.46it/s]
1_F1: 0.5567, 0_F1: 0.5442, accuracy: 0.5505, average_F1: 0.5504, loss: 0.7230 ||:  44%|####3     | 36/82 [00:09<00:13,  3.43it/s]
1_F1: 0.5615, 0_F1: 0.5433, accuracy: 0.5525, average_F1: 0.5524, loss: 0.7211 ||:  45%|####5     | 37/82 [00:09<00:12,  3.54it/s]
1_F1: 0.5608, 0_F1: 0.5445, accuracy: 0.5528, average_F1: 0.5527, loss: 0.7223 ||:  46%|####6     | 38/82 [00:10<00:11,  3.76it/s]
1_F1: 0.5678, 0_F1: 0.5508, accuracy: 0.5595, average_F1: 0.5593, loss: 0.7177 ||:  48%|####7     | 39/82 [00:10<00:11,  3.62it/s]
1_F1: 0.5732, 0_F1: 0.5582, accuracy: 0.5658, average_F1: 0.5657, loss: 0.7112 ||:  49%|####8     | 40/82 [00:10<00:11,  3.79it/s]
1_F1: 0.5745, 0_F1: 0.5692, accuracy: 0.5719, average_F1: 0.5718, loss: 0.7032 ||:  50%|#####     | 41/82 [00:10<00:10,  3.91it/s]
1_F1: 0.5807, 0_F1: 0.5744, accuracy: 0.5776, average_F1: 0.5776, loss: 0.6979 ||:  51%|#####1    | 42/82 [00:11<00:09,  4.00it/s]
1_F1: 0.5830, 0_F1: 0.5744, accuracy: 0.5787, average_F1: 0.5787, loss: 0.7020 ||:  52%|#####2    | 43/82 [00:11<00:09,  3.91it/s]
1_F1: 0.5846, 0_F1: 0.5689, accuracy: 0.5769, average_F1: 0.5768, loss: 0.7081 ||:  54%|#####3    | 44/82 [00:11<00:09,  4.20it/s]
1_F1: 0.5874, 0_F1: 0.5710, accuracy: 0.5794, average_F1: 0.5792, loss: 0.7060 ||:  55%|#####4    | 45/82 [00:11<00:09,  4.11it/s]
1_F1: 0.5950, 0_F1: 0.5734, accuracy: 0.5845, average_F1: 0.5842, loss: 0.7029 ||:  56%|#####6    | 46/82 [00:12<00:08,  4.30it/s]
1_F1: 0.6097, 0_F1: 0.5726, accuracy: 0.5920, average_F1: 0.5912, loss: 0.6976 ||:  57%|#####7    | 47/82 [00:12<00:07,  4.61it/s]
1_F1: 0.6154, 0_F1: 0.5730, accuracy: 0.5953, average_F1: 0.5942, loss: 0.6952 ||:  59%|#####8    | 48/82 [00:12<00:08,  4.20it/s]
1_F1: 0.6189, 0_F1: 0.5757, accuracy: 0.5985, average_F1: 0.5973, loss: 0.6922 ||:  60%|#####9    | 49/82 [00:12<00:08,  4.08it/s]
1_F1: 0.6229, 0_F1: 0.5831, accuracy: 0.6040, average_F1: 0.6030, loss: 0.6885 ||:  61%|######    | 50/82 [00:13<00:08,  3.80it/s]
1_F1: 0.6279, 0_F1: 0.5833, accuracy: 0.6069, average_F1: 0.6056, loss: 0.6864 ||:  62%|######2   | 51/82 [00:13<00:07,  3.94it/s]
1_F1: 0.6340, 0_F1: 0.5900, accuracy: 0.6133, average_F1: 0.6120, loss: 0.6799 ||:  63%|######3   | 52/82 [00:13<00:07,  4.21it/s]
1_F1: 0.6368, 0_F1: 0.5950, accuracy: 0.6170, average_F1: 0.6159, loss: 0.6754 ||:  65%|######4   | 53/82 [00:13<00:06,  4.25it/s]
1_F1: 0.6340, 0_F1: 0.6012, accuracy: 0.6183, average_F1: 0.6176, loss: 0.6761 ||:  66%|######5   | 54/82 [00:14<00:07,  3.80it/s]
1_F1: 0.6302, 0_F1: 0.5986, accuracy: 0.6150, average_F1: 0.6144, loss: 0.6796 ||:  67%|######7   | 55/82 [00:14<00:07,  3.60it/s]
1_F1: 0.6345, 0_F1: 0.6012, accuracy: 0.6186, average_F1: 0.6178, loss: 0.6751 ||:  68%|######8   | 56/82 [00:14<00:06,  3.78it/s]
1_F1: 0.6340, 0_F1: 0.6091, accuracy: 0.6220, average_F1: 0.6216, loss: 0.6703 ||:  70%|######9   | 57/82 [00:14<00:06,  3.83it/s]
1_F1: 0.6338, 0_F1: 0.6118, accuracy: 0.6231, average_F1: 0.6228, loss: 0.6695 ||:  71%|#######   | 58/82 [00:15<00:05,  4.03it/s]
1_F1: 0.6342, 0_F1: 0.6159, accuracy: 0.6253, average_F1: 0.6250, loss: 0.6668 ||:  72%|#######1  | 59/82 [00:15<00:06,  3.68it/s]
1_F1: 0.6397, 0_F1: 0.6164, accuracy: 0.6284, average_F1: 0.6280, loss: 0.6631 ||:  73%|#######3  | 60/82 [00:15<00:06,  3.53it/s]
1_F1: 0.6469, 0_F1: 0.6190, accuracy: 0.6335, average_F1: 0.6329, loss: 0.6575 ||:  74%|#######4  | 61/82 [00:15<00:05,  3.79it/s]
1_F1: 0.6512, 0_F1: 0.6203, accuracy: 0.6364, average_F1: 0.6357, loss: 0.6536 ||:  76%|#######5  | 62/82 [00:16<00:05,  3.77it/s]
1_F1: 0.6553, 0_F1: 0.6215, accuracy: 0.6392, average_F1: 0.6384, loss: 0.6498 ||:  77%|#######6  | 63/82 [00:16<00:04,  3.88it/s]
1_F1: 0.6592, 0_F1: 0.6270, accuracy: 0.6438, average_F1: 0.6431, loss: 0.6437 ||:  78%|#######8  | 64/82 [00:16<00:04,  3.97it/s]
1_F1: 0.6648, 0_F1: 0.6302, accuracy: 0.6484, average_F1: 0.6475, loss: 0.6373 ||:  79%|#######9  | 65/82 [00:16<00:04,  4.09it/s]
1_F1: 0.6673, 0_F1: 0.6327, accuracy: 0.6509, average_F1: 0.6500, loss: 0.6375 ||:  80%|########  | 66/82 [00:17<00:03,  4.00it/s]
1_F1: 0.6690, 0_F1: 0.6339, accuracy: 0.6523, average_F1: 0.6514, loss: 0.6365 ||:  82%|########1 | 67/82 [00:17<00:03,  3.87it/s]
1_F1: 0.6737, 0_F1: 0.6395, accuracy: 0.6575, average_F1: 0.6566, loss: 0.6311 ||:  83%|########2 | 68/82 [00:17<00:03,  3.77it/s]
1_F1: 0.6730, 0_F1: 0.6433, accuracy: 0.6588, average_F1: 0.6582, loss: 0.6303 ||:  84%|########4 | 69/82 [00:18<00:03,  3.79it/s]
1_F1: 0.6752, 0_F1: 0.6455, accuracy: 0.6610, average_F1: 0.6603, loss: 0.6281 ||:  85%|########5 | 70/82 [00:18<00:03,  3.92it/s]
1_F1: 0.6790, 0_F1: 0.6456, accuracy: 0.6631, average_F1: 0.6623, loss: 0.6257 ||:  87%|########6 | 71/82 [00:18<00:02,  4.05it/s]
1_F1: 0.6815, 0_F1: 0.6452, accuracy: 0.6643, average_F1: 0.6634, loss: 0.6247 ||:  88%|########7 | 72/82 [00:18<00:02,  4.09it/s]
1_F1: 0.6824, 0_F1: 0.6467, accuracy: 0.6655, average_F1: 0.6646, loss: 0.6234 ||:  89%|########9 | 73/82 [00:18<00:02,  4.14it/s]
1_F1: 0.6832, 0_F1: 0.6427, accuracy: 0.6641, average_F1: 0.6629, loss: 0.6240 ||:  90%|######### | 74/82 [00:19<00:01,  4.50it/s]
1_F1: 0.6851, 0_F1: 0.6484, accuracy: 0.6678, average_F1: 0.6668, loss: 0.6200 ||:  91%|#########1| 75/82 [00:19<00:01,  4.13it/s]
1_F1: 0.6859, 0_F1: 0.6498, accuracy: 0.6689, average_F1: 0.6679, loss: 0.6192 ||:  93%|#########2| 76/82 [00:19<00:01,  4.14it/s]
1_F1: 0.6892, 0_F1: 0.6517, accuracy: 0.6715, average_F1: 0.6705, loss: 0.6154 ||:  94%|#########3| 77/82 [00:19<00:01,  4.01it/s]
1_F1: 0.6895, 0_F1: 0.6554, accuracy: 0.6734, average_F1: 0.6725, loss: 0.6119 ||:  95%|#########5| 78/82 [00:20<00:01,  3.87it/s]
1_F1: 0.6907, 0_F1: 0.6561, accuracy: 0.6743, average_F1: 0.6734, loss: 0.6132 ||:  96%|#########6| 79/82 [00:20<00:00,  3.81it/s]
1_F1: 0.6891, 0_F1: 0.6585, accuracy: 0.6745, average_F1: 0.6738, loss: 0.6126 ||:  98%|#########7| 80/82 [00:20<00:00,  3.94it/s]
1_F1: 0.6869, 0_F1: 0.6597, accuracy: 0.6739, average_F1: 0.6733, loss: 0.6134 ||:  99%|#########8| 81/82 [00:21<00:00,  3.72it/s]
1_F1: 0.6900, 0_F1: 0.6581, accuracy: 0.6748, average_F1: 0.6740, loss: 0.6118 ||: 100%|##########| 82/82 [00:21<00:00,  3.88it/s]
1_F1: 0.6900, 0_F1: 0.6581, accuracy: 0.6748, average_F1: 0.6740, loss: 0.6118 ||: 100%|##########| 82/82 [00:21<00:00,  3.85it/s]

  0%|          | 0/11 [00:00<?, ?it/s]
1_F1: 0.8824, 0_F1: 0.8667, accuracy: 0.8750, average_F1: 0.8745, loss: 0.3501 ||:  18%|#8        | 2/11 [00:00<00:00, 11.24it/s]
1_F1: 0.8462, 0_F1: 0.7600, accuracy: 0.8125, average_F1: 0.8031, loss: 0.4304 ||:  36%|###6      | 4/11 [00:00<00:00, 12.03it/s]
1_F1: 0.8257, 0_F1: 0.7711, accuracy: 0.8021, average_F1: 0.7984, loss: 0.4365 ||:  55%|#####4    | 6/11 [00:00<00:00, 12.10it/s]
1_F1: 0.8079, 0_F1: 0.7238, accuracy: 0.7734, average_F1: 0.7659, loss: 0.4690 ||:  73%|#######2  | 8/11 [00:00<00:00, 11.92it/s]
1_F1: 0.8000, 0_F1: 0.7119, accuracy: 0.7639, average_F1: 0.7559, loss: 0.4840 ||:  82%|########1 | 9/11 [00:00<00:00, 11.01it/s]
1_F1: 0.8041, 0_F1: 0.6984, accuracy: 0.7625, average_F1: 0.7513, loss: 0.4861 ||:  91%|######### | 10/11 [00:00<00:00, 10.43it/s]
1_F1: 0.8020, 0_F1: 0.6929, accuracy: 0.7593, average_F1: 0.7475, loss: 0.5415 ||: 100%|##########| 11/11 [00:00<00:00, 12.28it/s]

  0%|          | 0/82 [00:00<?, ?it/s]
1_F1: 0.6667, 0_F1: 0.5714, accuracy: 0.6250, average_F1: 0.6190, loss: 0.5456 ||:   1%|1         | 1/82 [00:00<00:18,  4.34it/s]
1_F1: 0.7097, 0_F1: 0.7273, accuracy: 0.7188, average_F1: 0.7185, loss: 0.4766 ||:   2%|2         | 2/82 [00:00<00:18,  4.33it/s]
1_F1: 0.7556, 0_F1: 0.7843, accuracy: 0.7708, average_F1: 0.7699, loss: 0.4448 ||:   4%|3         | 3/82 [00:00<00:18,  4.35it/s]
1_F1: 0.7619, 0_F1: 0.7692, accuracy: 0.7656, average_F1: 0.7656, loss: 0.4597 ||:   5%|4         | 4/82 [00:00<00:17,  4.34it/s]
1_F1: 0.8000, 0_F1: 0.8000, accuracy: 0.8000, average_F1: 0.8000, loss: 0.4369 ||:   6%|6         | 5/82 [00:01<00:17,  4.38it/s]
1_F1: 0.8211, 0_F1: 0.8247, accuracy: 0.8229, average_F1: 0.8229, loss: 0.4104 ||:   7%|7         | 6/82 [00:01<00:17,  4.29it/s]
1_F1: 0.8197, 0_F1: 0.7843, accuracy: 0.8036, average_F1: 0.8020, loss: 0.4413 ||:   9%|8         | 7/82 [00:01<00:16,  4.62it/s]
1_F1: 0.8235, 0_F1: 0.8000, accuracy: 0.8125, average_F1: 0.8118, loss: 0.4199 ||:  10%|9         | 8/82 [00:01<00:16,  4.56it/s]
1_F1: 0.8366, 0_F1: 0.8148, accuracy: 0.8264, average_F1: 0.8257, loss: 0.4118 ||:  11%|#         | 9/82 [00:02<00:16,  4.49it/s]
1_F1: 0.8466, 0_F1: 0.8408, accuracy: 0.8438, average_F1: 0.8437, loss: 0.3917 ||:  12%|#2        | 10/82 [00:02<00:16,  4.36it/s]
1_F1: 0.8343, 0_F1: 0.8362, accuracy: 0.8352, average_F1: 0.8352, loss: 0.3981 ||:  13%|#3        | 11/82 [00:02<00:16,  4.36it/s]
1_F1: 0.8325, 0_F1: 0.8235, accuracy: 0.8281, average_F1: 0.8280, loss: 0.4104 ||:  15%|#4        | 12/82 [00:02<00:16,  4.32it/s]
1_F1: 0.8426, 0_F1: 0.8300, accuracy: 0.8365, average_F1: 0.8363, loss: 0.4061 ||:  16%|#5        | 13/82 [00:02<00:15,  4.47it/s]
1_F1: 0.8509, 0_F1: 0.8455, accuracy: 0.8482, average_F1: 0.8482, loss: 0.3891 ||:  17%|#7        | 14/82 [00:03<00:16,  4.20it/s]
1_F1: 0.8583, 0_F1: 0.8407, accuracy: 0.8500, average_F1: 0.8495, loss: 0.3896 ||:  18%|#8        | 15/82 [00:03<00:15,  4.43it/s]
1_F1: 0.8571, 0_F1: 0.8455, accuracy: 0.8516, average_F1: 0.8513, loss: 0.3827 ||:  20%|#9        | 16/82 [00:03<00:15,  4.39it/s]
1_F1: 0.8541, 0_F1: 0.8441, accuracy: 0.8493, average_F1: 0.8491, loss: 0.3832 ||:  21%|##        | 17/82 [00:03<00:16,  3.85it/s]
1_F1: 0.8456, 0_F1: 0.8345, accuracy: 0.8403, average_F1: 0.8401, loss: 0.3884 ||:  22%|##1       | 18/82 [00:04<00:21,  2.92it/s]
1_F1: 0.8435, 0_F1: 0.8339, accuracy: 0.8388, average_F1: 0.8387, loss: 0.3866 ||:  23%|##3       | 19/82 [00:04<00:19,  3.23it/s]
1_F1: 0.8485, 0_F1: 0.8387, accuracy: 0.8438, average_F1: 0.8436, loss: 0.3761 ||:  24%|##4       | 20/82 [00:05<00:18,  3.36it/s]
1_F1: 0.8539, 0_F1: 0.8354, accuracy: 0.8452, average_F1: 0.8447, loss: 0.3792 ||:  26%|##5       | 21/82 [00:05<00:15,  3.82it/s]
1_F1: 0.8511, 0_F1: 0.8293, accuracy: 0.8409, average_F1: 0.8402, loss: 0.3879 ||:  27%|##6       | 22/82 [00:05<00:15,  3.99it/s]
1_F1: 0.8557, 0_F1: 0.8263, accuracy: 0.8424, average_F1: 0.8410, loss: 0.3835 ||:  28%|##8       | 23/82 [00:05<00:14,  3.97it/s]
1_F1: 0.8571, 0_F1: 0.8276, accuracy: 0.8438, average_F1: 0.8424, loss: 0.3810 ||:  29%|##9       | 24/82 [00:05<00:15,  3.74it/s]
1_F1: 0.8591, 0_F1: 0.8338, accuracy: 0.8475, average_F1: 0.8465, loss: 0.3762 ||:  30%|###       | 25/82 [00:06<00:15,  3.77it/s]
1_F1: 0.8559, 0_F1: 0.8294, accuracy: 0.8438, average_F1: 0.8426, loss: 0.3846 ||:  32%|###1      | 26/82 [00:06<00:15,  3.61it/s]
1_F1: 0.8565, 0_F1: 0.8256, accuracy: 0.8426, average_F1: 0.8411, loss: 0.3896 ||:  33%|###2      | 27/82 [00:06<00:15,  3.60it/s]
1_F1: 0.8524, 0_F1: 0.8289, accuracy: 0.8415, average_F1: 0.8407, loss: 0.3879 ||:  34%|###4      | 28/82 [00:07<00:15,  3.47it/s]
1_F1: 0.8502, 0_F1: 0.8295, accuracy: 0.8405, average_F1: 0.8398, loss: 0.3897 ||:  35%|###5      | 29/82 [00:07<00:15,  3.40it/s]
1_F1: 0.8521, 0_F1: 0.8344, accuracy: 0.8438, average_F1: 0.8433, loss: 0.3848 ||:  37%|###6      | 30/82 [00:07<00:14,  3.63it/s]
1_F1: 0.8517, 0_F1: 0.8326, accuracy: 0.8427, average_F1: 0.8422, loss: 0.3836 ||:  38%|###7      | 31/82 [00:07<00:13,  3.89it/s]
1_F1: 0.8471, 0_F1: 0.8274, accuracy: 0.8379, average_F1: 0.8373, loss: 0.3941 ||:  39%|###9      | 32/82 [00:08<00:11,  4.39it/s]
1_F1: 0.8463, 0_F1: 0.8310, accuracy: 0.8390, average_F1: 0.8387, loss: 0.3886 ||:  40%|####      | 33/82 [00:08<00:11,  4.24it/s]
1_F1: 0.8481, 0_F1: 0.8352, accuracy: 0.8419, average_F1: 0.8417, loss: 0.3870 ||:  41%|####1     | 34/82 [00:08<00:11,  4.27it/s]
1_F1: 0.8488, 0_F1: 0.8364, accuracy: 0.8429, average_F1: 0.8426, loss: 0.3871 ||:  43%|####2     | 35/82 [00:08<00:11,  4.07it/s]
1_F1: 0.8524, 0_F1: 0.8379, accuracy: 0.8455, average_F1: 0.8451, loss: 0.3810 ||:  44%|####3     | 36/82 [00:09<00:11,  4.10it/s]
1_F1: 0.8539, 0_F1: 0.8415, accuracy: 0.8480, average_F1: 0.8477, loss: 0.3774 ||:  45%|####5     | 37/82 [00:09<00:11,  4.01it/s]
1_F1: 0.8558, 0_F1: 0.8444, accuracy: 0.8503, average_F1: 0.8501, loss: 0.3740 ||:  46%|####6     | 38/82 [00:09<00:11,  3.87it/s]
1_F1: 0.8532, 0_F1: 0.8419, accuracy: 0.8478, average_F1: 0.8475, loss: 0.3798 ||:  48%|####7     | 39/82 [00:09<00:10,  4.16it/s]
1_F1: 0.8541, 0_F1: 0.8423, accuracy: 0.8484, average_F1: 0.8482, loss: 0.3778 ||:  49%|####8     | 40/82 [00:10<00:10,  4.20it/s]
1_F1: 0.8542, 0_F1: 0.8436, accuracy: 0.8491, average_F1: 0.8489, loss: 0.3752 ||:  50%|#####     | 41/82 [00:10<00:10,  4.10it/s]
1_F1: 0.8498, 0_F1: 0.8372, accuracy: 0.8438, average_F1: 0.8435, loss: 0.3800 ||:  51%|#####1    | 42/82 [00:10<00:09,  4.16it/s]
1_F1: 0.8443, 0_F1: 0.8326, accuracy: 0.8387, average_F1: 0.8384, loss: 0.3917 ||:  52%|#####2    | 43/82 [00:10<00:10,  3.86it/s]
1_F1: 0.8453, 0_F1: 0.8363, accuracy: 0.8409, average_F1: 0.8408, loss: 0.3876 ||:  54%|#####3    | 44/82 [00:11<00:10,  3.79it/s]
1_F1: 0.8483, 0_F1: 0.8374, accuracy: 0.8431, average_F1: 0.8429, loss: 0.3863 ||:  55%|#####4    | 45/82 [00:11<00:09,  3.78it/s]
1_F1: 0.8478, 0_F1: 0.8366, accuracy: 0.8424, average_F1: 0.8422, loss: 0.3888 ||:  56%|#####6    | 46/82 [00:11<00:08,  4.01it/s]
1_F1: 0.8487, 0_F1: 0.8370, accuracy: 0.8431, average_F1: 0.8429, loss: 0.3879 ||:  57%|#####7    | 47/82 [00:11<00:08,  4.10it/s]
1_F1: 0.8489, 0_F1: 0.8383, accuracy: 0.8438, average_F1: 0.8436, loss: 0.3836 ||:  59%|#####8    | 48/82 [00:12<00:08,  3.97it/s]
1_F1: 0.8498, 0_F1: 0.8386, accuracy: 0.8444, average_F1: 0.8442, loss: 0.3838 ||:  60%|#####9    | 49/82 [00:12<00:08,  3.83it/s]
1_F1: 0.8464, 0_F1: 0.8357, accuracy: 0.8413, average_F1: 0.8411, loss: 0.3889 ||:  61%|######    | 50/82 [00:12<00:08,  3.84it/s]
1_F1: 0.8450, 0_F1: 0.8335, accuracy: 0.8395, average_F1: 0.8393, loss: 0.3926 ||:  62%|######2   | 51/82 [00:12<00:08,  3.84it/s]
1_F1: 0.8486, 0_F1: 0.8360, accuracy: 0.8425, average_F1: 0.8423, loss: 0.3886 ||:  63%|######3   | 52/82 [00:13<00:07,  3.91it/s]
1_F1: 0.8466, 0_F1: 0.8388, accuracy: 0.8428, average_F1: 0.8427, loss: 0.3863 ||:  65%|######4   | 53/82 [00:13<00:08,  3.56it/s]
1_F1: 0.8487, 0_F1: 0.8426, accuracy: 0.8457, average_F1: 0.8456, loss: 0.3832 ||:  66%|######5   | 54/82 [00:13<00:08,  3.47it/s]
1_F1: 0.8511, 0_F1: 0.8435, accuracy: 0.8474, average_F1: 0.8473, loss: 0.3810 ||:  67%|######7   | 55/82 [00:14<00:07,  3.41it/s]
1_F1: 0.8512, 0_F1: 0.8420, accuracy: 0.8468, average_F1: 0.8466, loss: 0.3830 ||:  68%|######8   | 56/82 [00:14<00:07,  3.68it/s]
1_F1: 0.8526, 0_F1: 0.8439, accuracy: 0.8484, average_F1: 0.8482, loss: 0.3792 ||:  70%|######9   | 57/82 [00:14<00:07,  3.40it/s]
1_F1: 0.8517, 0_F1: 0.8435, accuracy: 0.8477, average_F1: 0.8476, loss: 0.3791 ||:  71%|#######   | 58/82 [00:14<00:07,  3.34it/s]
1_F1: 0.8524, 0_F1: 0.8437, accuracy: 0.8482, average_F1: 0.8481, loss: 0.3767 ||:  72%|#######1  | 59/82 [00:15<00:06,  3.55it/s]
1_F1: 0.8528, 0_F1: 0.8443, accuracy: 0.8486, average_F1: 0.8485, loss: 0.3755 ||:  73%|#######3  | 60/82 [00:15<00:05,  3.71it/s]
1_F1: 0.8537, 0_F1: 0.8463, accuracy: 0.8501, average_F1: 0.8500, loss: 0.3757 ||:  74%|#######4  | 61/82 [00:15<00:05,  3.88it/s]
1_F1: 0.8549, 0_F1: 0.8480, accuracy: 0.8515, average_F1: 0.8514, loss: 0.3746 ||:  76%|#######5  | 62/82 [00:15<00:05,  3.89it/s]
1_F1: 0.8552, 0_F1: 0.8484, accuracy: 0.8519, average_F1: 0.8518, loss: 0.3759 ||:  77%|#######6  | 63/82 [00:16<00:04,  4.06it/s]
1_F1: 0.8563, 0_F1: 0.8500, accuracy: 0.8532, average_F1: 0.8532, loss: 0.3737 ||:  78%|#######8  | 64/82 [00:16<00:04,  3.86it/s]
1_F1: 0.8553, 0_F1: 0.8499, accuracy: 0.8526, average_F1: 0.8526, loss: 0.3772 ||:  79%|#######9  | 65/82 [00:16<00:04,  3.98it/s]
1_F1: 0.8585, 0_F1: 0.8510, accuracy: 0.8548, average_F1: 0.8547, loss: 0.3733 ||:  80%|########  | 66/82 [00:16<00:03,  4.17it/s]
1_F1: 0.8595, 0_F1: 0.8525, accuracy: 0.8561, average_F1: 0.8560, loss: 0.3700 ||:  82%|########1 | 67/82 [00:17<00:03,  3.87it/s]
1_F1: 0.8615, 0_F1: 0.8547, accuracy: 0.8582, average_F1: 0.8581, loss: 0.3661 ||:  83%|########2 | 68/82 [00:17<00:03,  3.81it/s]
1_F1: 0.8609, 0_F1: 0.8540, accuracy: 0.8575, average_F1: 0.8574, loss: 0.3650 ||:  84%|########4 | 69/82 [00:17<00:03,  3.74it/s]
1_F1: 0.8599, 0_F1: 0.8537, accuracy: 0.8569, average_F1: 0.8568, loss: 0.3638 ||:  85%|########5 | 70/82 [00:18<00:03,  3.55it/s]
1_F1: 0.8596, 0_F1: 0.8528, accuracy: 0.8563, average_F1: 0.8562, loss: 0.3680 ||:  87%|########6 | 71/82 [00:18<00:03,  3.45it/s]
1_F1: 0.8615, 0_F1: 0.8549, accuracy: 0.8583, average_F1: 0.8582, loss: 0.3639 ||:  88%|########7 | 72/82 [00:18<00:02,  3.51it/s]
1_F1: 0.8610, 0_F1: 0.8541, accuracy: 0.8576, average_F1: 0.8576, loss: 0.3635 ||:  89%|########9 | 73/82 [00:18<00:02,  3.70it/s]
1_F1: 0.8618, 0_F1: 0.8537, accuracy: 0.8579, average_F1: 0.8578, loss: 0.3648 ||:  90%|######### | 74/82 [00:19<00:02,  3.92it/s]
1_F1: 0.8620, 0_F1: 0.8540, accuracy: 0.8581, average_F1: 0.8580, loss: 0.3638 ||:  91%|#########1| 75/82 [00:19<00:01,  3.73it/s]
1_F1: 0.8642, 0_F1: 0.8554, accuracy: 0.8600, average_F1: 0.8598, loss: 0.3599 ||:  93%|#########2| 76/82 [00:19<00:01,  3.53it/s]
1_F1: 0.8659, 0_F1: 0.8574, accuracy: 0.8618, average_F1: 0.8617, loss: 0.3569 ||:  94%|#########3| 77/82 [00:19<00:01,  3.68it/s]
1_F1: 0.8665, 0_F1: 0.8588, accuracy: 0.8628, average_F1: 0.8627, loss: 0.3545 ||:  95%|#########5| 78/82 [00:20<00:01,  3.59it/s]
1_F1: 0.8668, 0_F1: 0.8588, accuracy: 0.8629, average_F1: 0.8628, loss: 0.3549 ||:  96%|#########6| 79/82 [00:20<00:00,  3.79it/s]
1_F1: 0.8676, 0_F1: 0.8599, accuracy: 0.8638, average_F1: 0.8637, loss: 0.3543 ||:  98%|#########7| 80/82 [00:20<00:00,  3.90it/s]
1_F1: 0.8673, 0_F1: 0.8605, accuracy: 0.8640, average_F1: 0.8639, loss: 0.3528 ||:  99%|#########8| 81/82 [00:20<00:00,  3.71it/s]
1_F1: 0.8669, 0_F1: 0.8596, accuracy: 0.8634, average_F1: 0.8633, loss: 0.3539 ||: 100%|##########| 82/82 [00:21<00:00,  3.84it/s]
1_F1: 0.8669, 0_F1: 0.8596, accuracy: 0.8634, average_F1: 0.8633, loss: 0.3539 ||: 100%|##########| 82/82 [00:21<00:00,  3.86it/s]

  0%|          | 0/11 [00:00<?, ?it/s]
1_F1: 0.7857, 0_F1: 0.8333, accuracy: 0.8125, average_F1: 0.8095, loss: 0.4472 ||:  18%|#8        | 2/11 [00:00<00:00, 11.66it/s]
1_F1: 0.8182, 0_F1: 0.8065, accuracy: 0.8125, average_F1: 0.8123, loss: 0.4538 ||:  36%|###6      | 4/11 [00:00<00:00, 12.33it/s]
1_F1: 0.7857, 0_F1: 0.8333, accuracy: 0.8125, average_F1: 0.8095, loss: 0.4219 ||:  55%|#####4    | 6/11 [00:00<00:00, 12.24it/s]
1_F1: 0.8205, 0_F1: 0.8489, accuracy: 0.8359, average_F1: 0.8347, loss: 0.3698 ||:  73%|#######2  | 8/11 [00:00<00:00, 12.01it/s]
1_F1: 0.8163, 0_F1: 0.8439, accuracy: 0.8313, average_F1: 0.8301, loss: 0.3612 ||:  91%|######### | 10/11 [00:00<00:00, 11.42it/s]
1_F1: 0.8212, 0_F1: 0.8439, accuracy: 0.8333, average_F1: 0.8326, loss: 0.3358 ||: 100%|##########| 11/11 [00:00<00:00, 12.58it/s]

  0%|          | 0/82 [00:00<?, ?it/s]
1_F1: 1.0000, 0_F1: 1.0000, accuracy: 1.0000, average_F1: 1.0000, loss: 0.1253 ||:   1%|1         | 1/82 [00:00<00:32,  2.46it/s]
1_F1: 0.9500, 0_F1: 0.9167, accuracy: 0.9375, average_F1: 0.9333, loss: 0.1672 ||:   2%|2         | 2/82 [00:00<00:27,  2.86it/s]
1_F1: 0.9565, 0_F1: 0.9600, accuracy: 0.9583, average_F1: 0.9583, loss: 0.1346 ||:   4%|3         | 3/82 [00:00<00:27,  2.88it/s]
1_F1: 0.9687, 0_F1: 0.9687, accuracy: 0.9688, average_F1: 0.9687, loss: 0.1255 ||:   5%|4         | 4/82 [00:01<00:26,  2.97it/s]
1_F1: 0.9459, 0_F1: 0.9535, accuracy: 0.9500, average_F1: 0.9497, loss: 0.1513 ||:   6%|6         | 5/82 [00:01<00:23,  3.25it/s]
1_F1: 0.9425, 0_F1: 0.9524, accuracy: 0.9479, average_F1: 0.9475, loss: 0.1682 ||:   7%|7         | 6/82 [00:01<00:22,  3.35it/s]
1_F1: 0.9434, 0_F1: 0.9492, accuracy: 0.9464, average_F1: 0.9463, loss: 0.1633 ||:   9%|8         | 7/82 [00:02<00:21,  3.46it/s]
1_F1: 0.9516, 0_F1: 0.9545, accuracy: 0.9531, average_F1: 0.9531, loss: 0.1463 ||:  10%|9         | 8/82 [00:02<00:20,  3.55it/s]
1_F1: 0.9420, 0_F1: 0.9467, accuracy: 0.9444, average_F1: 0.9443, loss: 0.1645 ||:  11%|#         | 9/82 [00:02<00:20,  3.56it/s]
1_F1: 0.9474, 0_F1: 0.9524, accuracy: 0.9500, average_F1: 0.9499, loss: 0.1522 ||:  12%|#2        | 10/82 [00:02<00:19,  3.71it/s]
1_F1: 0.9371, 0_F1: 0.9379, accuracy: 0.9375, average_F1: 0.9375, loss: 0.1730 ||:  13%|#3        | 11/82 [00:03<00:17,  4.04it/s]
1_F1: 0.9362, 0_F1: 0.9388, accuracy: 0.9375, average_F1: 0.9375, loss: 0.1873 ||:  15%|#4        | 12/82 [00:03<00:17,  4.10it/s]
1_F1: 0.9439, 0_F1: 0.9406, accuracy: 0.9423, average_F1: 0.9423, loss: 0.1789 ||:  16%|#5        | 13/82 [00:03<00:17,  3.94it/s]
1_F1: 0.9487, 0_F1: 0.9439, accuracy: 0.9464, average_F1: 0.9463, loss: 0.1697 ||:  17%|#7        | 14/82 [00:03<00:16,  4.06it/s]
1_F1: 0.9512, 0_F1: 0.9487, accuracy: 0.9500, average_F1: 0.9500, loss: 0.1640 ||:  18%|#8        | 15/82 [00:04<00:18,  3.69it/s]
1_F1: 0.9502, 0_F1: 0.9482, accuracy: 0.9492, average_F1: 0.9492, loss: 0.1688 ||:  20%|#9        | 16/82 [00:04<00:17,  3.77it/s]
1_F1: 0.9493, 0_F1: 0.9478, accuracy: 0.9485, average_F1: 0.9485, loss: 0.1659 ||:  21%|##        | 17/82 [00:04<00:16,  3.90it/s]
1_F1: 0.9530, 0_F1: 0.9496, accuracy: 0.9514, average_F1: 0.9513, loss: 0.1601 ||:  22%|##1       | 18/82 [00:04<00:15,  4.04it/s]
1_F1: 0.9548, 0_F1: 0.9530, accuracy: 0.9539, average_F1: 0.9539, loss: 0.1533 ||:  23%|##3       | 19/82 [00:05<00:15,  4.10it/s]
1_F1: 0.9536, 0_F1: 0.9527, accuracy: 0.9531, average_F1: 0.9531, loss: 0.1541 ||:  24%|##4       | 20/82 [00:05<00:16,  3.79it/s]
1_F1: 0.9529, 0_F1: 0.9518, accuracy: 0.9524, average_F1: 0.9524, loss: 0.1528 ||:  26%|##5       | 21/82 [00:05<00:16,  3.79it/s]
1_F1: 0.9560, 0_F1: 0.9529, accuracy: 0.9545, average_F1: 0.9545, loss: 0.1478 ||:  27%|##6       | 22/82 [00:05<00:15,  3.89it/s]
1_F1: 0.9561, 0_F1: 0.9513, accuracy: 0.9538, average_F1: 0.9537, loss: 0.1513 ||:  28%|##8       | 23/82 [00:06<00:15,  3.84it/s]
1_F1: 0.9580, 0_F1: 0.9532, accuracy: 0.9557, average_F1: 0.9556, loss: 0.1482 ||:  29%|##9       | 24/82 [00:06<00:15,  3.66it/s]
1_F1: 0.9596, 0_F1: 0.9551, accuracy: 0.9575, average_F1: 0.9574, loss: 0.1449 ||:  30%|###       | 25/82 [00:06<00:16,  3.49it/s]
1_F1: 0.9613, 0_F1: 0.9567, accuracy: 0.9591, average_F1: 0.9590, loss: 0.1418 ||:  32%|###1      | 26/82 [00:07<00:16,  3.41it/s]
1_F1: 0.9604, 0_F1: 0.9561, accuracy: 0.9583, average_F1: 0.9582, loss: 0.1427 ||:  33%|###2      | 27/82 [00:07<00:16,  3.37it/s]
1_F1: 0.9612, 0_F1: 0.9583, accuracy: 0.9598, average_F1: 0.9598, loss: 0.1385 ||:  34%|###4      | 28/82 [00:07<00:15,  3.47it/s]
1_F1: 0.9582, 0_F1: 0.9556, accuracy: 0.9569, average_F1: 0.9569, loss: 0.1460 ||:  35%|###5      | 29/82 [00:07<00:14,  3.74it/s]
1_F1: 0.9597, 0_F1: 0.9569, accuracy: 0.9583, average_F1: 0.9583, loss: 0.1445 ||:  37%|###6      | 30/82 [00:08<00:12,  4.06it/s]
1_F1: 0.9594, 0_F1: 0.9558, accuracy: 0.9577, average_F1: 0.9576, loss: 0.1452 ||:  38%|###7      | 31/82 [00:08<00:12,  3.94it/s]
1_F1: 0.9551, 0_F1: 0.9510, accuracy: 0.9531, average_F1: 0.9530, loss: 0.1631 ||:  39%|###9      | 32/82 [00:08<00:13,  3.66it/s]
1_F1: 0.9560, 0_F1: 0.9529, accuracy: 0.9545, average_F1: 0.9545, loss: 0.1602 ||:  40%|####      | 33/82 [00:08<00:12,  3.93it/s]
1_F1: 0.9554, 0_F1: 0.9526, accuracy: 0.9540, average_F1: 0.9540, loss: 0.1603 ||:  41%|####1     | 34/82 [00:09<00:12,  3.74it/s]
1_F1: 0.9549, 0_F1: 0.9522, accuracy: 0.9536, average_F1: 0.9535, loss: 0.1658 ||:  43%|####2     | 35/82 [00:09<00:11,  4.19it/s]
1_F1: 0.9553, 0_F1: 0.9541, accuracy: 0.9547, average_F1: 0.9547, loss: 0.1618 ||:  44%|####3     | 36/82 [00:09<00:16,  2.86it/s]
1_F1: 0.9548, 0_F1: 0.9537, accuracy: 0.9542, average_F1: 0.9542, loss: 0.1639 ||:  45%|####5     | 37/82 [00:10<00:13,  3.25it/s]
1_F1: 0.9560, 0_F1: 0.9549, accuracy: 0.9554, average_F1: 0.9554, loss: 0.1622 ||:  46%|####6     | 38/82 [00:10<00:13,  3.38it/s]
1_F1: 0.9550, 0_F1: 0.9550, accuracy: 0.9550, average_F1: 0.9550, loss: 0.1642 ||:  48%|####7     | 39/82 [00:10<00:11,  3.60it/s]
1_F1: 0.9564, 0_F1: 0.9558, accuracy: 0.9561, average_F1: 0.9561, loss: 0.1611 ||:  49%|####8     | 40/82 [00:10<00:11,  3.60it/s]
1_F1: 0.9563, 0_F1: 0.9550, accuracy: 0.9557, average_F1: 0.9556, loss: 0.1631 ||:  50%|#####     | 41/82 [00:11<00:10,  3.86it/s]
1_F1: 0.9570, 0_F1: 0.9564, accuracy: 0.9567, average_F1: 0.9567, loss: 0.1604 ||:  51%|#####1    | 42/82 [00:11<00:10,  3.67it/s]
1_F1: 0.9564, 0_F1: 0.9561, accuracy: 0.9563, average_F1: 0.9563, loss: 0.1612 ||:  52%|#####2    | 43/82 [00:11<00:11,  3.52it/s]
1_F1: 0.9563, 0_F1: 0.9554, accuracy: 0.9558, average_F1: 0.9558, loss: 0.1601 ||:  54%|#####3    | 44/82 [00:12<00:10,  3.52it/s]
1_F1: 0.9558, 0_F1: 0.9551, accuracy: 0.9554, average_F1: 0.9554, loss: 0.1630 ||:  55%|#####4    | 45/82 [00:12<00:10,  3.54it/s]
1_F1: 0.9568, 0_F1: 0.9560, accuracy: 0.9564, average_F1: 0.9564, loss: 0.1613 ||:  56%|#####6    | 46/82 [00:12<00:10,  3.45it/s]
1_F1: 0.9550, 0_F1: 0.9543, accuracy: 0.9547, average_F1: 0.9547, loss: 0.1637 ||:  57%|#####7    | 47/82 [00:12<00:10,  3.42it/s]
1_F1: 0.9545, 0_F1: 0.9541, accuracy: 0.9543, average_F1: 0.9543, loss: 0.1661 ||:  59%|#####8    | 48/82 [00:13<00:10,  3.38it/s]
1_F1: 0.9547, 0_F1: 0.9532, accuracy: 0.9540, average_F1: 0.9540, loss: 0.1682 ||:  60%|#####9    | 49/82 [00:13<00:09,  3.60it/s]
1_F1: 0.9529, 0_F1: 0.9519, accuracy: 0.9524, average_F1: 0.9524, loss: 0.1723 ||:  61%|######    | 50/82 [00:13<00:08,  3.77it/s]
1_F1: 0.9538, 0_F1: 0.9529, accuracy: 0.9533, average_F1: 0.9533, loss: 0.1703 ||:  62%|######2   | 51/82 [00:13<00:08,  3.79it/s]
1_F1: 0.9537, 0_F1: 0.9523, accuracy: 0.9530, average_F1: 0.9530, loss: 0.1717 ||:  63%|######3   | 52/82 [00:14<00:07,  3.91it/s]
1_F1: 0.9545, 0_F1: 0.9533, accuracy: 0.9539, average_F1: 0.9539, loss: 0.1704 ||:  65%|######4   | 53/82 [00:14<00:07,  3.86it/s]
1_F1: 0.9556, 0_F1: 0.9538, accuracy: 0.9548, average_F1: 0.9547, loss: 0.1689 ||:  66%|######5   | 54/82 [00:14<00:07,  3.98it/s]
1_F1: 0.9554, 0_F1: 0.9535, accuracy: 0.9544, average_F1: 0.9544, loss: 0.1704 ||:  67%|######7   | 55/82 [00:14<00:06,  4.20it/s]
1_F1: 0.9543, 0_F1: 0.9516, accuracy: 0.9530, average_F1: 0.9530, loss: 0.1759 ||:  68%|######8   | 56/82 [00:15<00:06,  4.33it/s]
1_F1: 0.9531, 0_F1: 0.9501, accuracy: 0.9516, average_F1: 0.9516, loss: 0.1783 ||:  70%|######9   | 57/82 [00:15<00:05,  4.39it/s]
1_F1: 0.9508, 0_F1: 0.9476, accuracy: 0.9492, average_F1: 0.9492, loss: 0.1815 ||:  71%|#######   | 58/82 [00:15<00:05,  4.55it/s]
1_F1: 0.9496, 0_F1: 0.9462, accuracy: 0.9480, average_F1: 0.9479, loss: 0.1826 ||:  72%|#######1  | 59/82 [00:15<00:05,  4.43it/s]
1_F1: 0.9480, 0_F1: 0.9432, accuracy: 0.9457, average_F1: 0.9456, loss: 0.1864 ||:  73%|#######3  | 60/82 [00:15<00:04,  4.67it/s]
1_F1: 0.9458, 0_F1: 0.9411, accuracy: 0.9435, average_F1: 0.9434, loss: 0.1905 ||:  74%|#######4  | 61/82 [00:16<00:04,  4.28it/s]
1_F1: 0.9468, 0_F1: 0.9419, accuracy: 0.9444, average_F1: 0.9443, loss: 0.1900 ||:  76%|#######5  | 62/82 [00:16<00:04,  4.26it/s]
1_F1: 0.9466, 0_F1: 0.9419, accuracy: 0.9443, average_F1: 0.9442, loss: 0.1895 ||:  77%|#######6  | 63/82 [00:16<00:04,  4.11it/s]
1_F1: 0.9471, 0_F1: 0.9432, accuracy: 0.9452, average_F1: 0.9451, loss: 0.1878 ||:  78%|#######8  | 64/82 [00:17<00:04,  3.70it/s]
1_F1: 0.9469, 0_F1: 0.9432, accuracy: 0.9451, average_F1: 0.9450, loss: 0.1881 ||:  79%|#######9  | 65/82 [00:17<00:04,  3.72it/s]
1_F1: 0.9477, 0_F1: 0.9441, accuracy: 0.9459, average_F1: 0.9459, loss: 0.1859 ||:  80%|########  | 66/82 [00:17<00:04,  3.73it/s]
1_F1: 0.9480, 0_F1: 0.9453, accuracy: 0.9467, average_F1: 0.9467, loss: 0.1837 ||:  82%|########1 | 67/82 [00:17<00:03,  3.86it/s]
1_F1: 0.9488, 0_F1: 0.9462, accuracy: 0.9475, average_F1: 0.9475, loss: 0.1816 ||:  83%|########2 | 68/82 [00:18<00:03,  3.80it/s]
1_F1: 0.9492, 0_F1: 0.9474, accuracy: 0.9483, average_F1: 0.9483, loss: 0.1793 ||:  84%|########4 | 69/82 [00:18<00:03,  3.75it/s]
1_F1: 0.9499, 0_F1: 0.9481, accuracy: 0.9490, average_F1: 0.9490, loss: 0.1775 ||:  85%|########5 | 70/82 [00:18<00:03,  3.89it/s]
1_F1: 0.9509, 0_F1: 0.9485, accuracy: 0.9497, average_F1: 0.9497, loss: 0.1767 ||:  87%|########6 | 71/82 [00:18<00:02,  4.02it/s]
1_F1: 0.9514, 0_F1: 0.9494, accuracy: 0.9504, average_F1: 0.9504, loss: 0.1751 ||:  88%|########7 | 72/82 [00:19<00:02,  3.96it/s]
1_F1: 0.9521, 0_F1: 0.9501, accuracy: 0.9511, average_F1: 0.9511, loss: 0.1737 ||:  89%|########9 | 73/82 [00:19<00:02,  4.06it/s]
1_F1: 0.9517, 0_F1: 0.9502, accuracy: 0.9509, average_F1: 0.9509, loss: 0.1752 ||:  90%|######### | 74/82 [00:19<00:01,  4.16it/s]
1_F1: 0.9513, 0_F1: 0.9502, accuracy: 0.9508, average_F1: 0.9507, loss: 0.1744 ||:  91%|#########1| 75/82 [00:19<00:01,  4.20it/s]
1_F1: 0.9513, 0_F1: 0.9498, accuracy: 0.9506, average_F1: 0.9506, loss: 0.1740 ||:  93%|#########2| 76/82 [00:20<00:01,  4.07it/s]
1_F1: 0.9510, 0_F1: 0.9498, accuracy: 0.9504, average_F1: 0.9504, loss: 0.1752 ||:  94%|#########3| 77/82 [00:20<00:01,  4.11it/s]
1_F1: 0.9515, 0_F1: 0.9505, accuracy: 0.9510, average_F1: 0.9510, loss: 0.1733 ||:  95%|#########5| 78/82 [00:20<00:00,  4.02it/s]
1_F1: 0.9516, 0_F1: 0.9501, accuracy: 0.9509, average_F1: 0.9509, loss: 0.1747 ||:  96%|#########6| 79/82 [00:20<00:00,  4.40it/s]
1_F1: 0.9514, 0_F1: 0.9500, accuracy: 0.9507, average_F1: 0.9507, loss: 0.1747 ||:  98%|#########7| 80/82 [00:21<00:00,  4.03it/s]
1_F1: 0.9496, 0_F1: 0.9484, accuracy: 0.9490, average_F1: 0.9490, loss: 0.1767 ||:  99%|#########8| 81/82 [00:21<00:00,  4.23it/s]
1_F1: 0.9495, 0_F1: 0.9482, accuracy: 0.9489, average_F1: 0.9488, loss: 0.1773 ||: 100%|##########| 82/82 [00:21<00:00,  4.23it/s]
1_F1: 0.9495, 0_F1: 0.9482, accuracy: 0.9489, average_F1: 0.9488, loss: 0.1773 ||: 100%|##########| 82/82 [00:21<00:00,  3.81it/s]

  0%|          | 0/11 [00:00<?, ?it/s]
1_F1: 0.8148, 0_F1: 0.8649, accuracy: 0.8438, average_F1: 0.8398, loss: 0.3739 ||:  18%|#8        | 2/11 [00:00<00:00, 11.92it/s]
1_F1: 0.8000, 0_F1: 0.8235, accuracy: 0.8125, average_F1: 0.8118, loss: 0.5912 ||:  36%|###6      | 4/11 [00:00<00:00, 12.53it/s]
1_F1: 0.7901, 0_F1: 0.8468, accuracy: 0.8229, average_F1: 0.8185, loss: 0.5547 ||:  55%|#####4    | 6/11 [00:00<00:00, 12.21it/s]
1_F1: 0.7451, 0_F1: 0.8312, accuracy: 0.7969, average_F1: 0.7881, loss: 0.5731 ||:  73%|#######2  | 8/11 [00:00<00:00, 11.96it/s]
1_F1: 0.7586, 0_F1: 0.8372, accuracy: 0.8056, average_F1: 0.7979, loss: 0.5341 ||:  82%|########1 | 9/11 [00:00<00:00, 11.07it/s]
1_F1: 0.7328, 0_F1: 0.8148, accuracy: 0.7812, average_F1: 0.7738, loss: 0.5395 ||:  91%|######### | 10/11 [00:00<00:00, 10.51it/s]
1_F1: 0.7313, 0_F1: 0.8105, accuracy: 0.7778, average_F1: 0.7709, loss: 0.5363 ||: 100%|##########| 11/11 [00:00<00:00, 12.27it/s]

  0%|          | 0/82 [00:00<?, ?it/s]
1_F1: 1.0000, 0_F1: 1.0000, accuracy: 1.0000, average_F1: 1.0000, loss: 0.0609 ||:   1%|1         | 1/82 [00:00<00:27,  2.97it/s]
1_F1: 0.9655, 0_F1: 0.9714, accuracy: 0.9688, average_F1: 0.9685, loss: 0.1555 ||:   2%|2         | 2/82 [00:00<00:24,  3.27it/s]
1_F1: 0.9796, 0_F1: 0.9787, accuracy: 0.9792, average_F1: 0.9792, loss: 0.1140 ||:   4%|3         | 3/82 [00:00<00:24,  3.29it/s]
1_F1: 0.9841, 0_F1: 0.9846, accuracy: 0.9844, average_F1: 0.9844, loss: 0.0944 ||:   5%|4         | 4/82 [00:01<00:24,  3.19it/s]
1_F1: 0.9737, 0_F1: 0.9762, accuracy: 0.9750, average_F1: 0.9749, loss: 0.1252 ||:   6%|6         | 5/82 [00:01<00:22,  3.39it/s]
1_F1: 0.9773, 0_F1: 0.9808, accuracy: 0.9792, average_F1: 0.9790, loss: 0.1100 ||:   7%|7         | 6/82 [00:01<00:21,  3.57it/s]
1_F1: 0.9714, 0_F1: 0.9748, accuracy: 0.9732, average_F1: 0.9731, loss: 0.1090 ||:   9%|8         | 7/82 [00:01<00:19,  3.81it/s]
1_F1: 0.9756, 0_F1: 0.9774, accuracy: 0.9766, average_F1: 0.9765, loss: 0.0984 ||:  10%|9         | 8/82 [00:02<00:20,  3.65it/s]
1_F1: 0.9781, 0_F1: 0.9801, accuracy: 0.9792, average_F1: 0.9791, loss: 0.0908 ||:  11%|#         | 9/82 [00:02<00:19,  3.76it/s]
1_F1: 0.9809, 0_F1: 0.9816, accuracy: 0.9812, average_F1: 0.9812, loss: 0.0854 ||:  12%|#2        | 10/82 [00:02<00:19,  3.69it/s]
1_F1: 0.9825, 0_F1: 0.9834, accuracy: 0.9830, average_F1: 0.9829, loss: 0.0866 ||:  13%|#3        | 11/82 [00:03<00:19,  3.66it/s]
1_F1: 0.9783, 0_F1: 0.9800, accuracy: 0.9792, average_F1: 0.9791, loss: 0.0989 ||:  15%|#4        | 12/82 [00:03<00:18,  3.79it/s]
1_F1: 0.9756, 0_F1: 0.9763, accuracy: 0.9760, average_F1: 0.9760, loss: 0.1059 ||:  16%|#5        | 13/82 [00:03<00:17,  3.99it/s]
1_F1: 0.9765, 0_F1: 0.9787, accuracy: 0.9777, average_F1: 0.9776, loss: 0.0989 ||:  17%|#7        | 14/82 [00:03<00:19,  3.57it/s]
1_F1: 0.9741, 0_F1: 0.9758, accuracy: 0.9750, average_F1: 0.9750, loss: 0.0979 ||:  18%|#8        | 15/82 [00:04<00:19,  3.48it/s]
1_F1: 0.9721, 0_F1: 0.9732, accuracy: 0.9727, average_F1: 0.9726, loss: 0.1084 ||:  20%|#9        | 16/82 [00:04<00:18,  3.66it/s]
1_F1: 0.9736, 0_F1: 0.9749, accuracy: 0.9743, average_F1: 0.9742, loss: 0.1036 ||:  21%|##        | 17/82 [00:04<00:17,  3.81it/s]
1_F1: 0.9754, 0_F1: 0.9759, accuracy: 0.9757, average_F1: 0.9757, loss: 0.1010 ||:  22%|##1       | 18/82 [00:04<00:17,  3.75it/s]
1_F1: 0.9766, 0_F1: 0.9773, accuracy: 0.9770, average_F1: 0.9770, loss: 0.0964 ||:  23%|##3       | 19/82 [00:05<00:17,  3.52it/s]
1_F1: 0.9786, 0_F1: 0.9776, accuracy: 0.9781, average_F1: 0.9781, loss: 0.0959 ||:  24%|##4       | 20/82 [00:05<00:16,  3.83it/s]
1_F1: 0.9795, 0_F1: 0.9789, accuracy: 0.9792, average_F1: 0.9792, loss: 0.0925 ||:  26%|##5       | 21/82 [00:05<00:15,  3.92it/s]
1_F1: 0.9805, 0_F1: 0.9797, accuracy: 0.9801, average_F1: 0.9801, loss: 0.0907 ||:  27%|##6       | 22/82 [00:05<00:15,  3.88it/s]
1_F1: 0.9813, 0_F1: 0.9806, accuracy: 0.9810, average_F1: 0.9810, loss: 0.0877 ||:  28%|##8       | 23/82 [00:06<00:14,  4.00it/s]
1_F1: 0.9799, 0_F1: 0.9784, accuracy: 0.9792, average_F1: 0.9791, loss: 0.0888 ||:  29%|##9       | 24/82 [00:06<00:13,  4.37it/s]
1_F1: 0.9781, 0_F1: 0.9769, accuracy: 0.9775, average_F1: 0.9775, loss: 0.0986 ||:  30%|###       | 25/82 [00:06<00:13,  4.22it/s]
1_F1: 0.9789, 0_F1: 0.9778, accuracy: 0.9784, average_F1: 0.9784, loss: 0.0955 ||:  32%|###1      | 26/82 [00:06<00:13,  4.00it/s]
1_F1: 0.9749, 0_F1: 0.9741, accuracy: 0.9745, average_F1: 0.9745, loss: 0.0990 ||:  33%|###2      | 27/82 [00:07<00:12,  4.27it/s]
1_F1: 0.9714, 0_F1: 0.9705, accuracy: 0.9710, average_F1: 0.9710, loss: 0.1109 ||:  34%|###4      | 28/82 [00:07<00:12,  4.36it/s]
1_F1: 0.9725, 0_F1: 0.9714, accuracy: 0.9720, average_F1: 0.9720, loss: 0.1079 ||:  35%|###5      | 29/82 [00:07<00:12,  4.37it/s]
1_F1: 0.9731, 0_F1: 0.9727, accuracy: 0.9729, average_F1: 0.9729, loss: 0.1055 ||:  37%|###6      | 30/82 [00:07<00:12,  4.16it/s]
1_F1: 0.9738, 0_F1: 0.9737, accuracy: 0.9738, average_F1: 0.9738, loss: 0.1034 ||:  38%|###7      | 31/82 [00:08<00:12,  4.05it/s]
1_F1: 0.9731, 0_F1: 0.9722, accuracy: 0.9727, average_F1: 0.9726, loss: 0.1032 ||:  39%|###9      | 32/82 [00:08<00:11,  4.31it/s]
1_F1: 0.9740, 0_F1: 0.9730, accuracy: 0.9735, average_F1: 0.9735, loss: 0.1004 ||:  40%|####      | 33/82 [00:08<00:11,  4.11it/s]
1_F1: 0.9750, 0_F1: 0.9735, accuracy: 0.9743, average_F1: 0.9742, loss: 0.0989 ||:  41%|####1     | 34/82 [00:08<00:11,  4.30it/s]
1_F1: 0.9740, 0_F1: 0.9724, accuracy: 0.9732, average_F1: 0.9732, loss: 0.1017 ||:  43%|####2     | 35/82 [00:08<00:11,  4.27it/s]
1_F1: 0.9748, 0_F1: 0.9731, accuracy: 0.9740, average_F1: 0.9739, loss: 0.1001 ||:  44%|####3     | 36/82 [00:09<00:10,  4.37it/s]
1_F1: 0.9739, 0_F1: 0.9720, accuracy: 0.9730, average_F1: 0.9729, loss: 0.1000 ||:  45%|####5     | 37/82 [00:09<00:11,  4.05it/s]
1_F1: 0.9714, 0_F1: 0.9693, accuracy: 0.9704, average_F1: 0.9704, loss: 0.1061 ||:  46%|####6     | 38/82 [00:09<00:11,  3.81it/s]
1_F1: 0.9720, 0_F1: 0.9702, accuracy: 0.9712, average_F1: 0.9711, loss: 0.1042 ||:  48%|####7     | 39/82 [00:10<00:11,  3.73it/s]
1_F1: 0.9728, 0_F1: 0.9709, accuracy: 0.9719, average_F1: 0.9718, loss: 0.1019 ||:  49%|####8     | 40/82 [00:10<00:11,  3.60it/s]
1_F1: 0.9703, 0_F1: 0.9687, accuracy: 0.9695, average_F1: 0.9695, loss: 0.1062 ||:  50%|#####     | 41/82 [00:10<00:11,  3.50it/s]
1_F1: 0.9696, 0_F1: 0.9678, accuracy: 0.9688, average_F1: 0.9687, loss: 0.1064 ||:  51%|#####1    | 42/82 [00:10<00:11,  3.63it/s]
1_F1: 0.9702, 0_F1: 0.9687, accuracy: 0.9695, average_F1: 0.9695, loss: 0.1043 ||:  52%|#####2    | 43/82 [00:11<00:11,  3.52it/s]
1_F1: 0.9706, 0_F1: 0.9697, accuracy: 0.9702, average_F1: 0.9702, loss: 0.1024 ||:  54%|#####3    | 44/82 [00:11<00:10,  3.68it/s]
1_F1: 0.9699, 0_F1: 0.9690, accuracy: 0.9694, average_F1: 0.9694, loss: 0.1024 ||:  55%|#####4    | 45/82 [00:11<00:09,  3.81it/s]
1_F1: 0.9706, 0_F1: 0.9696, accuracy: 0.9701, average_F1: 0.9701, loss: 0.1010 ||:  56%|#####6    | 46/82 [00:11<00:09,  3.77it/s]
1_F1: 0.9713, 0_F1: 0.9702, accuracy: 0.9707, average_F1: 0.9707, loss: 0.1002 ||:  57%|#####7    | 47/82 [00:12<00:09,  3.70it/s]
1_F1: 0.9705, 0_F1: 0.9696, accuracy: 0.9701, average_F1: 0.9700, loss: 0.1000 ||:  59%|#####8    | 48/82 [00:12<00:08,  3.84it/s]
1_F1: 0.9711, 0_F1: 0.9702, accuracy: 0.9707, average_F1: 0.9707, loss: 0.0983 ||:  60%|#####9    | 49/82 [00:12<00:09,  3.66it/s]
1_F1: 0.9694, 0_F1: 0.9681, accuracy: 0.9688, average_F1: 0.9687, loss: 0.1016 ||:  61%|######    | 50/82 [00:12<00:07,  4.05it/s]
1_F1: 0.9687, 0_F1: 0.9676, accuracy: 0.9681, average_F1: 0.9681, loss: 0.1061 ||:  62%|######2   | 51/82 [00:13<00:07,  3.97it/s]
1_F1: 0.9680, 0_F1: 0.9670, accuracy: 0.9675, average_F1: 0.9675, loss: 0.1080 ||:  63%|######3   | 52/82 [00:13<00:07,  3.92it/s]
1_F1: 0.9675, 0_F1: 0.9664, accuracy: 0.9670, average_F1: 0.9670, loss: 0.1125 ||:  65%|######4   | 53/82 [00:13<00:06,  4.36it/s]
1_F1: 0.9682, 0_F1: 0.9670, accuracy: 0.9676, average_F1: 0.9676, loss: 0.1110 ||:  66%|######5   | 54/82 [00:14<00:09,  3.05it/s]
1_F1: 0.9687, 0_F1: 0.9676, accuracy: 0.9682, average_F1: 0.9682, loss: 0.1099 ||:  67%|######7   | 55/82 [00:14<00:08,  3.17it/s]
1_F1: 0.9693, 0_F1: 0.9682, accuracy: 0.9688, average_F1: 0.9687, loss: 0.1086 ||:  68%|######8   | 56/82 [00:14<00:07,  3.34it/s]
1_F1: 0.9700, 0_F1: 0.9685, accuracy: 0.9693, average_F1: 0.9693, loss: 0.1070 ||:  70%|######9   | 57/82 [00:15<00:07,  3.57it/s]
1_F1: 0.9694, 0_F1: 0.9681, accuracy: 0.9688, average_F1: 0.9687, loss: 0.1096 ||:  71%|#######   | 58/82 [00:15<00:06,  3.75it/s]
1_F1: 0.9690, 0_F1: 0.9674, accuracy: 0.9682, average_F1: 0.9682, loss: 0.1095 ||:  72%|#######1  | 59/82 [00:15<00:05,  3.87it/s]
1_F1: 0.9687, 0_F1: 0.9667, accuracy: 0.9677, average_F1: 0.9677, loss: 0.1089 ||:  73%|#######3  | 60/82 [00:15<00:05,  3.97it/s]
1_F1: 0.9691, 0_F1: 0.9673, accuracy: 0.9682, average_F1: 0.9682, loss: 0.1076 ||:  74%|#######4  | 61/82 [00:15<00:05,  3.92it/s]
1_F1: 0.9694, 0_F1: 0.9681, accuracy: 0.9688, average_F1: 0.9687, loss: 0.1061 ||:  76%|#######5  | 62/82 [00:16<00:05,  3.81it/s]
1_F1: 0.9687, 0_F1: 0.9677, accuracy: 0.9683, average_F1: 0.9682, loss: 0.1057 ||:  77%|#######6  | 63/82 [00:16<00:05,  3.60it/s]
1_F1: 0.9684, 0_F1: 0.9672, accuracy: 0.9678, average_F1: 0.9678, loss: 0.1067 ||:  78%|#######8  | 64/82 [00:16<00:05,  3.49it/s]
1_F1: 0.9686, 0_F1: 0.9679, accuracy: 0.9683, average_F1: 0.9683, loss: 0.1053 ||:  79%|#######9  | 65/82 [00:17<00:04,  3.41it/s]
1_F1: 0.9682, 0_F1: 0.9674, accuracy: 0.9678, average_F1: 0.9678, loss: 0.1067 ||:  80%|########  | 66/82 [00:17<00:04,  3.64it/s]
1_F1: 0.9679, 0_F1: 0.9668, accuracy: 0.9674, average_F1: 0.9673, loss: 0.1067 ||:  82%|########1 | 67/82 [00:17<00:03,  3.84it/s]
1_F1: 0.9684, 0_F1: 0.9672, accuracy: 0.9678, average_F1: 0.9678, loss: 0.1066 ||:  83%|########2 | 68/82 [00:17<00:03,  3.79it/s]
1_F1: 0.9672, 0_F1: 0.9658, accuracy: 0.9665, average_F1: 0.9665, loss: 0.1081 ||:  84%|########4 | 69/82 [00:18<00:03,  3.98it/s]
1_F1: 0.9676, 0_F1: 0.9663, accuracy: 0.9670, average_F1: 0.9670, loss: 0.1072 ||:  85%|########5 | 70/82 [00:18<00:02,  4.05it/s]
1_F1: 0.9680, 0_F1: 0.9669, accuracy: 0.9674, average_F1: 0.9674, loss: 0.1068 ||:  87%|########6 | 71/82 [00:18<00:02,  4.13it/s]
1_F1: 0.9676, 0_F1: 0.9664, accuracy: 0.9670, average_F1: 0.9670, loss: 0.1071 ||:  88%|########7 | 72/82 [00:18<00:02,  4.19it/s]
1_F1: 0.9681, 0_F1: 0.9668, accuracy: 0.9675, average_F1: 0.9675, loss: 0.1063 ||:  89%|########9 | 73/82 [00:19<00:02,  4.22it/s]
1_F1: 0.9677, 0_F1: 0.9664, accuracy: 0.9671, average_F1: 0.9670, loss: 0.1066 ||:  90%|######### | 74/82 [00:19<00:01,  4.20it/s]
1_F1: 0.9680, 0_F1: 0.9670, accuracy: 0.9675, average_F1: 0.9675, loss: 0.1054 ||:  91%|#########1| 75/82 [00:19<00:01,  4.20it/s]
1_F1: 0.9675, 0_F1: 0.9667, accuracy: 0.9671, average_F1: 0.9671, loss: 0.1049 ||:  93%|#########2| 76/82 [00:19<00:01,  4.25it/s]
1_F1: 0.9680, 0_F1: 0.9671, accuracy: 0.9675, average_F1: 0.9675, loss: 0.1040 ||:  94%|#########3| 77/82 [00:20<00:01,  3.87it/s]
1_F1: 0.9680, 0_F1: 0.9678, accuracy: 0.9679, average_F1: 0.9679, loss: 0.1027 ||:  95%|#########5| 78/82 [00:20<00:01,  3.50it/s]
1_F1: 0.9676, 0_F1: 0.9674, accuracy: 0.9675, average_F1: 0.9675, loss: 0.1039 ||:  96%|#########6| 79/82 [00:20<00:00,  3.52it/s]
1_F1: 0.9671, 0_F1: 0.9671, accuracy: 0.9671, average_F1: 0.9671, loss: 0.1058 ||:  98%|#########7| 80/82 [00:21<00:00,  3.57it/s]
1_F1: 0.9668, 0_F1: 0.9667, accuracy: 0.9668, average_F1: 0.9668, loss: 0.1063 ||:  99%|#########8| 81/82 [00:21<00:00,  3.60it/s]
1_F1: 0.9672, 0_F1: 0.9672, accuracy: 0.9672, average_F1: 0.9672, loss: 0.1055 ||: 100%|##########| 82/82 [00:21<00:00,  3.78it/s]
1_F1: 0.9672, 0_F1: 0.9672, accuracy: 0.9672, average_F1: 0.9672, loss: 0.1055 ||: 100%|##########| 82/82 [00:21<00:00,  3.81it/s]

  0%|          | 0/11 [00:00<?, ?it/s]
1_F1: 0.8571, 0_F1: 0.8276, accuracy: 0.8438, average_F1: 0.8424, loss: 0.4328 ||:  18%|#8        | 2/11 [00:00<00:00, 11.54it/s]
1_F1: 0.8451, 0_F1: 0.8070, accuracy: 0.8281, average_F1: 0.8260, loss: 0.4923 ||:  36%|###6      | 4/11 [00:00<00:00, 12.18it/s]
1_F1: 0.8367, 0_F1: 0.8298, accuracy: 0.8333, average_F1: 0.8333, loss: 0.4451 ||:  55%|#####4    | 6/11 [00:00<00:00, 12.11it/s]
1_F1: 0.8413, 0_F1: 0.8462, accuracy: 0.8438, average_F1: 0.8437, loss: 0.4374 ||:  73%|#######2  | 8/11 [00:00<00:00, 11.71it/s]
1_F1: 0.8333, 0_F1: 0.8333, accuracy: 0.8333, average_F1: 0.8333, loss: 0.4669 ||:  82%|########1 | 9/11 [00:00<00:00, 10.95it/s]
1_F1: 0.8452, 0_F1: 0.8289, accuracy: 0.8375, average_F1: 0.8371, loss: 0.4560 ||:  91%|######### | 10/11 [00:00<00:00, 10.50it/s]
1_F1: 0.8421, 0_F1: 0.8235, accuracy: 0.8333, average_F1: 0.8328, loss: 0.6331 ||: 100%|##########| 11/11 [00:00<00:00, 12.16it/s]

  0%|          | 0/82 [00:00<?, ?it/s]
1_F1: 1.0000, 0_F1: 1.0000, accuracy: 1.0000, average_F1: 1.0000, loss: 0.0141 ||:   1%|1         | 1/82 [00:00<00:30,  2.65it/s]
1_F1: 0.9714, 0_F1: 0.9655, accuracy: 0.9688, average_F1: 0.9685, loss: 0.1098 ||:   2%|2         | 2/82 [00:00<00:25,  3.16it/s]
1_F1: 0.9778, 0_F1: 0.9804, accuracy: 0.9792, average_F1: 0.9791, loss: 0.0787 ||:   4%|3         | 3/82 [00:00<00:24,  3.27it/s]
1_F1: 0.9722, 0_F1: 0.9643, accuracy: 0.9688, average_F1: 0.9683, loss: 0.0812 ||:   5%|4         | 4/82 [00:01<00:21,  3.71it/s]
1_F1: 0.9787, 0_F1: 0.9697, accuracy: 0.9750, average_F1: 0.9742, loss: 0.0675 ||:   6%|6         | 5/82 [00:01<00:19,  3.89it/s]
1_F1: 0.9815, 0_F1: 0.9762, accuracy: 0.9792, average_F1: 0.9788, loss: 0.0663 ||:   7%|7         | 6/82 [00:01<00:19,  3.97it/s]
1_F1: 0.9839, 0_F1: 0.9800, accuracy: 0.9821, average_F1: 0.9819, loss: 0.0595 ||:   9%|8         | 7/82 [00:01<00:19,  3.85it/s]
1_F1: 0.9857, 0_F1: 0.9828, accuracy: 0.9844, average_F1: 0.9842, loss: 0.0539 ||:  10%|9         | 8/82 [00:02<00:20,  3.62it/s]
1_F1: 0.9868, 0_F1: 0.9853, accuracy: 0.9861, average_F1: 0.9861, loss: 0.0497 ||:  11%|#         | 9/82 [00:02<00:19,  3.79it/s]
1_F1: 0.9881, 0_F1: 0.9868, accuracy: 0.9875, average_F1: 0.9875, loss: 0.0458 ||:  12%|#2        | 10/82 [00:02<00:18,  3.92it/s]
1_F1: 0.9894, 0_F1: 0.9878, accuracy: 0.9886, average_F1: 0.9886, loss: 0.0422 ||:  13%|#3        | 11/82 [00:02<00:17,  4.03it/s]
1_F1: 0.9904, 0_F1: 0.9886, accuracy: 0.9896, average_F1: 0.9895, loss: 0.0396 ||:  15%|#4        | 12/82 [00:03<00:17,  4.08it/s]
1_F1: 0.9907, 0_F1: 0.9900, accuracy: 0.9904, average_F1: 0.9904, loss: 0.0371 ||:  16%|#5        | 13/82 [00:03<00:16,  4.09it/s]
1_F1: 0.9915, 0_F1: 0.9906, accuracy: 0.9911, average_F1: 0.9910, loss: 0.0353 ||:  17%|#7        | 14/82 [00:03<00:16,  4.11it/s]
1_F1: 0.9883, 0_F1: 0.9865, accuracy: 0.9875, average_F1: 0.9874, loss: 0.0414 ||:  18%|#8        | 15/82 [00:03<00:17,  3.81it/s]
1_F1: 0.9855, 0_F1: 0.9831, accuracy: 0.9844, average_F1: 0.9843, loss: 0.0441 ||:  20%|#9        | 16/82 [00:04<00:16,  3.94it/s]
1_F1: 0.9863, 0_F1: 0.9841, accuracy: 0.9853, average_F1: 0.9852, loss: 0.0436 ||:  21%|##        | 17/82 [00:04<00:15,  4.18it/s]
1_F1: 0.9866, 0_F1: 0.9854, accuracy: 0.9860, average_F1: 0.9860, loss: 0.0415 ||:  22%|##1       | 18/82 [00:04<00:17,  3.71it/s]
1_F1: 0.9870, 0_F1: 0.9865, accuracy: 0.9868, average_F1: 0.9867, loss: 0.0396 ||:  23%|##3       | 19/82 [00:04<00:18,  3.43it/s]
1_F1: 0.9875, 0_F1: 0.9873, accuracy: 0.9874, average_F1: 0.9874, loss: 0.0379 ||:  24%|##4       | 20/82 [00:05<00:18,  3.31it/s]
1_F1: 0.9852, 0_F1: 0.9849, accuracy: 0.9850, average_F1: 0.9850, loss: 0.0392 ||:  26%|##5       | 21/82 [00:05<00:18,  3.32it/s]
1_F1: 0.9859, 0_F1: 0.9855, accuracy: 0.9857, average_F1: 0.9857, loss: 0.0381 ||:  27%|##6       | 22/82 [00:05<00:18,  3.32it/s]
1_F1: 0.9864, 0_F1: 0.9862, accuracy: 0.9863, average_F1: 0.9863, loss: 0.0372 ||:  28%|##8       | 23/82 [00:06<00:17,  3.40it/s]
1_F1: 0.9869, 0_F1: 0.9869, accuracy: 0.9869, average_F1: 0.9869, loss: 0.0362 ||:  29%|##9       | 24/82 [00:06<00:16,  3.43it/s]
1_F1: 0.9878, 0_F1: 0.9871, accuracy: 0.9874, average_F1: 0.9874, loss: 0.0358 ||:  30%|###       | 25/82 [00:06<00:15,  3.77it/s]
1_F1: 0.9883, 0_F1: 0.9875, accuracy: 0.9879, average_F1: 0.9879, loss: 0.0349 ||:  32%|###1      | 26/82 [00:06<00:14,  3.92it/s]
1_F1: 0.9865, 0_F1: 0.9855, accuracy: 0.9860, average_F1: 0.9860, loss: 0.0400 ||:  33%|###2      | 27/82 [00:07<00:13,  4.11it/s]
1_F1: 0.9871, 0_F1: 0.9859, accuracy: 0.9865, average_F1: 0.9865, loss: 0.0392 ||:  34%|###4      | 28/82 [00:07<00:12,  4.21it/s]
1_F1: 0.9877, 0_F1: 0.9862, accuracy: 0.9870, average_F1: 0.9870, loss: 0.0385 ||:  35%|###5      | 29/82 [00:07<00:11,  4.57it/s]
1_F1: 0.9880, 0_F1: 0.9868, accuracy: 0.9874, average_F1: 0.9874, loss: 0.0374 ||:  37%|###6      | 30/82 [00:07<00:11,  4.33it/s]
1_F1: 0.9864, 0_F1: 0.9852, accuracy: 0.9858, average_F1: 0.9858, loss: 0.0388 ||:  38%|###7      | 31/82 [00:07<00:11,  4.26it/s]
1_F1: 0.9868, 0_F1: 0.9857, accuracy: 0.9863, average_F1: 0.9863, loss: 0.0379 ||:  39%|###9      | 32/82 [00:08<00:12,  4.05it/s]
1_F1: 0.9873, 0_F1: 0.9860, accuracy: 0.9867, average_F1: 0.9867, loss: 0.0377 ||:  40%|####      | 33/82 [00:08<00:11,  4.30it/s]
1_F1: 0.9877, 0_F1: 0.9865, accuracy: 0.9871, average_F1: 0.9871, loss: 0.0369 ||:  41%|####1     | 34/82 [00:08<00:11,  4.08it/s]
1_F1: 0.9879, 0_F1: 0.9870, accuracy: 0.9875, average_F1: 0.9874, loss: 0.0361 ||:  43%|####2     | 35/82 [00:08<00:11,  4.10it/s]
1_F1: 0.9883, 0_F1: 0.9873, accuracy: 0.9878, average_F1: 0.9878, loss: 0.0353 ||:  44%|####3     | 36/82 [00:09<00:11,  4.08it/s]
1_F1: 0.9885, 0_F1: 0.9877, accuracy: 0.9881, average_F1: 0.9881, loss: 0.0348 ||:  45%|####5     | 37/82 [00:09<00:10,  4.13it/s]
1_F1: 0.9889, 0_F1: 0.9880, accuracy: 0.9884, average_F1: 0.9884, loss: 0.0341 ||:  46%|####6     | 38/82 [00:09<00:10,  4.03it/s]
1_F1: 0.9875, 0_F1: 0.9867, accuracy: 0.9871, average_F1: 0.9871, loss: 0.0379 ||:  48%|####7     | 39/82 [00:09<00:11,  3.88it/s]
1_F1: 0.9880, 0_F1: 0.9869, accuracy: 0.9875, average_F1: 0.9874, loss: 0.0375 ||:  49%|####8     | 40/82 [00:10<00:10,  3.96it/s]
1_F1: 0.9853, 0_F1: 0.9841, accuracy: 0.9847, average_F1: 0.9847, loss: 0.0464 ||:  50%|#####     | 41/82 [00:10<00:10,  4.05it/s]
1_F1: 0.9855, 0_F1: 0.9846, accuracy: 0.9851, average_F1: 0.9851, loss: 0.0459 ||:  51%|#####1    | 42/82 [00:10<00:09,  4.14it/s]
1_F1: 0.9858, 0_F1: 0.9851, accuracy: 0.9854, average_F1: 0.9854, loss: 0.0452 ||:  52%|#####2    | 43/82 [00:10<00:10,  3.85it/s]
1_F1: 0.9848, 0_F1: 0.9838, accuracy: 0.9843, average_F1: 0.9843, loss: 0.0485 ||:  54%|#####3    | 44/82 [00:11<00:09,  3.92it/s]
1_F1: 0.9851, 0_F1: 0.9842, accuracy: 0.9847, average_F1: 0.9847, loss: 0.0477 ||:  55%|#####4    | 45/82 [00:11<00:09,  3.87it/s]
1_F1: 0.9854, 0_F1: 0.9846, accuracy: 0.9850, average_F1: 0.9850, loss: 0.0472 ||:  56%|#####6    | 46/82 [00:11<00:09,  3.85it/s]
1_F1: 0.9856, 0_F1: 0.9850, accuracy: 0.9853, average_F1: 0.9853, loss: 0.0466 ||:  57%|#####7    | 47/82 [00:12<00:08,  3.98it/s]
1_F1: 0.9859, 0_F1: 0.9854, accuracy: 0.9856, average_F1: 0.9856, loss: 0.0462 ||:  59%|#####8    | 48/82 [00:12<00:08,  3.92it/s]
1_F1: 0.9849, 0_F1: 0.9844, accuracy: 0.9847, average_F1: 0.9846, loss: 0.0469 ||:  60%|#####9    | 49/82 [00:12<00:08,  3.85it/s]
1_F1: 0.9851, 0_F1: 0.9848, accuracy: 0.9850, average_F1: 0.9850, loss: 0.0463 ||:  61%|######    | 50/82 [00:12<00:08,  3.94it/s]
1_F1: 0.9854, 0_F1: 0.9851, accuracy: 0.9853, average_F1: 0.9853, loss: 0.0460 ||:  62%|######2   | 51/82 [00:13<00:07,  4.00it/s]
1_F1: 0.9846, 0_F1: 0.9840, accuracy: 0.9843, average_F1: 0.9843, loss: 0.0476 ||:  63%|######3   | 52/82 [00:13<00:07,  3.93it/s]
1_F1: 0.9849, 0_F1: 0.9844, accuracy: 0.9846, average_F1: 0.9846, loss: 0.0470 ||:  65%|######4   | 53/82 [00:13<00:07,  4.04it/s]
1_F1: 0.9852, 0_F1: 0.9846, accuracy: 0.9849, average_F1: 0.9849, loss: 0.0466 ||:  66%|######5   | 54/82 [00:13<00:07,  3.91it/s]
1_F1: 0.9855, 0_F1: 0.9849, accuracy: 0.9852, average_F1: 0.9852, loss: 0.0459 ||:  67%|######7   | 55/82 [00:14<00:06,  3.97it/s]
1_F1: 0.9857, 0_F1: 0.9852, accuracy: 0.9855, average_F1: 0.9855, loss: 0.0452 ||:  68%|######8   | 56/82 [00:14<00:07,  3.61it/s]
1_F1: 0.9860, 0_F1: 0.9854, accuracy: 0.9857, average_F1: 0.9857, loss: 0.0445 ||:  70%|######9   | 57/82 [00:14<00:07,  3.45it/s]
1_F1: 0.9863, 0_F1: 0.9856, accuracy: 0.9860, average_F1: 0.9860, loss: 0.0438 ||:  71%|#######   | 58/82 [00:14<00:07,  3.39it/s]
1_F1: 0.9866, 0_F1: 0.9858, accuracy: 0.9862, average_F1: 0.9862, loss: 0.0435 ||:  72%|#######1  | 59/82 [00:15<00:06,  3.35it/s]
1_F1: 0.9858, 0_F1: 0.9849, accuracy: 0.9854, average_F1: 0.9854, loss: 0.0446 ||:  73%|#######3  | 60/82 [00:15<00:05,  3.71it/s]
1_F1: 0.9851, 0_F1: 0.9840, accuracy: 0.9846, average_F1: 0.9846, loss: 0.0462 ||:  74%|#######4  | 61/82 [00:15<00:05,  3.69it/s]
1_F1: 0.9853, 0_F1: 0.9844, accuracy: 0.9848, average_F1: 0.9848, loss: 0.0457 ||:  76%|#######5  | 62/82 [00:16<00:05,  3.55it/s]
1_F1: 0.9845, 0_F1: 0.9836, accuracy: 0.9841, average_F1: 0.9841, loss: 0.0463 ||:  77%|#######6  | 63/82 [00:16<00:05,  3.59it/s]
1_F1: 0.9847, 0_F1: 0.9840, accuracy: 0.9843, average_F1: 0.9843, loss: 0.0457 ||:  78%|#######8  | 64/82 [00:16<00:04,  3.71it/s]
1_F1: 0.9850, 0_F1: 0.9841, accuracy: 0.9846, average_F1: 0.9846, loss: 0.0452 ||:  79%|#######9  | 65/82 [00:16<00:04,  3.89it/s]
1_F1: 0.9852, 0_F1: 0.9844, accuracy: 0.9848, average_F1: 0.9848, loss: 0.0450 ||:  80%|########  | 66/82 [00:17<00:03,  4.03it/s]
1_F1: 0.9855, 0_F1: 0.9846, accuracy: 0.9850, average_F1: 0.9850, loss: 0.0449 ||:  82%|########1 | 67/82 [00:17<00:03,  4.21it/s]
1_F1: 0.9857, 0_F1: 0.9848, accuracy: 0.9853, average_F1: 0.9853, loss: 0.0444 ||:  83%|########2 | 68/82 [00:17<00:03,  4.01it/s]
1_F1: 0.9859, 0_F1: 0.9850, accuracy: 0.9855, average_F1: 0.9855, loss: 0.0438 ||:  84%|########4 | 69/82 [00:17<00:03,  3.85it/s]
1_F1: 0.9860, 0_F1: 0.9853, accuracy: 0.9857, average_F1: 0.9857, loss: 0.0433 ||:  85%|########5 | 70/82 [00:18<00:03,  3.83it/s]
1_F1: 0.9861, 0_F1: 0.9857, accuracy: 0.9859, average_F1: 0.9859, loss: 0.0428 ||:  87%|########6 | 71/82 [00:18<00:02,  3.81it/s]
1_F1: 0.9862, 0_F1: 0.9860, accuracy: 0.9861, average_F1: 0.9861, loss: 0.0423 ||:  88%|########7 | 72/82 [00:19<00:03,  2.62it/s]
1_F1: 0.9863, 0_F1: 0.9862, accuracy: 0.9863, average_F1: 0.9863, loss: 0.0421 ||:  89%|########9 | 73/82 [00:19<00:03,  2.90it/s]
1_F1: 0.9865, 0_F1: 0.9864, accuracy: 0.9865, average_F1: 0.9865, loss: 0.0417 ||:  90%|######### | 74/82 [00:19<00:02,  3.03it/s]
1_F1: 0.9867, 0_F1: 0.9866, accuracy: 0.9866, average_F1: 0.9866, loss: 0.0412 ||:  91%|#########1| 75/82 [00:19<00:02,  3.22it/s]
1_F1: 0.9869, 0_F1: 0.9868, accuracy: 0.9868, average_F1: 0.9868, loss: 0.0409 ||:  93%|#########2| 76/82 [00:20<00:01,  3.46it/s]
1_F1: 0.9871, 0_F1: 0.9869, accuracy: 0.9870, average_F1: 0.9870, loss: 0.0407 ||:  94%|#########3| 77/82 [00:20<00:01,  3.67it/s]
1_F1: 0.9872, 0_F1: 0.9871, accuracy: 0.9872, average_F1: 0.9872, loss: 0.0402 ||:  95%|#########5| 78/82 [00:20<00:01,  3.97it/s]
1_F1: 0.9873, 0_F1: 0.9873, accuracy: 0.9873, average_F1: 0.9873, loss: 0.0398 ||:  96%|#########6| 79/82 [00:20<00:00,  3.72it/s]
1_F1: 0.9875, 0_F1: 0.9874, accuracy: 0.9875, average_F1: 0.9875, loss: 0.0397 ||:  98%|#########7| 80/82 [00:21<00:00,  3.93it/s]
1_F1: 0.9877, 0_F1: 0.9876, accuracy: 0.9876, average_F1: 0.9876, loss: 0.0393 ||:  99%|#########8| 81/82 [00:21<00:00,  4.10it/s]
1_F1: 0.9878, 0_F1: 0.9877, accuracy: 0.9878, average_F1: 0.9878, loss: 0.0389 ||: 100%|##########| 82/82 [00:21<00:00,  3.85it/s]
1_F1: 0.9878, 0_F1: 0.9877, accuracy: 0.9878, average_F1: 0.9878, loss: 0.0389 ||: 100%|##########| 82/82 [00:21<00:00,  3.80it/s]

  0%|          | 0/11 [00:00<?, ?it/s]
1_F1: 0.8571, 0_F1: 0.8276, accuracy: 0.8438, average_F1: 0.8424, loss: 0.6137 ||:  18%|#8        | 2/11 [00:00<00:00, 11.50it/s]
1_F1: 0.8406, 0_F1: 0.8136, accuracy: 0.8281, average_F1: 0.8271, loss: 0.6039 ||:  36%|###6      | 4/11 [00:00<00:00, 12.14it/s]
1_F1: 0.8211, 0_F1: 0.8247, accuracy: 0.8229, average_F1: 0.8229, loss: 0.6544 ||:  55%|#####4    | 6/11 [00:00<00:00, 12.07it/s]
1_F1: 0.8217, 0_F1: 0.8189, accuracy: 0.8203, average_F1: 0.8203, loss: 0.5969 ||:  73%|#######2  | 8/11 [00:00<00:00, 11.86it/s]
1_F1: 0.8378, 0_F1: 0.8286, accuracy: 0.8333, average_F1: 0.8332, loss: 0.5515 ||:  82%|########1 | 9/11 [00:00<00:00, 10.95it/s]
1_F1: 0.8434, 0_F1: 0.8312, accuracy: 0.8375, average_F1: 0.8373, loss: 0.5671 ||:  91%|######### | 10/11 [00:00<00:00, 10.33it/s]
1_F1: 0.8402, 0_F1: 0.8258, accuracy: 0.8333, average_F1: 0.8330, loss: 0.7342 ||: 100%|##########| 11/11 [00:00<00:00, 12.14it/s]

  0%|          | 0/82 [00:00<?, ?it/s]
1_F1: 1.0000, 0_F1: 1.0000, accuracy: 1.0000, average_F1: 1.0000, loss: 0.0238 ||:   1%|1         | 1/82 [00:00<00:17,  4.67it/s]
1_F1: 1.0000, 0_F1: 1.0000, accuracy: 1.0000, average_F1: 1.0000, loss: 0.0133 ||:   2%|2         | 2/82 [00:00<00:19,  4.13it/s]
1_F1: 1.0000, 0_F1: 1.0000, accuracy: 1.0000, average_F1: 1.0000, loss: 0.0147 ||:   4%|3         | 3/82 [00:00<00:19,  4.14it/s]
1_F1: 1.0000, 0_F1: 1.0000, accuracy: 1.0000, average_F1: 1.0000, loss: 0.0182 ||:   5%|4         | 4/82 [00:01<00:20,  3.82it/s]
1_F1: 1.0000, 0_F1: 1.0000, accuracy: 1.0000, average_F1: 1.0000, loss: 0.0159 ||:   6%|6         | 5/82 [00:01<00:19,  3.93it/s]
1_F1: 1.0000, 0_F1: 1.0000, accuracy: 1.0000, average_F1: 1.0000, loss: 0.0192 ||:   7%|7         | 6/82 [00:01<00:20,  3.70it/s]
1_F1: 1.0000, 0_F1: 1.0000, accuracy: 1.0000, average_F1: 1.0000, loss: 0.0170 ||:   9%|8         | 7/82 [00:01<00:21,  3.52it/s]
1_F1: 0.9927, 0_F1: 0.9916, accuracy: 0.9922, average_F1: 0.9921, loss: 0.0216 ||:  10%|9         | 8/82 [00:02<00:19,  3.84it/s]
1_F1: 0.9933, 0_F1: 0.9928, accuracy: 0.9931, average_F1: 0.9930, loss: 0.0195 ||:  11%|#         | 9/82 [00:02<00:18,  3.97it/s]
1_F1: 0.9941, 0_F1: 0.9934, accuracy: 0.9938, average_F1: 0.9937, loss: 0.0184 ||:  12%|#2        | 10/82 [00:02<00:17,  4.12it/s]
1_F1: 0.9942, 0_F1: 0.9943, accuracy: 0.9943, average_F1: 0.9943, loss: 0.0168 ||:  13%|#3        | 11/82 [00:02<00:19,  3.67it/s]
1_F1: 0.9947, 0_F1: 0.9948, accuracy: 0.9947, average_F1: 0.9947, loss: 0.0164 ||:  15%|#4        | 12/82 [00:03<00:19,  3.64it/s]
1_F1: 0.9953, 0_F1: 0.9950, accuracy: 0.9951, average_F1: 0.9951, loss: 0.0154 ||:  16%|#5        | 13/82 [00:03<00:18,  3.82it/s]
1_F1: 0.9956, 0_F1: 0.9954, accuracy: 0.9955, average_F1: 0.9955, loss: 0.0145 ||:  17%|#7        | 14/82 [00:03<00:18,  3.74it/s]
1_F1: 0.9960, 0_F1: 0.9956, accuracy: 0.9958, average_F1: 0.9958, loss: 0.0144 ||:  18%|#8        | 15/82 [00:03<00:17,  3.88it/s]
1_F1: 0.9961, 0_F1: 0.9960, accuracy: 0.9961, average_F1: 0.9961, loss: 0.0137 ||:  20%|#9        | 16/82 [00:04<00:16,  3.99it/s]
1_F1: 0.9963, 0_F1: 0.9963, accuracy: 0.9963, average_F1: 0.9963, loss: 0.0130 ||:  21%|##        | 17/82 [00:04<00:17,  3.76it/s]
1_F1: 0.9966, 0_F1: 0.9964, accuracy: 0.9965, average_F1: 0.9965, loss: 0.0126 ||:  22%|##1       | 18/82 [00:04<00:15,  4.16it/s]
1_F1: 0.9968, 0_F1: 0.9966, accuracy: 0.9967, average_F1: 0.9967, loss: 0.0121 ||:  23%|##3       | 19/82 [00:04<00:14,  4.23it/s]
1_F1: 0.9969, 0_F1: 0.9968, accuracy: 0.9969, average_F1: 0.9969, loss: 0.0116 ||:  24%|##4       | 20/82 [00:05<00:15,  4.11it/s]
1_F1: 0.9970, 0_F1: 0.9970, accuracy: 0.9970, average_F1: 0.9970, loss: 0.0114 ||:  26%|##5       | 21/82 [00:05<00:14,  4.10it/s]
1_F1: 0.9972, 0_F1: 0.9971, accuracy: 0.9971, average_F1: 0.9971, loss: 0.0110 ||:  27%|##6       | 22/82 [00:05<00:15,  3.84it/s]
1_F1: 0.9973, 0_F1: 0.9972, accuracy: 0.9973, average_F1: 0.9973, loss: 0.0107 ||:  28%|##8       | 23/82 [00:05<00:15,  3.74it/s]
1_F1: 0.9974, 0_F1: 0.9973, accuracy: 0.9974, average_F1: 0.9974, loss: 0.0107 ||:  29%|##9       | 24/82 [00:06<00:16,  3.59it/s]
1_F1: 0.9975, 0_F1: 0.9975, accuracy: 0.9975, average_F1: 0.9975, loss: 0.0105 ||:  30%|###       | 25/82 [00:06<00:15,  3.71it/s]
1_F1: 0.9976, 0_F1: 0.9975, accuracy: 0.9976, average_F1: 0.9976, loss: 0.0104 ||:  32%|###1      | 26/82 [00:06<00:13,  4.04it/s]
1_F1: 0.9977, 0_F1: 0.9976, accuracy: 0.9977, average_F1: 0.9977, loss: 0.0101 ||:  33%|###2      | 27/82 [00:07<00:15,  3.66it/s]
1_F1: 0.9978, 0_F1: 0.9977, accuracy: 0.9978, average_F1: 0.9978, loss: 0.0100 ||:  34%|###4      | 28/82 [00:07<00:14,  3.76it/s]
1_F1: 0.9979, 0_F1: 0.9978, accuracy: 0.9978, average_F1: 0.9978, loss: 0.0101 ||:  35%|###5      | 29/82 [00:07<00:13,  3.86it/s]
1_F1: 0.9979, 0_F1: 0.9979, accuracy: 0.9979, average_F1: 0.9979, loss: 0.0099 ||:  37%|###6      | 30/82 [00:07<00:13,  3.79it/s]
1_F1: 0.9959, 0_F1: 0.9960, accuracy: 0.9960, average_F1: 0.9960, loss: 0.0130 ||:  38%|###7      | 31/82 [00:08<00:14,  3.62it/s]
1_F1: 0.9961, 0_F1: 0.9961, accuracy: 0.9961, average_F1: 0.9961, loss: 0.0126 ||:  39%|###9      | 32/82 [00:08<00:13,  3.76it/s]
1_F1: 0.9962, 0_F1: 0.9962, accuracy: 0.9962, average_F1: 0.9962, loss: 0.0126 ||:  40%|####      | 33/82 [00:08<00:12,  3.95it/s]
1_F1: 0.9964, 0_F1: 0.9963, accuracy: 0.9963, average_F1: 0.9963, loss: 0.0123 ||:  41%|####1     | 34/82 [00:08<00:12,  3.87it/s]
1_F1: 0.9964, 0_F1: 0.9964, accuracy: 0.9964, average_F1: 0.9964, loss: 0.0126 ||:  43%|####2     | 35/82 [00:09<00:12,  3.77it/s]
1_F1: 0.9965, 0_F1: 0.9965, accuracy: 0.9965, average_F1: 0.9965, loss: 0.0124 ||:  44%|####3     | 36/82 [00:09<00:11,  3.98it/s]
1_F1: 0.9966, 0_F1: 0.9966, accuracy: 0.9966, average_F1: 0.9966, loss: 0.0121 ||:  45%|####5     | 37/82 [00:09<00:11,  3.75it/s]
1_F1: 0.9967, 0_F1: 0.9967, accuracy: 0.9967, average_F1: 0.9967, loss: 0.0119 ||:  46%|####6     | 38/82 [00:09<00:11,  3.86it/s]
1_F1: 0.9968, 0_F1: 0.9968, accuracy: 0.9968, average_F1: 0.9968, loss: 0.0117 ||:  48%|####7     | 39/82 [00:10<00:11,  3.71it/s]
1_F1: 0.9969, 0_F1: 0.9969, accuracy: 0.9969, average_F1: 0.9969, loss: 0.0117 ||:  49%|####8     | 40/82 [00:10<00:11,  3.72it/s]
1_F1: 0.9969, 0_F1: 0.9970, accuracy: 0.9969, average_F1: 0.9969, loss: 0.0115 ||:  50%|#####     | 41/82 [00:10<00:11,  3.46it/s]
1_F1: 0.9970, 0_F1: 0.9970, accuracy: 0.9970, average_F1: 0.9970, loss: 0.0112 ||:  51%|#####1    | 42/82 [00:11<00:11,  3.50it/s]
1_F1: 0.9971, 0_F1: 0.9971, accuracy: 0.9971, average_F1: 0.9971, loss: 0.0111 ||:  52%|#####2    | 43/82 [00:11<00:11,  3.53it/s]
1_F1: 0.9972, 0_F1: 0.9971, accuracy: 0.9972, average_F1: 0.9972, loss: 0.0109 ||:  54%|#####3    | 44/82 [00:11<00:10,  3.71it/s]
1_F1: 0.9972, 0_F1: 0.9972, accuracy: 0.9972, average_F1: 0.9972, loss: 0.0107 ||:  55%|#####4    | 45/82 [00:11<00:10,  3.57it/s]
1_F1: 0.9973, 0_F1: 0.9973, accuracy: 0.9973, average_F1: 0.9973, loss: 0.0105 ||:  56%|#####6    | 46/82 [00:12<00:09,  3.62it/s]
1_F1: 0.9973, 0_F1: 0.9973, accuracy: 0.9973, average_F1: 0.9973, loss: 0.0110 ||:  57%|#####7    | 47/82 [00:12<00:08,  4.09it/s]
1_F1: 0.9974, 0_F1: 0.9974, accuracy: 0.9974, average_F1: 0.9974, loss: 0.0109 ||:  59%|#####8    | 48/82 [00:12<00:08,  3.79it/s]
1_F1: 0.9975, 0_F1: 0.9974, accuracy: 0.9974, average_F1: 0.9974, loss: 0.0108 ||:  60%|#####9    | 49/82 [00:12<00:08,  4.05it/s]
1_F1: 0.9962, 0_F1: 0.9962, accuracy: 0.9962, average_F1: 0.9962, loss: 0.0124 ||:  61%|######    | 50/82 [00:13<00:07,  4.09it/s]
1_F1: 0.9963, 0_F1: 0.9963, accuracy: 0.9963, average_F1: 0.9963, loss: 0.0123 ||:  62%|######2   | 51/82 [00:13<00:07,  4.13it/s]
1_F1: 0.9964, 0_F1: 0.9964, accuracy: 0.9964, average_F1: 0.9964, loss: 0.0123 ||:  63%|######3   | 52/82 [00:13<00:07,  4.10it/s]
1_F1: 0.9965, 0_F1: 0.9964, accuracy: 0.9965, average_F1: 0.9965, loss: 0.0122 ||:  65%|######4   | 53/82 [00:13<00:07,  3.98it/s]
1_F1: 0.9965, 0_F1: 0.9965, accuracy: 0.9965, average_F1: 0.9965, loss: 0.0120 ||:  66%|######5   | 54/82 [00:14<00:06,  4.05it/s]
1_F1: 0.9966, 0_F1: 0.9966, accuracy: 0.9966, average_F1: 0.9966, loss: 0.0119 ||:  67%|######7   | 55/82 [00:14<00:07,  3.82it/s]
1_F1: 0.9956, 0_F1: 0.9955, accuracy: 0.9955, average_F1: 0.9955, loss: 0.0136 ||:  68%|######8   | 56/82 [00:14<00:07,  3.58it/s]
1_F1: 0.9934, 0_F1: 0.9934, accuracy: 0.9934, average_F1: 0.9934, loss: 0.0206 ||:  70%|######9   | 57/82 [00:14<00:06,  3.60it/s]
1_F1: 0.9914, 0_F1: 0.9914, accuracy: 0.9914, average_F1: 0.9914, loss: 0.0235 ||:  71%|#######   | 58/82 [00:15<00:06,  3.63it/s]
1_F1: 0.9915, 0_F1: 0.9915, accuracy: 0.9915, average_F1: 0.9915, loss: 0.0233 ||:  72%|#######1  | 59/82 [00:15<00:06,  3.80it/s]
1_F1: 0.9916, 0_F1: 0.9917, accuracy: 0.9916, average_F1: 0.9916, loss: 0.0231 ||:  73%|#######3  | 60/82 [00:15<00:05,  4.02it/s]
1_F1: 0.9918, 0_F1: 0.9918, accuracy: 0.9918, average_F1: 0.9918, loss: 0.0228 ||:  74%|#######4  | 61/82 [00:15<00:05,  3.94it/s]
1_F1: 0.9919, 0_F1: 0.9920, accuracy: 0.9919, average_F1: 0.9919, loss: 0.0226 ||:  76%|#######5  | 62/82 [00:16<00:05,  3.87it/s]
1_F1: 0.9920, 0_F1: 0.9921, accuracy: 0.9920, average_F1: 0.9920, loss: 0.0223 ||:  77%|#######6  | 63/82 [00:16<00:04,  3.97it/s]
1_F1: 0.9921, 0_F1: 0.9922, accuracy: 0.9922, average_F1: 0.9922, loss: 0.0221 ||:  78%|#######8  | 64/82 [00:16<00:04,  3.74it/s]
1_F1: 0.9922, 0_F1: 0.9924, accuracy: 0.9923, average_F1: 0.9923, loss: 0.0218 ||:  79%|#######9  | 65/82 [00:17<00:04,  3.80it/s]
1_F1: 0.9923, 0_F1: 0.9925, accuracy: 0.9924, average_F1: 0.9924, loss: 0.0215 ||:  80%|########  | 66/82 [00:17<00:04,  3.63it/s]
1_F1: 0.9924, 0_F1: 0.9927, accuracy: 0.9925, average_F1: 0.9925, loss: 0.0213 ||:  82%|########1 | 67/82 [00:17<00:04,  3.69it/s]
1_F1: 0.9925, 0_F1: 0.9928, accuracy: 0.9926, average_F1: 0.9926, loss: 0.0215 ||:  83%|########2 | 68/82 [00:17<00:03,  3.65it/s]
1_F1: 0.9926, 0_F1: 0.9929, accuracy: 0.9927, average_F1: 0.9927, loss: 0.0216 ||:  84%|########4 | 69/82 [00:18<00:03,  3.77it/s]
1_F1: 0.9918, 0_F1: 0.9921, accuracy: 0.9919, average_F1: 0.9919, loss: 0.0229 ||:  85%|########5 | 70/82 [00:18<00:02,  4.05it/s]
1_F1: 0.9919, 0_F1: 0.9922, accuracy: 0.9921, average_F1: 0.9921, loss: 0.0226 ||:  87%|########6 | 71/82 [00:18<00:02,  4.23it/s]
1_F1: 0.9919, 0_F1: 0.9924, accuracy: 0.9922, average_F1: 0.9922, loss: 0.0224 ||:  88%|########7 | 72/82 [00:18<00:02,  3.87it/s]
1_F1: 0.9921, 0_F1: 0.9924, accuracy: 0.9923, average_F1: 0.9923, loss: 0.0222 ||:  89%|########9 | 73/82 [00:19<00:02,  3.76it/s]
1_F1: 0.9922, 0_F1: 0.9925, accuracy: 0.9924, average_F1: 0.9924, loss: 0.0220 ||:  90%|######### | 74/82 [00:19<00:02,  3.72it/s]
1_F1: 0.9923, 0_F1: 0.9926, accuracy: 0.9925, average_F1: 0.9925, loss: 0.0219 ||:  91%|#########1| 75/82 [00:19<00:01,  3.82it/s]
1_F1: 0.9925, 0_F1: 0.9927, accuracy: 0.9926, average_F1: 0.9926, loss: 0.0223 ||:  93%|#########2| 76/82 [00:19<00:01,  3.94it/s]
1_F1: 0.9926, 0_F1: 0.9928, accuracy: 0.9927, average_F1: 0.9927, loss: 0.0220 ||:  94%|#########3| 77/82 [00:20<00:01,  4.02it/s]
1_F1: 0.9927, 0_F1: 0.9929, accuracy: 0.9928, average_F1: 0.9928, loss: 0.0218 ||:  95%|#########5| 78/82 [00:20<00:00,  4.07it/s]
1_F1: 0.9928, 0_F1: 0.9929, accuracy: 0.9929, average_F1: 0.9929, loss: 0.0216 ||:  96%|#########6| 79/82 [00:20<00:00,  4.13it/s]
1_F1: 0.9930, 0_F1: 0.9930, accuracy: 0.9930, average_F1: 0.9930, loss: 0.0214 ||:  98%|#########7| 80/82 [00:20<00:00,  3.96it/s]
1_F1: 0.9931, 0_F1: 0.9930, accuracy: 0.9930, average_F1: 0.9930, loss: 0.0212 ||:  99%|#########8| 81/82 [00:21<00:00,  4.09it/s]
1_F1: 0.9924, 0_F1: 0.9924, accuracy: 0.9924, average_F1: 0.9924, loss: 0.0242 ||: 100%|##########| 82/82 [00:21<00:00,  4.15it/s]
1_F1: 0.9924, 0_F1: 0.9924, accuracy: 0.9924, average_F1: 0.9924, loss: 0.0242 ||: 100%|##########| 82/82 [00:21<00:00,  3.84it/s]

  0%|          | 0/11 [00:00<?, ?it/s]
1_F1: 0.9333, 0_F1: 0.9412, accuracy: 0.9375, average_F1: 0.9373, loss: 0.2446 ||:  18%|#8        | 2/11 [00:00<00:00, 12.25it/s]
1_F1: 0.8615, 0_F1: 0.8571, accuracy: 0.8594, average_F1: 0.8593, loss: 0.5438 ||:  36%|###6      | 4/11 [00:00<00:00, 12.80it/s]
1_F1: 0.8298, 0_F1: 0.8367, accuracy: 0.8333, average_F1: 0.8333, loss: 0.6090 ||:  55%|#####4    | 6/11 [00:00<00:00, 12.67it/s]
1_F1: 0.8387, 0_F1: 0.8485, accuracy: 0.8438, average_F1: 0.8436, loss: 0.5509 ||:  73%|#######2  | 8/11 [00:00<00:00, 11.98it/s]
1_F1: 0.8571, 0_F1: 0.8649, accuracy: 0.8611, average_F1: 0.8610, loss: 0.4970 ||:  82%|########1 | 9/11 [00:00<00:00, 10.97it/s]
1_F1: 0.8589, 0_F1: 0.8535, accuracy: 0.8562, average_F1: 0.8562, loss: 0.5635 ||:  91%|######### | 10/11 [00:00<00:00, 10.43it/s]
1_F1: 0.8554, 0_F1: 0.8481, accuracy: 0.8519, average_F1: 0.8518, loss: 0.7279 ||: 100%|##########| 11/11 [00:00<00:00, 12.27it/s]

  0%|          | 0/82 [00:00<?, ?it/s]
1_F1: 0.9333, 0_F1: 0.9412, accuracy: 0.9375, average_F1: 0.9373, loss: 0.1564 ||:   1%|1         | 1/82 [00:00<00:29,  2.72it/s]
1_F1: 0.9697, 0_F1: 0.9677, accuracy: 0.9688, average_F1: 0.9687, loss: 0.0893 ||:   2%|2         | 2/82 [00:00<00:26,  2.98it/s]
1_F1: 0.9804, 0_F1: 0.9778, accuracy: 0.9792, average_F1: 0.9791, loss: 0.0694 ||:   4%|3         | 3/82 [00:00<00:24,  3.29it/s]
1_F1: 0.9855, 0_F1: 0.9831, accuracy: 0.9844, average_F1: 0.9843, loss: 0.0531 ||:   5%|4         | 4/82 [00:01<00:23,  3.38it/s]
1_F1: 0.9880, 0_F1: 0.9870, accuracy: 0.9875, average_F1: 0.9875, loss: 0.0431 ||:   6%|6         | 5/82 [00:01<00:21,  3.56it/s]
1_F1: 0.9897, 0_F1: 0.9895, accuracy: 0.9896, average_F1: 0.9896, loss: 0.0369 ||:   7%|7         | 6/82 [00:01<00:21,  3.46it/s]
1_F1: 0.9910, 0_F1: 0.9912, accuracy: 0.9911, average_F1: 0.9911, loss: 0.0323 ||:   9%|8         | 7/82 [00:02<00:22,  3.37it/s]
1_F1: 0.9921, 0_F1: 0.9922, accuracy: 0.9922, average_F1: 0.9922, loss: 0.0286 ||:  10%|9         | 8/82 [00:02<00:28,  2.64it/s]
1_F1: 0.9931, 0_F1: 0.9930, accuracy: 0.9931, average_F1: 0.9931, loss: 0.0262 ||:  11%|#         | 9/82 [00:02<00:24,  3.02it/s]
1_F1: 0.9939, 0_F1: 0.9936, accuracy: 0.9938, average_F1: 0.9937, loss: 0.0240 ||:  12%|#2        | 10/82 [00:03<00:21,  3.32it/s]
1_F1: 0.9944, 0_F1: 0.9942, accuracy: 0.9943, average_F1: 0.9943, loss: 0.0220 ||:  13%|#3        | 11/82 [00:03<00:20,  3.43it/s]
1_F1: 0.9950, 0_F1: 0.9945, accuracy: 0.9948, average_F1: 0.9948, loss: 0.0205 ||:  15%|#4        | 12/82 [00:03<00:18,  3.70it/s]
1_F1: 0.9953, 0_F1: 0.9951, accuracy: 0.9952, average_F1: 0.9952, loss: 0.0192 ||:  16%|#5        | 13/82 [00:03<00:17,  3.86it/s]
1_F1: 0.9956, 0_F1: 0.9955, accuracy: 0.9955, average_F1: 0.9955, loss: 0.0189 ||:  17%|#7        | 14/82 [00:04<00:18,  3.64it/s]
1_F1: 0.9959, 0_F1: 0.9957, accuracy: 0.9958, average_F1: 0.9958, loss: 0.0192 ||:  18%|#8        | 15/82 [00:04<00:17,  3.84it/s]
1_F1: 0.9962, 0_F1: 0.9960, accuracy: 0.9961, average_F1: 0.9961, loss: 0.0185 ||:  20%|#9        | 16/82 [00:04<00:16,  3.99it/s]
1_F1: 0.9964, 0_F1: 0.9962, accuracy: 0.9963, average_F1: 0.9963, loss: 0.0176 ||:  21%|##        | 17/82 [00:04<00:16,  3.87it/s]
1_F1: 0.9965, 0_F1: 0.9965, accuracy: 0.9965, average_F1: 0.9965, loss: 0.0168 ||:  22%|##1       | 18/82 [00:05<00:16,  3.89it/s]
1_F1: 0.9967, 0_F1: 0.9967, accuracy: 0.9967, average_F1: 0.9967, loss: 0.0160 ||:  23%|##3       | 19/82 [00:05<00:15,  4.02it/s]
1_F1: 0.9968, 0_F1: 0.9969, accuracy: 0.9969, average_F1: 0.9969, loss: 0.0153 ||:  24%|##4       | 20/82 [00:05<00:16,  3.65it/s]
1_F1: 0.9970, 0_F1: 0.9971, accuracy: 0.9970, average_F1: 0.9970, loss: 0.0149 ||:  26%|##5       | 21/82 [00:05<00:15,  3.87it/s]
1_F1: 0.9971, 0_F1: 0.9972, accuracy: 0.9972, average_F1: 0.9972, loss: 0.0144 ||:  27%|##6       | 22/82 [00:06<00:15,  3.93it/s]
1_F1: 0.9972, 0_F1: 0.9973, accuracy: 0.9973, average_F1: 0.9973, loss: 0.0139 ||:  28%|##8       | 23/82 [00:06<00:15,  3.74it/s]
1_F1: 0.9974, 0_F1: 0.9974, accuracy: 0.9974, average_F1: 0.9974, loss: 0.0134 ||:  29%|##9       | 24/82 [00:06<00:16,  3.61it/s]
1_F1: 0.9975, 0_F1: 0.9975, accuracy: 0.9975, average_F1: 0.9975, loss: 0.0130 ||:  30%|###       | 25/82 [00:06<00:16,  3.49it/s]
1_F1: 0.9976, 0_F1: 0.9976, accuracy: 0.9976, average_F1: 0.9976, loss: 0.0126 ||:  32%|###1      | 26/82 [00:07<00:16,  3.42it/s]
1_F1: 0.9977, 0_F1: 0.9977, accuracy: 0.9977, average_F1: 0.9977, loss: 0.0123 ||:  33%|###2      | 27/82 [00:07<00:14,  3.77it/s]
1_F1: 0.9978, 0_F1: 0.9978, accuracy: 0.9978, average_F1: 0.9978, loss: 0.0120 ||:  34%|###4      | 28/82 [00:07<00:13,  3.90it/s]
1_F1: 0.9978, 0_F1: 0.9978, accuracy: 0.9978, average_F1: 0.9978, loss: 0.0117 ||:  35%|###5      | 29/82 [00:07<00:12,  4.14it/s]
1_F1: 0.9979, 0_F1: 0.9979, accuracy: 0.9979, average_F1: 0.9979, loss: 0.0115 ||:  37%|###6      | 30/82 [00:08<00:13,  3.96it/s]
1_F1: 0.9980, 0_F1: 0.9980, accuracy: 0.9980, average_F1: 0.9980, loss: 0.0112 ||:  38%|###7      | 31/82 [00:08<00:13,  3.88it/s]
1_F1: 0.9981, 0_F1: 0.9980, accuracy: 0.9980, average_F1: 0.9980, loss: 0.0109 ||:  39%|###9      | 32/82 [00:08<00:13,  3.70it/s]
1_F1: 0.9982, 0_F1: 0.9980, accuracy: 0.9981, average_F1: 0.9981, loss: 0.0106 ||:  40%|####      | 33/82 [00:08<00:12,  3.95it/s]
1_F1: 0.9982, 0_F1: 0.9981, accuracy: 0.9982, average_F1: 0.9982, loss: 0.0104 ||:  41%|####1     | 34/82 [00:09<00:12,  3.92it/s]
1_F1: 0.9983, 0_F1: 0.9982, accuracy: 0.9982, average_F1: 0.9982, loss: 0.0101 ||:  43%|####2     | 35/82 [00:09<00:11,  3.99it/s]
1_F1: 0.9983, 0_F1: 0.9982, accuracy: 0.9983, average_F1: 0.9983, loss: 0.0099 ||:  44%|####3     | 36/82 [00:09<00:12,  3.72it/s]
1_F1: 0.9967, 0_F1: 0.9966, accuracy: 0.9966, average_F1: 0.9966, loss: 0.0111 ||:  45%|####5     | 37/82 [00:10<00:11,  3.82it/s]
1_F1: 0.9968, 0_F1: 0.9966, accuracy: 0.9967, average_F1: 0.9967, loss: 0.0109 ||:  46%|####6     | 38/82 [00:10<00:10,  4.18it/s]
1_F1: 0.9969, 0_F1: 0.9967, accuracy: 0.9968, average_F1: 0.9968, loss: 0.0107 ||:  48%|####7     | 39/82 [00:10<00:10,  4.23it/s]
1_F1: 0.9970, 0_F1: 0.9968, accuracy: 0.9969, average_F1: 0.9969, loss: 0.0106 ||:  49%|####8     | 40/82 [00:10<00:10,  4.07it/s]
1_F1: 0.9971, 0_F1: 0.9968, accuracy: 0.9970, average_F1: 0.9969, loss: 0.0107 ||:  50%|#####     | 41/82 [00:10<00:10,  4.09it/s]
1_F1: 0.9972, 0_F1: 0.9969, accuracy: 0.9970, average_F1: 0.9970, loss: 0.0105 ||:  51%|#####1    | 42/82 [00:11<00:10,  3.79it/s]
1_F1: 0.9972, 0_F1: 0.9970, accuracy: 0.9971, average_F1: 0.9971, loss: 0.0104 ||:  52%|#####2    | 43/82 [00:11<00:10,  3.72it/s]
1_F1: 0.9973, 0_F1: 0.9971, accuracy: 0.9972, average_F1: 0.9972, loss: 0.0104 ||:  54%|#####3    | 44/82 [00:11<00:09,  3.84it/s]
1_F1: 0.9973, 0_F1: 0.9971, accuracy: 0.9972, average_F1: 0.9972, loss: 0.0102 ||:  55%|#####4    | 45/82 [00:12<00:09,  3.78it/s]
1_F1: 0.9973, 0_F1: 0.9972, accuracy: 0.9973, average_F1: 0.9973, loss: 0.0107 ||:  56%|#####6    | 46/82 [00:12<00:10,  3.40it/s]
1_F1: 0.9974, 0_F1: 0.9973, accuracy: 0.9973, average_F1: 0.9973, loss: 0.0105 ||:  57%|#####7    | 47/82 [00:12<00:09,  3.66it/s]
1_F1: 0.9975, 0_F1: 0.9973, accuracy: 0.9974, average_F1: 0.9974, loss: 0.0110 ||:  59%|#####8    | 48/82 [00:12<00:08,  4.01it/s]
1_F1: 0.9975, 0_F1: 0.9974, accuracy: 0.9974, average_F1: 0.9974, loss: 0.0108 ||:  60%|#####9    | 49/82 [00:13<00:08,  3.96it/s]
1_F1: 0.9976, 0_F1: 0.9974, accuracy: 0.9975, average_F1: 0.9975, loss: 0.0108 ||:  61%|######    | 50/82 [00:13<00:08,  3.83it/s]
1_F1: 0.9976, 0_F1: 0.9975, accuracy: 0.9975, average_F1: 0.9975, loss: 0.0108 ||:  62%|######2   | 51/82 [00:13<00:08,  3.61it/s]
1_F1: 0.9976, 0_F1: 0.9975, accuracy: 0.9976, average_F1: 0.9976, loss: 0.0106 ||:  63%|######3   | 52/82 [00:13<00:08,  3.66it/s]
1_F1: 0.9977, 0_F1: 0.9976, accuracy: 0.9976, average_F1: 0.9976, loss: 0.0105 ||:  65%|######4   | 53/82 [00:14<00:07,  3.69it/s]
1_F1: 0.9977, 0_F1: 0.9976, accuracy: 0.9977, average_F1: 0.9977, loss: 0.0103 ||:  66%|######5   | 54/82 [00:14<00:07,  3.81it/s]
1_F1: 0.9978, 0_F1: 0.9977, accuracy: 0.9977, average_F1: 0.9977, loss: 0.0102 ||:  67%|######7   | 55/82 [00:14<00:06,  3.98it/s]
1_F1: 0.9978, 0_F1: 0.9977, accuracy: 0.9978, average_F1: 0.9978, loss: 0.0101 ||:  68%|######8   | 56/82 [00:14<00:05,  4.38it/s]
1_F1: 0.9979, 0_F1: 0.9977, accuracy: 0.9978, average_F1: 0.9978, loss: 0.0099 ||:  70%|######9   | 57/82 [00:15<00:05,  4.37it/s]
1_F1: 0.9979, 0_F1: 0.9978, accuracy: 0.9978, average_F1: 0.9978, loss: 0.0099 ||:  71%|#######   | 58/82 [00:15<00:05,  4.32it/s]
1_F1: 0.9980, 0_F1: 0.9978, accuracy: 0.9979, average_F1: 0.9979, loss: 0.0098 ||:  72%|#######1  | 59/82 [00:15<00:05,  4.13it/s]
1_F1: 0.9980, 0_F1: 0.9978, accuracy: 0.9979, average_F1: 0.9979, loss: 0.0097 ||:  73%|#######3  | 60/82 [00:15<00:05,  3.75it/s]
1_F1: 0.9980, 0_F1: 0.9979, accuracy: 0.9980, average_F1: 0.9979, loss: 0.0095 ||:  74%|#######4  | 61/82 [00:16<00:05,  3.68it/s]
1_F1: 0.9981, 0_F1: 0.9979, accuracy: 0.9980, average_F1: 0.9980, loss: 0.0094 ||:  76%|#######5  | 62/82 [00:16<00:05,  3.72it/s]
1_F1: 0.9981, 0_F1: 0.9979, accuracy: 0.9980, average_F1: 0.9980, loss: 0.0093 ||:  77%|#######6  | 63/82 [00:16<00:05,  3.56it/s]
1_F1: 0.9981, 0_F1: 0.9980, accuracy: 0.9980, average_F1: 0.9980, loss: 0.0098 ||:  78%|#######8  | 64/82 [00:17<00:04,  3.68it/s]
1_F1: 0.9981, 0_F1: 0.9980, accuracy: 0.9981, average_F1: 0.9981, loss: 0.0098 ||:  79%|#######9  | 65/82 [00:17<00:04,  4.03it/s]
1_F1: 0.9982, 0_F1: 0.9980, accuracy: 0.9981, average_F1: 0.9981, loss: 0.0101 ||:  80%|########  | 66/82 [00:17<00:04,  3.93it/s]
1_F1: 0.9982, 0_F1: 0.9981, accuracy: 0.9981, average_F1: 0.9981, loss: 0.0100 ||:  82%|########1 | 67/82 [00:17<00:03,  4.10it/s]
1_F1: 0.9982, 0_F1: 0.9981, accuracy: 0.9982, average_F1: 0.9982, loss: 0.0100 ||:  83%|########2 | 68/82 [00:18<00:03,  3.96it/s]
1_F1: 0.9982, 0_F1: 0.9982, accuracy: 0.9982, average_F1: 0.9982, loss: 0.0098 ||:  84%|########4 | 69/82 [00:18<00:03,  3.57it/s]
1_F1: 0.9982, 0_F1: 0.9982, accuracy: 0.9982, average_F1: 0.9982, loss: 0.0097 ||:  85%|########5 | 70/82 [00:18<00:03,  3.54it/s]
1_F1: 0.9983, 0_F1: 0.9982, accuracy: 0.9982, average_F1: 0.9982, loss: 0.0097 ||:  87%|########6 | 71/82 [00:18<00:02,  3.70it/s]
1_F1: 0.9983, 0_F1: 0.9982, accuracy: 0.9983, average_F1: 0.9983, loss: 0.0099 ||:  88%|########7 | 72/82 [00:19<00:02,  3.79it/s]
1_F1: 0.9983, 0_F1: 0.9983, accuracy: 0.9983, average_F1: 0.9983, loss: 0.0098 ||:  89%|########9 | 73/82 [00:19<00:02,  3.94it/s]
1_F1: 0.9983, 0_F1: 0.9983, accuracy: 0.9983, average_F1: 0.9983, loss: 0.0097 ||:  90%|######### | 74/82 [00:19<00:01,  4.02it/s]
1_F1: 0.9984, 0_F1: 0.9983, accuracy: 0.9983, average_F1: 0.9983, loss: 0.0097 ||:  91%|#########1| 75/82 [00:19<00:01,  3.95it/s]
1_F1: 0.9984, 0_F1: 0.9983, accuracy: 0.9984, average_F1: 0.9984, loss: 0.0096 ||:  93%|#########2| 76/82 [00:20<00:01,  3.88it/s]
1_F1: 0.9976, 0_F1: 0.9975, accuracy: 0.9976, average_F1: 0.9976, loss: 0.0109 ||:  94%|#########3| 77/82 [00:20<00:01,  3.83it/s]
1_F1: 0.9976, 0_F1: 0.9976, accuracy: 0.9976, average_F1: 0.9976, loss: 0.0112 ||:  95%|#########5| 78/82 [00:20<00:00,  4.28it/s]
1_F1: 0.9977, 0_F1: 0.9976, accuracy: 0.9976, average_F1: 0.9976, loss: 0.0112 ||:  96%|#########6| 79/82 [00:20<00:00,  4.15it/s]
1_F1: 0.9977, 0_F1: 0.9976, accuracy: 0.9977, average_F1: 0.9977, loss: 0.0111 ||:  98%|#########7| 80/82 [00:21<00:00,  4.16it/s]
1_F1: 0.9977, 0_F1: 0.9977, accuracy: 0.9977, average_F1: 0.9977, loss: 0.0111 ||:  99%|#########8| 81/82 [00:21<00:00,  3.80it/s]
1_F1: 0.9977, 0_F1: 0.9977, accuracy: 0.9977, average_F1: 0.9977, loss: 0.0114 ||: 100%|##########| 82/82 [00:21<00:00,  3.58it/s]
1_F1: 0.9977, 0_F1: 0.9977, accuracy: 0.9977, average_F1: 0.9977, loss: 0.0114 ||: 100%|##########| 82/82 [00:21<00:00,  3.78it/s]

  0%|          | 0/11 [00:00<?, ?it/s]
1_F1: 0.7742, 0_F1: 0.7879, accuracy: 0.7812, average_F1: 0.7810, loss: 0.6634 ||:  18%|#8        | 2/11 [00:00<00:00, 11.74it/s]
1_F1: 0.8065, 0_F1: 0.8182, accuracy: 0.8125, average_F1: 0.8123, loss: 0.7405 ||:  36%|###6      | 4/11 [00:00<00:00, 12.36it/s]
1_F1: 0.8000, 0_F1: 0.8235, accuracy: 0.8125, average_F1: 0.8118, loss: 0.6798 ||:  55%|#####4    | 6/11 [00:00<00:00, 12.42it/s]
1_F1: 0.8235, 0_F1: 0.8467, accuracy: 0.8359, average_F1: 0.8351, loss: 0.6255 ||:  73%|#######2  | 8/11 [00:00<00:00, 12.05it/s]
1_F1: 0.8366, 0_F1: 0.8503, accuracy: 0.8438, average_F1: 0.8435, loss: 0.6205 ||:  91%|######### | 10/11 [00:00<00:00, 11.35it/s]
1_F1: 0.8258, 0_F1: 0.8402, accuracy: 0.8333, average_F1: 0.8330, loss: 0.7636 ||: 100%|##########| 11/11 [00:00<00:00, 12.54it/s]

  0%|          | 0/82 [00:00<?, ?it/s]
1_F1: 1.0000, 0_F1: 1.0000, accuracy: 1.0000, average_F1: 1.0000, loss: 0.0030 ||:   1%|1         | 1/82 [00:00<00:21,  3.84it/s]
1_F1: 1.0000, 0_F1: 1.0000, accuracy: 1.0000, average_F1: 1.0000, loss: 0.0042 ||:   2%|2         | 2/82 [00:00<00:21,  3.68it/s]
1_F1: 1.0000, 0_F1: 1.0000, accuracy: 1.0000, average_F1: 1.0000, loss: 0.0033 ||:   4%|3         | 3/82 [00:00<00:20,  3.78it/s]
1_F1: 1.0000, 0_F1: 1.0000, accuracy: 1.0000, average_F1: 1.0000, loss: 0.0086 ||:   5%|4         | 4/82 [00:00<00:18,  4.14it/s]
1_F1: 1.0000, 0_F1: 1.0000, accuracy: 1.0000, average_F1: 1.0000, loss: 0.0072 ||:   6%|6         | 5/82 [00:01<00:18,  4.07it/s]
1_F1: 1.0000, 0_F1: 1.0000, accuracy: 1.0000, average_F1: 1.0000, loss: 0.0064 ||:   7%|7         | 6/82 [00:01<00:18,  4.11it/s]
1_F1: 1.0000, 0_F1: 1.0000, accuracy: 1.0000, average_F1: 1.0000, loss: 0.0057 ||:   9%|8         | 7/82 [00:01<00:20,  3.66it/s]
1_F1: 1.0000, 0_F1: 1.0000, accuracy: 1.0000, average_F1: 1.0000, loss: 0.0053 ||:  10%|9         | 8/82 [00:02<00:21,  3.48it/s]
1_F1: 1.0000, 0_F1: 1.0000, accuracy: 1.0000, average_F1: 1.0000, loss: 0.0050 ||:  11%|#         | 9/82 [00:02<00:19,  3.66it/s]
1_F1: 1.0000, 0_F1: 1.0000, accuracy: 1.0000, average_F1: 1.0000, loss: 0.0048 ||:  12%|#2        | 10/82 [00:02<00:18,  3.94it/s]
1_F1: 1.0000, 0_F1: 1.0000, accuracy: 1.0000, average_F1: 1.0000, loss: 0.0046 ||:  13%|#3        | 11/82 [00:02<00:17,  4.13it/s]
1_F1: 1.0000, 0_F1: 1.0000, accuracy: 1.0000, average_F1: 1.0000, loss: 0.0044 ||:  15%|#4        | 12/82 [00:03<00:16,  4.18it/s]
1_F1: 1.0000, 0_F1: 1.0000, accuracy: 1.0000, average_F1: 1.0000, loss: 0.0044 ||:  16%|#5        | 13/82 [00:03<00:17,  3.88it/s]
1_F1: 1.0000, 0_F1: 1.0000, accuracy: 1.0000, average_F1: 1.0000, loss: 0.0042 ||:  17%|#7        | 14/82 [00:03<00:16,  4.03it/s]
1_F1: 1.0000, 0_F1: 1.0000, accuracy: 1.0000, average_F1: 1.0000, loss: 0.0040 ||:  18%|#8        | 15/82 [00:03<00:17,  3.90it/s]
1_F1: 1.0000, 0_F1: 1.0000, accuracy: 1.0000, average_F1: 1.0000, loss: 0.0039 ||:  20%|#9        | 16/82 [00:04<00:16,  4.02it/s]
1_F1: 1.0000, 0_F1: 1.0000, accuracy: 1.0000, average_F1: 1.0000, loss: 0.0039 ||:  21%|##        | 17/82 [00:04<00:17,  3.77it/s]
1_F1: 1.0000, 0_F1: 1.0000, accuracy: 1.0000, average_F1: 1.0000, loss: 0.0039 ||:  22%|##1       | 18/82 [00:04<00:15,  4.01it/s]
1_F1: 1.0000, 0_F1: 1.0000, accuracy: 1.0000, average_F1: 1.0000, loss: 0.0040 ||:  23%|##3       | 19/82 [00:04<00:16,  3.90it/s]
1_F1: 1.0000, 0_F1: 1.0000, accuracy: 1.0000, average_F1: 1.0000, loss: 0.0040 ||:  24%|##4       | 20/82 [00:05<00:15,  3.98it/s]
1_F1: 1.0000, 0_F1: 1.0000, accuracy: 1.0000, average_F1: 1.0000, loss: 0.0039 ||:  26%|##5       | 21/82 [00:05<00:15,  3.90it/s]
1_F1: 1.0000, 0_F1: 1.0000, accuracy: 1.0000, average_F1: 1.0000, loss: 0.0042 ||:  27%|##6       | 22/82 [00:05<00:15,  3.86it/s]
1_F1: 1.0000, 0_F1: 1.0000, accuracy: 1.0000, average_F1: 1.0000, loss: 0.0042 ||:  28%|##8       | 23/82 [00:05<00:14,  4.04it/s]
1_F1: 1.0000, 0_F1: 1.0000, accuracy: 1.0000, average_F1: 1.0000, loss: 0.0041 ||:  29%|##9       | 24/82 [00:06<00:14,  3.94it/s]
1_F1: 1.0000, 0_F1: 1.0000, accuracy: 1.0000, average_F1: 1.0000, loss: 0.0041 ||:  30%|###       | 25/82 [00:06<00:13,  4.18it/s]
1_F1: 1.0000, 0_F1: 1.0000, accuracy: 1.0000, average_F1: 1.0000, loss: 0.0040 ||:  32%|###1      | 26/82 [00:06<00:18,  3.10it/s]
1_F1: 1.0000, 0_F1: 1.0000, accuracy: 1.0000, average_F1: 1.0000, loss: 0.0042 ||:  33%|###2      | 27/82 [00:07<00:16,  3.40it/s]
1_F1: 1.0000, 0_F1: 1.0000, accuracy: 1.0000, average_F1: 1.0000, loss: 0.0041 ||:  34%|###4      | 28/82 [00:07<00:16,  3.37it/s]
1_F1: 1.0000, 0_F1: 1.0000, accuracy: 1.0000, average_F1: 1.0000, loss: 0.0042 ||:  35%|###5      | 29/82 [00:07<00:15,  3.42it/s]
1_F1: 1.0000, 0_F1: 1.0000, accuracy: 1.0000, average_F1: 1.0000, loss: 0.0042 ||:  37%|###6      | 30/82 [00:07<00:15,  3.36it/s]
1_F1: 1.0000, 0_F1: 1.0000, accuracy: 1.0000, average_F1: 1.0000, loss: 0.0042 ||:  38%|###7      | 31/82 [00:08<00:15,  3.22it/s]
1_F1: 1.0000, 0_F1: 1.0000, accuracy: 1.0000, average_F1: 1.0000, loss: 0.0041 ||:  39%|###9      | 32/82 [00:08<00:13,  3.71it/s]
1_F1: 1.0000, 0_F1: 1.0000, accuracy: 1.0000, average_F1: 1.0000, loss: 0.0040 ||:  40%|####      | 33/82 [00:08<00:13,  3.67it/s]
1_F1: 1.0000, 0_F1: 1.0000, accuracy: 1.0000, average_F1: 1.0000, loss: 0.0040 ||:  41%|####1     | 34/82 [00:08<00:11,  4.01it/s]
1_F1: 1.0000, 0_F1: 1.0000, accuracy: 1.0000, average_F1: 1.0000, loss: 0.0039 ||:  43%|####2     | 35/82 [00:09<00:11,  4.07it/s]
1_F1: 1.0000, 0_F1: 1.0000, accuracy: 1.0000, average_F1: 1.0000, loss: 0.0038 ||:  44%|####3     | 36/82 [00:09<00:12,  3.76it/s]
1_F1: 1.0000, 0_F1: 1.0000, accuracy: 1.0000, average_F1: 1.0000, loss: 0.0038 ||:  45%|####5     | 37/82 [00:09<00:11,  4.04it/s]
1_F1: 1.0000, 0_F1: 1.0000, accuracy: 1.0000, average_F1: 1.0000, loss: 0.0037 ||:  46%|####6     | 38/82 [00:09<00:10,  4.10it/s]
1_F1: 1.0000, 0_F1: 1.0000, accuracy: 1.0000, average_F1: 1.0000, loss: 0.0037 ||:  48%|####7     | 39/82 [00:10<00:09,  4.49it/s]
1_F1: 1.0000, 0_F1: 1.0000, accuracy: 1.0000, average_F1: 1.0000, loss: 0.0036 ||:  49%|####8     | 40/82 [00:10<00:10,  4.10it/s]
1_F1: 1.0000, 0_F1: 1.0000, accuracy: 1.0000, average_F1: 1.0000, loss: 0.0039 ||:  50%|#####     | 41/82 [00:10<00:10,  3.88it/s]
1_F1: 1.0000, 0_F1: 1.0000, accuracy: 1.0000, average_F1: 1.0000, loss: 0.0038 ||:  51%|#####1    | 42/82 [00:10<00:10,  3.78it/s]
1_F1: 1.0000, 0_F1: 1.0000, accuracy: 1.0000, average_F1: 1.0000, loss: 0.0038 ||:  52%|#####2    | 43/82 [00:11<00:09,  3.90it/s]
1_F1: 1.0000, 0_F1: 1.0000, accuracy: 1.0000, average_F1: 1.0000, loss: 0.0037 ||:  54%|#####3    | 44/82 [00:11<00:09,  3.96it/s]
1_F1: 1.0000, 0_F1: 1.0000, accuracy: 1.0000, average_F1: 1.0000, loss: 0.0036 ||:  55%|#####4    | 45/82 [00:11<00:09,  4.09it/s]
1_F1: 1.0000, 0_F1: 1.0000, accuracy: 1.0000, average_F1: 1.0000, loss: 0.0036 ||:  56%|#####6    | 46/82 [00:11<00:09,  4.00it/s]
1_F1: 1.0000, 0_F1: 1.0000, accuracy: 1.0000, average_F1: 1.0000, loss: 0.0036 ||:  57%|#####7    | 47/82 [00:12<00:08,  3.94it/s]
1_F1: 1.0000, 0_F1: 1.0000, accuracy: 1.0000, average_F1: 1.0000, loss: 0.0035 ||:  59%|#####8    | 48/82 [00:12<00:09,  3.71it/s]
1_F1: 1.0000, 0_F1: 1.0000, accuracy: 1.0000, average_F1: 1.0000, loss: 0.0036 ||:  60%|#####9    | 49/82 [00:12<00:08,  3.92it/s]
1_F1: 1.0000, 0_F1: 1.0000, accuracy: 1.0000, average_F1: 1.0000, loss: 0.0036 ||:  61%|######    | 50/82 [00:13<00:08,  3.68it/s]
1_F1: 1.0000, 0_F1: 1.0000, accuracy: 1.0000, average_F1: 1.0000, loss: 0.0036 ||:  62%|######2   | 51/82 [00:13<00:08,  3.63it/s]
1_F1: 1.0000, 0_F1: 1.0000, accuracy: 1.0000, average_F1: 1.0000, loss: 0.0035 ||:  63%|######3   | 52/82 [00:13<00:08,  3.47it/s]
1_F1: 1.0000, 0_F1: 1.0000, accuracy: 1.0000, average_F1: 1.0000, loss: 0.0035 ||:  65%|######4   | 53/82 [00:13<00:07,  3.65it/s]
1_F1: 1.0000, 0_F1: 1.0000, accuracy: 1.0000, average_F1: 1.0000, loss: 0.0034 ||:  66%|######5   | 54/82 [00:14<00:07,  3.64it/s]
1_F1: 1.0000, 0_F1: 1.0000, accuracy: 1.0000, average_F1: 1.0000, loss: 0.0034 ||:  67%|######7   | 55/82 [00:14<00:07,  3.83it/s]
1_F1: 1.0000, 0_F1: 1.0000, accuracy: 1.0000, average_F1: 1.0000, loss: 0.0034 ||:  68%|######8   | 56/82 [00:14<00:06,  3.98it/s]
1_F1: 1.0000, 0_F1: 1.0000, accuracy: 1.0000, average_F1: 1.0000, loss: 0.0033 ||:  70%|######9   | 57/82 [00:14<00:06,  4.05it/s]
1_F1: 1.0000, 0_F1: 1.0000, accuracy: 1.0000, average_F1: 1.0000, loss: 0.0033 ||:  71%|#######   | 58/82 [00:15<00:05,  4.10it/s]
1_F1: 1.0000, 0_F1: 1.0000, accuracy: 1.0000, average_F1: 1.0000, loss: 0.0033 ||:  72%|#######1  | 59/82 [00:15<00:05,  4.10it/s]
1_F1: 1.0000, 0_F1: 1.0000, accuracy: 1.0000, average_F1: 1.0000, loss: 0.0033 ||:  73%|#######3  | 60/82 [00:15<00:05,  3.97it/s]
1_F1: 1.0000, 0_F1: 1.0000, accuracy: 1.0000, average_F1: 1.0000, loss: 0.0034 ||:  74%|#######4  | 61/82 [00:15<00:05,  3.87it/s]
1_F1: 1.0000, 0_F1: 1.0000, accuracy: 1.0000, average_F1: 1.0000, loss: 0.0034 ||:  76%|#######5  | 62/82 [00:16<00:05,  3.90it/s]
1_F1: 1.0000, 0_F1: 1.0000, accuracy: 1.0000, average_F1: 1.0000, loss: 0.0034 ||:  77%|#######6  | 63/82 [00:16<00:04,  3.96it/s]
1_F1: 1.0000, 0_F1: 1.0000, accuracy: 1.0000, average_F1: 1.0000, loss: 0.0033 ||:  78%|#######8  | 64/82 [00:16<00:04,  3.88it/s]
1_F1: 1.0000, 0_F1: 1.0000, accuracy: 1.0000, average_F1: 1.0000, loss: 0.0034 ||:  79%|#######9  | 65/82 [00:16<00:04,  3.78it/s]
1_F1: 1.0000, 0_F1: 1.0000, accuracy: 1.0000, average_F1: 1.0000, loss: 0.0034 ||:  80%|########  | 66/82 [00:17<00:04,  3.62it/s]
1_F1: 1.0000, 0_F1: 1.0000, accuracy: 1.0000, average_F1: 1.0000, loss: 0.0034 ||:  82%|########1 | 67/82 [00:17<00:03,  3.75it/s]
1_F1: 1.0000, 0_F1: 1.0000, accuracy: 1.0000, average_F1: 1.0000, loss: 0.0034 ||:  83%|########2 | 68/82 [00:17<00:03,  3.58it/s]
1_F1: 1.0000, 0_F1: 1.0000, accuracy: 1.0000, average_F1: 1.0000, loss: 0.0034 ||:  84%|########4 | 69/82 [00:18<00:03,  3.73it/s]
1_F1: 1.0000, 0_F1: 1.0000, accuracy: 1.0000, average_F1: 1.0000, loss: 0.0034 ||:  85%|########5 | 70/82 [00:18<00:03,  3.87it/s]
1_F1: 1.0000, 0_F1: 1.0000, accuracy: 1.0000, average_F1: 1.0000, loss: 0.0034 ||:  87%|########6 | 71/82 [00:18<00:02,  4.13it/s]
1_F1: 1.0000, 0_F1: 1.0000, accuracy: 1.0000, average_F1: 1.0000, loss: 0.0034 ||:  88%|########7 | 72/82 [00:18<00:02,  4.14it/s]
1_F1: 1.0000, 0_F1: 1.0000, accuracy: 1.0000, average_F1: 1.0000, loss: 0.0033 ||:  89%|########9 | 73/82 [00:18<00:02,  4.01it/s]
1_F1: 1.0000, 0_F1: 1.0000, accuracy: 1.0000, average_F1: 1.0000, loss: 0.0033 ||:  90%|######### | 74/82 [00:19<00:02,  3.60it/s]
1_F1: 1.0000, 0_F1: 1.0000, accuracy: 1.0000, average_F1: 1.0000, loss: 0.0033 ||:  91%|#########1| 75/82 [00:19<00:02,  3.47it/s]
1_F1: 1.0000, 0_F1: 1.0000, accuracy: 1.0000, average_F1: 1.0000, loss: 0.0033 ||:  93%|#########2| 76/82 [00:19<00:01,  3.62it/s]
1_F1: 1.0000, 0_F1: 1.0000, accuracy: 1.0000, average_F1: 1.0000, loss: 0.0032 ||:  94%|#########3| 77/82 [00:20<00:01,  3.59it/s]
1_F1: 1.0000, 0_F1: 1.0000, accuracy: 1.0000, average_F1: 1.0000, loss: 0.0032 ||:  95%|#########5| 78/82 [00:20<00:01,  3.48it/s]
1_F1: 1.0000, 0_F1: 1.0000, accuracy: 1.0000, average_F1: 1.0000, loss: 0.0032 ||:  96%|#########6| 79/82 [00:20<00:00,  3.36it/s]
1_F1: 1.0000, 0_F1: 1.0000, accuracy: 1.0000, average_F1: 1.0000, loss: 0.0031 ||:  98%|#########7| 80/82 [00:21<00:00,  3.54it/s]
1_F1: 1.0000, 0_F1: 1.0000, accuracy: 1.0000, average_F1: 1.0000, loss: 0.0031 ||:  99%|#########8| 81/82 [00:21<00:00,  3.56it/s]
1_F1: 1.0000, 0_F1: 1.0000, accuracy: 1.0000, average_F1: 1.0000, loss: 0.0031 ||: 100%|##########| 82/82 [00:21<00:00,  3.75it/s]
1_F1: 1.0000, 0_F1: 1.0000, accuracy: 1.0000, average_F1: 1.0000, loss: 0.0031 ||: 100%|##########| 82/82 [00:21<00:00,  3.80it/s]

  0%|          | 0/11 [00:00<?, ?it/s]
1_F1: 0.8000, 0_F1: 0.8235, accuracy: 0.8125, average_F1: 0.8118, loss: 0.7560 ||:   9%|9         | 1/11 [00:00<00:01,  9.95it/s]
1_F1: 0.8627, 0_F1: 0.8444, accuracy: 0.8542, average_F1: 0.8536, loss: 0.6332 ||:  27%|##7       | 3/11 [00:00<00:00, 10.79it/s]
1_F1: 0.8158, 0_F1: 0.8333, accuracy: 0.8250, average_F1: 0.8246, loss: 0.7336 ||:  45%|####5     | 5/11 [00:00<00:00, 11.34it/s]
1_F1: 0.8288, 0_F1: 0.8319, accuracy: 0.8304, average_F1: 0.8303, loss: 0.7785 ||:  64%|######3   | 7/11 [00:00<00:00, 11.35it/s]
1_F1: 0.8406, 0_F1: 0.8533, accuracy: 0.8472, average_F1: 0.8470, loss: 0.6976 ||:  82%|########1 | 9/11 [00:00<00:00, 10.75it/s]
1_F1: 0.8500, 0_F1: 0.8500, accuracy: 0.8500, average_F1: 0.8500, loss: 0.7024 ||:  91%|######### | 10/11 [00:00<00:00, 10.22it/s]
1_F1: 0.8466, 0_F1: 0.8447, accuracy: 0.8457, average_F1: 0.8457, loss: 0.9462 ||: 100%|##########| 11/11 [00:00<00:00, 11.88it/s]

  0%|          | 0/11 [00:00<?, ?it/s]
1_F1: 0.89, 0_F1: 0.86, accuracy: 0.88, average_F1: 0.87, loss: 0.48 ||:   9%|9         | 1/11 [00:00<00:01,  8.16it/s]
1_F1: 0.94, 0_F1: 0.93, accuracy: 0.94, average_F1: 0.94, loss: 0.06 ||:  18%|#8        | 2/11 [00:00<00:01,  8.56it/s]
1_F1: 0.91, 0_F1: 0.90, accuracy: 0.91, average_F1: 0.91, loss: 0.56 ||:  36%|###6      | 4/11 [00:00<00:00,  9.28it/s]
1_F1: 0.89, 0_F1: 0.88, accuracy: 0.89, average_F1: 0.89, loss: 1.01 ||:  55%|#####4    | 6/11 [00:00<00:00,  9.85it/s]
1_F1: 0.85, 0_F1: 0.84, accuracy: 0.84, average_F1: 0.84, loss: 0.81 ||:  73%|#######2  | 8/11 [00:00<00:00, 10.06it/s]
1_F1: 0.84, 0_F1: 0.83, accuracy: 0.83, average_F1: 0.83, loss: 1.61 ||:  82%|########1 | 9/11 [00:00<00:00, 10.00it/s]
1_F1: 0.82, 0_F1: 0.81, accuracy: 0.82, average_F1: 0.82, loss: 1.24 ||:  91%|######### | 10/11 [00:00<00:00,  9.63it/s]
1_F1: 0.82, 0_F1: 0.81, accuracy: 0.81, average_F1: 0.81, loss: 1.81 ||: 100%|##########| 11/11 [00:01<00:00, 10.96it/s]

