0it [00:00, ?it/s]
79it [00:00, 787.52it/s]
214it [00:00, 899.48it/s]
347it [00:00, 995.98it/s]
479it [00:00, 1074.79it/s]
575it [00:00, 732.64it/s] 
703it [00:00, 840.45it/s]
835it [00:00, 941.86it/s]
968it [00:00, 1031.53it/s]
1100it [00:01, 1101.88it/s]
1233it [00:01, 1159.86it/s]
1310it [00:01, 1097.03it/s]

0it [00:00, ?it/s]
127it [00:00, 1265.98it/s]
162it [00:00, 1273.01it/s]

0it [00:00, ?it/s]
129it [00:00, 1282.19it/s]
162it [00:00, 1292.94it/s]

0it [00:00, ?it/s]
1634it [00:00, 120316.93it/s]

  0%|          | 0/82 [00:00<?, ?it/s]
1_F1: 0.8889, 0_F1: 0.8571, accuracy: 0.8750, average_F1: 0.8730, loss: 0.4876 ||:   1%|1         | 1/82 [00:00<01:01,  1.31it/s]
1_F1: 0.6667, 0_F1: 0.7059, accuracy: 0.6875, average_F1: 0.6863, loss: 0.7968 ||:   2%|2         | 2/82 [00:00<00:47,  1.67it/s]
1_F1: 0.7442, 0_F1: 0.7925, accuracy: 0.7708, average_F1: 0.7683, loss: 0.6002 ||:   4%|3         | 3/82 [00:01<00:40,  1.95it/s]
1_F1: 0.6800, 0_F1: 0.7949, accuracy: 0.7500, average_F1: 0.7374, loss: 0.6281 ||:   5%|4         | 4/82 [00:01<00:35,  2.21it/s]
1_F1: 0.7164, 0_F1: 0.7957, accuracy: 0.7625, average_F1: 0.7561, loss: 0.6073 ||:   6%|6         | 5/82 [00:01<00:31,  2.41it/s]
1_F1: 0.7073, 0_F1: 0.7818, accuracy: 0.7500, average_F1: 0.7446, loss: 0.5831 ||:   7%|7         | 6/82 [00:02<00:29,  2.59it/s]
1_F1: 0.7115, 0_F1: 0.7500, accuracy: 0.7321, average_F1: 0.7308, loss: 0.6366 ||:   9%|8         | 7/82 [00:02<00:26,  2.85it/s]
1_F1: 0.7167, 0_F1: 0.7500, accuracy: 0.7344, average_F1: 0.7333, loss: 0.6220 ||:  10%|9         | 8/82 [00:02<00:25,  2.96it/s]
1_F1: 0.7391, 0_F1: 0.7600, accuracy: 0.7500, average_F1: 0.7496, loss: 0.5900 ||:  11%|#         | 9/82 [00:03<00:22,  3.19it/s]
1_F1: 0.7320, 0_F1: 0.7545, accuracy: 0.7438, average_F1: 0.7433, loss: 0.5994 ||:  12%|#2        | 10/82 [00:03<00:21,  3.40it/s]
1_F1: 0.7337, 0_F1: 0.7541, accuracy: 0.7443, average_F1: 0.7439, loss: 0.5895 ||:  13%|#3        | 11/82 [00:03<00:20,  3.42it/s]
1_F1: 0.7351, 0_F1: 0.7538, accuracy: 0.7448, average_F1: 0.7445, loss: 0.5790 ||:  15%|#4        | 12/82 [00:03<00:19,  3.56it/s]
1_F1: 0.7423, 0_F1: 0.7748, accuracy: 0.7596, average_F1: 0.7585, loss: 0.5582 ||:  16%|#5        | 13/82 [00:04<00:20,  3.45it/s]
1_F1: 0.7560, 0_F1: 0.7866, accuracy: 0.7723, average_F1: 0.7713, loss: 0.5339 ||:  17%|#7        | 14/82 [00:04<00:19,  3.46it/s]
1_F1: 0.7665, 0_F1: 0.7905, accuracy: 0.7792, average_F1: 0.7785, loss: 0.5177 ||:  18%|#8        | 15/82 [00:04<00:18,  3.62it/s]
1_F1: 0.7731, 0_F1: 0.8029, accuracy: 0.7891, average_F1: 0.7880, loss: 0.5038 ||:  20%|#9        | 16/82 [00:05<00:18,  3.50it/s]
1_F1: 0.7791, 0_F1: 0.8136, accuracy: 0.7978, average_F1: 0.7963, loss: 0.4967 ||:  21%|##        | 17/82 [00:05<00:19,  3.37it/s]
1_F1: 0.7881, 0_F1: 0.8143, accuracy: 0.8021, average_F1: 0.8012, loss: 0.4888 ||:  22%|##1       | 18/82 [00:05<00:19,  3.25it/s]
1_F1: 0.7931, 0_F1: 0.8113, accuracy: 0.8026, average_F1: 0.8022, loss: 0.4805 ||:  23%|##3       | 19/82 [00:05<00:19,  3.26it/s]
1_F1: 0.7961, 0_F1: 0.8155, accuracy: 0.8063, average_F1: 0.8058, loss: 0.4705 ||:  24%|##4       | 20/82 [00:06<00:17,  3.45it/s]
1_F1: 0.7975, 0_F1: 0.8202, accuracy: 0.8095, average_F1: 0.8088, loss: 0.4631 ||:  26%|##5       | 21/82 [00:06<00:17,  3.41it/s]
1_F1: 0.8129, 0_F1: 0.8232, accuracy: 0.8182, average_F1: 0.8180, loss: 0.4521 ||:  27%|##6       | 22/82 [00:06<00:17,  3.41it/s]
1_F1: 0.8113, 0_F1: 0.8241, accuracy: 0.8179, average_F1: 0.8177, loss: 0.4568 ||:  28%|##8       | 23/82 [00:07<00:17,  3.36it/s]
1_F1: 0.8162, 0_F1: 0.8291, accuracy: 0.8229, average_F1: 0.8227, loss: 0.4508 ||:  29%|##9       | 24/82 [00:07<00:17,  3.28it/s]
1_F1: 0.8175, 0_F1: 0.8273, accuracy: 0.8225, average_F1: 0.8224, loss: 0.4498 ||:  30%|###       | 25/82 [00:07<00:17,  3.23it/s]
1_F1: 0.8218, 0_F1: 0.8318, accuracy: 0.8269, average_F1: 0.8268, loss: 0.4466 ||:  32%|###1      | 26/82 [00:08<00:16,  3.37it/s]
1_F1: 0.8171, 0_F1: 0.8262, accuracy: 0.8218, average_F1: 0.8216, loss: 0.4593 ||:  33%|###2      | 27/82 [00:08<00:16,  3.38it/s]
1_F1: 0.8211, 0_F1: 0.8304, accuracy: 0.8259, average_F1: 0.8258, loss: 0.4542 ||:  34%|###4      | 28/82 [00:08<00:16,  3.33it/s]
1_F1: 0.8220, 0_F1: 0.8288, accuracy: 0.8254, average_F1: 0.8254, loss: 0.4523 ||:  35%|###5      | 29/82 [00:08<00:15,  3.35it/s]
1_F1: 0.8263, 0_F1: 0.8320, accuracy: 0.8292, average_F1: 0.8291, loss: 0.4447 ||:  37%|###6      | 30/82 [00:09<00:15,  3.31it/s]
1_F1: 0.8269, 0_F1: 0.8303, accuracy: 0.8286, average_F1: 0.8286, loss: 0.4472 ||:  38%|###7      | 31/82 [00:09<00:14,  3.51it/s]
1_F1: 0.8297, 0_F1: 0.8381, accuracy: 0.8340, average_F1: 0.8339, loss: 0.4395 ||:  39%|###9      | 32/82 [00:09<00:13,  3.66it/s]
1_F1: 0.8288, 0_F1: 0.8376, accuracy: 0.8333, average_F1: 0.8332, loss: 0.4408 ||:  40%|####      | 33/82 [00:10<00:14,  3.50it/s]
1_F1: 0.8324, 0_F1: 0.8402, accuracy: 0.8364, average_F1: 0.8363, loss: 0.4339 ||:  41%|####1     | 34/82 [00:10<00:14,  3.36it/s]
1_F1: 0.8348, 0_F1: 0.8401, accuracy: 0.8375, average_F1: 0.8375, loss: 0.4317 ||:  43%|####2     | 35/82 [00:10<00:13,  3.51it/s]
1_F1: 0.8339, 0_F1: 0.8396, accuracy: 0.8368, average_F1: 0.8368, loss: 0.4297 ||:  44%|####3     | 36/82 [00:10<00:12,  3.57it/s]
1_F1: 0.8356, 0_F1: 0.8400, accuracy: 0.8378, average_F1: 0.8378, loss: 0.4269 ||:  45%|####5     | 37/82 [00:11<00:12,  3.55it/s]
1_F1: 0.8364, 0_F1: 0.8380, accuracy: 0.8372, average_F1: 0.8372, loss: 0.4281 ||:  46%|####6     | 38/82 [00:11<00:12,  3.42it/s]
1_F1: 0.8312, 0_F1: 0.8354, accuracy: 0.8333, average_F1: 0.8333, loss: 0.4281 ||:  48%|####7     | 39/82 [00:11<00:12,  3.49it/s]
1_F1: 0.8312, 0_F1: 0.8374, accuracy: 0.8344, average_F1: 0.8343, loss: 0.4273 ||:  49%|####8     | 40/82 [00:12<00:12,  3.35it/s]
1_F1: 0.8305, 0_F1: 0.8371, accuracy: 0.8338, average_F1: 0.8338, loss: 0.4275 ||:  50%|#####     | 41/82 [00:12<00:11,  3.71it/s]
1_F1: 0.8225, 0_F1: 0.8292, accuracy: 0.8259, average_F1: 0.8258, loss: 0.4422 ||:  51%|#####1    | 42/82 [00:12<00:10,  3.85it/s]
1_F1: 0.8260, 0_F1: 0.8309, accuracy: 0.8285, average_F1: 0.8285, loss: 0.4365 ||:  52%|#####2    | 43/82 [00:12<00:10,  3.87it/s]
1_F1: 0.8242, 0_F1: 0.8291, accuracy: 0.8267, average_F1: 0.8267, loss: 0.4336 ||:  54%|#####3    | 44/82 [00:13<00:10,  3.57it/s]
1_F1: 0.8214, 0_F1: 0.8258, accuracy: 0.8236, average_F1: 0.8236, loss: 0.4379 ||:  55%|#####4    | 45/82 [00:13<00:10,  3.40it/s]
1_F1: 0.8240, 0_F1: 0.8254, accuracy: 0.8247, average_F1: 0.8247, loss: 0.4345 ||:  56%|#####6    | 46/82 [00:13<00:10,  3.36it/s]
1_F1: 0.8256, 0_F1: 0.8260, accuracy: 0.8258, average_F1: 0.8258, loss: 0.4297 ||:  57%|#####7    | 47/82 [00:14<00:09,  3.59it/s]
1_F1: 0.8249, 0_F1: 0.8235, accuracy: 0.8242, average_F1: 0.8242, loss: 0.4311 ||:  59%|#####8    | 48/82 [00:14<00:08,  3.98it/s]
1_F1: 0.8249, 0_F1: 0.8231, accuracy: 0.8240, average_F1: 0.8240, loss: 0.4317 ||:  60%|#####9    | 49/82 [00:14<00:08,  4.12it/s]
1_F1: 0.8269, 0_F1: 0.8256, accuracy: 0.8263, average_F1: 0.8262, loss: 0.4315 ||:  61%|######    | 50/82 [00:14<00:08,  3.79it/s]
1_F1: 0.8278, 0_F1: 0.8307, accuracy: 0.8292, average_F1: 0.8292, loss: 0.4261 ||:  62%|######2   | 51/82 [00:15<00:09,  3.43it/s]
1_F1: 0.8289, 0_F1: 0.8337, accuracy: 0.8313, average_F1: 0.8313, loss: 0.4213 ||:  63%|######3   | 52/82 [00:15<00:08,  3.36it/s]
1_F1: 0.8287, 0_F1: 0.8331, accuracy: 0.8310, average_F1: 0.8309, loss: 0.4225 ||:  65%|######4   | 53/82 [00:15<00:08,  3.45it/s]
1_F1: 0.8337, 0_F1: 0.8322, accuracy: 0.8329, average_F1: 0.8329, loss: 0.4185 ||:  66%|######5   | 54/82 [00:15<00:07,  3.88it/s]
1_F1: 0.8339, 0_F1: 0.8358, accuracy: 0.8349, average_F1: 0.8348, loss: 0.4152 ||:  67%|######7   | 55/82 [00:16<00:06,  3.87it/s]
1_F1: 0.8369, 0_F1: 0.8387, accuracy: 0.8378, average_F1: 0.8378, loss: 0.4098 ||:  68%|######8   | 56/82 [00:16<00:06,  3.99it/s]
1_F1: 0.8385, 0_F1: 0.8406, accuracy: 0.8396, average_F1: 0.8396, loss: 0.4063 ||:  70%|######9   | 57/82 [00:16<00:06,  3.90it/s]
1_F1: 0.8411, 0_F1: 0.8414, accuracy: 0.8413, average_F1: 0.8413, loss: 0.4031 ||:  71%|#######   | 58/82 [00:16<00:06,  3.74it/s]
1_F1: 0.8414, 0_F1: 0.8401, accuracy: 0.8408, average_F1: 0.8408, loss: 0.4023 ||:  72%|#######1  | 59/82 [00:17<00:06,  3.82it/s]
1_F1: 0.8435, 0_F1: 0.8412, accuracy: 0.8424, average_F1: 0.8424, loss: 0.4006 ||:  73%|#######3  | 60/82 [00:17<00:05,  3.97it/s]
1_F1: 0.8430, 0_F1: 0.8387, accuracy: 0.8409, average_F1: 0.8408, loss: 0.4036 ||:  74%|#######4  | 61/82 [00:17<00:05,  3.99it/s]
1_F1: 0.8406, 0_F1: 0.8361, accuracy: 0.8384, average_F1: 0.8384, loss: 0.4070 ||:  76%|#######5  | 62/82 [00:17<00:05,  3.71it/s]
1_F1: 0.8423, 0_F1: 0.8375, accuracy: 0.8400, average_F1: 0.8399, loss: 0.4044 ||:  77%|#######6  | 63/82 [00:18<00:05,  3.79it/s]
1_F1: 0.8420, 0_F1: 0.8370, accuracy: 0.8395, average_F1: 0.8395, loss: 0.4047 ||:  78%|#######8  | 64/82 [00:18<00:04,  3.64it/s]
1_F1: 0.8401, 0_F1: 0.8342, accuracy: 0.8372, average_F1: 0.8371, loss: 0.4059 ||:  79%|#######9  | 65/82 [00:18<00:04,  3.75it/s]
1_F1: 0.8386, 0_F1: 0.8349, accuracy: 0.8368, average_F1: 0.8368, loss: 0.4054 ||:  80%|########  | 66/82 [00:18<00:04,  3.81it/s]
1_F1: 0.8390, 0_F1: 0.8338, accuracy: 0.8364, average_F1: 0.8364, loss: 0.4077 ||:  82%|########1 | 67/82 [00:19<00:04,  3.70it/s]
1_F1: 0.8403, 0_F1: 0.8355, accuracy: 0.8379, average_F1: 0.8379, loss: 0.4067 ||:  83%|########2 | 68/82 [00:19<00:03,  3.73it/s]
1_F1: 0.8408, 0_F1: 0.8361, accuracy: 0.8385, average_F1: 0.8384, loss: 0.4076 ||:  84%|########4 | 69/82 [00:19<00:03,  3.92it/s]
1_F1: 0.8387, 0_F1: 0.8357, accuracy: 0.8372, average_F1: 0.8372, loss: 0.4104 ||:  85%|########5 | 70/82 [00:20<00:03,  3.56it/s]
1_F1: 0.8373, 0_F1: 0.8364, accuracy: 0.8369, average_F1: 0.8369, loss: 0.4129 ||:  87%|########6 | 71/82 [00:20<00:03,  3.20it/s]
1_F1: 0.8364, 0_F1: 0.8349, accuracy: 0.8357, average_F1: 0.8356, loss: 0.4157 ||:  88%|########7 | 72/82 [00:20<00:02,  3.59it/s]
1_F1: 0.8373, 0_F1: 0.8368, accuracy: 0.8370, average_F1: 0.8370, loss: 0.4130 ||:  89%|########9 | 73/82 [00:20<00:02,  3.62it/s]
1_F1: 0.8373, 0_F1: 0.8378, accuracy: 0.8376, average_F1: 0.8376, loss: 0.4102 ||:  90%|######### | 74/82 [00:21<00:02,  3.72it/s]
1_F1: 0.8358, 0_F1: 0.8369, accuracy: 0.8364, average_F1: 0.8364, loss: 0.4100 ||:  91%|#########1| 75/82 [00:21<00:01,  3.69it/s]
1_F1: 0.8366, 0_F1: 0.8372, accuracy: 0.8369, average_F1: 0.8369, loss: 0.4099 ||:  93%|#########2| 76/82 [00:21<00:01,  3.92it/s]
1_F1: 0.8378, 0_F1: 0.8386, accuracy: 0.8382, average_F1: 0.8382, loss: 0.4095 ||:  94%|#########3| 77/82 [00:21<00:01,  4.10it/s]
1_F1: 0.8400, 0_F1: 0.8390, accuracy: 0.8395, average_F1: 0.8395, loss: 0.4078 ||:  95%|#########5| 78/82 [00:22<00:00,  4.34it/s]
1_F1: 0.8394, 0_F1: 0.8373, accuracy: 0.8384, average_F1: 0.8383, loss: 0.4083 ||:  96%|#########6| 79/82 [00:22<00:00,  4.43it/s]
1_F1: 0.8389, 0_F1: 0.8371, accuracy: 0.8380, average_F1: 0.8380, loss: 0.4085 ||:  98%|#########7| 80/82 [00:22<00:00,  4.15it/s]
1_F1: 0.8403, 0_F1: 0.8366, accuracy: 0.8385, average_F1: 0.8385, loss: 0.4055 ||:  99%|#########8| 81/82 [00:22<00:00,  4.16it/s]
1_F1: 0.8376, 0_F1: 0.8326, accuracy: 0.8351, average_F1: 0.8351, loss: 0.4088 ||: 100%|##########| 82/82 [00:23<00:00,  3.98it/s]
1_F1: 0.8376, 0_F1: 0.8326, accuracy: 0.8351, average_F1: 0.8351, loss: 0.4088 ||: 100%|##########| 82/82 [00:23<00:00,  3.54it/s]

  0%|          | 0/11 [00:00<?, ?it/s]
1_F1: 0.9000, 0_F1: 0.8333, accuracy: 0.8750, average_F1: 0.8667, loss: 0.3038 ||:   9%|9         | 1/11 [00:00<00:01,  9.82it/s]
1_F1: 0.8519, 0_F1: 0.8095, accuracy: 0.8333, average_F1: 0.8307, loss: 0.5055 ||:  27%|##7       | 3/11 [00:00<00:00, 10.61it/s]
1_F1: 0.8706, 0_F1: 0.8533, accuracy: 0.8625, average_F1: 0.8620, loss: 0.3927 ||:  45%|####5     | 5/11 [00:00<00:00, 11.30it/s]
1_F1: 0.8793, 0_F1: 0.8704, accuracy: 0.8750, average_F1: 0.8748, loss: 0.3506 ||:  64%|######3   | 7/11 [00:00<00:00, 11.24it/s]
1_F1: 0.8769, 0_F1: 0.8730, accuracy: 0.8750, average_F1: 0.8750, loss: 0.3538 ||:  73%|#######2  | 8/11 [00:00<00:00, 10.51it/s]
1_F1: 0.8707, 0_F1: 0.8652, accuracy: 0.8681, average_F1: 0.8680, loss: 0.3488 ||:  82%|########1 | 9/11 [00:00<00:00, 10.11it/s]
1_F1: 0.8820, 0_F1: 0.8805, accuracy: 0.8812, average_F1: 0.8812, loss: 0.3316 ||:  91%|######### | 10/11 [00:00<00:00,  9.58it/s]
1_F1: 0.8765, 0_F1: 0.8765, accuracy: 0.8765, average_F1: 0.8765, loss: 0.3911 ||: 100%|##########| 11/11 [00:00<00:00, 11.61it/s]

  0%|          | 0/82 [00:00<?, ?it/s]
1_F1: 0.9333, 0_F1: 0.9412, accuracy: 0.9375, average_F1: 0.9373, loss: 0.3256 ||:   1%|1         | 1/82 [00:00<00:27,  3.00it/s]
1_F1: 0.7857, 0_F1: 0.8333, accuracy: 0.8125, average_F1: 0.8095, loss: 0.3765 ||:   2%|2         | 2/82 [00:00<00:26,  3.02it/s]
1_F1: 0.7895, 0_F1: 0.8621, accuracy: 0.8333, average_F1: 0.8258, loss: 0.3618 ||:   4%|3         | 3/82 [00:00<00:24,  3.19it/s]
1_F1: 0.8621, 0_F1: 0.8857, accuracy: 0.8750, average_F1: 0.8739, loss: 0.3113 ||:   5%|4         | 4/82 [00:01<00:23,  3.38it/s]
1_F1: 0.8919, 0_F1: 0.9070, accuracy: 0.9000, average_F1: 0.8994, loss: 0.2675 ||:   6%|6         | 5/82 [00:01<00:23,  3.31it/s]
1_F1: 0.8913, 0_F1: 0.9000, accuracy: 0.8958, average_F1: 0.8957, loss: 0.2870 ||:   7%|7         | 6/82 [00:01<00:22,  3.42it/s]
1_F1: 0.9009, 0_F1: 0.9027, accuracy: 0.9018, average_F1: 0.9018, loss: 0.2884 ||:   9%|8         | 7/82 [00:02<00:21,  3.50it/s]
1_F1: 0.8976, 0_F1: 0.8992, accuracy: 0.8984, average_F1: 0.8984, loss: 0.3059 ||:  10%|9         | 8/82 [00:02<00:22,  3.22it/s]
1_F1: 0.9041, 0_F1: 0.9014, accuracy: 0.9028, average_F1: 0.9028, loss: 0.2938 ||:  11%|#         | 9/82 [00:02<00:22,  3.24it/s]
1_F1: 0.9059, 0_F1: 0.8933, accuracy: 0.9000, average_F1: 0.8996, loss: 0.2843 ||:  12%|#2        | 10/82 [00:02<00:20,  3.44it/s]
1_F1: 0.9022, 0_F1: 0.8929, accuracy: 0.8977, average_F1: 0.8975, loss: 0.2888 ||:  13%|#3        | 11/82 [00:03<00:19,  3.69it/s]
1_F1: 0.8912, 0_F1: 0.8901, accuracy: 0.8906, average_F1: 0.8906, loss: 0.3003 ||:  15%|#4        | 12/82 [00:03<00:19,  3.61it/s]
1_F1: 0.8878, 0_F1: 0.8910, accuracy: 0.8894, average_F1: 0.8894, loss: 0.2955 ||:  16%|#5        | 13/82 [00:03<00:19,  3.63it/s]
1_F1: 0.8889, 0_F1: 0.8966, accuracy: 0.8929, average_F1: 0.8927, loss: 0.2906 ||:  17%|#7        | 14/82 [00:04<00:20,  3.38it/s]
1_F1: 0.8927, 0_F1: 0.8988, accuracy: 0.8958, average_F1: 0.8957, loss: 0.2849 ||:  18%|#8        | 15/82 [00:04<00:18,  3.66it/s]
1_F1: 0.8898, 0_F1: 0.8915, accuracy: 0.8906, average_F1: 0.8906, loss: 0.2922 ||:  20%|#9        | 16/82 [00:04<00:16,  3.98it/s]
1_F1: 0.8824, 0_F1: 0.8824, accuracy: 0.8824, average_F1: 0.8824, loss: 0.2936 ||:  21%|##        | 17/82 [00:04<00:16,  3.95it/s]
1_F1: 0.8803, 0_F1: 0.8836, accuracy: 0.8819, average_F1: 0.8819, loss: 0.2904 ||:  22%|##1       | 18/82 [00:05<00:21,  2.93it/s]
1_F1: 0.8797, 0_F1: 0.8896, accuracy: 0.8849, average_F1: 0.8847, loss: 0.2855 ||:  23%|##3       | 19/82 [00:05<00:19,  3.22it/s]
1_F1: 0.8852, 0_F1: 0.8955, accuracy: 0.8906, average_F1: 0.8904, loss: 0.2789 ||:  24%|##4       | 20/82 [00:05<00:19,  3.26it/s]
1_F1: 0.8903, 0_F1: 0.9008, accuracy: 0.8958, average_F1: 0.8956, loss: 0.2723 ||:  26%|##5       | 21/82 [00:06<00:19,  3.19it/s]
1_F1: 0.8955, 0_F1: 0.9051, accuracy: 0.9006, average_F1: 0.9003, loss: 0.2652 ||:  27%|##6       | 22/82 [00:06<00:17,  3.44it/s]
1_F1: 0.8946, 0_F1: 0.9039, accuracy: 0.8995, average_F1: 0.8992, loss: 0.2667 ||:  28%|##8       | 23/82 [00:06<00:17,  3.35it/s]
1_F1: 0.8871, 0_F1: 0.8939, accuracy: 0.8906, average_F1: 0.8905, loss: 0.2795 ||:  29%|##9       | 24/82 [00:06<00:16,  3.53it/s]
1_F1: 0.8900, 0_F1: 0.8949, accuracy: 0.8925, average_F1: 0.8924, loss: 0.2806 ||:  30%|###       | 25/82 [00:07<00:16,  3.56it/s]
1_F1: 0.8867, 0_F1: 0.8873, accuracy: 0.8870, average_F1: 0.8870, loss: 0.2951 ||:  32%|###1      | 26/82 [00:07<00:15,  3.72it/s]
1_F1: 0.8837, 0_F1: 0.8848, accuracy: 0.8843, average_F1: 0.8843, loss: 0.2960 ||:  33%|###2      | 27/82 [00:07<00:14,  3.69it/s]
1_F1: 0.8844, 0_F1: 0.8879, accuracy: 0.8862, average_F1: 0.8861, loss: 0.2921 ||:  34%|###4      | 28/82 [00:08<00:14,  3.81it/s]
1_F1: 0.8850, 0_F1: 0.8908, accuracy: 0.8879, average_F1: 0.8879, loss: 0.2906 ||:  35%|###5      | 29/82 [00:08<00:14,  3.75it/s]
1_F1: 0.8866, 0_F1: 0.8884, accuracy: 0.8875, average_F1: 0.8875, loss: 0.2935 ||:  37%|###6      | 30/82 [00:08<00:12,  4.13it/s]
1_F1: 0.8871, 0_F1: 0.8871, accuracy: 0.8871, average_F1: 0.8871, loss: 0.2946 ||:  38%|###7      | 31/82 [00:08<00:12,  4.16it/s]
1_F1: 0.8828, 0_F1: 0.8828, accuracy: 0.8828, average_F1: 0.8828, loss: 0.2963 ||:  39%|###9      | 32/82 [00:08<00:12,  3.97it/s]
1_F1: 0.8835, 0_F1: 0.8817, accuracy: 0.8826, average_F1: 0.8826, loss: 0.2937 ||:  40%|####      | 33/82 [00:09<00:12,  3.79it/s]
1_F1: 0.8832, 0_F1: 0.8815, accuracy: 0.8824, average_F1: 0.8823, loss: 0.2920 ||:  41%|####1     | 34/82 [00:09<00:13,  3.67it/s]
1_F1: 0.8845, 0_F1: 0.8833, accuracy: 0.8839, average_F1: 0.8839, loss: 0.2902 ||:  43%|####2     | 35/82 [00:09<00:13,  3.50it/s]
1_F1: 0.8850, 0_F1: 0.8858, accuracy: 0.8854, average_F1: 0.8854, loss: 0.2876 ||:  44%|####3     | 36/82 [00:10<00:12,  3.55it/s]
1_F1: 0.8847, 0_F1: 0.8855, accuracy: 0.8851, average_F1: 0.8851, loss: 0.2883 ||:  45%|####5     | 37/82 [00:10<00:12,  3.62it/s]
1_F1: 0.8834, 0_F1: 0.8830, accuracy: 0.8832, average_F1: 0.8832, loss: 0.2894 ||:  46%|####6     | 38/82 [00:10<00:11,  3.72it/s]
1_F1: 0.8836, 0_F1: 0.8824, accuracy: 0.8830, average_F1: 0.8830, loss: 0.2922 ||:  48%|####7     | 39/82 [00:10<00:11,  3.81it/s]
1_F1: 0.8806, 0_F1: 0.8787, accuracy: 0.8797, average_F1: 0.8797, loss: 0.2958 ||:  49%|####8     | 40/82 [00:11<00:11,  3.64it/s]
1_F1: 0.8761, 0_F1: 0.8738, accuracy: 0.8750, average_F1: 0.8750, loss: 0.3014 ||:  50%|#####     | 41/82 [00:11<00:09,  4.14it/s]
1_F1: 0.8757, 0_F1: 0.8743, accuracy: 0.8750, average_F1: 0.8750, loss: 0.3017 ||:  51%|#####1    | 42/82 [00:11<00:10,  3.92it/s]
1_F1: 0.8757, 0_F1: 0.8743, accuracy: 0.8750, average_F1: 0.8750, loss: 0.3012 ||:  52%|#####2    | 43/82 [00:11<00:10,  3.75it/s]
1_F1: 0.8732, 0_F1: 0.8711, accuracy: 0.8722, average_F1: 0.8721, loss: 0.3063 ||:  54%|#####3    | 44/82 [00:12<00:10,  3.49it/s]
1_F1: 0.8738, 0_F1: 0.8734, accuracy: 0.8736, average_F1: 0.8736, loss: 0.3062 ||:  55%|#####4    | 45/82 [00:12<00:10,  3.59it/s]
1_F1: 0.8763, 0_F1: 0.8736, accuracy: 0.8750, average_F1: 0.8750, loss: 0.3031 ||:  56%|#####6    | 46/82 [00:12<00:10,  3.45it/s]
1_F1: 0.8755, 0_F1: 0.8718, accuracy: 0.8737, average_F1: 0.8736, loss: 0.3046 ||:  57%|#####7    | 47/82 [00:13<00:09,  3.65it/s]
1_F1: 0.8747, 0_F1: 0.8747, accuracy: 0.8747, average_F1: 0.8747, loss: 0.3016 ||:  59%|#####8    | 48/82 [00:13<00:10,  3.36it/s]
1_F1: 0.8721, 0_F1: 0.8721, accuracy: 0.8721, average_F1: 0.8721, loss: 0.3038 ||:  60%|#####9    | 49/82 [00:13<00:09,  3.34it/s]
1_F1: 0.8733, 0_F1: 0.8736, accuracy: 0.8734, average_F1: 0.8734, loss: 0.3019 ||:  61%|######    | 50/82 [00:14<00:09,  3.45it/s]
1_F1: 0.8756, 0_F1: 0.8738, accuracy: 0.8747, average_F1: 0.8747, loss: 0.3040 ||:  62%|######2   | 51/82 [00:14<00:08,  3.80it/s]
1_F1: 0.8768, 0_F1: 0.8725, accuracy: 0.8747, average_F1: 0.8747, loss: 0.3036 ||:  63%|######3   | 52/82 [00:14<00:08,  3.62it/s]
1_F1: 0.8770, 0_F1: 0.8723, accuracy: 0.8747, average_F1: 0.8747, loss: 0.3033 ||:  65%|######4   | 53/82 [00:14<00:07,  3.82it/s]
1_F1: 0.8780, 0_F1: 0.8737, accuracy: 0.8759, average_F1: 0.8758, loss: 0.3002 ||:  66%|######5   | 54/82 [00:15<00:07,  3.71it/s]
1_F1: 0.8787, 0_F1: 0.8753, accuracy: 0.8770, average_F1: 0.8770, loss: 0.2978 ||:  67%|######7   | 55/82 [00:15<00:07,  3.78it/s]
1_F1: 0.8775, 0_F1: 0.8719, accuracy: 0.8747, average_F1: 0.8747, loss: 0.3010 ||:  68%|######8   | 56/82 [00:15<00:06,  3.85it/s]
1_F1: 0.8784, 0_F1: 0.8732, accuracy: 0.8758, average_F1: 0.8758, loss: 0.3003 ||:  70%|######9   | 57/82 [00:15<00:06,  3.62it/s]
1_F1: 0.8780, 0_F1: 0.8735, accuracy: 0.8758, average_F1: 0.8758, loss: 0.3007 ||:  71%|#######   | 58/82 [00:16<00:06,  3.72it/s]
1_F1: 0.8792, 0_F1: 0.8745, accuracy: 0.8769, average_F1: 0.8768, loss: 0.2992 ||:  72%|#######1  | 59/82 [00:16<00:06,  3.51it/s]
1_F1: 0.8789, 0_F1: 0.8747, accuracy: 0.8768, average_F1: 0.8768, loss: 0.2998 ||:  73%|#######3  | 60/82 [00:16<00:05,  3.72it/s]
1_F1: 0.8792, 0_F1: 0.8764, accuracy: 0.8778, average_F1: 0.8778, loss: 0.2975 ||:  74%|#######4  | 61/82 [00:16<00:05,  3.63it/s]
1_F1: 0.8786, 0_F1: 0.8769, accuracy: 0.8778, average_F1: 0.8778, loss: 0.2980 ||:  76%|#######5  | 62/82 [00:17<00:05,  3.66it/s]
1_F1: 0.8815, 0_F1: 0.8779, accuracy: 0.8797, average_F1: 0.8797, loss: 0.2950 ||:  77%|#######6  | 63/82 [00:17<00:05,  3.56it/s]
1_F1: 0.8835, 0_F1: 0.8796, accuracy: 0.8816, average_F1: 0.8816, loss: 0.2928 ||:  78%|#######8  | 64/82 [00:17<00:04,  3.60it/s]
1_F1: 0.8813, 0_F1: 0.8778, accuracy: 0.8796, average_F1: 0.8796, loss: 0.2956 ||:  79%|#######9  | 65/82 [00:18<00:04,  3.45it/s]
1_F1: 0.8803, 0_F1: 0.8787, accuracy: 0.8795, average_F1: 0.8795, loss: 0.2951 ||:  80%|########  | 66/82 [00:18<00:04,  3.42it/s]
1_F1: 0.8806, 0_F1: 0.8801, accuracy: 0.8804, average_F1: 0.8804, loss: 0.2938 ||:  82%|########1 | 67/82 [00:18<00:04,  3.31it/s]
1_F1: 0.8821, 0_F1: 0.8821, accuracy: 0.8821, average_F1: 0.8821, loss: 0.2906 ||:  83%|########2 | 68/82 [00:19<00:04,  3.41it/s]
1_F1: 0.8838, 0_F1: 0.8838, accuracy: 0.8838, average_F1: 0.8838, loss: 0.2889 ||:  84%|########4 | 69/82 [00:19<00:03,  3.35it/s]
1_F1: 0.8851, 0_F1: 0.8859, accuracy: 0.8855, average_F1: 0.8855, loss: 0.2861 ||:  85%|########5 | 70/82 [00:19<00:03,  3.45it/s]
1_F1: 0.8848, 0_F1: 0.8860, accuracy: 0.8854, average_F1: 0.8854, loss: 0.2846 ||:  87%|########6 | 71/82 [00:19<00:03,  3.57it/s]
1_F1: 0.8854, 0_F1: 0.8868, accuracy: 0.8861, average_F1: 0.8861, loss: 0.2842 ||:  88%|########7 | 72/82 [00:20<00:02,  3.40it/s]
1_F1: 0.8856, 0_F1: 0.8879, accuracy: 0.8868, average_F1: 0.8868, loss: 0.2839 ||:  89%|########9 | 73/82 [00:20<00:02,  3.29it/s]
1_F1: 0.8870, 0_F1: 0.8880, accuracy: 0.8875, average_F1: 0.8875, loss: 0.2842 ||:  90%|######### | 74/82 [00:20<00:02,  3.32it/s]
1_F1: 0.8872, 0_F1: 0.8874, accuracy: 0.8873, average_F1: 0.8873, loss: 0.2856 ||:  91%|#########1| 75/82 [00:21<00:01,  3.59it/s]
1_F1: 0.8882, 0_F1: 0.8878, accuracy: 0.8880, average_F1: 0.8880, loss: 0.2853 ||:  93%|#########2| 76/82 [00:21<00:01,  3.41it/s]
1_F1: 0.8891, 0_F1: 0.8882, accuracy: 0.8886, average_F1: 0.8886, loss: 0.2837 ||:  94%|#########3| 77/82 [00:21<00:01,  3.56it/s]
1_F1: 0.8892, 0_F1: 0.8876, accuracy: 0.8884, average_F1: 0.8884, loss: 0.2846 ||:  95%|#########5| 78/82 [00:21<00:01,  3.51it/s]
1_F1: 0.8908, 0_F1: 0.8873, accuracy: 0.8891, average_F1: 0.8890, loss: 0.2840 ||:  96%|#########6| 79/82 [00:22<00:00,  3.93it/s]
1_F1: 0.8928, 0_F1: 0.8880, accuracy: 0.8905, average_F1: 0.8904, loss: 0.2817 ||:  98%|#########7| 80/82 [00:22<00:00,  3.86it/s]
1_F1: 0.8939, 0_F1: 0.8896, accuracy: 0.8918, average_F1: 0.8918, loss: 0.2794 ||:  99%|#########8| 81/82 [00:22<00:00,  3.90it/s]
1_F1: 0.8942, 0_F1: 0.8904, accuracy: 0.8924, average_F1: 0.8923, loss: 0.2793 ||: 100%|##########| 82/82 [00:22<00:00,  3.58it/s]
1_F1: 0.8942, 0_F1: 0.8904, accuracy: 0.8924, average_F1: 0.8923, loss: 0.2793 ||: 100%|##########| 82/82 [00:22<00:00,  3.57it/s]

  0%|          | 0/11 [00:00<?, ?it/s]
1_F1: 0.9268, 0_F1: 0.8696, accuracy: 0.9062, average_F1: 0.8982, loss: 0.3225 ||:  18%|#8        | 2/11 [00:00<00:00, 12.08it/s]
1_F1: 0.8919, 0_F1: 0.8519, accuracy: 0.8750, average_F1: 0.8719, loss: 0.4361 ||:  36%|###6      | 4/11 [00:00<00:00, 12.45it/s]
1_F1: 0.8868, 0_F1: 0.8605, accuracy: 0.8750, average_F1: 0.8736, loss: 0.3801 ||:  55%|#####4    | 6/11 [00:00<00:00, 12.10it/s]
1_F1: 0.8855, 0_F1: 0.8800, accuracy: 0.8828, average_F1: 0.8827, loss: 0.3370 ||:  73%|#######2  | 8/11 [00:00<00:00, 11.74it/s]
1_F1: 0.8889, 0_F1: 0.8889, accuracy: 0.8889, average_F1: 0.8889, loss: 0.3332 ||:  82%|########1 | 9/11 [00:00<00:00, 10.67it/s]
1_F1: 0.8889, 0_F1: 0.8861, accuracy: 0.8875, average_F1: 0.8875, loss: 0.3260 ||:  91%|######### | 10/11 [00:00<00:00,  9.77it/s]
1_F1: 0.8902, 0_F1: 0.8875, accuracy: 0.8889, average_F1: 0.8889, loss: 0.3060 ||: 100%|##########| 11/11 [00:00<00:00, 11.74it/s]

  0%|          | 0/82 [00:00<?, ?it/s]
1_F1: 0.8800, 0_F1: 0.5714, accuracy: 0.8125, average_F1: 0.7257, loss: 0.3376 ||:   1%|1         | 1/82 [00:00<00:22,  3.57it/s]
1_F1: 0.9167, 0_F1: 0.7500, accuracy: 0.8750, average_F1: 0.8333, loss: 0.2490 ||:   2%|2         | 2/82 [00:00<00:23,  3.34it/s]
1_F1: 0.9286, 0_F1: 0.8889, accuracy: 0.9130, average_F1: 0.9087, loss: 0.1985 ||:   4%|3         | 3/82 [00:00<00:25,  3.13it/s]
1_F1: 0.9315, 0_F1: 0.9020, accuracy: 0.9194, average_F1: 0.9167, loss: 0.1915 ||:   5%|4         | 4/82 [00:01<00:24,  3.20it/s]
1_F1: 0.9176, 0_F1: 0.9014, accuracy: 0.9103, average_F1: 0.9095, loss: 0.2115 ||:   6%|6         | 5/82 [00:01<00:24,  3.13it/s]
1_F1: 0.9231, 0_F1: 0.9048, accuracy: 0.9149, average_F1: 0.9139, loss: 0.2039 ||:   7%|7         | 6/82 [00:01<00:22,  3.31it/s]
1_F1: 0.9244, 0_F1: 0.9109, accuracy: 0.9182, average_F1: 0.9176, loss: 0.1985 ||:   9%|8         | 7/82 [00:02<00:22,  3.34it/s]
1_F1: 0.9302, 0_F1: 0.9268, accuracy: 0.9286, average_F1: 0.9285, loss: 0.1888 ||:  10%|9         | 8/82 [00:02<00:21,  3.36it/s]
1_F1: 0.9128, 0_F1: 0.9037, accuracy: 0.9085, average_F1: 0.9082, loss: 0.2426 ||:  11%|#         | 9/82 [00:02<00:20,  3.60it/s]
1_F1: 0.9222, 0_F1: 0.9128, accuracy: 0.9177, average_F1: 0.9175, loss: 0.2336 ||:  12%|#2        | 10/82 [00:03<00:20,  3.48it/s]
1_F1: 0.9213, 0_F1: 0.9176, accuracy: 0.9195, average_F1: 0.9195, loss: 0.2230 ||:  13%|#3        | 11/82 [00:03<00:20,  3.53it/s]
1_F1: 0.9110, 0_F1: 0.9101, accuracy: 0.9105, average_F1: 0.9105, loss: 0.2315 ||:  15%|#4        | 12/82 [00:03<00:19,  3.57it/s]
1_F1: 0.9108, 0_F1: 0.9045, accuracy: 0.9078, average_F1: 0.9077, loss: 0.2389 ||:  16%|#5        | 13/82 [00:03<00:18,  3.78it/s]
1_F1: 0.9091, 0_F1: 0.9014, accuracy: 0.9054, average_F1: 0.9052, loss: 0.2356 ||:  17%|#7        | 14/82 [00:04<00:18,  3.58it/s]
1_F1: 0.9008, 0_F1: 0.8974, accuracy: 0.8992, average_F1: 0.8991, loss: 0.2508 ||:  18%|#8        | 15/82 [00:04<00:18,  3.61it/s]
1_F1: 0.8984, 0_F1: 0.8968, accuracy: 0.8976, average_F1: 0.8976, loss: 0.2495 ||:  20%|#9        | 16/82 [00:04<00:18,  3.62it/s]
1_F1: 0.9015, 0_F1: 0.9058, accuracy: 0.9037, average_F1: 0.9037, loss: 0.2396 ||:  21%|##        | 17/82 [00:04<00:18,  3.43it/s]
1_F1: 0.8945, 0_F1: 0.9024, accuracy: 0.8986, average_F1: 0.8985, loss: 0.2438 ||:  22%|##1       | 18/82 [00:05<00:18,  3.54it/s]
1_F1: 0.8942, 0_F1: 0.9003, accuracy: 0.8974, average_F1: 0.8973, loss: 0.2419 ||:  23%|##3       | 19/82 [00:05<00:17,  3.68it/s]
1_F1: 0.8918, 0_F1: 0.9003, accuracy: 0.8962, average_F1: 0.8961, loss: 0.2414 ||:  24%|##4       | 20/82 [00:05<00:17,  3.59it/s]
1_F1: 0.8959, 0_F1: 0.9060, accuracy: 0.9012, average_F1: 0.9009, loss: 0.2349 ||:  26%|##5       | 21/82 [00:06<00:16,  3.70it/s]
1_F1: 0.8997, 0_F1: 0.9111, accuracy: 0.9057, average_F1: 0.9054, loss: 0.2291 ||:  27%|##6       | 22/82 [00:06<00:16,  3.61it/s]
1_F1: 0.8974, 0_F1: 0.9105, accuracy: 0.9044, average_F1: 0.9039, loss: 0.2277 ||:  28%|##8       | 23/82 [00:06<00:15,  3.71it/s]
1_F1: 0.9006, 0_F1: 0.9104, accuracy: 0.9058, average_F1: 0.9055, loss: 0.2255 ||:  29%|##9       | 24/82 [00:06<00:14,  3.99it/s]
1_F1: 0.9039, 0_F1: 0.9100, accuracy: 0.9070, average_F1: 0.9069, loss: 0.2230 ||:  30%|###       | 25/82 [00:07<00:14,  4.04it/s]
1_F1: 0.8950, 0_F1: 0.9019, accuracy: 0.8986, average_F1: 0.8984, loss: 0.2362 ||:  32%|###1      | 26/82 [00:07<00:13,  4.02it/s]
1_F1: 0.8995, 0_F1: 0.9050, accuracy: 0.9023, average_F1: 0.9022, loss: 0.2292 ||:  33%|###2      | 27/82 [00:07<00:13,  4.16it/s]
1_F1: 0.9032, 0_F1: 0.9083, accuracy: 0.9058, average_F1: 0.9058, loss: 0.2236 ||:  34%|###4      | 28/82 [00:07<00:13,  4.00it/s]
1_F1: 0.9002, 0_F1: 0.9049, accuracy: 0.9026, average_F1: 0.9025, loss: 0.2275 ||:  35%|###5      | 29/82 [00:07<00:11,  4.47it/s]
1_F1: 0.9041, 0_F1: 0.9076, accuracy: 0.9059, average_F1: 0.9058, loss: 0.2260 ||:  37%|###6      | 30/82 [00:08<00:11,  4.33it/s]
1_F1: 0.9076, 0_F1: 0.9102, accuracy: 0.9089, average_F1: 0.9089, loss: 0.2226 ||:  38%|###7      | 31/82 [00:08<00:12,  4.08it/s]
1_F1: 0.9094, 0_F1: 0.9102, accuracy: 0.9098, average_F1: 0.9098, loss: 0.2219 ||:  39%|###9      | 32/82 [00:08<00:12,  3.85it/s]
1_F1: 0.9080, 0_F1: 0.9094, accuracy: 0.9087, average_F1: 0.9087, loss: 0.2263 ||:  40%|####      | 33/82 [00:09<00:13,  3.74it/s]
1_F1: 0.9081, 0_F1: 0.9111, accuracy: 0.9096, average_F1: 0.9096, loss: 0.2252 ||:  41%|####1     | 34/82 [00:09<00:14,  3.35it/s]
1_F1: 0.9101, 0_F1: 0.9107, accuracy: 0.9104, average_F1: 0.9104, loss: 0.2212 ||:  43%|####2     | 35/82 [00:09<00:13,  3.51it/s]
1_F1: 0.9081, 0_F1: 0.9107, accuracy: 0.9094, average_F1: 0.9094, loss: 0.2201 ||:  44%|####3     | 36/82 [00:10<00:16,  2.72it/s]
1_F1: 0.9116, 0_F1: 0.9122, accuracy: 0.9119, average_F1: 0.9119, loss: 0.2168 ||:  45%|####5     | 37/82 [00:10<00:15,  2.94it/s]
1_F1: 0.9094, 0_F1: 0.9091, accuracy: 0.9092, average_F1: 0.9092, loss: 0.2186 ||:  46%|####6     | 38/82 [00:10<00:13,  3.19it/s]
1_F1: 0.9071, 0_F1: 0.9065, accuracy: 0.9068, average_F1: 0.9068, loss: 0.2202 ||:  48%|####7     | 39/82 [00:11<00:12,  3.34it/s]
1_F1: 0.9051, 0_F1: 0.9036, accuracy: 0.9044, average_F1: 0.9044, loss: 0.2217 ||:  49%|####8     | 40/82 [00:11<00:11,  3.51it/s]
1_F1: 0.9058, 0_F1: 0.9046, accuracy: 0.9052, average_F1: 0.9052, loss: 0.2199 ||:  50%|#####     | 41/82 [00:11<00:10,  3.75it/s]
1_F1: 0.9048, 0_F1: 0.9042, accuracy: 0.9045, average_F1: 0.9045, loss: 0.2225 ||:  51%|#####1    | 42/82 [00:11<00:11,  3.43it/s]
1_F1: 0.9054, 0_F1: 0.9051, accuracy: 0.9052, average_F1: 0.9052, loss: 0.2215 ||:  52%|#####2    | 43/82 [00:12<00:10,  3.77it/s]
1_F1: 0.9041, 0_F1: 0.9050, accuracy: 0.9046, average_F1: 0.9046, loss: 0.2270 ||:  54%|#####3    | 44/82 [00:12<00:10,  3.74it/s]
1_F1: 0.9060, 0_F1: 0.9073, accuracy: 0.9067, average_F1: 0.9067, loss: 0.2251 ||:  55%|#####4    | 45/82 [00:12<00:10,  3.53it/s]
1_F1: 0.9066, 0_F1: 0.9053, accuracy: 0.9060, average_F1: 0.9060, loss: 0.2284 ||:  56%|#####6    | 46/82 [00:12<00:09,  3.91it/s]
1_F1: 0.9072, 0_F1: 0.9062, accuracy: 0.9067, average_F1: 0.9067, loss: 0.2294 ||:  57%|#####7    | 47/82 [00:13<00:08,  3.95it/s]
1_F1: 0.9075, 0_F1: 0.9045, accuracy: 0.9060, average_F1: 0.9060, loss: 0.2299 ||:  59%|#####8    | 48/82 [00:13<00:09,  3.75it/s]
1_F1: 0.9089, 0_F1: 0.9070, accuracy: 0.9079, average_F1: 0.9079, loss: 0.2263 ||:  60%|#####9    | 49/82 [00:13<00:09,  3.62it/s]
1_F1: 0.9089, 0_F1: 0.9082, accuracy: 0.9085, average_F1: 0.9085, loss: 0.2254 ||:  61%|######    | 50/82 [00:13<00:08,  3.72it/s]
1_F1: 0.9098, 0_F1: 0.9084, accuracy: 0.9091, average_F1: 0.9091, loss: 0.2248 ||:  62%|######2   | 51/82 [00:14<00:08,  3.78it/s]
1_F1: 0.9102, 0_F1: 0.9091, accuracy: 0.9096, average_F1: 0.9096, loss: 0.2256 ||:  63%|######3   | 52/82 [00:14<00:08,  3.53it/s]
1_F1: 0.9112, 0_F1: 0.9091, accuracy: 0.9102, average_F1: 0.9102, loss: 0.2266 ||:  65%|######4   | 53/82 [00:14<00:08,  3.62it/s]
1_F1: 0.9106, 0_F1: 0.9085, accuracy: 0.9095, average_F1: 0.9095, loss: 0.2253 ||:  66%|######5   | 54/82 [00:15<00:08,  3.45it/s]
1_F1: 0.9087, 0_F1: 0.9068, accuracy: 0.9077, average_F1: 0.9077, loss: 0.2277 ||:  67%|######7   | 55/82 [00:15<00:07,  3.58it/s]
1_F1: 0.9071, 0_F1: 0.9073, accuracy: 0.9072, average_F1: 0.9072, loss: 0.2271 ||:  68%|######8   | 56/82 [00:15<00:07,  3.53it/s]
1_F1: 0.9085, 0_F1: 0.9069, accuracy: 0.9077, average_F1: 0.9077, loss: 0.2271 ||:  70%|######9   | 57/82 [00:15<00:06,  3.75it/s]
1_F1: 0.9091, 0_F1: 0.9073, accuracy: 0.9082, average_F1: 0.9082, loss: 0.2264 ||:  71%|#######   | 58/82 [00:16<00:05,  4.04it/s]
1_F1: 0.9108, 0_F1: 0.9087, accuracy: 0.9098, average_F1: 0.9098, loss: 0.2243 ||:  72%|#######1  | 59/82 [00:16<00:05,  4.12it/s]
1_F1: 0.9123, 0_F1: 0.9102, accuracy: 0.9113, average_F1: 0.9113, loss: 0.2220 ||:  73%|#######3  | 60/82 [00:16<00:05,  4.01it/s]
1_F1: 0.9135, 0_F1: 0.9119, accuracy: 0.9127, average_F1: 0.9127, loss: 0.2199 ||:  74%|#######4  | 61/82 [00:16<00:05,  3.77it/s]
1_F1: 0.9146, 0_F1: 0.9137, accuracy: 0.9141, average_F1: 0.9141, loss: 0.2183 ||:  76%|#######5  | 62/82 [00:17<00:05,  3.78it/s]
1_F1: 0.9150, 0_F1: 0.9140, accuracy: 0.9145, average_F1: 0.9145, loss: 0.2207 ||:  77%|#######6  | 63/82 [00:17<00:04,  3.93it/s]
1_F1: 0.9155, 0_F1: 0.9162, accuracy: 0.9159, average_F1: 0.9158, loss: 0.2193 ||:  78%|#######8  | 64/82 [00:17<00:04,  3.78it/s]
1_F1: 0.9159, 0_F1: 0.9164, accuracy: 0.9162, average_F1: 0.9162, loss: 0.2189 ||:  79%|#######9  | 65/82 [00:17<00:04,  3.54it/s]
1_F1: 0.9171, 0_F1: 0.9178, accuracy: 0.9175, average_F1: 0.9175, loss: 0.2174 ||:  80%|########  | 66/82 [00:18<00:04,  3.48it/s]
1_F1: 0.9164, 0_F1: 0.9172, accuracy: 0.9168, average_F1: 0.9168, loss: 0.2196 ||:  82%|########1 | 67/82 [00:18<00:04,  3.46it/s]
1_F1: 0.9160, 0_F1: 0.9182, accuracy: 0.9171, average_F1: 0.9171, loss: 0.2213 ||:  83%|########2 | 68/82 [00:18<00:04,  3.33it/s]
1_F1: 0.9170, 0_F1: 0.9178, accuracy: 0.9174, average_F1: 0.9174, loss: 0.2199 ||:  84%|########4 | 69/82 [00:19<00:03,  3.26it/s]
1_F1: 0.9184, 0_F1: 0.9188, accuracy: 0.9186, average_F1: 0.9186, loss: 0.2179 ||:  85%|########5 | 70/82 [00:19<00:03,  3.38it/s]
1_F1: 0.9171, 0_F1: 0.9171, accuracy: 0.9171, average_F1: 0.9171, loss: 0.2190 ||:  87%|########6 | 71/82 [00:19<00:03,  3.54it/s]
1_F1: 0.9160, 0_F1: 0.9153, accuracy: 0.9157, average_F1: 0.9157, loss: 0.2200 ||:  88%|########7 | 72/82 [00:20<00:02,  3.42it/s]
1_F1: 0.9167, 0_F1: 0.9152, accuracy: 0.9160, average_F1: 0.9159, loss: 0.2186 ||:  89%|########9 | 73/82 [00:20<00:02,  3.29it/s]
1_F1: 0.9165, 0_F1: 0.9142, accuracy: 0.9154, average_F1: 0.9154, loss: 0.2226 ||:  90%|######### | 74/82 [00:20<00:02,  3.35it/s]
1_F1: 0.9173, 0_F1: 0.9140, accuracy: 0.9157, average_F1: 0.9157, loss: 0.2219 ||:  91%|#########1| 75/82 [00:20<00:02,  3.27it/s]
1_F1: 0.9169, 0_F1: 0.9134, accuracy: 0.9152, average_F1: 0.9151, loss: 0.2221 ||:  93%|#########2| 76/82 [00:21<00:01,  3.24it/s]
1_F1: 0.9171, 0_F1: 0.9138, accuracy: 0.9154, average_F1: 0.9154, loss: 0.2224 ||:  94%|#########3| 77/82 [00:21<00:01,  3.23it/s]
1_F1: 0.9173, 0_F1: 0.9141, accuracy: 0.9157, average_F1: 0.9157, loss: 0.2211 ||:  95%|#########5| 78/82 [00:21<00:01,  3.24it/s]
1_F1: 0.9149, 0_F1: 0.9123, accuracy: 0.9136, average_F1: 0.9136, loss: 0.2266 ||:  96%|#########6| 79/82 [00:22<00:00,  3.15it/s]
1_F1: 0.9153, 0_F1: 0.9126, accuracy: 0.9139, average_F1: 0.9139, loss: 0.2257 ||:  98%|#########7| 80/82 [00:22<00:00,  3.32it/s]
1_F1: 0.9158, 0_F1: 0.9142, accuracy: 0.9150, average_F1: 0.9150, loss: 0.2238 ||:  99%|#########8| 81/82 [00:22<00:00,  3.42it/s]
1_F1: 0.9169, 0_F1: 0.9151, accuracy: 0.9160, average_F1: 0.9160, loss: 0.2217 ||: 100%|##########| 82/82 [00:23<00:00,  3.34it/s]
1_F1: 0.9169, 0_F1: 0.9151, accuracy: 0.9160, average_F1: 0.9160, loss: 0.2217 ||: 100%|##########| 82/82 [00:23<00:00,  3.55it/s]

  0%|          | 0/11 [00:00<?, ?it/s]
1_F1: 0.8889, 0_F1: 0.8571, accuracy: 0.8750, average_F1: 0.8730, loss: 0.4218 ||:  18%|#8        | 2/11 [00:00<00:00, 13.12it/s]
1_F1: 0.8649, 0_F1: 0.8148, accuracy: 0.8438, average_F1: 0.8398, loss: 0.4612 ||:  36%|###6      | 4/11 [00:00<00:00, 13.15it/s]
1_F1: 0.8776, 0_F1: 0.8723, accuracy: 0.8750, average_F1: 0.8749, loss: 0.3583 ||:  55%|#####4    | 6/11 [00:00<00:00, 12.82it/s]
1_F1: 0.8923, 0_F1: 0.8889, accuracy: 0.8906, average_F1: 0.8906, loss: 0.3310 ||:  73%|#######2  | 8/11 [00:00<00:00, 12.22it/s]
1_F1: 0.8873, 0_F1: 0.8904, accuracy: 0.8889, average_F1: 0.8889, loss: 0.3133 ||:  82%|########1 | 9/11 [00:00<00:00, 10.98it/s]
1_F1: 0.8944, 0_F1: 0.8931, accuracy: 0.8938, average_F1: 0.8937, loss: 0.3152 ||:  91%|######### | 10/11 [00:00<00:00,  9.97it/s]
1_F1: 0.8944, 0_F1: 0.8957, accuracy: 0.8951, average_F1: 0.8951, loss: 0.3019 ||: 100%|##########| 11/11 [00:00<00:00, 12.04it/s]

  0%|          | 0/82 [00:00<?, ?it/s]
1_F1: 0.9474, 0_F1: 0.9231, accuracy: 0.9375, average_F1: 0.9352, loss: 0.2030 ||:   1%|1         | 1/82 [00:00<00:23,  3.47it/s]
1_F1: 0.9730, 0_F1: 0.9630, accuracy: 0.9688, average_F1: 0.9680, loss: 0.1624 ||:   2%|2         | 2/82 [00:00<00:23,  3.46it/s]
1_F1: 0.9583, 0_F1: 0.9583, accuracy: 0.9583, average_F1: 0.9583, loss: 0.1832 ||:   4%|3         | 3/82 [00:00<00:22,  3.52it/s]
1_F1: 0.9524, 0_F1: 0.9538, accuracy: 0.9531, average_F1: 0.9531, loss: 0.1835 ||:   5%|4         | 4/82 [00:01<00:21,  3.57it/s]
1_F1: 0.9535, 0_F1: 0.9459, accuracy: 0.9500, average_F1: 0.9497, loss: 0.1874 ||:   6%|6         | 5/82 [00:01<00:21,  3.63it/s]
1_F1: 0.9524, 0_F1: 0.9425, accuracy: 0.9479, average_F1: 0.9475, loss: 0.1940 ||:   7%|7         | 6/82 [00:01<00:21,  3.55it/s]
1_F1: 0.9500, 0_F1: 0.9423, accuracy: 0.9464, average_F1: 0.9462, loss: 0.1846 ||:   9%|8         | 7/82 [00:01<00:21,  3.46it/s]
1_F1: 0.9489, 0_F1: 0.9412, accuracy: 0.9453, average_F1: 0.9450, loss: 0.1973 ||:  10%|9         | 8/82 [00:02<00:18,  3.92it/s]
1_F1: 0.9481, 0_F1: 0.9403, accuracy: 0.9444, average_F1: 0.9442, loss: 0.1993 ||:  11%|#         | 9/82 [00:02<00:18,  3.95it/s]
1_F1: 0.9551, 0_F1: 0.9437, accuracy: 0.9500, average_F1: 0.9494, loss: 0.1885 ||:  12%|#2        | 10/82 [00:02<00:17,  4.08it/s]
1_F1: 0.9557, 0_F1: 0.9396, accuracy: 0.9489, average_F1: 0.9476, loss: 0.1915 ||:  13%|#3        | 11/82 [00:02<00:16,  4.41it/s]
1_F1: 0.9585, 0_F1: 0.9461, accuracy: 0.9531, average_F1: 0.9523, loss: 0.1821 ||:  15%|#4        | 12/82 [00:03<00:17,  4.06it/s]
1_F1: 0.9607, 0_F1: 0.9519, accuracy: 0.9567, average_F1: 0.9563, loss: 0.1751 ||:  16%|#5        | 13/82 [00:03<00:17,  3.85it/s]
1_F1: 0.9600, 0_F1: 0.9495, accuracy: 0.9554, average_F1: 0.9547, loss: 0.1749 ||:  17%|#7        | 14/82 [00:03<00:16,  4.00it/s]
1_F1: 0.9597, 0_F1: 0.9469, accuracy: 0.9542, average_F1: 0.9533, loss: 0.1751 ||:  18%|#8        | 15/82 [00:03<00:18,  3.68it/s]
1_F1: 0.9627, 0_F1: 0.9493, accuracy: 0.9570, average_F1: 0.9560, loss: 0.1693 ||:  20%|#9        | 16/82 [00:04<00:19,  3.47it/s]
1_F1: 0.9579, 0_F1: 0.9447, accuracy: 0.9522, average_F1: 0.9513, loss: 0.1713 ||:  21%|##        | 17/82 [00:04<00:19,  3.38it/s]
1_F1: 0.9607, 0_F1: 0.9469, accuracy: 0.9549, average_F1: 0.9538, loss: 0.1653 ||:  22%|##1       | 18/82 [00:04<00:19,  3.32it/s]
1_F1: 0.9595, 0_F1: 0.9466, accuracy: 0.9539, average_F1: 0.9531, loss: 0.1672 ||:  23%|##3       | 19/82 [00:05<00:18,  3.34it/s]
1_F1: 0.9582, 0_F1: 0.9466, accuracy: 0.9531, average_F1: 0.9524, loss: 0.1664 ||:  24%|##4       | 20/82 [00:05<00:17,  3.58it/s]
1_F1: 0.9604, 0_F1: 0.9488, accuracy: 0.9554, average_F1: 0.9546, loss: 0.1624 ||:  26%|##5       | 21/82 [00:05<00:16,  3.68it/s]
1_F1: 0.9570, 0_F1: 0.9450, accuracy: 0.9517, average_F1: 0.9510, loss: 0.1648 ||:  27%|##6       | 22/82 [00:05<00:15,  3.87it/s]
1_F1: 0.9557, 0_F1: 0.9455, accuracy: 0.9511, average_F1: 0.9506, loss: 0.1654 ||:  28%|##8       | 23/82 [00:06<00:15,  3.89it/s]
1_F1: 0.9577, 0_F1: 0.9474, accuracy: 0.9531, average_F1: 0.9526, loss: 0.1654 ||:  29%|##9       | 24/82 [00:06<00:13,  4.14it/s]
1_F1: 0.9595, 0_F1: 0.9494, accuracy: 0.9550, average_F1: 0.9544, loss: 0.1624 ||:  30%|###       | 25/82 [00:06<00:14,  3.84it/s]
1_F1: 0.9590, 0_F1: 0.9485, accuracy: 0.9543, average_F1: 0.9537, loss: 0.1634 ||:  32%|###1      | 26/82 [00:06<00:14,  3.84it/s]
1_F1: 0.9605, 0_F1: 0.9504, accuracy: 0.9560, average_F1: 0.9554, loss: 0.1631 ||:  33%|###2      | 27/82 [00:07<00:14,  3.90it/s]
1_F1: 0.9598, 0_F1: 0.9497, accuracy: 0.9554, average_F1: 0.9548, loss: 0.1632 ||:  34%|###4      | 28/82 [00:07<00:14,  3.62it/s]
1_F1: 0.9586, 0_F1: 0.9501, accuracy: 0.9547, average_F1: 0.9543, loss: 0.1632 ||:  35%|###5      | 29/82 [00:07<00:15,  3.48it/s]
1_F1: 0.9580, 0_F1: 0.9495, accuracy: 0.9542, average_F1: 0.9538, loss: 0.1654 ||:  37%|###6      | 30/82 [00:08<00:15,  3.45it/s]
1_F1: 0.9545, 0_F1: 0.9483, accuracy: 0.9516, average_F1: 0.9514, loss: 0.1678 ||:  38%|###7      | 31/82 [00:08<00:15,  3.20it/s]
1_F1: 0.9559, 0_F1: 0.9500, accuracy: 0.9531, average_F1: 0.9529, loss: 0.1645 ||:  39%|###9      | 32/82 [00:08<00:14,  3.43it/s]
1_F1: 0.9571, 0_F1: 0.9516, accuracy: 0.9545, average_F1: 0.9544, loss: 0.1648 ||:  40%|####      | 33/82 [00:09<00:14,  3.42it/s]
1_F1: 0.9567, 0_F1: 0.9511, accuracy: 0.9540, average_F1: 0.9539, loss: 0.1688 ||:  41%|####1     | 34/82 [00:09<00:14,  3.40it/s]
1_F1: 0.9543, 0_F1: 0.9490, accuracy: 0.9518, average_F1: 0.9516, loss: 0.1698 ||:  43%|####2     | 35/82 [00:09<00:13,  3.43it/s]
1_F1: 0.9554, 0_F1: 0.9506, accuracy: 0.9531, average_F1: 0.9530, loss: 0.1676 ||:  44%|####3     | 36/82 [00:09<00:12,  3.60it/s]
1_F1: 0.9560, 0_F1: 0.9524, accuracy: 0.9542, average_F1: 0.9542, loss: 0.1655 ||:  45%|####5     | 37/82 [00:10<00:13,  3.30it/s]
1_F1: 0.9572, 0_F1: 0.9535, accuracy: 0.9554, average_F1: 0.9554, loss: 0.1633 ||:  46%|####6     | 38/82 [00:10<00:13,  3.20it/s]
1_F1: 0.9584, 0_F1: 0.9546, accuracy: 0.9566, average_F1: 0.9565, loss: 0.1612 ||:  48%|####7     | 39/82 [00:10<00:12,  3.33it/s]
1_F1: 0.9595, 0_F1: 0.9557, accuracy: 0.9577, average_F1: 0.9576, loss: 0.1591 ||:  49%|####8     | 40/82 [00:11<00:12,  3.43it/s]
1_F1: 0.9606, 0_F1: 0.9567, accuracy: 0.9587, average_F1: 0.9586, loss: 0.1594 ||:  50%|#####     | 41/82 [00:11<00:12,  3.23it/s]
1_F1: 0.9615, 0_F1: 0.9577, accuracy: 0.9597, average_F1: 0.9596, loss: 0.1585 ||:  51%|#####1    | 42/82 [00:11<00:12,  3.25it/s]
1_F1: 0.9622, 0_F1: 0.9589, accuracy: 0.9606, average_F1: 0.9606, loss: 0.1577 ||:  52%|#####2    | 43/82 [00:11<00:10,  3.55it/s]
1_F1: 0.9629, 0_F1: 0.9601, accuracy: 0.9615, average_F1: 0.9615, loss: 0.1547 ||:  54%|#####3    | 44/82 [00:12<00:10,  3.65it/s]
1_F1: 0.9621, 0_F1: 0.9599, accuracy: 0.9610, average_F1: 0.9610, loss: 0.1563 ||:  55%|#####4    | 45/82 [00:12<00:10,  3.58it/s]
1_F1: 0.9599, 0_F1: 0.9583, accuracy: 0.9591, average_F1: 0.9591, loss: 0.1595 ||:  56%|#####6    | 46/82 [00:12<00:09,  3.64it/s]
1_F1: 0.9593, 0_F1: 0.9581, accuracy: 0.9587, average_F1: 0.9587, loss: 0.1628 ||:  57%|#####7    | 47/82 [00:13<00:09,  3.78it/s]
1_F1: 0.9551, 0_F1: 0.9535, accuracy: 0.9543, average_F1: 0.9543, loss: 0.1699 ||:  59%|#####8    | 48/82 [00:13<00:08,  3.89it/s]
1_F1: 0.9547, 0_F1: 0.9532, accuracy: 0.9540, average_F1: 0.9540, loss: 0.1689 ||:  60%|#####9    | 49/82 [00:13<00:08,  3.88it/s]
1_F1: 0.9552, 0_F1: 0.9545, accuracy: 0.9549, average_F1: 0.9549, loss: 0.1667 ||:  61%|######    | 50/82 [00:13<00:08,  3.90it/s]
1_F1: 0.9554, 0_F1: 0.9537, accuracy: 0.9545, average_F1: 0.9545, loss: 0.1667 ||:  62%|######2   | 51/82 [00:13<00:07,  4.18it/s]
1_F1: 0.9563, 0_F1: 0.9545, accuracy: 0.9554, average_F1: 0.9554, loss: 0.1652 ||:  63%|######3   | 52/82 [00:14<00:07,  3.83it/s]
1_F1: 0.9560, 0_F1: 0.9541, accuracy: 0.9551, average_F1: 0.9551, loss: 0.1688 ||:  65%|######4   | 53/82 [00:14<00:07,  4.08it/s]
1_F1: 0.9556, 0_F1: 0.9538, accuracy: 0.9548, average_F1: 0.9547, loss: 0.1681 ||:  66%|######5   | 54/82 [00:15<00:09,  2.83it/s]
1_F1: 0.9560, 0_F1: 0.9551, accuracy: 0.9556, average_F1: 0.9556, loss: 0.1665 ||:  67%|######7   | 55/82 [00:15<00:09,  2.95it/s]
1_F1: 0.9558, 0_F1: 0.9548, accuracy: 0.9553, average_F1: 0.9553, loss: 0.1659 ||:  68%|######8   | 56/82 [00:15<00:08,  3.15it/s]
1_F1: 0.9538, 0_F1: 0.9516, accuracy: 0.9527, average_F1: 0.9527, loss: 0.1695 ||:  70%|######9   | 57/82 [00:15<00:06,  3.59it/s]
1_F1: 0.9532, 0_F1: 0.9518, accuracy: 0.9525, average_F1: 0.9525, loss: 0.1699 ||:  71%|#######   | 58/82 [00:16<00:06,  3.55it/s]
1_F1: 0.9530, 0_F1: 0.9515, accuracy: 0.9522, average_F1: 0.9522, loss: 0.1725 ||:  72%|#######1  | 59/82 [00:16<00:06,  3.47it/s]
1_F1: 0.9518, 0_F1: 0.9501, accuracy: 0.9509, average_F1: 0.9509, loss: 0.1753 ||:  73%|#######3  | 60/82 [00:16<00:06,  3.57it/s]
1_F1: 0.9506, 0_F1: 0.9488, accuracy: 0.9497, average_F1: 0.9497, loss: 0.1766 ||:  74%|#######4  | 61/82 [00:17<00:06,  3.48it/s]
1_F1: 0.9518, 0_F1: 0.9491, accuracy: 0.9505, average_F1: 0.9505, loss: 0.1755 ||:  76%|#######5  | 62/82 [00:17<00:05,  3.61it/s]
1_F1: 0.9514, 0_F1: 0.9492, accuracy: 0.9503, average_F1: 0.9503, loss: 0.1750 ||:  77%|#######6  | 63/82 [00:17<00:05,  3.43it/s]
1_F1: 0.9511, 0_F1: 0.9491, accuracy: 0.9501, average_F1: 0.9501, loss: 0.1750 ||:  78%|#######8  | 64/82 [00:17<00:05,  3.48it/s]
1_F1: 0.9508, 0_F1: 0.9490, accuracy: 0.9499, average_F1: 0.9499, loss: 0.1749 ||:  79%|#######9  | 65/82 [00:18<00:04,  3.70it/s]
1_F1: 0.9508, 0_F1: 0.9486, accuracy: 0.9497, average_F1: 0.9497, loss: 0.1757 ||:  80%|########  | 66/82 [00:18<00:04,  3.48it/s]
1_F1: 0.9497, 0_F1: 0.9475, accuracy: 0.9486, average_F1: 0.9486, loss: 0.1758 ||:  82%|########1 | 67/82 [00:18<00:04,  3.32it/s]
1_F1: 0.9505, 0_F1: 0.9482, accuracy: 0.9494, average_F1: 0.9493, loss: 0.1748 ||:  83%|########2 | 68/82 [00:19<00:04,  3.33it/s]
1_F1: 0.9501, 0_F1: 0.9482, accuracy: 0.9492, average_F1: 0.9492, loss: 0.1736 ||:  84%|########4 | 69/82 [00:19<00:03,  3.38it/s]
1_F1: 0.9487, 0_F1: 0.9476, accuracy: 0.9481, average_F1: 0.9481, loss: 0.1756 ||:  85%|########5 | 70/82 [00:19<00:03,  3.54it/s]
1_F1: 0.9469, 0_F1: 0.9455, accuracy: 0.9462, average_F1: 0.9462, loss: 0.1790 ||:  87%|########6 | 71/82 [00:19<00:02,  3.78it/s]
1_F1: 0.9467, 0_F1: 0.9454, accuracy: 0.9461, average_F1: 0.9461, loss: 0.1801 ||:  88%|########7 | 72/82 [00:20<00:02,  3.72it/s]
1_F1: 0.9473, 0_F1: 0.9464, accuracy: 0.9468, average_F1: 0.9468, loss: 0.1796 ||:  89%|########9 | 73/82 [00:20<00:02,  3.73it/s]
1_F1: 0.9478, 0_F1: 0.9473, accuracy: 0.9475, average_F1: 0.9475, loss: 0.1797 ||:  90%|######### | 74/82 [00:20<00:02,  3.48it/s]
1_F1: 0.9475, 0_F1: 0.9474, accuracy: 0.9474, average_F1: 0.9474, loss: 0.1787 ||:  91%|#########1| 75/82 [00:21<00:02,  3.29it/s]
1_F1: 0.9480, 0_F1: 0.9482, accuracy: 0.9481, average_F1: 0.9481, loss: 0.1772 ||:  93%|#########2| 76/82 [00:21<00:01,  3.19it/s]
1_F1: 0.9470, 0_F1: 0.9473, accuracy: 0.9472, average_F1: 0.9472, loss: 0.1777 ||:  94%|#########3| 77/82 [00:21<00:01,  3.16it/s]
1_F1: 0.9472, 0_F1: 0.9469, accuracy: 0.9470, average_F1: 0.9470, loss: 0.1784 ||:  95%|#########5| 78/82 [00:21<00:01,  3.40it/s]
1_F1: 0.9452, 0_F1: 0.9455, accuracy: 0.9453, average_F1: 0.9453, loss: 0.1790 ||:  96%|#########6| 79/82 [00:22<00:00,  3.56it/s]
1_F1: 0.9460, 0_F1: 0.9461, accuracy: 0.9460, average_F1: 0.9460, loss: 0.1772 ||:  98%|#########7| 80/82 [00:22<00:00,  3.51it/s]
1_F1: 0.9452, 0_F1: 0.9451, accuracy: 0.9451, average_F1: 0.9451, loss: 0.1795 ||:  99%|#########8| 81/82 [00:22<00:00,  3.47it/s]
1_F1: 0.9452, 0_F1: 0.9449, accuracy: 0.9450, average_F1: 0.9450, loss: 0.1788 ||: 100%|##########| 82/82 [00:23<00:00,  3.61it/s]
1_F1: 0.9452, 0_F1: 0.9449, accuracy: 0.9450, average_F1: 0.9450, loss: 0.1788 ||: 100%|##########| 82/82 [00:23<00:00,  3.56it/s]

  0%|          | 0/11 [00:00<?, ?it/s]
1_F1: 0.8571, 0_F1: 0.8276, accuracy: 0.8438, average_F1: 0.8424, loss: 0.4112 ||:  18%|#8        | 2/11 [00:00<00:00, 13.31it/s]
1_F1: 0.8649, 0_F1: 0.8148, accuracy: 0.8438, average_F1: 0.8398, loss: 0.4665 ||:  36%|###6      | 4/11 [00:00<00:00, 13.30it/s]
1_F1: 0.8704, 0_F1: 0.8333, accuracy: 0.8542, average_F1: 0.8519, loss: 0.3733 ||:  55%|#####4    | 6/11 [00:00<00:00, 12.58it/s]
1_F1: 0.8788, 0_F1: 0.8710, accuracy: 0.8750, average_F1: 0.8749, loss: 0.3293 ||:  73%|#######2  | 8/11 [00:00<00:00, 11.60it/s]
1_F1: 0.8784, 0_F1: 0.8714, accuracy: 0.8750, average_F1: 0.8749, loss: 0.3177 ||:  82%|########1 | 9/11 [00:00<00:00, 10.64it/s]
1_F1: 0.8834, 0_F1: 0.8790, accuracy: 0.8812, average_F1: 0.8812, loss: 0.3134 ||:  91%|######### | 10/11 [00:00<00:00, 10.10it/s]
1_F1: 0.8848, 0_F1: 0.8805, accuracy: 0.8827, average_F1: 0.8827, loss: 0.2986 ||: 100%|##########| 11/11 [00:00<00:00, 11.76it/s]

  0%|          | 0/82 [00:00<?, ?it/s]
1_F1: 1.0000, 0_F1: 1.0000, accuracy: 1.0000, average_F1: 1.0000, loss: 0.0666 ||:   1%|1         | 1/82 [00:00<00:28,  2.85it/s]
1_F1: 0.9500, 0_F1: 0.9167, accuracy: 0.9375, average_F1: 0.9333, loss: 0.1711 ||:   2%|2         | 2/82 [00:00<00:25,  3.13it/s]
1_F1: 0.9643, 0_F1: 0.9500, accuracy: 0.9583, average_F1: 0.9571, loss: 0.1350 ||:   4%|3         | 3/82 [00:00<00:23,  3.33it/s]
1_F1: 0.9444, 0_F1: 0.9286, accuracy: 0.9375, average_F1: 0.9365, loss: 0.1726 ||:   5%|4         | 4/82 [00:01<00:22,  3.43it/s]
1_F1: 0.9545, 0_F1: 0.9444, accuracy: 0.9500, average_F1: 0.9495, loss: 0.1530 ||:   6%|6         | 5/82 [00:01<00:22,  3.42it/s]
1_F1: 0.9583, 0_F1: 0.9565, accuracy: 0.9574, average_F1: 0.9574, loss: 0.1333 ||:   7%|7         | 6/82 [00:01<00:23,  3.21it/s]
1_F1: 0.9661, 0_F1: 0.9608, accuracy: 0.9636, average_F1: 0.9634, loss: 0.1326 ||:   9%|8         | 7/82 [00:02<00:22,  3.39it/s]
1_F1: 0.9624, 0_F1: 0.9580, accuracy: 0.9603, average_F1: 0.9602, loss: 0.1335 ||:  10%|9         | 8/82 [00:02<00:21,  3.48it/s]
1_F1: 0.9660, 0_F1: 0.9635, accuracy: 0.9648, average_F1: 0.9647, loss: 0.1259 ||:  11%|#         | 9/82 [00:02<00:20,  3.63it/s]
1_F1: 0.9630, 0_F1: 0.9610, accuracy: 0.9620, average_F1: 0.9620, loss: 0.1366 ||:  12%|#2        | 10/82 [00:02<00:20,  3.50it/s]
1_F1: 0.9591, 0_F1: 0.9605, accuracy: 0.9598, average_F1: 0.9598, loss: 0.1372 ||:  13%|#3        | 11/82 [00:03<00:20,  3.40it/s]
1_F1: 0.9617, 0_F1: 0.9645, accuracy: 0.9632, average_F1: 0.9631, loss: 0.1330 ||:  15%|#4        | 12/82 [00:03<00:20,  3.34it/s]
1_F1: 0.9641, 0_F1: 0.9677, accuracy: 0.9660, average_F1: 0.9659, loss: 0.1272 ||:  16%|#5        | 13/82 [00:03<00:20,  3.31it/s]
1_F1: 0.9671, 0_F1: 0.9697, accuracy: 0.9685, average_F1: 0.9684, loss: 0.1246 ||:  17%|#7        | 14/82 [00:04<00:19,  3.41it/s]
1_F1: 0.9604, 0_F1: 0.9639, accuracy: 0.9622, average_F1: 0.9621, loss: 0.1341 ||:  18%|#8        | 15/82 [00:04<00:18,  3.62it/s]
1_F1: 0.9639, 0_F1: 0.9653, accuracy: 0.9646, average_F1: 0.9646, loss: 0.1293 ||:  20%|#9        | 16/82 [00:04<00:19,  3.44it/s]
1_F1: 0.9635, 0_F1: 0.9624, accuracy: 0.9630, average_F1: 0.9630, loss: 0.1305 ||:  21%|##        | 17/82 [00:04<00:18,  3.58it/s]
1_F1: 0.9667, 0_F1: 0.9632, accuracy: 0.9650, average_F1: 0.9650, loss: 0.1258 ||:  22%|##1       | 18/82 [00:05<00:17,  3.67it/s]
1_F1: 0.9686, 0_F1: 0.9650, accuracy: 0.9669, average_F1: 0.9668, loss: 0.1248 ||:  23%|##3       | 19/82 [00:05<00:17,  3.60it/s]
1_F1: 0.9672, 0_F1: 0.9635, accuracy: 0.9654, average_F1: 0.9653, loss: 0.1259 ||:  24%|##4       | 20/82 [00:05<00:16,  3.81it/s]
1_F1: 0.9657, 0_F1: 0.9623, accuracy: 0.9641, average_F1: 0.9640, loss: 0.1276 ||:  26%|##5       | 21/82 [00:05<00:15,  3.89it/s]
1_F1: 0.9676, 0_F1: 0.9636, accuracy: 0.9657, average_F1: 0.9656, loss: 0.1241 ||:  27%|##6       | 22/82 [00:06<00:16,  3.58it/s]
1_F1: 0.9683, 0_F1: 0.9661, accuracy: 0.9672, average_F1: 0.9672, loss: 0.1217 ||:  28%|##8       | 23/82 [00:06<00:17,  3.36it/s]
1_F1: 0.9662, 0_F1: 0.9657, accuracy: 0.9660, average_F1: 0.9660, loss: 0.1228 ||:  29%|##9       | 24/82 [00:06<00:18,  3.09it/s]
1_F1: 0.9674, 0_F1: 0.9673, accuracy: 0.9673, average_F1: 0.9673, loss: 0.1213 ||:  30%|###       | 25/82 [00:07<00:17,  3.17it/s]
1_F1: 0.9685, 0_F1: 0.9687, accuracy: 0.9686, average_F1: 0.9686, loss: 0.1184 ||:  32%|###1      | 26/82 [00:07<00:17,  3.24it/s]
1_F1: 0.9642, 0_F1: 0.9660, accuracy: 0.9651, average_F1: 0.9651, loss: 0.1244 ||:  33%|###2      | 27/82 [00:07<00:16,  3.28it/s]
1_F1: 0.9606, 0_F1: 0.9631, accuracy: 0.9619, average_F1: 0.9618, loss: 0.1270 ||:  34%|###4      | 28/82 [00:08<00:16,  3.21it/s]
1_F1: 0.9618, 0_F1: 0.9645, accuracy: 0.9632, average_F1: 0.9632, loss: 0.1261 ||:  35%|###5      | 29/82 [00:08<00:16,  3.19it/s]
1_F1: 0.9607, 0_F1: 0.9639, accuracy: 0.9623, average_F1: 0.9623, loss: 0.1292 ||:  37%|###6      | 30/82 [00:08<00:16,  3.17it/s]
1_F1: 0.9617, 0_F1: 0.9653, accuracy: 0.9636, average_F1: 0.9635, loss: 0.1289 ||:  38%|###7      | 31/82 [00:09<00:15,  3.35it/s]
1_F1: 0.9634, 0_F1: 0.9659, accuracy: 0.9647, average_F1: 0.9647, loss: 0.1293 ||:  39%|###9      | 32/82 [00:09<00:15,  3.31it/s]
1_F1: 0.9628, 0_F1: 0.9649, accuracy: 0.9639, average_F1: 0.9638, loss: 0.1302 ||:  40%|####      | 33/82 [00:09<00:12,  3.83it/s]
1_F1: 0.9623, 0_F1: 0.9639, accuracy: 0.9631, average_F1: 0.9631, loss: 0.1297 ||:  41%|####1     | 34/82 [00:09<00:13,  3.58it/s]
1_F1: 0.9635, 0_F1: 0.9648, accuracy: 0.9642, average_F1: 0.9641, loss: 0.1291 ||:  43%|####2     | 35/82 [00:10<00:12,  3.64it/s]
1_F1: 0.9610, 0_F1: 0.9623, accuracy: 0.9617, average_F1: 0.9617, loss: 0.1354 ||:  44%|####3     | 36/82 [00:10<00:12,  3.72it/s]
1_F1: 0.9621, 0_F1: 0.9633, accuracy: 0.9627, average_F1: 0.9627, loss: 0.1329 ||:  45%|####5     | 37/82 [00:10<00:13,  3.41it/s]
1_F1: 0.9627, 0_F1: 0.9646, accuracy: 0.9637, average_F1: 0.9637, loss: 0.1314 ||:  46%|####6     | 38/82 [00:11<00:12,  3.43it/s]
1_F1: 0.9607, 0_F1: 0.9621, accuracy: 0.9614, average_F1: 0.9614, loss: 0.1319 ||:  48%|####7     | 39/82 [00:11<00:11,  3.62it/s]
1_F1: 0.9610, 0_F1: 0.9636, accuracy: 0.9624, average_F1: 0.9623, loss: 0.1291 ||:  49%|####8     | 40/82 [00:11<00:12,  3.28it/s]
1_F1: 0.9618, 0_F1: 0.9647, accuracy: 0.9633, average_F1: 0.9632, loss: 0.1269 ||:  50%|#####     | 41/82 [00:11<00:11,  3.43it/s]
1_F1: 0.9610, 0_F1: 0.9642, accuracy: 0.9627, average_F1: 0.9626, loss: 0.1262 ||:  51%|#####1    | 42/82 [00:12<00:11,  3.42it/s]
1_F1: 0.9621, 0_F1: 0.9649, accuracy: 0.9636, average_F1: 0.9635, loss: 0.1247 ||:  52%|#####2    | 43/82 [00:12<00:11,  3.35it/s]
1_F1: 0.9629, 0_F1: 0.9658, accuracy: 0.9644, average_F1: 0.9643, loss: 0.1251 ||:  54%|#####3    | 44/82 [00:12<00:10,  3.60it/s]
1_F1: 0.9623, 0_F1: 0.9651, accuracy: 0.9638, average_F1: 0.9637, loss: 0.1253 ||:  55%|#####4    | 45/82 [00:12<00:10,  3.69it/s]
1_F1: 0.9633, 0_F1: 0.9658, accuracy: 0.9646, average_F1: 0.9645, loss: 0.1239 ||:  56%|#####6    | 46/82 [00:13<00:10,  3.52it/s]
1_F1: 0.9644, 0_F1: 0.9662, accuracy: 0.9653, average_F1: 0.9653, loss: 0.1228 ||:  57%|#####7    | 47/82 [00:13<00:10,  3.44it/s]
1_F1: 0.9640, 0_F1: 0.9655, accuracy: 0.9648, average_F1: 0.9647, loss: 0.1230 ||:  59%|#####8    | 48/82 [00:13<00:09,  3.68it/s]
1_F1: 0.9634, 0_F1: 0.9649, accuracy: 0.9642, average_F1: 0.9642, loss: 0.1254 ||:  60%|#####9    | 49/82 [00:14<00:09,  3.55it/s]
1_F1: 0.9626, 0_F1: 0.9647, accuracy: 0.9637, average_F1: 0.9636, loss: 0.1268 ||:  61%|######    | 50/82 [00:14<00:08,  3.59it/s]
1_F1: 0.9620, 0_F1: 0.9642, accuracy: 0.9631, average_F1: 0.9631, loss: 0.1264 ||:  62%|######2   | 51/82 [00:14<00:08,  3.69it/s]
1_F1: 0.9603, 0_F1: 0.9625, accuracy: 0.9614, average_F1: 0.9614, loss: 0.1280 ||:  63%|######3   | 52/82 [00:14<00:08,  3.58it/s]
1_F1: 0.9587, 0_F1: 0.9608, accuracy: 0.9598, average_F1: 0.9598, loss: 0.1334 ||:  65%|######4   | 53/82 [00:15<00:07,  3.87it/s]
1_F1: 0.9596, 0_F1: 0.9615, accuracy: 0.9606, average_F1: 0.9605, loss: 0.1319 ||:  66%|######5   | 54/82 [00:15<00:07,  3.61it/s]
1_F1: 0.9605, 0_F1: 0.9621, accuracy: 0.9613, average_F1: 0.9613, loss: 0.1308 ||:  67%|######7   | 55/82 [00:15<00:07,  3.74it/s]
1_F1: 0.9615, 0_F1: 0.9625, accuracy: 0.9620, average_F1: 0.9620, loss: 0.1299 ||:  68%|######8   | 56/82 [00:16<00:07,  3.62it/s]
1_F1: 0.9621, 0_F1: 0.9631, accuracy: 0.9626, average_F1: 0.9626, loss: 0.1292 ||:  70%|######9   | 57/82 [00:16<00:06,  3.84it/s]
1_F1: 0.9606, 0_F1: 0.9616, accuracy: 0.9611, average_F1: 0.9611, loss: 0.1329 ||:  71%|#######   | 58/82 [00:16<00:06,  3.77it/s]
1_F1: 0.9591, 0_F1: 0.9602, accuracy: 0.9597, average_F1: 0.9597, loss: 0.1338 ||:  72%|#######1  | 59/82 [00:16<00:06,  3.72it/s]
1_F1: 0.9588, 0_F1: 0.9598, accuracy: 0.9593, average_F1: 0.9593, loss: 0.1347 ||:  73%|#######3  | 60/82 [00:17<00:05,  3.79it/s]
1_F1: 0.9598, 0_F1: 0.9602, accuracy: 0.9600, average_F1: 0.9600, loss: 0.1333 ||:  74%|#######4  | 61/82 [00:17<00:05,  3.88it/s]
1_F1: 0.9598, 0_F1: 0.9593, accuracy: 0.9596, average_F1: 0.9596, loss: 0.1340 ||:  76%|#######5  | 62/82 [00:17<00:04,  4.26it/s]
1_F1: 0.9595, 0_F1: 0.9590, accuracy: 0.9592, average_F1: 0.9592, loss: 0.1336 ||:  77%|#######6  | 63/82 [00:17<00:04,  4.03it/s]
1_F1: 0.9591, 0_F1: 0.9587, accuracy: 0.9589, average_F1: 0.9589, loss: 0.1333 ||:  78%|#######8  | 64/82 [00:18<00:04,  3.94it/s]
1_F1: 0.9588, 0_F1: 0.9584, accuracy: 0.9586, average_F1: 0.9586, loss: 0.1338 ||:  79%|#######9  | 65/82 [00:18<00:04,  3.93it/s]
1_F1: 0.9573, 0_F1: 0.9573, accuracy: 0.9573, average_F1: 0.9573, loss: 0.1362 ||:  80%|########  | 66/82 [00:18<00:04,  3.99it/s]
1_F1: 0.9579, 0_F1: 0.9580, accuracy: 0.9579, average_F1: 0.9579, loss: 0.1354 ||:  82%|########1 | 67/82 [00:18<00:03,  4.15it/s]
1_F1: 0.9577, 0_F1: 0.9576, accuracy: 0.9576, average_F1: 0.9576, loss: 0.1373 ||:  83%|########2 | 68/82 [00:19<00:03,  4.09it/s]
1_F1: 0.9584, 0_F1: 0.9581, accuracy: 0.9583, average_F1: 0.9583, loss: 0.1363 ||:  84%|########4 | 69/82 [00:19<00:03,  3.70it/s]
1_F1: 0.9592, 0_F1: 0.9585, accuracy: 0.9589, average_F1: 0.9589, loss: 0.1350 ||:  85%|########5 | 70/82 [00:19<00:03,  3.69it/s]
1_F1: 0.9597, 0_F1: 0.9591, accuracy: 0.9594, average_F1: 0.9594, loss: 0.1342 ||:  87%|########6 | 71/82 [00:19<00:02,  3.71it/s]
1_F1: 0.9593, 0_F1: 0.9590, accuracy: 0.9591, average_F1: 0.9591, loss: 0.1363 ||:  88%|########7 | 72/82 [00:20<00:03,  2.78it/s]
1_F1: 0.9592, 0_F1: 0.9585, accuracy: 0.9588, average_F1: 0.9588, loss: 0.1369 ||:  89%|########9 | 73/82 [00:20<00:02,  3.29it/s]
1_F1: 0.9570, 0_F1: 0.9567, accuracy: 0.9569, average_F1: 0.9569, loss: 0.1409 ||:  90%|######### | 74/82 [00:20<00:02,  3.20it/s]
1_F1: 0.9570, 0_F1: 0.9562, accuracy: 0.9566, average_F1: 0.9566, loss: 0.1415 ||:  91%|#########1| 75/82 [00:21<00:02,  3.38it/s]
1_F1: 0.9577, 0_F1: 0.9566, accuracy: 0.9572, average_F1: 0.9572, loss: 0.1404 ||:  93%|#########2| 76/82 [00:21<00:01,  3.27it/s]
1_F1: 0.9582, 0_F1: 0.9572, accuracy: 0.9577, average_F1: 0.9577, loss: 0.1394 ||:  94%|#########3| 77/82 [00:21<00:01,  3.25it/s]
1_F1: 0.9578, 0_F1: 0.9572, accuracy: 0.9575, average_F1: 0.9575, loss: 0.1389 ||:  95%|#########5| 78/82 [00:22<00:01,  3.21it/s]
1_F1: 0.9583, 0_F1: 0.9577, accuracy: 0.9580, average_F1: 0.9580, loss: 0.1377 ||:  96%|#########6| 79/82 [00:22<00:00,  3.24it/s]
1_F1: 0.9564, 0_F1: 0.9560, accuracy: 0.9562, average_F1: 0.9562, loss: 0.1390 ||:  98%|#########7| 80/82 [00:22<00:00,  3.23it/s]
1_F1: 0.9549, 0_F1: 0.9539, accuracy: 0.9544, average_F1: 0.9544, loss: 0.1415 ||:  99%|#########8| 81/82 [00:22<00:00,  3.60it/s]
1_F1: 0.9553, 0_F1: 0.9546, accuracy: 0.9550, average_F1: 0.9550, loss: 0.1406 ||: 100%|##########| 82/82 [00:23<00:00,  3.55it/s]
1_F1: 0.9553, 0_F1: 0.9546, accuracy: 0.9550, average_F1: 0.9550, loss: 0.1406 ||: 100%|##########| 82/82 [00:23<00:00,  3.52it/s]

  0%|          | 0/11 [00:00<?, ?it/s]
1_F1: 0.8333, 0_F1: 0.7857, accuracy: 0.8125, average_F1: 0.8095, loss: 0.5202 ||:  18%|#8        | 2/11 [00:00<00:00, 11.69it/s]
1_F1: 0.8571, 0_F1: 0.8276, accuracy: 0.8438, average_F1: 0.8424, loss: 0.4844 ||:  36%|###6      | 4/11 [00:00<00:00, 12.11it/s]
1_F1: 0.8660, 0_F1: 0.8632, accuracy: 0.8646, average_F1: 0.8646, loss: 0.3887 ||:  55%|#####4    | 6/11 [00:00<00:00, 11.75it/s]
1_F1: 0.8788, 0_F1: 0.8710, accuracy: 0.8750, average_F1: 0.8749, loss: 0.3342 ||:  73%|#######2  | 8/11 [00:00<00:00, 11.31it/s]
1_F1: 0.8889, 0_F1: 0.8889, accuracy: 0.8889, average_F1: 0.8889, loss: 0.3107 ||:  82%|########1 | 9/11 [00:00<00:00, 10.56it/s]
1_F1: 0.8805, 0_F1: 0.8820, accuracy: 0.8812, average_F1: 0.8812, loss: 0.3262 ||:  91%|######### | 10/11 [00:00<00:00, 10.08it/s]
1_F1: 0.8820, 0_F1: 0.8834, accuracy: 0.8827, average_F1: 0.8827, loss: 0.3166 ||: 100%|##########| 11/11 [00:00<00:00, 11.64it/s]

  0%|          | 0/82 [00:00<?, ?it/s]
1_F1: 1.0000, 0_F1: 1.0000, accuracy: 1.0000, average_F1: 1.0000, loss: 0.0654 ||:   1%|1         | 1/82 [00:00<00:27,  2.90it/s]
1_F1: 0.9500, 0_F1: 0.9167, accuracy: 0.9375, average_F1: 0.9333, loss: 0.1300 ||:   2%|2         | 2/82 [00:00<00:25,  3.16it/s]
1_F1: 0.9286, 0_F1: 0.9000, accuracy: 0.9167, average_F1: 0.9143, loss: 0.1657 ||:   4%|3         | 3/82 [00:00<00:22,  3.45it/s]
1_F1: 0.9315, 0_F1: 0.9091, accuracy: 0.9219, average_F1: 0.9203, loss: 0.1530 ||:   5%|4         | 4/82 [00:01<00:21,  3.59it/s]
1_F1: 0.9195, 0_F1: 0.9041, accuracy: 0.9125, average_F1: 0.9118, loss: 0.1826 ||:   6%|6         | 5/82 [00:01<00:20,  3.70it/s]
1_F1: 0.9333, 0_F1: 0.9195, accuracy: 0.9271, average_F1: 0.9264, loss: 0.1655 ||:   7%|7         | 6/82 [00:01<00:20,  3.75it/s]
1_F1: 0.9421, 0_F1: 0.9320, accuracy: 0.9375, average_F1: 0.9371, loss: 0.1596 ||:   9%|8         | 7/82 [00:01<00:17,  4.18it/s]
1_F1: 0.9481, 0_F1: 0.9421, accuracy: 0.9453, average_F1: 0.9451, loss: 0.1457 ||:  10%|9         | 8/82 [00:02<00:19,  3.84it/s]
1_F1: 0.9388, 0_F1: 0.9362, accuracy: 0.9375, average_F1: 0.9375, loss: 0.1429 ||:  11%|#         | 9/82 [00:02<00:21,  3.46it/s]
1_F1: 0.9461, 0_F1: 0.9412, accuracy: 0.9437, average_F1: 0.9436, loss: 0.1357 ||:  12%|#2        | 10/82 [00:02<00:20,  3.50it/s]
1_F1: 0.9519, 0_F1: 0.9455, accuracy: 0.9489, average_F1: 0.9487, loss: 0.1310 ||:  13%|#3        | 11/82 [00:02<00:18,  3.82it/s]
1_F1: 0.9573, 0_F1: 0.9480, accuracy: 0.9531, average_F1: 0.9527, loss: 0.1231 ||:  15%|#4        | 12/82 [00:03<00:19,  3.61it/s]
1_F1: 0.9604, 0_F1: 0.9524, accuracy: 0.9567, average_F1: 0.9564, loss: 0.1190 ||:  16%|#5        | 13/82 [00:03<00:18,  3.64it/s]
1_F1: 0.9627, 0_F1: 0.9565, accuracy: 0.9598, average_F1: 0.9596, loss: 0.1136 ||:  17%|#7        | 14/82 [00:03<00:20,  3.37it/s]
1_F1: 0.9653, 0_F1: 0.9593, accuracy: 0.9625, average_F1: 0.9623, loss: 0.1093 ||:  18%|#8        | 15/82 [00:04<00:19,  3.39it/s]
1_F1: 0.9665, 0_F1: 0.9630, accuracy: 0.9648, average_F1: 0.9648, loss: 0.1045 ||:  20%|#9        | 16/82 [00:04<00:19,  3.41it/s]
1_F1: 0.9643, 0_F1: 0.9621, accuracy: 0.9632, average_F1: 0.9632, loss: 0.1042 ||:  21%|##        | 17/82 [00:04<00:18,  3.45it/s]
1_F1: 0.9658, 0_F1: 0.9648, accuracy: 0.9653, average_F1: 0.9653, loss: 0.1032 ||:  22%|##1       | 18/82 [00:04<00:18,  3.43it/s]
1_F1: 0.9679, 0_F1: 0.9662, accuracy: 0.9671, average_F1: 0.9671, loss: 0.1019 ||:  23%|##3       | 19/82 [00:05<00:17,  3.61it/s]
1_F1: 0.9691, 0_F1: 0.9684, accuracy: 0.9688, average_F1: 0.9687, loss: 0.0997 ||:  24%|##4       | 20/82 [00:05<00:16,  3.68it/s]
1_F1: 0.9704, 0_F1: 0.9701, accuracy: 0.9702, average_F1: 0.9702, loss: 0.0971 ||:  26%|##5       | 21/82 [00:05<00:16,  3.77it/s]
1_F1: 0.9690, 0_F1: 0.9685, accuracy: 0.9688, average_F1: 0.9687, loss: 0.1035 ||:  27%|##6       | 22/82 [00:06<00:15,  3.82it/s]
1_F1: 0.9648, 0_F1: 0.9646, accuracy: 0.9647, average_F1: 0.9647, loss: 0.1052 ||:  28%|##8       | 23/82 [00:06<00:15,  3.69it/s]
1_F1: 0.9637, 0_F1: 0.9634, accuracy: 0.9635, average_F1: 0.9635, loss: 0.1064 ||:  29%|##9       | 24/82 [00:06<00:15,  3.65it/s]
1_F1: 0.9657, 0_F1: 0.9643, accuracy: 0.9650, average_F1: 0.9650, loss: 0.1060 ||:  30%|###       | 25/82 [00:06<00:14,  3.88it/s]
1_F1: 0.9592, 0_F1: 0.9590, accuracy: 0.9591, average_F1: 0.9591, loss: 0.1123 ||:  32%|###1      | 26/82 [00:07<00:16,  3.48it/s]
1_F1: 0.9613, 0_F1: 0.9600, accuracy: 0.9606, average_F1: 0.9606, loss: 0.1114 ||:  33%|###2      | 27/82 [00:07<00:16,  3.36it/s]
1_F1: 0.9623, 0_F1: 0.9618, accuracy: 0.9621, average_F1: 0.9621, loss: 0.1098 ||:  34%|###4      | 28/82 [00:07<00:15,  3.50it/s]
1_F1: 0.9617, 0_F1: 0.9607, accuracy: 0.9612, average_F1: 0.9612, loss: 0.1099 ||:  35%|###5      | 29/82 [00:07<00:13,  3.83it/s]
1_F1: 0.9620, 0_F1: 0.9627, accuracy: 0.9623, average_F1: 0.9623, loss: 0.1073 ||:  37%|###6      | 30/82 [00:08<00:15,  3.43it/s]
1_F1: 0.9611, 0_F1: 0.9619, accuracy: 0.9615, average_F1: 0.9615, loss: 0.1136 ||:  38%|###7      | 31/82 [00:08<00:15,  3.39it/s]
1_F1: 0.9627, 0_F1: 0.9628, accuracy: 0.9627, average_F1: 0.9627, loss: 0.1133 ||:  39%|###9      | 32/82 [00:08<00:13,  3.59it/s]
1_F1: 0.9635, 0_F1: 0.9642, accuracy: 0.9639, average_F1: 0.9639, loss: 0.1131 ||:  40%|####      | 33/82 [00:09<00:13,  3.67it/s]
1_F1: 0.9630, 0_F1: 0.9632, accuracy: 0.9631, average_F1: 0.9631, loss: 0.1165 ||:  41%|####1     | 34/82 [00:09<00:12,  3.77it/s]
1_F1: 0.9627, 0_F1: 0.9620, accuracy: 0.9624, average_F1: 0.9624, loss: 0.1181 ||:  43%|####2     | 35/82 [00:09<00:12,  3.90it/s]
1_F1: 0.9639, 0_F1: 0.9630, accuracy: 0.9634, average_F1: 0.9634, loss: 0.1165 ||:  44%|####3     | 36/82 [00:09<00:12,  3.81it/s]
1_F1: 0.9652, 0_F1: 0.9636, accuracy: 0.9644, average_F1: 0.9644, loss: 0.1146 ||:  45%|####5     | 37/82 [00:10<00:11,  3.82it/s]
1_F1: 0.9662, 0_F1: 0.9645, accuracy: 0.9653, average_F1: 0.9653, loss: 0.1136 ||:  46%|####6     | 38/82 [00:10<00:11,  3.94it/s]
1_F1: 0.9652, 0_F1: 0.9641, accuracy: 0.9646, average_F1: 0.9646, loss: 0.1140 ||:  48%|####7     | 39/82 [00:10<00:11,  3.85it/s]
1_F1: 0.9662, 0_F1: 0.9649, accuracy: 0.9655, average_F1: 0.9655, loss: 0.1127 ||:  49%|####8     | 40/82 [00:10<00:11,  3.58it/s]
1_F1: 0.9671, 0_F1: 0.9656, accuracy: 0.9664, average_F1: 0.9663, loss: 0.1119 ||:  50%|#####     | 41/82 [00:11<00:11,  3.49it/s]
1_F1: 0.9681, 0_F1: 0.9662, accuracy: 0.9672, average_F1: 0.9671, loss: 0.1107 ||:  51%|#####1    | 42/82 [00:11<00:11,  3.37it/s]
1_F1: 0.9675, 0_F1: 0.9654, accuracy: 0.9665, average_F1: 0.9664, loss: 0.1104 ||:  52%|#####2    | 43/82 [00:11<00:12,  3.25it/s]
1_F1: 0.9674, 0_F1: 0.9641, accuracy: 0.9658, average_F1: 0.9657, loss: 0.1129 ||:  54%|#####3    | 44/82 [00:12<00:10,  3.67it/s]
1_F1: 0.9679, 0_F1: 0.9651, accuracy: 0.9666, average_F1: 0.9665, loss: 0.1125 ||:  55%|#####4    | 45/82 [00:12<00:09,  3.73it/s]
1_F1: 0.9674, 0_F1: 0.9643, accuracy: 0.9659, average_F1: 0.9659, loss: 0.1143 ||:  56%|#####6    | 46/82 [00:12<00:10,  3.55it/s]
1_F1: 0.9680, 0_F1: 0.9652, accuracy: 0.9667, average_F1: 0.9666, loss: 0.1126 ||:  57%|#####7    | 47/82 [00:13<00:10,  3.34it/s]
1_F1: 0.9686, 0_F1: 0.9661, accuracy: 0.9674, average_F1: 0.9673, loss: 0.1112 ||:  59%|#####8    | 48/82 [00:13<00:10,  3.24it/s]
1_F1: 0.9690, 0_F1: 0.9670, accuracy: 0.9680, average_F1: 0.9680, loss: 0.1095 ||:  60%|#####9    | 49/82 [00:13<00:10,  3.28it/s]
1_F1: 0.9697, 0_F1: 0.9676, accuracy: 0.9687, average_F1: 0.9686, loss: 0.1092 ||:  61%|######    | 50/82 [00:13<00:09,  3.46it/s]
1_F1: 0.9701, 0_F1: 0.9685, accuracy: 0.9693, average_F1: 0.9693, loss: 0.1082 ||:  62%|######2   | 51/82 [00:14<00:08,  3.52it/s]
1_F1: 0.9682, 0_F1: 0.9667, accuracy: 0.9675, average_F1: 0.9675, loss: 0.1109 ||:  63%|######3   | 52/82 [00:14<00:08,  3.48it/s]
1_F1: 0.9664, 0_F1: 0.9650, accuracy: 0.9657, average_F1: 0.9657, loss: 0.1144 ||:  65%|######4   | 53/82 [00:14<00:08,  3.60it/s]
1_F1: 0.9670, 0_F1: 0.9657, accuracy: 0.9664, average_F1: 0.9663, loss: 0.1140 ||:  66%|######5   | 54/82 [00:15<00:08,  3.41it/s]
1_F1: 0.9675, 0_F1: 0.9664, accuracy: 0.9670, average_F1: 0.9670, loss: 0.1127 ||:  67%|######7   | 55/82 [00:15<00:08,  3.28it/s]
1_F1: 0.9669, 0_F1: 0.9660, accuracy: 0.9664, average_F1: 0.9664, loss: 0.1159 ||:  68%|######8   | 56/82 [00:15<00:07,  3.26it/s]
1_F1: 0.9654, 0_F1: 0.9643, accuracy: 0.9648, average_F1: 0.9648, loss: 0.1167 ||:  70%|######9   | 57/82 [00:15<00:06,  3.61it/s]
1_F1: 0.9649, 0_F1: 0.9639, accuracy: 0.9644, average_F1: 0.9644, loss: 0.1185 ||:  71%|#######   | 58/82 [00:16<00:06,  3.44it/s]
1_F1: 0.9656, 0_F1: 0.9643, accuracy: 0.9650, average_F1: 0.9650, loss: 0.1178 ||:  72%|#######1  | 59/82 [00:16<00:06,  3.61it/s]
1_F1: 0.9652, 0_F1: 0.9638, accuracy: 0.9645, average_F1: 0.9645, loss: 0.1172 ||:  73%|#######3  | 60/82 [00:16<00:05,  3.68it/s]
1_F1: 0.9661, 0_F1: 0.9640, accuracy: 0.9651, average_F1: 0.9651, loss: 0.1159 ||:  74%|#######4  | 61/82 [00:17<00:06,  3.46it/s]
1_F1: 0.9669, 0_F1: 0.9644, accuracy: 0.9657, average_F1: 0.9656, loss: 0.1146 ||:  76%|#######5  | 62/82 [00:17<00:05,  3.37it/s]
1_F1: 0.9675, 0_F1: 0.9648, accuracy: 0.9662, average_F1: 0.9661, loss: 0.1138 ||:  77%|#######6  | 63/82 [00:17<00:05,  3.32it/s]
1_F1: 0.9682, 0_F1: 0.9652, accuracy: 0.9667, average_F1: 0.9667, loss: 0.1128 ||:  78%|#######8  | 64/82 [00:17<00:05,  3.30it/s]
1_F1: 0.9676, 0_F1: 0.9648, accuracy: 0.9663, average_F1: 0.9662, loss: 0.1138 ||:  79%|#######9  | 65/82 [00:18<00:05,  3.33it/s]
1_F1: 0.9679, 0_F1: 0.9656, accuracy: 0.9668, average_F1: 0.9668, loss: 0.1129 ||:  80%|########  | 66/82 [00:18<00:04,  3.33it/s]
1_F1: 0.9686, 0_F1: 0.9659, accuracy: 0.9673, average_F1: 0.9672, loss: 0.1120 ||:  82%|########1 | 67/82 [00:18<00:04,  3.58it/s]
1_F1: 0.9688, 0_F1: 0.9666, accuracy: 0.9678, average_F1: 0.9677, loss: 0.1118 ||:  83%|########2 | 68/82 [00:19<00:04,  3.37it/s]
1_F1: 0.9692, 0_F1: 0.9672, accuracy: 0.9682, average_F1: 0.9682, loss: 0.1108 ||:  84%|########4 | 69/82 [00:19<00:03,  3.43it/s]
1_F1: 0.9680, 0_F1: 0.9658, accuracy: 0.9669, average_F1: 0.9669, loss: 0.1136 ||:  85%|########5 | 70/82 [00:19<00:03,  3.67it/s]
1_F1: 0.9684, 0_F1: 0.9663, accuracy: 0.9674, average_F1: 0.9673, loss: 0.1128 ||:  87%|########6 | 71/82 [00:19<00:03,  3.53it/s]
1_F1: 0.9688, 0_F1: 0.9668, accuracy: 0.9678, average_F1: 0.9678, loss: 0.1117 ||:  88%|########7 | 72/82 [00:20<00:02,  3.40it/s]
1_F1: 0.9683, 0_F1: 0.9664, accuracy: 0.9674, average_F1: 0.9674, loss: 0.1137 ||:  89%|########9 | 73/82 [00:20<00:02,  3.33it/s]
1_F1: 0.9678, 0_F1: 0.9661, accuracy: 0.9670, average_F1: 0.9670, loss: 0.1133 ||:  90%|######### | 74/82 [00:20<00:02,  3.25it/s]
1_F1: 0.9681, 0_F1: 0.9668, accuracy: 0.9674, average_F1: 0.9674, loss: 0.1122 ||:  91%|#########1| 75/82 [00:21<00:02,  3.44it/s]
1_F1: 0.9675, 0_F1: 0.9666, accuracy: 0.9671, average_F1: 0.9670, loss: 0.1140 ||:  93%|#########2| 76/82 [00:21<00:01,  3.42it/s]
1_F1: 0.9670, 0_F1: 0.9663, accuracy: 0.9667, average_F1: 0.9667, loss: 0.1146 ||:  94%|#########3| 77/82 [00:21<00:01,  3.53it/s]
1_F1: 0.9675, 0_F1: 0.9666, accuracy: 0.9671, average_F1: 0.9671, loss: 0.1141 ||:  95%|#########5| 78/82 [00:21<00:01,  3.91it/s]
1_F1: 0.9678, 0_F1: 0.9672, accuracy: 0.9675, average_F1: 0.9675, loss: 0.1131 ||:  96%|#########6| 79/82 [00:22<00:00,  3.94it/s]
1_F1: 0.9673, 0_F1: 0.9670, accuracy: 0.9671, average_F1: 0.9671, loss: 0.1132 ||:  98%|#########7| 80/82 [00:22<00:00,  3.92it/s]
1_F1: 0.9678, 0_F1: 0.9673, accuracy: 0.9675, average_F1: 0.9675, loss: 0.1123 ||:  99%|#########8| 81/82 [00:22<00:00,  3.79it/s]
1_F1: 0.9674, 0_F1: 0.9670, accuracy: 0.9672, average_F1: 0.9672, loss: 0.1124 ||: 100%|##########| 82/82 [00:23<00:00,  3.54it/s]
1_F1: 0.9674, 0_F1: 0.9670, accuracy: 0.9672, average_F1: 0.9672, loss: 0.1124 ||: 100%|##########| 82/82 [00:23<00:00,  3.56it/s]

  0%|          | 0/11 [00:00<?, ?it/s]
1_F1: 0.8205, 0_F1: 0.7200, accuracy: 0.7812, average_F1: 0.7703, loss: 0.5904 ||:  18%|#8        | 2/11 [00:00<00:00, 11.39it/s]
1_F1: 0.8571, 0_F1: 0.8276, accuracy: 0.8438, average_F1: 0.8424, loss: 0.4906 ||:  36%|###6      | 4/11 [00:00<00:00, 11.86it/s]
1_F1: 0.8824, 0_F1: 0.8667, accuracy: 0.8750, average_F1: 0.8745, loss: 0.3725 ||:  55%|#####4    | 6/11 [00:00<00:00, 11.88it/s]
1_F1: 0.8889, 0_F1: 0.8923, accuracy: 0.8906, average_F1: 0.8906, loss: 0.3313 ||:  73%|#######2  | 8/11 [00:00<00:00, 11.51it/s]
1_F1: 0.8732, 0_F1: 0.8767, accuracy: 0.8750, average_F1: 0.8750, loss: 0.3540 ||:  82%|########1 | 9/11 [00:00<00:00, 10.48it/s]
1_F1: 0.8846, 0_F1: 0.8902, accuracy: 0.8875, average_F1: 0.8874, loss: 0.3285 ||:  91%|######### | 10/11 [00:00<00:00,  9.57it/s]
1_F1: 0.8861, 0_F1: 0.8916, accuracy: 0.8889, average_F1: 0.8888, loss: 0.3056 ||: 100%|##########| 11/11 [00:00<00:00, 11.55it/s]

  0%|          | 0/11 [00:00<?, ?it/s]
1_F1: 0.59, 0_F1: 0.53, accuracy: 0.56, average_F1: 0.56, loss: 0.80 ||:   9%|9         | 1/11 [00:00<00:01,  7.59it/s]
1_F1: 0.76, 0_F1: 0.67, accuracy: 0.72, average_F1: 0.71, loss: 0.45 ||:  18%|#8        | 2/11 [00:00<00:01,  7.94it/s]
1_F1: 0.81, 0_F1: 0.81, accuracy: 0.81, average_F1: 0.81, loss: 0.24 ||:  36%|###6      | 4/11 [00:00<00:00,  8.58it/s]
1_F1: 0.80, 0_F1: 0.78, accuracy: 0.79, average_F1: 0.79, loss: 0.34 ||:  55%|#####4    | 6/11 [00:00<00:00,  9.13it/s]
1_F1: 0.82, 0_F1: 0.82, accuracy: 0.82, average_F1: 0.82, loss: 0.08 ||:  73%|#######2  | 8/11 [00:00<00:00,  9.56it/s]
1_F1: 0.81, 0_F1: 0.81, accuracy: 0.81, average_F1: 0.81, loss: 0.50 ||:  82%|########1 | 9/11 [00:00<00:00,  9.36it/s]
1_F1: 0.81, 0_F1: 0.81, accuracy: 0.81, average_F1: 0.81, loss: 0.75 ||:  91%|######### | 10/11 [00:01<00:00,  9.21it/s]
1_F1: 0.81, 0_F1: 0.81, accuracy: 0.81, average_F1: 0.81, loss: 0.21 ||: 100%|##########| 11/11 [00:01<00:00, 10.39it/s]

