0it [00:00, ?it/s]
82it [00:00, 817.50it/s]
219it [00:00, 929.12it/s]
352it [00:00, 1020.44it/s]
488it [00:00, 1100.99it/s]
585it [00:00, 879.96it/s] 
717it [00:00, 976.47it/s]
851it [00:00, 1062.76it/s]
984it [00:00, 1128.86it/s]
1116it [00:00, 1179.32it/s]
1245it [00:01, 1209.82it/s]
1310it [00:01, 1171.74it/s]

0it [00:00, ?it/s]
113it [00:00, 1121.46it/s]
162it [00:00, 1154.01it/s]

0it [00:00, ?it/s]
125it [00:00, 1242.95it/s]
162it [00:00, 1263.65it/s]

0it [00:00, ?it/s]
1634it [00:00, 65134.89it/s]

  0%|          | 0/82 [00:00<?, ?it/s]
1_F1: 0.6667, 0_F1: 0.0000, accuracy: 0.5000, average_F1: 0.3333, loss: 0.6995 ||:   1%|1         | 1/82 [00:00<01:07,  1.20it/s]
1_F1: 0.5455, 0_F1: 0.5161, accuracy: 0.5312, average_F1: 0.5308, loss: 0.7195 ||:   2%|2         | 2/82 [00:01<00:57,  1.40it/s]
1_F1: 0.5532, 0_F1: 0.5714, accuracy: 0.5625, average_F1: 0.5623, loss: 0.7132 ||:   4%|3         | 3/82 [00:01<00:53,  1.49it/s]
1_F1: 0.5000, 0_F1: 0.6579, accuracy: 0.5938, average_F1: 0.5789, loss: 0.6793 ||:   5%|4         | 4/82 [00:02<00:50,  1.55it/s]
1_F1: 0.4333, 0_F1: 0.6600, accuracy: 0.5750, average_F1: 0.5467, loss: 0.6907 ||:   6%|6         | 5/82 [00:03<00:48,  1.58it/s]
1_F1: 0.5412, 0_F1: 0.6355, accuracy: 0.5938, average_F1: 0.5883, loss: 0.6780 ||:   7%|7         | 6/82 [00:03<00:46,  1.63it/s]
1_F1: 0.5849, 0_F1: 0.6271, accuracy: 0.6071, average_F1: 0.6060, loss: 0.6761 ||:   9%|8         | 7/82 [00:04<00:44,  1.67it/s]
1_F1: 0.6032, 0_F1: 0.6154, accuracy: 0.6094, average_F1: 0.6093, loss: 0.6739 ||:  10%|9         | 8/82 [00:04<00:41,  1.79it/s]
1_F1: 0.6438, 0_F1: 0.6338, accuracy: 0.6389, average_F1: 0.6388, loss: 0.6625 ||:  11%|#         | 9/82 [00:05<00:40,  1.82it/s]
1_F1: 0.6375, 0_F1: 0.6375, accuracy: 0.6375, average_F1: 0.6375, loss: 0.6605 ||:  12%|#2        | 10/82 [00:05<00:39,  1.83it/s]
1_F1: 0.6199, 0_F1: 0.6409, accuracy: 0.6307, average_F1: 0.6304, loss: 0.6631 ||:  13%|#3        | 11/82 [00:06<00:40,  1.76it/s]
1_F1: 0.6316, 0_F1: 0.6392, accuracy: 0.6354, average_F1: 0.6354, loss: 0.6603 ||:  15%|#4        | 12/82 [00:06<00:38,  1.83it/s]
1_F1: 0.6224, 0_F1: 0.6636, accuracy: 0.6442, average_F1: 0.6430, loss: 0.6459 ||:  16%|#5        | 13/82 [00:07<00:39,  1.73it/s]
1_F1: 0.6078, 0_F1: 0.6721, accuracy: 0.6429, average_F1: 0.6400, loss: 0.6365 ||:  17%|#7        | 14/82 [00:08<00:38,  1.76it/s]
1_F1: 0.6368, 0_F1: 0.6848, accuracy: 0.6625, average_F1: 0.6608, loss: 0.6255 ||:  18%|#8        | 15/82 [00:08<00:37,  1.80it/s]
1_F1: 0.6390, 0_F1: 0.6790, accuracy: 0.6602, average_F1: 0.6590, loss: 0.6180 ||:  20%|#9        | 16/82 [00:09<00:38,  1.71it/s]
1_F1: 0.6235, 0_F1: 0.6869, accuracy: 0.6581, average_F1: 0.6552, loss: 0.6304 ||:  21%|##        | 17/82 [00:09<00:39,  1.66it/s]
1_F1: 0.6418, 0_F1: 0.6883, accuracy: 0.6667, average_F1: 0.6651, loss: 0.6230 ||:  22%|##1       | 18/82 [00:10<00:37,  1.69it/s]
1_F1: 0.6529, 0_F1: 0.6814, accuracy: 0.6678, average_F1: 0.6672, loss: 0.6179 ||:  23%|##3       | 19/82 [00:11<00:37,  1.67it/s]
1_F1: 0.6710, 0_F1: 0.6967, accuracy: 0.6844, average_F1: 0.6839, loss: 0.6036 ||:  24%|##4       | 20/82 [00:11<00:34,  1.79it/s]
1_F1: 0.6708, 0_F1: 0.7025, accuracy: 0.6875, average_F1: 0.6867, loss: 0.6018 ||:  26%|##5       | 21/82 [00:12<00:34,  1.76it/s]
1_F1: 0.6647, 0_F1: 0.6921, accuracy: 0.6790, average_F1: 0.6784, loss: 0.6073 ||:  27%|##6       | 22/82 [00:12<00:33,  1.79it/s]
1_F1: 0.6573, 0_F1: 0.6789, accuracy: 0.6685, average_F1: 0.6681, loss: 0.6258 ||:  28%|##8       | 23/82 [00:13<00:32,  1.80it/s]
1_F1: 0.6613, 0_F1: 0.6818, accuracy: 0.6719, average_F1: 0.6716, loss: 0.6205 ||:  29%|##9       | 24/82 [00:13<00:34,  1.70it/s]
1_F1: 0.6581, 0_F1: 0.6764, accuracy: 0.6675, average_F1: 0.6672, loss: 0.6222 ||:  30%|###       | 25/82 [00:14<00:33,  1.72it/s]
1_F1: 0.6618, 0_F1: 0.6745, accuracy: 0.6683, average_F1: 0.6681, loss: 0.6195 ||:  32%|###1      | 26/82 [00:14<00:33,  1.70it/s]
1_F1: 0.6620, 0_F1: 0.6712, accuracy: 0.6667, average_F1: 0.6666, loss: 0.6193 ||:  33%|###2      | 27/82 [00:15<00:31,  1.77it/s]
1_F1: 0.6697, 0_F1: 0.6784, accuracy: 0.6741, average_F1: 0.6740, loss: 0.6117 ||:  34%|###4      | 28/82 [00:16<00:30,  1.75it/s]
1_F1: 0.6725, 0_F1: 0.6767, accuracy: 0.6746, average_F1: 0.6746, loss: 0.6115 ||:  35%|###5      | 29/82 [00:16<00:29,  1.77it/s]
1_F1: 0.6807, 0_F1: 0.6860, accuracy: 0.6833, average_F1: 0.6833, loss: 0.6060 ||:  37%|###6      | 30/82 [00:17<00:30,  1.71it/s]
1_F1: 0.6788, 0_F1: 0.6801, accuracy: 0.6794, average_F1: 0.6794, loss: 0.6100 ||:  38%|###7      | 31/82 [00:17<00:28,  1.78it/s]
1_F1: 0.6758, 0_F1: 0.6796, accuracy: 0.6777, average_F1: 0.6777, loss: 0.6075 ||:  39%|###9      | 32/82 [00:18<00:27,  1.80it/s]
1_F1: 0.6782, 0_F1: 0.6854, accuracy: 0.6818, average_F1: 0.6818, loss: 0.6042 ||:  40%|####      | 33/82 [00:18<00:28,  1.70it/s]
1_F1: 0.6865, 0_F1: 0.6922, accuracy: 0.6893, average_F1: 0.6893, loss: 0.5986 ||:  41%|####1     | 34/82 [00:19<00:29,  1.63it/s]
1_F1: 0.6882, 0_F1: 0.6904, accuracy: 0.6893, average_F1: 0.6893, loss: 0.5946 ||:  43%|####2     | 35/82 [00:20<00:27,  1.72it/s]
1_F1: 0.6922, 0_F1: 0.6932, accuracy: 0.6927, average_F1: 0.6927, loss: 0.5892 ||:  44%|####3     | 36/82 [00:20<00:26,  1.73it/s]
1_F1: 0.6959, 0_F1: 0.6959, accuracy: 0.6959, average_F1: 0.6959, loss: 0.5846 ||:  45%|####5     | 37/82 [00:21<00:25,  1.76it/s]
1_F1: 0.6992, 0_F1: 0.6922, accuracy: 0.6957, average_F1: 0.6957, loss: 0.5817 ||:  46%|####6     | 38/82 [00:21<00:25,  1.69it/s]
1_F1: 0.6986, 0_F1: 0.6957, accuracy: 0.6971, average_F1: 0.6971, loss: 0.5783 ||:  48%|####7     | 39/82 [00:22<00:25,  1.70it/s]
1_F1: 0.6958, 0_F1: 0.6948, accuracy: 0.6953, average_F1: 0.6953, loss: 0.5797 ||:  49%|####8     | 40/82 [00:23<00:25,  1.63it/s]
1_F1: 0.7000, 0_F1: 0.6963, accuracy: 0.6982, average_F1: 0.6982, loss: 0.5755 ||:  50%|#####     | 41/82 [00:23<00:22,  1.78it/s]
1_F1: 0.6972, 0_F1: 0.6927, accuracy: 0.6949, average_F1: 0.6949, loss: 0.5785 ||:  51%|#####1    | 42/82 [00:24<00:21,  1.87it/s]
1_F1: 0.7003, 0_F1: 0.6950, accuracy: 0.6977, average_F1: 0.6977, loss: 0.5760 ||:  52%|#####2    | 43/82 [00:24<00:20,  1.87it/s]
1_F1: 0.7032, 0_F1: 0.6973, accuracy: 0.7003, average_F1: 0.7003, loss: 0.5718 ||:  54%|#####3    | 44/82 [00:25<00:22,  1.70it/s]
1_F1: 0.7015, 0_F1: 0.6957, accuracy: 0.6986, average_F1: 0.6986, loss: 0.5724 ||:  55%|#####4    | 45/82 [00:26<00:22,  1.63it/s]
1_F1: 0.7076, 0_F1: 0.6971, accuracy: 0.7024, average_F1: 0.7024, loss: 0.5670 ||:  56%|#####6    | 46/82 [00:26<00:20,  1.72it/s]
1_F1: 0.7119, 0_F1: 0.7001, accuracy: 0.7061, average_F1: 0.7060, loss: 0.5615 ||:  57%|#####7    | 47/82 [00:26<00:19,  1.81it/s]
1_F1: 0.7139, 0_F1: 0.6971, accuracy: 0.7057, average_F1: 0.7055, loss: 0.5631 ||:  59%|#####8    | 48/82 [00:27<00:17,  1.96it/s]
1_F1: 0.7153, 0_F1: 0.6974, accuracy: 0.7066, average_F1: 0.7064, loss: 0.5627 ||:  60%|#####9    | 49/82 [00:27<00:16,  2.00it/s]
1_F1: 0.7160, 0_F1: 0.6985, accuracy: 0.7075, average_F1: 0.7072, loss: 0.5608 ||:  61%|######    | 50/82 [00:28<00:18,  1.76it/s]
1_F1: 0.7158, 0_F1: 0.7066, accuracy: 0.7113, average_F1: 0.7112, loss: 0.5533 ||:  62%|######2   | 51/82 [00:29<00:20,  1.53it/s]
1_F1: 0.7173, 0_F1: 0.7090, accuracy: 0.7133, average_F1: 0.7132, loss: 0.5500 ||:  63%|######3   | 52/82 [00:29<00:18,  1.66it/s]
1_F1: 0.7150, 0_F1: 0.7081, accuracy: 0.7116, average_F1: 0.7115, loss: 0.5494 ||:  65%|######4   | 53/82 [00:30<00:14,  1.98it/s]
1_F1: 0.7238, 0_F1: 0.7073, accuracy: 0.7158, average_F1: 0.7155, loss: 0.5456 ||:  66%|######5   | 54/82 [00:30<00:11,  2.45it/s]
1_F1: 0.7263, 0_F1: 0.7154, accuracy: 0.7210, average_F1: 0.7209, loss: 0.5398 ||:  67%|######7   | 55/82 [00:30<00:09,  2.74it/s]
1_F1: 0.7289, 0_F1: 0.7184, accuracy: 0.7237, average_F1: 0.7236, loss: 0.5350 ||:  68%|######8   | 56/82 [00:30<00:08,  3.07it/s]
1_F1: 0.7314, 0_F1: 0.7212, accuracy: 0.7264, average_F1: 0.7263, loss: 0.5312 ||:  70%|######9   | 57/82 [00:31<00:07,  3.24it/s]
1_F1: 0.7350, 0_F1: 0.7227, accuracy: 0.7289, average_F1: 0.7288, loss: 0.5277 ||:  71%|#######   | 58/82 [00:31<00:07,  3.29it/s]
1_F1: 0.7376, 0_F1: 0.7227, accuracy: 0.7304, average_F1: 0.7302, loss: 0.5265 ||:  72%|#######1  | 59/82 [00:31<00:06,  3.46it/s]
1_F1: 0.7416, 0_F1: 0.7255, accuracy: 0.7338, average_F1: 0.7336, loss: 0.5225 ||:  73%|#######3  | 60/82 [00:31<00:05,  3.68it/s]
1_F1: 0.7406, 0_F1: 0.7207, accuracy: 0.7310, average_F1: 0.7306, loss: 0.5262 ||:  74%|#######4  | 61/82 [00:32<00:05,  3.76it/s]
1_F1: 0.7415, 0_F1: 0.7225, accuracy: 0.7323, average_F1: 0.7320, loss: 0.5251 ||:  76%|#######5  | 62/82 [00:32<00:05,  3.57it/s]
1_F1: 0.7435, 0_F1: 0.7250, accuracy: 0.7346, average_F1: 0.7343, loss: 0.5231 ||:  77%|#######6  | 63/82 [00:32<00:05,  3.67it/s]
1_F1: 0.7448, 0_F1: 0.7262, accuracy: 0.7358, average_F1: 0.7355, loss: 0.5214 ||:  78%|#######8  | 64/82 [00:33<00:05,  3.54it/s]
1_F1: 0.7463, 0_F1: 0.7249, accuracy: 0.7360, average_F1: 0.7356, loss: 0.5206 ||:  79%|#######9  | 65/82 [00:33<00:04,  3.67it/s]
1_F1: 0.7450, 0_F1: 0.7269, accuracy: 0.7362, average_F1: 0.7359, loss: 0.5203 ||:  80%|########  | 66/82 [00:33<00:04,  3.74it/s]
1_F1: 0.7459, 0_F1: 0.7262, accuracy: 0.7364, average_F1: 0.7361, loss: 0.5195 ||:  82%|########1 | 67/82 [00:33<00:04,  3.67it/s]
1_F1: 0.7473, 0_F1: 0.7290, accuracy: 0.7385, average_F1: 0.7382, loss: 0.5193 ||:  83%|########2 | 68/82 [00:34<00:03,  3.70it/s]
1_F1: 0.7474, 0_F1: 0.7293, accuracy: 0.7387, average_F1: 0.7383, loss: 0.5198 ||:  84%|########4 | 69/82 [00:34<00:03,  3.89it/s]
1_F1: 0.7465, 0_F1: 0.7306, accuracy: 0.7388, average_F1: 0.7386, loss: 0.5210 ||:  85%|########5 | 70/82 [00:34<00:03,  3.52it/s]
1_F1: 0.7442, 0_F1: 0.7317, accuracy: 0.7381, average_F1: 0.7379, loss: 0.5203 ||:  87%|########6 | 71/82 [00:35<00:04,  2.59it/s]
1_F1: 0.7430, 0_F1: 0.7297, accuracy: 0.7365, average_F1: 0.7364, loss: 0.5231 ||:  88%|########7 | 72/82 [00:35<00:04,  2.46it/s]
1_F1: 0.7439, 0_F1: 0.7327, accuracy: 0.7384, average_F1: 0.7383, loss: 0.5200 ||:  89%|########9 | 73/82 [00:36<00:04,  2.11it/s]
1_F1: 0.7458, 0_F1: 0.7362, accuracy: 0.7411, average_F1: 0.7410, loss: 0.5171 ||:  90%|######### | 74/82 [00:36<00:03,  2.01it/s]
1_F1: 0.7440, 0_F1: 0.7367, accuracy: 0.7404, average_F1: 0.7403, loss: 0.5167 ||:  91%|#########1| 75/82 [00:37<00:03,  1.91it/s]
1_F1: 0.7454, 0_F1: 0.7355, accuracy: 0.7405, average_F1: 0.7404, loss: 0.5175 ||:  93%|#########2| 76/82 [00:37<00:02,  2.02it/s]
1_F1: 0.7464, 0_F1: 0.7363, accuracy: 0.7415, average_F1: 0.7414, loss: 0.5169 ||:  94%|#########3| 77/82 [00:38<00:02,  2.01it/s]
1_F1: 0.7502, 0_F1: 0.7374, accuracy: 0.7440, average_F1: 0.7438, loss: 0.5144 ||:  95%|#########5| 78/82 [00:38<00:01,  2.03it/s]
1_F1: 0.7515, 0_F1: 0.7378, accuracy: 0.7448, average_F1: 0.7447, loss: 0.5129 ||:  96%|#########6| 79/82 [00:39<00:01,  2.04it/s]
1_F1: 0.7521, 0_F1: 0.7390, accuracy: 0.7457, average_F1: 0.7455, loss: 0.5117 ||:  98%|#########7| 80/82 [00:40<00:01,  1.94it/s]
1_F1: 0.7556, 0_F1: 0.7400, accuracy: 0.7481, average_F1: 0.7478, loss: 0.5080 ||:  99%|#########8| 81/82 [00:40<00:00,  1.94it/s]
1_F1: 0.7563, 0_F1: 0.7393, accuracy: 0.7481, average_F1: 0.7478, loss: 0.5079 ||: 100%|##########| 82/82 [00:41<00:00,  1.86it/s]
1_F1: 0.7563, 0_F1: 0.7393, accuracy: 0.7481, average_F1: 0.7478, loss: 0.5079 ||: 100%|##########| 82/82 [00:41<00:00,  1.99it/s]

  0%|          | 0/11 [00:00<?, ?it/s]
1_F1: 0.8571, 0_F1: 0.7273, accuracy: 0.8125, average_F1: 0.7922, loss: 0.3634 ||:   9%|9         | 1/11 [00:00<00:02,  4.97it/s]
1_F1: 0.7931, 0_F1: 0.6842, accuracy: 0.7500, average_F1: 0.7387, loss: 0.4701 ||:  27%|##7       | 3/11 [00:00<00:01,  5.68it/s]
1_F1: 0.8293, 0_F1: 0.6957, accuracy: 0.7812, average_F1: 0.7625, loss: 0.4432 ||:  36%|###6      | 4/11 [00:00<00:01,  5.93it/s]
1_F1: 0.8352, 0_F1: 0.7826, accuracy: 0.8125, average_F1: 0.8089, loss: 0.4078 ||:  45%|####5     | 5/11 [00:00<00:00,  6.16it/s]
1_F1: 0.8317, 0_F1: 0.8132, accuracy: 0.8229, average_F1: 0.8224, loss: 0.4022 ||:  55%|#####4    | 6/11 [00:00<00:00,  5.86it/s]
1_F1: 0.8548, 0_F1: 0.8200, accuracy: 0.8393, average_F1: 0.8374, loss: 0.3735 ||:  64%|######3   | 7/11 [00:01<00:00,  5.89it/s]
1_F1: 0.8429, 0_F1: 0.8103, accuracy: 0.8281, average_F1: 0.8266, loss: 0.3979 ||:  73%|#######2  | 8/11 [00:01<00:00,  5.48it/s]
1_F1: 0.8481, 0_F1: 0.8154, accuracy: 0.8333, average_F1: 0.8317, loss: 0.3915 ||:  82%|########1 | 9/11 [00:01<00:00,  5.73it/s]
1_F1: 0.8506, 0_F1: 0.8219, accuracy: 0.8375, average_F1: 0.8362, loss: 0.3809 ||:  91%|######### | 10/11 [00:01<00:00,  5.25it/s]
1_F1: 0.8457, 0_F1: 0.8188, accuracy: 0.8333, average_F1: 0.8323, loss: 0.4014 ||: 100%|##########| 11/11 [00:01<00:00,  6.27it/s]

  0%|          | 0/82 [00:00<?, ?it/s]
1_F1: 0.8750, 0_F1: 0.8750, accuracy: 0.8750, average_F1: 0.8750, loss: 0.3596 ||:   1%|1         | 1/82 [00:00<00:46,  1.73it/s]
1_F1: 0.7692, 0_F1: 0.8421, accuracy: 0.8125, average_F1: 0.8057, loss: 0.4188 ||:   2%|2         | 2/82 [00:01<00:48,  1.66it/s]
1_F1: 0.7647, 0_F1: 0.8710, accuracy: 0.8333, average_F1: 0.8178, loss: 0.3789 ||:   4%|3         | 3/82 [00:01<00:45,  1.74it/s]
1_F1: 0.8364, 0_F1: 0.8767, accuracy: 0.8594, average_F1: 0.8565, loss: 0.3407 ||:   5%|4         | 4/82 [00:02<00:42,  1.82it/s]
1_F1: 0.8732, 0_F1: 0.8989, accuracy: 0.8875, average_F1: 0.8861, loss: 0.3013 ||:   6%|6         | 5/82 [00:02<00:43,  1.75it/s]
1_F1: 0.8791, 0_F1: 0.8911, accuracy: 0.8854, average_F1: 0.8851, loss: 0.3066 ||:   7%|7         | 6/82 [00:03<00:41,  1.84it/s]
1_F1: 0.8909, 0_F1: 0.8947, accuracy: 0.8929, average_F1: 0.8928, loss: 0.3029 ||:   9%|8         | 7/82 [00:03<00:40,  1.84it/s]
1_F1: 0.8906, 0_F1: 0.8906, accuracy: 0.8906, average_F1: 0.8906, loss: 0.3018 ||:  10%|9         | 8/82 [00:04<00:41,  1.77it/s]
1_F1: 0.8919, 0_F1: 0.8857, accuracy: 0.8889, average_F1: 0.8888, loss: 0.2966 ||:  11%|#         | 9/82 [00:05<00:42,  1.72it/s]
1_F1: 0.9070, 0_F1: 0.8919, accuracy: 0.9000, average_F1: 0.8994, loss: 0.2848 ||:  12%|#2        | 10/82 [00:05<00:40,  1.76it/s]
1_F1: 0.8973, 0_F1: 0.8862, accuracy: 0.8920, average_F1: 0.8918, loss: 0.2911 ||:  13%|#3        | 11/82 [00:06<00:39,  1.80it/s]
1_F1: 0.8878, 0_F1: 0.8830, accuracy: 0.8854, average_F1: 0.8854, loss: 0.3032 ||:  15%|#4        | 12/82 [00:06<00:40,  1.74it/s]
1_F1: 0.8846, 0_F1: 0.8846, accuracy: 0.8846, average_F1: 0.8846, loss: 0.2984 ||:  16%|#5        | 13/82 [00:07<00:40,  1.69it/s]
1_F1: 0.8818, 0_F1: 0.8860, accuracy: 0.8839, average_F1: 0.8839, loss: 0.2972 ||:  17%|#7        | 14/82 [00:08<00:43,  1.57it/s]
1_F1: 0.8908, 0_F1: 0.8926, accuracy: 0.8917, average_F1: 0.8917, loss: 0.2939 ||:  18%|#8        | 15/82 [00:08<00:35,  1.91it/s]
1_F1: 0.8837, 0_F1: 0.8819, accuracy: 0.8828, average_F1: 0.8828, loss: 0.3071 ||:  20%|#9        | 16/82 [00:08<00:28,  2.32it/s]
1_F1: 0.8841, 0_F1: 0.8806, accuracy: 0.8824, average_F1: 0.8823, loss: 0.3079 ||:  21%|##        | 17/82 [00:08<00:25,  2.59it/s]
1_F1: 0.8828, 0_F1: 0.8811, accuracy: 0.8819, average_F1: 0.8819, loss: 0.3074 ||:  22%|##1       | 18/82 [00:10<00:47,  1.35it/s]
1_F1: 0.8792, 0_F1: 0.8839, accuracy: 0.8816, average_F1: 0.8815, loss: 0.3036 ||:  23%|##3       | 19/82 [00:10<00:41,  1.53it/s]
1_F1: 0.8810, 0_F1: 0.8875, accuracy: 0.8844, average_F1: 0.8843, loss: 0.3004 ||:  24%|##4       | 20/82 [00:11<00:40,  1.52it/s]
1_F1: 0.8800, 0_F1: 0.8876, accuracy: 0.8839, average_F1: 0.8838, loss: 0.3000 ||:  26%|##5       | 21/82 [00:12<00:38,  1.60it/s]
1_F1: 0.8856, 0_F1: 0.8926, accuracy: 0.8892, average_F1: 0.8891, loss: 0.2912 ||:  27%|##6       | 22/82 [00:12<00:35,  1.69it/s]
1_F1: 0.8820, 0_F1: 0.8895, accuracy: 0.8859, average_F1: 0.8857, loss: 0.2950 ||:  28%|##8       | 23/82 [00:13<00:36,  1.63it/s]
1_F1: 0.8806, 0_F1: 0.8849, accuracy: 0.8828, average_F1: 0.8828, loss: 0.3050 ||:  29%|##9       | 24/82 [00:13<00:32,  1.78it/s]
1_F1: 0.8810, 0_F1: 0.8840, accuracy: 0.8825, average_F1: 0.8825, loss: 0.3031 ||:  30%|###       | 25/82 [00:14<00:31,  1.81it/s]
1_F1: 0.8825, 0_F1: 0.8819, accuracy: 0.8822, average_F1: 0.8822, loss: 0.3096 ||:  32%|###1      | 26/82 [00:14<00:30,  1.82it/s]
1_F1: 0.8756, 0_F1: 0.8744, accuracy: 0.8750, average_F1: 0.8750, loss: 0.3221 ||:  33%|###2      | 27/82 [00:15<00:30,  1.79it/s]
1_F1: 0.8784, 0_F1: 0.8805, accuracy: 0.8795, average_F1: 0.8795, loss: 0.3181 ||:  34%|###4      | 28/82 [00:15<00:29,  1.85it/s]
1_F1: 0.8791, 0_F1: 0.8837, accuracy: 0.8815, average_F1: 0.8814, loss: 0.3166 ||:  35%|###5      | 29/82 [00:16<00:28,  1.85it/s]
1_F1: 0.8768, 0_F1: 0.8773, accuracy: 0.8771, average_F1: 0.8771, loss: 0.3220 ||:  37%|###6      | 30/82 [00:16<00:26,  1.96it/s]
1_F1: 0.8795, 0_F1: 0.8785, accuracy: 0.8790, average_F1: 0.8790, loss: 0.3225 ||:  38%|###7      | 31/82 [00:17<00:25,  2.00it/s]
1_F1: 0.8816, 0_F1: 0.8802, accuracy: 0.8809, average_F1: 0.8809, loss: 0.3207 ||:  39%|###9      | 32/82 [00:17<00:26,  1.90it/s]
1_F1: 0.8822, 0_F1: 0.8791, accuracy: 0.8807, average_F1: 0.8807, loss: 0.3230 ||:  40%|####      | 33/82 [00:18<00:27,  1.79it/s]
1_F1: 0.8841, 0_F1: 0.8806, accuracy: 0.8824, average_F1: 0.8823, loss: 0.3212 ||:  41%|####1     | 34/82 [00:19<00:27,  1.73it/s]
1_F1: 0.8818, 0_F1: 0.8788, accuracy: 0.8804, average_F1: 0.8803, loss: 0.3238 ||:  43%|####2     | 35/82 [00:19<00:27,  1.70it/s]
1_F1: 0.8824, 0_F1: 0.8815, accuracy: 0.8819, average_F1: 0.8819, loss: 0.3206 ||:  44%|####3     | 36/82 [00:20<00:25,  1.81it/s]
1_F1: 0.8807, 0_F1: 0.8795, accuracy: 0.8801, average_F1: 0.8801, loss: 0.3212 ||:  45%|####5     | 37/82 [00:20<00:23,  1.88it/s]
1_F1: 0.8813, 0_F1: 0.8785, accuracy: 0.8799, average_F1: 0.8799, loss: 0.3223 ||:  46%|####6     | 38/82 [00:21<00:23,  1.90it/s]
1_F1: 0.8801, 0_F1: 0.8762, accuracy: 0.8782, average_F1: 0.8782, loss: 0.3242 ||:  48%|####7     | 39/82 [00:21<00:22,  1.90it/s]
1_F1: 0.8773, 0_F1: 0.8726, accuracy: 0.8750, average_F1: 0.8750, loss: 0.3278 ||:  49%|####8     | 40/82 [00:22<00:22,  1.84it/s]
1_F1: 0.8746, 0_F1: 0.8692, accuracy: 0.8720, average_F1: 0.8719, loss: 0.3332 ||:  50%|#####     | 41/82 [00:22<00:20,  2.05it/s]
1_F1: 0.8743, 0_F1: 0.8697, accuracy: 0.8720, average_F1: 0.8720, loss: 0.3367 ||:  51%|#####1    | 42/82 [00:23<00:20,  1.95it/s]
1_F1: 0.8743, 0_F1: 0.8698, accuracy: 0.8721, average_F1: 0.8721, loss: 0.3357 ||:  52%|#####2    | 43/82 [00:23<00:21,  1.84it/s]
1_F1: 0.8731, 0_F1: 0.8683, accuracy: 0.8707, average_F1: 0.8707, loss: 0.3409 ||:  54%|#####3    | 44/82 [00:24<00:22,  1.70it/s]
1_F1: 0.8736, 0_F1: 0.8708, accuracy: 0.8722, average_F1: 0.8722, loss: 0.3410 ||:  55%|#####4    | 45/82 [00:25<00:21,  1.75it/s]
1_F1: 0.8762, 0_F1: 0.8710, accuracy: 0.8736, average_F1: 0.8736, loss: 0.3387 ||:  56%|#####6    | 46/82 [00:25<00:21,  1.66it/s]
1_F1: 0.8753, 0_F1: 0.8692, accuracy: 0.8723, average_F1: 0.8723, loss: 0.3391 ||:  57%|#####7    | 47/82 [00:26<00:20,  1.75it/s]
1_F1: 0.8745, 0_F1: 0.8722, accuracy: 0.8734, average_F1: 0.8734, loss: 0.3351 ||:  59%|#####8    | 48/82 [00:27<00:21,  1.61it/s]
1_F1: 0.8720, 0_F1: 0.8697, accuracy: 0.8708, average_F1: 0.8708, loss: 0.3368 ||:  60%|#####9    | 49/82 [00:27<00:19,  1.66it/s]
1_F1: 0.8720, 0_F1: 0.8698, accuracy: 0.8709, average_F1: 0.8709, loss: 0.3356 ||:  61%|######    | 50/82 [00:28<00:18,  1.69it/s]
1_F1: 0.8744, 0_F1: 0.8700, accuracy: 0.8722, average_F1: 0.8722, loss: 0.3368 ||:  62%|######2   | 51/82 [00:28<00:17,  1.82it/s]
1_F1: 0.8766, 0_F1: 0.8702, accuracy: 0.8735, average_F1: 0.8734, loss: 0.3363 ||:  63%|######3   | 52/82 [00:29<00:17,  1.73it/s]
1_F1: 0.8782, 0_F1: 0.8710, accuracy: 0.8747, average_F1: 0.8746, loss: 0.3349 ||:  65%|######4   | 53/82 [00:29<00:16,  1.81it/s]
1_F1: 0.8758, 0_F1: 0.8687, accuracy: 0.8724, average_F1: 0.8723, loss: 0.3345 ||:  66%|######5   | 54/82 [00:30<00:16,  1.75it/s]
1_F1: 0.8765, 0_F1: 0.8705, accuracy: 0.8736, average_F1: 0.8735, loss: 0.3313 ||:  67%|######7   | 55/82 [00:30<00:15,  1.78it/s]
1_F1: 0.8751, 0_F1: 0.8674, accuracy: 0.8714, average_F1: 0.8712, loss: 0.3338 ||:  68%|######8   | 56/82 [00:31<00:14,  1.80it/s]
1_F1: 0.8751, 0_F1: 0.8675, accuracy: 0.8714, average_F1: 0.8713, loss: 0.3323 ||:  70%|######9   | 57/82 [00:32<00:14,  1.68it/s]
1_F1: 0.8749, 0_F1: 0.8679, accuracy: 0.8715, average_F1: 0.8714, loss: 0.3312 ||:  71%|#######   | 58/82 [00:32<00:13,  1.74it/s]
1_F1: 0.8754, 0_F1: 0.8675, accuracy: 0.8715, average_F1: 0.8714, loss: 0.3305 ||:  72%|#######1  | 59/82 [00:33<00:13,  1.66it/s]
1_F1: 0.8751, 0_F1: 0.8679, accuracy: 0.8716, average_F1: 0.8715, loss: 0.3296 ||:  73%|#######3  | 60/82 [00:33<00:12,  1.77it/s]
1_F1: 0.8755, 0_F1: 0.8697, accuracy: 0.8727, average_F1: 0.8726, loss: 0.3267 ||:  74%|#######4  | 61/82 [00:34<00:12,  1.69it/s]
1_F1: 0.8770, 0_F1: 0.8724, accuracy: 0.8747, average_F1: 0.8747, loss: 0.3238 ||:  76%|#######5  | 62/82 [00:35<00:11,  1.71it/s]
1_F1: 0.8798, 0_F1: 0.8735, accuracy: 0.8767, average_F1: 0.8767, loss: 0.3213 ||:  77%|#######6  | 63/82 [00:35<00:11,  1.65it/s]
1_F1: 0.8808, 0_F1: 0.8744, accuracy: 0.8777, average_F1: 0.8776, loss: 0.3188 ||:  78%|#######8  | 64/82 [00:36<00:09,  1.94it/s]
1_F1: 0.8786, 0_F1: 0.8727, accuracy: 0.8757, average_F1: 0.8757, loss: 0.3205 ||:  79%|#######9  | 65/82 [00:36<00:07,  2.18it/s]
1_F1: 0.8793, 0_F1: 0.8758, accuracy: 0.8776, average_F1: 0.8776, loss: 0.3168 ||:  80%|########  | 66/82 [00:36<00:06,  2.42it/s]
1_F1: 0.8778, 0_F1: 0.8755, accuracy: 0.8766, average_F1: 0.8766, loss: 0.3161 ||:  82%|########1 | 67/82 [00:37<00:05,  2.58it/s]
1_F1: 0.8785, 0_F1: 0.8765, accuracy: 0.8775, average_F1: 0.8775, loss: 0.3136 ||:  83%|########2 | 68/82 [00:37<00:04,  2.83it/s]
1_F1: 0.8783, 0_F1: 0.8767, accuracy: 0.8775, average_F1: 0.8775, loss: 0.3132 ||:  84%|########4 | 69/82 [00:37<00:05,  2.38it/s]
1_F1: 0.8796, 0_F1: 0.8789, accuracy: 0.8792, average_F1: 0.8792, loss: 0.3104 ||:  85%|########5 | 70/82 [00:38<00:05,  2.19it/s]
1_F1: 0.8793, 0_F1: 0.8791, accuracy: 0.8792, average_F1: 0.8792, loss: 0.3100 ||:  87%|########6 | 71/82 [00:38<00:05,  2.09it/s]
1_F1: 0.8792, 0_F1: 0.8790, accuracy: 0.8791, average_F1: 0.8791, loss: 0.3095 ||:  88%|########7 | 72/82 [00:39<00:05,  1.93it/s]
1_F1: 0.8795, 0_F1: 0.8803, accuracy: 0.8799, average_F1: 0.8799, loss: 0.3079 ||:  89%|########9 | 73/82 [00:40<00:04,  1.85it/s]
1_F1: 0.8810, 0_F1: 0.8804, accuracy: 0.8807, average_F1: 0.8807, loss: 0.3086 ||:  90%|######### | 74/82 [00:40<00:04,  1.79it/s]
1_F1: 0.8823, 0_F1: 0.8807, accuracy: 0.8815, average_F1: 0.8815, loss: 0.3081 ||:  91%|#########1| 75/82 [00:41<00:03,  1.83it/s]
1_F1: 0.8833, 0_F1: 0.8811, accuracy: 0.8822, average_F1: 0.8822, loss: 0.3078 ||:  93%|#########2| 76/82 [00:41<00:03,  1.85it/s]
1_F1: 0.8842, 0_F1: 0.8816, accuracy: 0.8829, average_F1: 0.8829, loss: 0.3058 ||:  94%|#########3| 77/82 [00:42<00:02,  1.90it/s]
1_F1: 0.8838, 0_F1: 0.8802, accuracy: 0.8820, average_F1: 0.8820, loss: 0.3072 ||:  95%|#########5| 78/82 [00:42<00:02,  1.91it/s]
1_F1: 0.8846, 0_F1: 0.8792, accuracy: 0.8819, average_F1: 0.8819, loss: 0.3071 ||:  96%|#########6| 79/82 [00:43<00:01,  2.09it/s]
1_F1: 0.8867, 0_F1: 0.8799, accuracy: 0.8834, average_F1: 0.8833, loss: 0.3041 ||:  98%|#########7| 80/82 [00:43<00:01,  1.99it/s]
1_F1: 0.8870, 0_F1: 0.8810, accuracy: 0.8841, average_F1: 0.8840, loss: 0.3020 ||:  99%|#########8| 81/82 [00:44<00:00,  1.96it/s]
1_F1: 0.8861, 0_F1: 0.8802, accuracy: 0.8832, average_F1: 0.8831, loss: 0.3031 ||: 100%|##########| 82/82 [00:44<00:00,  1.88it/s]
1_F1: 0.8861, 0_F1: 0.8802, accuracy: 0.8832, average_F1: 0.8831, loss: 0.3031 ||: 100%|##########| 82/82 [00:44<00:00,  1.83it/s]

  0%|          | 0/11 [00:00<?, ?it/s]
1_F1: 0.7778, 0_F1: 0.7143, accuracy: 0.7500, average_F1: 0.7460, loss: 0.4375 ||:   9%|9         | 1/11 [00:00<00:02,  4.75it/s]
1_F1: 0.8500, 0_F1: 0.7500, accuracy: 0.8125, average_F1: 0.8000, loss: 0.3563 ||:  18%|#8        | 2/11 [00:00<00:01,  5.14it/s]
1_F1: 0.8276, 0_F1: 0.7368, accuracy: 0.7917, average_F1: 0.7822, loss: 0.4785 ||:  27%|##7       | 3/11 [00:00<00:01,  5.43it/s]
1_F1: 0.8493, 0_F1: 0.8000, accuracy: 0.8281, average_F1: 0.8247, loss: 0.4503 ||:  36%|###6      | 4/11 [00:00<00:01,  5.99it/s]
1_F1: 0.8372, 0_F1: 0.8108, accuracy: 0.8250, average_F1: 0.8240, loss: 0.4309 ||:  45%|####5     | 5/11 [00:00<00:01,  5.80it/s]
1_F1: 0.8462, 0_F1: 0.8182, accuracy: 0.8333, average_F1: 0.8322, loss: 0.4071 ||:  55%|#####4    | 6/11 [00:01<00:00,  5.80it/s]
1_F1: 0.8496, 0_F1: 0.8468, accuracy: 0.8482, average_F1: 0.8482, loss: 0.3754 ||:  64%|######3   | 7/11 [00:01<00:00,  5.62it/s]
1_F1: 0.8594, 0_F1: 0.8594, accuracy: 0.8594, average_F1: 0.8594, loss: 0.3580 ||:  73%|#######2  | 8/11 [00:01<00:00,  5.91it/s]
1_F1: 0.8592, 0_F1: 0.8630, accuracy: 0.8611, average_F1: 0.8611, loss: 0.3540 ||:  82%|########1 | 9/11 [00:01<00:00,  5.30it/s]
1_F1: 0.8696, 0_F1: 0.8679, accuracy: 0.8688, average_F1: 0.8687, loss: 0.3424 ||:  91%|######### | 10/11 [00:01<00:00,  4.97it/s]
1_F1: 0.8712, 0_F1: 0.8696, accuracy: 0.8704, average_F1: 0.8704, loss: 0.3208 ||: 100%|##########| 11/11 [00:01<00:00,  5.84it/s]

  0%|          | 0/82 [00:00<?, ?it/s]
1_F1: 0.8889, 0_F1: 0.4000, accuracy: 0.8125, average_F1: 0.6444, loss: 0.3288 ||:   1%|1         | 1/82 [00:00<00:33,  2.44it/s]
1_F1: 0.9167, 0_F1: 0.7500, accuracy: 0.8750, average_F1: 0.8333, loss: 0.2419 ||:   2%|2         | 2/82 [00:01<00:37,  2.12it/s]
1_F1: 0.9091, 0_F1: 0.8649, accuracy: 0.8913, average_F1: 0.8870, loss: 0.2035 ||:   4%|3         | 3/82 [00:01<00:43,  1.80it/s]
1_F1: 0.9167, 0_F1: 0.8846, accuracy: 0.9032, average_F1: 0.9006, loss: 0.1923 ||:   5%|4         | 4/82 [00:02<00:44,  1.76it/s]
1_F1: 0.9048, 0_F1: 0.8889, accuracy: 0.8974, average_F1: 0.8968, loss: 0.1993 ||:   6%|6         | 5/82 [00:02<00:44,  1.73it/s]
1_F1: 0.9126, 0_F1: 0.8941, accuracy: 0.9043, average_F1: 0.9034, loss: 0.1862 ||:   7%|7         | 6/82 [00:03<00:44,  1.71it/s]
1_F1: 0.9167, 0_F1: 0.9000, accuracy: 0.9091, average_F1: 0.9083, loss: 0.1875 ||:   9%|8         | 7/82 [00:04<00:44,  1.69it/s]
1_F1: 0.9231, 0_F1: 0.9180, accuracy: 0.9206, average_F1: 0.9206, loss: 0.1764 ||:  10%|9         | 8/82 [00:04<00:42,  1.73it/s]
1_F1: 0.9128, 0_F1: 0.9037, accuracy: 0.9085, average_F1: 0.9082, loss: 0.2234 ||:  11%|#         | 9/82 [00:05<00:39,  1.85it/s]
1_F1: 0.9222, 0_F1: 0.9128, accuracy: 0.9177, average_F1: 0.9175, loss: 0.2124 ||:  12%|#2        | 10/82 [00:05<00:41,  1.73it/s]
1_F1: 0.9274, 0_F1: 0.9231, accuracy: 0.9253, average_F1: 0.9252, loss: 0.2014 ||:  13%|#3        | 11/82 [00:06<00:41,  1.73it/s]
1_F1: 0.9215, 0_F1: 0.9206, accuracy: 0.9211, average_F1: 0.9211, loss: 0.2118 ||:  15%|#4        | 12/82 [00:06<00:40,  1.75it/s]
1_F1: 0.9202, 0_F1: 0.9146, accuracy: 0.9175, average_F1: 0.9174, loss: 0.2113 ||:  16%|#5        | 13/82 [00:07<00:37,  1.86it/s]
1_F1: 0.9264, 0_F1: 0.9202, accuracy: 0.9234, average_F1: 0.9233, loss: 0.2039 ||:  17%|#7        | 14/82 [00:08<00:39,  1.74it/s]
1_F1: 0.9174, 0_F1: 0.9145, accuracy: 0.9160, average_F1: 0.9159, loss: 0.2215 ||:  18%|#8        | 15/82 [00:08<00:37,  1.78it/s]
1_F1: 0.9147, 0_F1: 0.9120, accuracy: 0.9134, average_F1: 0.9134, loss: 0.2207 ||:  20%|#9        | 16/82 [00:09<00:36,  1.79it/s]
1_F1: 0.9173, 0_F1: 0.9197, accuracy: 0.9185, average_F1: 0.9185, loss: 0.2114 ||:  21%|##        | 17/82 [00:09<00:37,  1.71it/s]
1_F1: 0.9104, 0_F1: 0.9147, accuracy: 0.9126, average_F1: 0.9125, loss: 0.2150 ||:  22%|##1       | 18/82 [00:10<00:36,  1.76it/s]
1_F1: 0.9153, 0_F1: 0.9191, accuracy: 0.9172, average_F1: 0.9172, loss: 0.2099 ||:  23%|##3       | 19/82 [00:10<00:34,  1.81it/s]
1_F1: 0.9150, 0_F1: 0.9212, accuracy: 0.9182, average_F1: 0.9181, loss: 0.2122 ||:  24%|##4       | 20/82 [00:11<00:33,  1.85it/s]
1_F1: 0.9182, 0_F1: 0.9257, accuracy: 0.9222, average_F1: 0.9220, loss: 0.2072 ||:  26%|##5       | 21/82 [00:11<00:33,  1.84it/s]
1_F1: 0.9212, 0_F1: 0.9297, accuracy: 0.9257, average_F1: 0.9255, loss: 0.2020 ||:  27%|##6       | 22/82 [00:12<00:32,  1.85it/s]
1_F1: 0.9208, 0_F1: 0.9309, accuracy: 0.9262, average_F1: 0.9259, loss: 0.2005 ||:  28%|##8       | 23/82 [00:13<00:32,  1.79it/s]
1_F1: 0.9256, 0_F1: 0.9327, accuracy: 0.9293, average_F1: 0.9291, loss: 0.1975 ||:  29%|##9       | 24/82 [00:13<00:26,  2.15it/s]
1_F1: 0.9299, 0_F1: 0.9343, accuracy: 0.9322, average_F1: 0.9321, loss: 0.1926 ||:  30%|###       | 25/82 [00:13<00:22,  2.48it/s]
1_F1: 0.9303, 0_F1: 0.9343, accuracy: 0.9324, average_F1: 0.9323, loss: 0.1995 ||:  32%|###1      | 26/82 [00:13<00:20,  2.74it/s]
1_F1: 0.9333, 0_F1: 0.9364, accuracy: 0.9349, average_F1: 0.9348, loss: 0.1941 ||:  33%|###2      | 27/82 [00:14<00:18,  3.05it/s]
1_F1: 0.9358, 0_F1: 0.9386, accuracy: 0.9372, average_F1: 0.9372, loss: 0.1915 ||:  34%|###4      | 28/82 [00:14<00:17,  3.13it/s]
1_F1: 0.9342, 0_F1: 0.9359, accuracy: 0.9351, average_F1: 0.9351, loss: 0.1962 ||:  35%|###5      | 29/82 [00:14<00:14,  3.60it/s]
1_F1: 0.9302, 0_F1: 0.9317, accuracy: 0.9310, average_F1: 0.9310, loss: 0.1993 ||:  37%|###6      | 30/82 [00:14<00:14,  3.63it/s]
1_F1: 0.9328, 0_F1: 0.9336, accuracy: 0.9332, average_F1: 0.9332, loss: 0.1967 ||:  38%|###7      | 31/82 [00:15<00:18,  2.81it/s]
1_F1: 0.9336, 0_F1: 0.9331, accuracy: 0.9333, average_F1: 0.9333, loss: 0.1957 ||:  39%|###9      | 32/82 [00:15<00:21,  2.37it/s]
1_F1: 0.9316, 0_F1: 0.9316, accuracy: 0.9316, average_F1: 0.9316, loss: 0.2030 ||:  40%|####      | 33/82 [00:16<00:22,  2.18it/s]
1_F1: 0.9328, 0_F1: 0.9343, accuracy: 0.9336, average_F1: 0.9336, loss: 0.1994 ||:  41%|####1     | 34/82 [00:17<00:25,  1.89it/s]
1_F1: 0.9355, 0_F1: 0.9355, accuracy: 0.9355, average_F1: 0.9355, loss: 0.1954 ||:  43%|####2     | 35/82 [00:17<00:25,  1.87it/s]
1_F1: 0.9368, 0_F1: 0.9377, accuracy: 0.9373, average_F1: 0.9373, loss: 0.1930 ||:  44%|####3     | 36/82 [00:20<00:52,  1.14s/it]
1_F1: 0.9392, 0_F1: 0.9388, accuracy: 0.9390, average_F1: 0.9390, loss: 0.1897 ||:  45%|####5     | 37/82 [00:20<00:42,  1.06it/s]
1_F1: 0.9377, 0_F1: 0.9369, accuracy: 0.9373, average_F1: 0.9373, loss: 0.1908 ||:  46%|####6     | 38/82 [00:21<00:36,  1.22it/s]
1_F1: 0.9363, 0_F1: 0.9351, accuracy: 0.9357, average_F1: 0.9357, loss: 0.1944 ||:  48%|####7     | 39/82 [00:21<00:31,  1.35it/s]
1_F1: 0.9321, 0_F1: 0.9299, accuracy: 0.9310, average_F1: 0.9310, loss: 0.2017 ||:  49%|####8     | 40/82 [00:22<00:27,  1.51it/s]
1_F1: 0.9321, 0_F1: 0.9302, accuracy: 0.9312, average_F1: 0.9312, loss: 0.2027 ||:  50%|#####     | 41/82 [00:22<00:24,  1.67it/s]
1_F1: 0.9322, 0_F1: 0.9305, accuracy: 0.9313, average_F1: 0.9313, loss: 0.2005 ||:  51%|#####1    | 42/82 [00:23<00:24,  1.60it/s]
1_F1: 0.9324, 0_F1: 0.9306, accuracy: 0.9315, average_F1: 0.9315, loss: 0.1997 ||:  52%|#####2    | 43/82 [00:23<00:22,  1.76it/s]
1_F1: 0.9307, 0_F1: 0.9297, accuracy: 0.9302, average_F1: 0.9302, loss: 0.2057 ||:  54%|#####3    | 44/82 [00:24<00:21,  1.76it/s]
1_F1: 0.9306, 0_F1: 0.9302, accuracy: 0.9304, average_F1: 0.9304, loss: 0.2059 ||:  55%|#####4    | 45/82 [00:25<00:22,  1.67it/s]
1_F1: 0.9289, 0_F1: 0.9267, accuracy: 0.9278, average_F1: 0.9278, loss: 0.2108 ||:  56%|#####6    | 46/82 [00:25<00:19,  1.83it/s]
1_F1: 0.9304, 0_F1: 0.9283, accuracy: 0.9293, average_F1: 0.9293, loss: 0.2087 ||:  57%|#####7    | 47/82 [00:26<00:19,  1.80it/s]
1_F1: 0.9311, 0_F1: 0.9278, accuracy: 0.9295, average_F1: 0.9295, loss: 0.2081 ||:  59%|#####8    | 48/82 [00:26<00:19,  1.79it/s]
1_F1: 0.9322, 0_F1: 0.9297, accuracy: 0.9309, average_F1: 0.9309, loss: 0.2053 ||:  60%|#####9    | 49/82 [00:27<00:19,  1.73it/s]
1_F1: 0.9318, 0_F1: 0.9303, accuracy: 0.9311, average_F1: 0.9311, loss: 0.2061 ||:  61%|######    | 50/82 [00:27<00:18,  1.76it/s]
1_F1: 0.9322, 0_F1: 0.9302, accuracy: 0.9312, average_F1: 0.9312, loss: 0.2060 ||:  62%|######2   | 51/82 [00:28<00:17,  1.78it/s]
1_F1: 0.9322, 0_F1: 0.9304, accuracy: 0.9313, average_F1: 0.9313, loss: 0.2048 ||:  63%|######3   | 52/82 [00:29<00:17,  1.68it/s]
1_F1: 0.9327, 0_F1: 0.9301, accuracy: 0.9314, average_F1: 0.9314, loss: 0.2055 ||:  65%|######4   | 53/82 [00:29<00:17,  1.68it/s]
1_F1: 0.9326, 0_F1: 0.9305, accuracy: 0.9316, average_F1: 0.9315, loss: 0.2038 ||:  66%|######5   | 54/82 [00:30<00:17,  1.57it/s]
1_F1: 0.9314, 0_F1: 0.9296, accuracy: 0.9305, average_F1: 0.9305, loss: 0.2036 ||:  67%|######7   | 55/82 [00:30<00:16,  1.68it/s]
1_F1: 0.9298, 0_F1: 0.9293, accuracy: 0.9295, average_F1: 0.9295, loss: 0.2042 ||:  68%|######8   | 56/82 [00:31<00:13,  1.97it/s]
1_F1: 0.9294, 0_F1: 0.9277, accuracy: 0.9286, average_F1: 0.9286, loss: 0.2039 ||:  70%|######9   | 57/82 [00:31<00:10,  2.36it/s]
1_F1: 0.9296, 0_F1: 0.9278, accuracy: 0.9287, average_F1: 0.9287, loss: 0.2032 ||:  71%|#######   | 58/82 [00:31<00:08,  2.79it/s]
1_F1: 0.9310, 0_F1: 0.9289, accuracy: 0.9299, average_F1: 0.9299, loss: 0.2015 ||:  72%|#######1  | 59/82 [00:31<00:07,  3.11it/s]
1_F1: 0.9321, 0_F1: 0.9301, accuracy: 0.9311, average_F1: 0.9311, loss: 0.1992 ||:  73%|#######3  | 60/82 [00:32<00:06,  3.28it/s]
1_F1: 0.9321, 0_F1: 0.9303, accuracy: 0.9312, average_F1: 0.9312, loss: 0.1991 ||:  74%|#######4  | 61/82 [00:32<00:07,  2.76it/s]
1_F1: 0.9329, 0_F1: 0.9317, accuracy: 0.9323, average_F1: 0.9323, loss: 0.1969 ||:  76%|#######5  | 62/82 [00:33<00:08,  2.38it/s]
1_F1: 0.9322, 0_F1: 0.9307, accuracy: 0.9314, average_F1: 0.9314, loss: 0.1992 ||:  77%|#######6  | 63/82 [00:33<00:08,  2.33it/s]
1_F1: 0.9316, 0_F1: 0.9314, accuracy: 0.9315, average_F1: 0.9315, loss: 0.1983 ||:  78%|#######8  | 64/82 [00:34<00:08,  2.13it/s]
1_F1: 0.9309, 0_F1: 0.9304, accuracy: 0.9306, average_F1: 0.9306, loss: 0.1985 ||:  79%|#######9  | 65/82 [00:34<00:08,  1.89it/s]
1_F1: 0.9298, 0_F1: 0.9298, accuracy: 0.9298, average_F1: 0.9298, loss: 0.1985 ||:  80%|########  | 66/82 [00:35<00:08,  1.83it/s]
1_F1: 0.9281, 0_F1: 0.9280, accuracy: 0.9280, average_F1: 0.9280, loss: 0.1995 ||:  82%|########1 | 67/82 [00:36<00:08,  1.73it/s]
1_F1: 0.9276, 0_F1: 0.9287, accuracy: 0.9282, average_F1: 0.9282, loss: 0.2002 ||:  83%|########2 | 68/82 [00:36<00:08,  1.66it/s]
1_F1: 0.9293, 0_F1: 0.9291, accuracy: 0.9292, average_F1: 0.9292, loss: 0.1991 ||:  84%|########4 | 69/82 [00:37<00:07,  1.65it/s]
1_F1: 0.9305, 0_F1: 0.9300, accuracy: 0.9302, average_F1: 0.9302, loss: 0.1967 ||:  85%|########5 | 70/82 [00:38<00:07,  1.68it/s]
1_F1: 0.9298, 0_F1: 0.9291, accuracy: 0.9295, average_F1: 0.9295, loss: 0.1991 ||:  87%|########6 | 71/82 [00:38<00:06,  1.75it/s]
1_F1: 0.9293, 0_F1: 0.9281, accuracy: 0.9287, average_F1: 0.9287, loss: 0.1998 ||:  88%|########7 | 72/82 [00:39<00:06,  1.66it/s]
1_F1: 0.9305, 0_F1: 0.9288, accuracy: 0.9297, average_F1: 0.9297, loss: 0.1984 ||:  89%|########9 | 73/82 [00:39<00:05,  1.60it/s]
1_F1: 0.9302, 0_F1: 0.9276, accuracy: 0.9289, average_F1: 0.9289, loss: 0.1985 ||:  90%|######### | 74/82 [00:40<00:04,  1.65it/s]
1_F1: 0.9307, 0_F1: 0.9273, accuracy: 0.9290, average_F1: 0.9290, loss: 0.1983 ||:  91%|#########1| 75/82 [00:41<00:04,  1.68it/s]
1_F1: 0.9316, 0_F1: 0.9283, accuracy: 0.9300, average_F1: 0.9299, loss: 0.1970 ||:  93%|#########2| 76/82 [00:41<00:03,  1.63it/s]
1_F1: 0.9309, 0_F1: 0.9276, accuracy: 0.9293, average_F1: 0.9292, loss: 0.1985 ||:  94%|#########3| 77/82 [00:42<00:02,  1.68it/s]
1_F1: 0.9301, 0_F1: 0.9270, accuracy: 0.9286, average_F1: 0.9285, loss: 0.1990 ||:  95%|#########5| 78/82 [00:42<00:02,  1.71it/s]
1_F1: 0.9277, 0_F1: 0.9248, accuracy: 0.9263, average_F1: 0.9263, loss: 0.2034 ||:  96%|#########6| 79/82 [00:43<00:01,  1.65it/s]
1_F1: 0.9286, 0_F1: 0.9258, accuracy: 0.9272, average_F1: 0.9272, loss: 0.2025 ||:  98%|#########7| 80/82 [00:43<00:01,  1.75it/s]
1_F1: 0.9284, 0_F1: 0.9263, accuracy: 0.9274, average_F1: 0.9273, loss: 0.2025 ||:  99%|#########8| 81/82 [00:44<00:00,  1.81it/s]
1_F1: 0.9293, 0_F1: 0.9271, accuracy: 0.9282, average_F1: 0.9282, loss: 0.2007 ||: 100%|##########| 82/82 [00:45<00:00,  1.69it/s]
1_F1: 0.9293, 0_F1: 0.9271, accuracy: 0.9282, average_F1: 0.9282, loss: 0.2007 ||: 100%|##########| 82/82 [00:45<00:00,  1.82it/s]

  0%|          | 0/11 [00:00<?, ?it/s]
1_F1: 0.8889, 0_F1: 0.8571, accuracy: 0.8750, average_F1: 0.8730, loss: 0.4194 ||:   9%|9         | 1/11 [00:00<00:01,  6.76it/s]
1_F1: 0.8485, 0_F1: 0.8387, accuracy: 0.8438, average_F1: 0.8436, loss: 0.4978 ||:  18%|#8        | 2/11 [00:00<00:01,  6.88it/s]
1_F1: 0.8462, 0_F1: 0.8182, accuracy: 0.8333, average_F1: 0.8322, loss: 0.6260 ||:  27%|##7       | 3/11 [00:00<00:01,  6.72it/s]
1_F1: 0.8824, 0_F1: 0.8667, accuracy: 0.8750, average_F1: 0.8745, loss: 0.5079 ||:  36%|###6      | 4/11 [00:00<00:01,  6.59it/s]
1_F1: 0.8889, 0_F1: 0.8861, accuracy: 0.8875, average_F1: 0.8875, loss: 0.4606 ||:  45%|####5     | 5/11 [00:00<00:00,  6.96it/s]
1_F1: 0.8913, 0_F1: 0.9000, accuracy: 0.8958, average_F1: 0.8957, loss: 0.4217 ||:  55%|#####4    | 6/11 [00:00<00:00,  6.33it/s]
1_F1: 0.8952, 0_F1: 0.9076, accuracy: 0.9018, average_F1: 0.9014, loss: 0.3859 ||:  64%|######3   | 7/11 [00:01<00:00,  5.98it/s]
1_F1: 0.9032, 0_F1: 0.9091, accuracy: 0.9062, average_F1: 0.9062, loss: 0.3696 ||:  73%|#######2  | 8/11 [00:01<00:00,  5.75it/s]
1_F1: 0.8889, 0_F1: 0.9020, accuracy: 0.8958, average_F1: 0.8954, loss: 0.3528 ||:  82%|########1 | 9/11 [00:01<00:00,  5.55it/s]
1_F1: 0.8831, 0_F1: 0.8916, accuracy: 0.8875, average_F1: 0.8873, loss: 0.3447 ||:  91%|######### | 10/11 [00:01<00:00,  6.00it/s]
1_F1: 0.8831, 0_F1: 0.8941, accuracy: 0.8889, average_F1: 0.8886, loss: 0.3225 ||: 100%|##########| 11/11 [00:01<00:00,  6.48it/s]

  0%|          | 0/82 [00:00<?, ?it/s]
1_F1: 0.9474, 0_F1: 0.9231, accuracy: 0.9375, average_F1: 0.9352, loss: 0.1284 ||:   1%|1         | 1/82 [00:00<00:40,  2.00it/s]
1_F1: 0.9730, 0_F1: 0.9630, accuracy: 0.9688, average_F1: 0.9680, loss: 0.0895 ||:   2%|2         | 2/82 [00:01<00:43,  1.85it/s]
1_F1: 0.9583, 0_F1: 0.9583, accuracy: 0.9583, average_F1: 0.9583, loss: 0.1240 ||:   4%|3         | 3/82 [00:01<00:42,  1.85it/s]
1_F1: 0.9524, 0_F1: 0.9538, accuracy: 0.9531, average_F1: 0.9531, loss: 0.1369 ||:   5%|4         | 4/82 [00:02<00:42,  1.84it/s]
1_F1: 0.9535, 0_F1: 0.9459, accuracy: 0.9500, average_F1: 0.9497, loss: 0.1448 ||:   6%|6         | 5/82 [00:02<00:42,  1.83it/s]
1_F1: 0.9623, 0_F1: 0.9535, accuracy: 0.9583, average_F1: 0.9579, loss: 0.1287 ||:   7%|7         | 6/82 [00:03<00:42,  1.79it/s]
1_F1: 0.9587, 0_F1: 0.9515, accuracy: 0.9554, average_F1: 0.9551, loss: 0.1329 ||:   9%|8         | 7/82 [00:03<00:42,  1.77it/s]
1_F1: 0.9496, 0_F1: 0.9402, accuracy: 0.9453, average_F1: 0.9449, loss: 0.1529 ||:  10%|9         | 8/82 [00:04<00:37,  1.95it/s]
1_F1: 0.9487, 0_F1: 0.9394, accuracy: 0.9444, average_F1: 0.9441, loss: 0.1551 ||:  11%|#         | 9/82 [00:04<00:38,  1.90it/s]
1_F1: 0.9556, 0_F1: 0.9429, accuracy: 0.9500, average_F1: 0.9492, loss: 0.1472 ||:  12%|#2        | 10/82 [00:05<00:37,  1.94it/s]
1_F1: 0.9515, 0_F1: 0.9315, accuracy: 0.9432, average_F1: 0.9415, loss: 0.1636 ||:  13%|#3        | 11/82 [00:05<00:34,  2.06it/s]
1_F1: 0.9545, 0_F1: 0.9390, accuracy: 0.9479, average_F1: 0.9468, loss: 0.1518 ||:  15%|#4        | 12/82 [00:06<00:36,  1.91it/s]
1_F1: 0.9569, 0_F1: 0.9457, accuracy: 0.9519, average_F1: 0.9513, loss: 0.1451 ||:  16%|#5        | 13/82 [00:06<00:37,  1.85it/s]
1_F1: 0.9565, 0_F1: 0.9436, accuracy: 0.9509, average_F1: 0.9501, loss: 0.1468 ||:  17%|#7        | 14/82 [00:07<00:35,  1.92it/s]
1_F1: 0.9565, 0_F1: 0.9412, accuracy: 0.9500, average_F1: 0.9488, loss: 0.1453 ||:  18%|#8        | 15/82 [00:08<00:37,  1.79it/s]
1_F1: 0.9597, 0_F1: 0.9439, accuracy: 0.9531, average_F1: 0.9518, loss: 0.1428 ||:  20%|#9        | 16/82 [00:08<00:39,  1.69it/s]
1_F1: 0.9551, 0_F1: 0.9397, accuracy: 0.9485, average_F1: 0.9474, loss: 0.1459 ||:  21%|##        | 17/82 [00:09<00:38,  1.70it/s]
1_F1: 0.9581, 0_F1: 0.9421, accuracy: 0.9514, average_F1: 0.9501, loss: 0.1414 ||:  22%|##1       | 18/82 [00:09<00:38,  1.66it/s]
1_F1: 0.9570, 0_F1: 0.9421, accuracy: 0.9507, average_F1: 0.9496, loss: 0.1481 ||:  23%|##3       | 19/82 [00:10<00:36,  1.73it/s]
1_F1: 0.9584, 0_F1: 0.9462, accuracy: 0.9531, average_F1: 0.9523, loss: 0.1440 ||:  24%|##4       | 20/82 [00:11<00:34,  1.80it/s]
1_F1: 0.9606, 0_F1: 0.9485, accuracy: 0.9554, average_F1: 0.9545, loss: 0.1393 ||:  26%|##5       | 21/82 [00:11<00:33,  1.81it/s]
1_F1: 0.9572, 0_F1: 0.9446, accuracy: 0.9517, average_F1: 0.9509, loss: 0.1467 ||:  27%|##6       | 22/82 [00:12<00:31,  1.92it/s]
1_F1: 0.9582, 0_F1: 0.9483, accuracy: 0.9538, average_F1: 0.9533, loss: 0.1461 ||:  28%|##8       | 23/82 [00:12<00:30,  1.92it/s]
1_F1: 0.9577, 0_F1: 0.9474, accuracy: 0.9531, average_F1: 0.9526, loss: 0.1458 ||:  29%|##9       | 24/82 [00:12<00:28,  2.05it/s]
1_F1: 0.9595, 0_F1: 0.9494, accuracy: 0.9550, average_F1: 0.9544, loss: 0.1422 ||:  30%|###       | 25/82 [00:13<00:29,  1.92it/s]
1_F1: 0.9610, 0_F1: 0.9514, accuracy: 0.9567, average_F1: 0.9562, loss: 0.1390 ||:  32%|###1      | 26/82 [00:14<00:29,  1.91it/s]
1_F1: 0.9605, 0_F1: 0.9504, accuracy: 0.9560, average_F1: 0.9554, loss: 0.1412 ||:  33%|###2      | 27/82 [00:14<00:28,  1.95it/s]
1_F1: 0.9598, 0_F1: 0.9497, accuracy: 0.9554, average_F1: 0.9548, loss: 0.1419 ||:  34%|###4      | 28/82 [00:15<00:29,  1.86it/s]
1_F1: 0.9605, 0_F1: 0.9526, accuracy: 0.9569, average_F1: 0.9565, loss: 0.1403 ||:  35%|###5      | 29/82 [00:15<00:28,  1.87it/s]
1_F1: 0.9617, 0_F1: 0.9543, accuracy: 0.9583, average_F1: 0.9580, loss: 0.1390 ||:  37%|###6      | 30/82 [00:16<00:28,  1.85it/s]
1_F1: 0.9621, 0_F1: 0.9569, accuracy: 0.9597, average_F1: 0.9595, loss: 0.1356 ||:  38%|###7      | 31/82 [00:16<00:30,  1.68it/s]
1_F1: 0.9632, 0_F1: 0.9583, accuracy: 0.9609, average_F1: 0.9608, loss: 0.1333 ||:  39%|###9      | 32/82 [00:17<00:28,  1.76it/s]
1_F1: 0.9609, 0_F1: 0.9555, accuracy: 0.9583, average_F1: 0.9582, loss: 0.1376 ||:  40%|####      | 33/82 [00:18<00:27,  1.76it/s]
1_F1: 0.9603, 0_F1: 0.9548, accuracy: 0.9577, average_F1: 0.9575, loss: 0.1401 ||:  41%|####1     | 34/82 [00:18<00:27,  1.74it/s]
1_F1: 0.9611, 0_F1: 0.9565, accuracy: 0.9589, average_F1: 0.9588, loss: 0.1382 ||:  43%|####2     | 35/82 [00:18<00:23,  1.98it/s]
1_F1: 0.9620, 0_F1: 0.9580, accuracy: 0.9601, average_F1: 0.9600, loss: 0.1366 ||:  44%|####3     | 36/82 [00:19<00:19,  2.31it/s]
1_F1: 0.9625, 0_F1: 0.9594, accuracy: 0.9610, average_F1: 0.9610, loss: 0.1346 ||:  45%|####5     | 37/82 [00:19<00:18,  2.38it/s]
1_F1: 0.9635, 0_F1: 0.9604, accuracy: 0.9620, average_F1: 0.9620, loss: 0.1320 ||:  46%|####6     | 38/82 [00:19<00:17,  2.49it/s]
1_F1: 0.9646, 0_F1: 0.9613, accuracy: 0.9630, average_F1: 0.9630, loss: 0.1305 ||:  48%|####7     | 39/82 [00:20<00:15,  2.73it/s]
1_F1: 0.9655, 0_F1: 0.9622, accuracy: 0.9639, average_F1: 0.9639, loss: 0.1285 ||:  49%|####8     | 40/82 [00:20<00:14,  2.94it/s]
1_F1: 0.9664, 0_F1: 0.9631, accuracy: 0.9648, average_F1: 0.9648, loss: 0.1275 ||:  50%|#####     | 41/82 [00:21<00:16,  2.46it/s]
1_F1: 0.9657, 0_F1: 0.9625, accuracy: 0.9642, average_F1: 0.9641, loss: 0.1275 ||:  51%|#####1    | 42/82 [00:21<00:18,  2.12it/s]
1_F1: 0.9664, 0_F1: 0.9635, accuracy: 0.9650, average_F1: 0.9650, loss: 0.1262 ||:  52%|#####2    | 43/82 [00:22<00:18,  2.14it/s]
1_F1: 0.9669, 0_F1: 0.9646, accuracy: 0.9658, average_F1: 0.9658, loss: 0.1238 ||:  54%|#####3    | 44/82 [00:22<00:18,  2.00it/s]
1_F1: 0.9661, 0_F1: 0.9642, accuracy: 0.9652, average_F1: 0.9652, loss: 0.1252 ||:  55%|#####4    | 45/82 [00:23<00:19,  1.88it/s]
1_F1: 0.9639, 0_F1: 0.9626, accuracy: 0.9632, average_F1: 0.9632, loss: 0.1287 ||:  56%|#####6    | 46/82 [00:23<00:19,  1.85it/s]
1_F1: 0.9632, 0_F1: 0.9622, accuracy: 0.9627, average_F1: 0.9627, loss: 0.1289 ||:  57%|#####7    | 47/82 [00:24<00:19,  1.84it/s]
1_F1: 0.9614, 0_F1: 0.9602, accuracy: 0.9608, average_F1: 0.9608, loss: 0.1334 ||:  59%|#####8    | 48/82 [00:25<00:18,  1.84it/s]
1_F1: 0.9622, 0_F1: 0.9610, accuracy: 0.9616, average_F1: 0.9616, loss: 0.1322 ||:  60%|#####9    | 49/82 [00:25<00:18,  1.82it/s]
1_F1: 0.9627, 0_F1: 0.9621, accuracy: 0.9624, average_F1: 0.9624, loss: 0.1304 ||:  61%|######    | 50/82 [00:26<00:17,  1.82it/s]
1_F1: 0.9639, 0_F1: 0.9624, accuracy: 0.9631, average_F1: 0.9631, loss: 0.1292 ||:  62%|######2   | 51/82 [00:26<00:16,  1.88it/s]
1_F1: 0.9646, 0_F1: 0.9631, accuracy: 0.9639, average_F1: 0.9638, loss: 0.1286 ||:  63%|######3   | 52/82 [00:27<00:17,  1.71it/s]
1_F1: 0.9642, 0_F1: 0.9625, accuracy: 0.9634, average_F1: 0.9633, loss: 0.1323 ||:  65%|######4   | 53/82 [00:27<00:15,  1.83it/s]
1_F1: 0.9636, 0_F1: 0.9621, accuracy: 0.9629, average_F1: 0.9629, loss: 0.1315 ||:  66%|######5   | 54/82 [00:28<00:16,  1.72it/s]
1_F1: 0.9640, 0_F1: 0.9631, accuracy: 0.9636, average_F1: 0.9635, loss: 0.1303 ||:  67%|######7   | 55/82 [00:28<00:13,  2.01it/s]
1_F1: 0.9635, 0_F1: 0.9626, accuracy: 0.9631, average_F1: 0.9631, loss: 0.1297 ||:  68%|######8   | 56/82 [00:29<00:11,  2.33it/s]
1_F1: 0.9646, 0_F1: 0.9628, accuracy: 0.9637, average_F1: 0.9637, loss: 0.1300 ||:  70%|######9   | 57/82 [00:29<00:08,  2.79it/s]
1_F1: 0.9639, 0_F1: 0.9626, accuracy: 0.9633, average_F1: 0.9633, loss: 0.1300 ||:  71%|#######   | 58/82 [00:29<00:08,  2.95it/s]
1_F1: 0.9635, 0_F1: 0.9622, accuracy: 0.9628, average_F1: 0.9628, loss: 0.1320 ||:  72%|#######1  | 59/82 [00:29<00:07,  3.03it/s]
1_F1: 0.9621, 0_F1: 0.9606, accuracy: 0.9614, average_F1: 0.9614, loss: 0.1320 ||:  73%|#######3  | 60/82 [00:30<00:06,  3.25it/s]
1_F1: 0.9617, 0_F1: 0.9603, accuracy: 0.9610, average_F1: 0.9610, loss: 0.1323 ||:  74%|#######4  | 61/82 [00:30<00:06,  3.23it/s]
1_F1: 0.9606, 0_F1: 0.9585, accuracy: 0.9596, average_F1: 0.9596, loss: 0.1336 ||:  76%|#######5  | 62/82 [00:30<00:05,  3.41it/s]
1_F1: 0.9601, 0_F1: 0.9584, accuracy: 0.9592, average_F1: 0.9592, loss: 0.1334 ||:  77%|#######6  | 63/82 [00:30<00:05,  3.29it/s]
1_F1: 0.9607, 0_F1: 0.9590, accuracy: 0.9599, average_F1: 0.9599, loss: 0.1327 ||:  78%|#######8  | 64/82 [00:31<00:05,  3.37it/s]
1_F1: 0.9584, 0_F1: 0.9568, accuracy: 0.9576, average_F1: 0.9576, loss: 0.1350 ||:  79%|#######9  | 65/82 [00:31<00:04,  3.59it/s]
1_F1: 0.9573, 0_F1: 0.9553, accuracy: 0.9564, average_F1: 0.9563, loss: 0.1357 ||:  80%|########  | 66/82 [00:31<00:04,  3.40it/s]
1_F1: 0.9572, 0_F1: 0.9549, accuracy: 0.9561, average_F1: 0.9560, loss: 0.1350 ||:  82%|########1 | 67/82 [00:32<00:04,  3.26it/s]
1_F1: 0.9560, 0_F1: 0.9537, accuracy: 0.9549, average_F1: 0.9549, loss: 0.1353 ||:  83%|########2 | 68/82 [00:32<00:04,  3.28it/s]
1_F1: 0.9555, 0_F1: 0.9537, accuracy: 0.9546, average_F1: 0.9546, loss: 0.1348 ||:  84%|########4 | 69/82 [00:32<00:03,  3.33it/s]
1_F1: 0.9541, 0_F1: 0.9529, accuracy: 0.9535, average_F1: 0.9535, loss: 0.1364 ||:  85%|########5 | 70/82 [00:32<00:03,  3.49it/s]
1_F1: 0.9540, 0_F1: 0.9526, accuracy: 0.9533, average_F1: 0.9533, loss: 0.1369 ||:  87%|########6 | 71/82 [00:33<00:02,  3.73it/s]
1_F1: 0.9537, 0_F1: 0.9524, accuracy: 0.9530, average_F1: 0.9530, loss: 0.1379 ||:  88%|########7 | 72/82 [00:33<00:02,  3.67it/s]
1_F1: 0.9542, 0_F1: 0.9532, accuracy: 0.9537, average_F1: 0.9537, loss: 0.1368 ||:  89%|########9 | 73/82 [00:33<00:02,  3.69it/s]
1_F1: 0.9546, 0_F1: 0.9540, accuracy: 0.9543, average_F1: 0.9543, loss: 0.1363 ||:  90%|######### | 74/82 [00:34<00:02,  3.44it/s]
1_F1: 0.9542, 0_F1: 0.9540, accuracy: 0.9541, average_F1: 0.9541, loss: 0.1362 ||:  91%|#########1| 75/82 [00:34<00:02,  3.24it/s]
1_F1: 0.9547, 0_F1: 0.9547, accuracy: 0.9547, average_F1: 0.9547, loss: 0.1353 ||:  93%|#########2| 76/82 [00:34<00:01,  3.14it/s]
1_F1: 0.9545, 0_F1: 0.9545, accuracy: 0.9545, average_F1: 0.9545, loss: 0.1360 ||:  94%|#########3| 77/82 [00:35<00:01,  3.10it/s]
1_F1: 0.9545, 0_F1: 0.9540, accuracy: 0.9543, average_F1: 0.9543, loss: 0.1379 ||:  95%|#########5| 78/82 [00:35<00:01,  3.34it/s]
1_F1: 0.9533, 0_F1: 0.9532, accuracy: 0.9532, average_F1: 0.9532, loss: 0.1383 ||:  96%|#########6| 79/82 [00:35<00:00,  3.51it/s]
1_F1: 0.9539, 0_F1: 0.9537, accuracy: 0.9538, average_F1: 0.9538, loss: 0.1373 ||:  98%|#########7| 80/82 [00:35<00:00,  3.45it/s]
1_F1: 0.9545, 0_F1: 0.9543, accuracy: 0.9544, average_F1: 0.9544, loss: 0.1368 ||:  99%|#########8| 81/82 [00:36<00:00,  3.41it/s]
1_F1: 0.9552, 0_F1: 0.9547, accuracy: 0.9550, average_F1: 0.9550, loss: 0.1358 ||: 100%|##########| 82/82 [00:36<00:00,  3.55it/s]
1_F1: 0.9552, 0_F1: 0.9547, accuracy: 0.9550, average_F1: 0.9550, loss: 0.1358 ||: 100%|##########| 82/82 [00:36<00:00,  2.25it/s]

  0%|          | 0/11 [00:00<?, ?it/s]
1_F1: 0.8108, 0_F1: 0.7407, accuracy: 0.7812, average_F1: 0.7758, loss: 0.4380 ||:  18%|#8        | 2/11 [00:00<00:01,  8.01it/s]
1_F1: 0.8387, 0_F1: 0.7059, accuracy: 0.7917, average_F1: 0.7723, loss: 0.4774 ||:  27%|##7       | 3/11 [00:00<00:01,  7.52it/s]
1_F1: 0.8421, 0_F1: 0.7692, accuracy: 0.8125, average_F1: 0.8057, loss: 0.4878 ||:  36%|###6      | 4/11 [00:00<00:00,  7.00it/s]
1_F1: 0.8478, 0_F1: 0.7941, accuracy: 0.8250, average_F1: 0.8210, loss: 0.4290 ||:  45%|####5     | 5/11 [00:00<00:00,  7.11it/s]
1_F1: 0.8545, 0_F1: 0.8049, accuracy: 0.8333, average_F1: 0.8297, loss: 0.4238 ||:  55%|#####4    | 6/11 [00:00<00:00,  6.70it/s]
1_F1: 0.8525, 0_F1: 0.8235, accuracy: 0.8393, average_F1: 0.8380, loss: 0.3948 ||:  64%|######3   | 7/11 [00:01<00:00,  6.41it/s]
1_F1: 0.8613, 0_F1: 0.8403, accuracy: 0.8516, average_F1: 0.8508, loss: 0.3645 ||:  73%|#######2  | 8/11 [00:01<00:00,  5.92it/s]
1_F1: 0.8627, 0_F1: 0.8444, accuracy: 0.8542, average_F1: 0.8536, loss: 0.3562 ||:  82%|########1 | 9/11 [00:01<00:00,  5.62it/s]
1_F1: 0.8639, 0_F1: 0.8477, accuracy: 0.8562, average_F1: 0.8558, loss: 0.3359 ||:  91%|######### | 10/11 [00:01<00:00,  5.46it/s]
1_F1: 0.8655, 0_F1: 0.8497, accuracy: 0.8580, average_F1: 0.8576, loss: 0.3155 ||: 100%|##########| 11/11 [00:01<00:00,  6.47it/s]

  0%|          | 0/82 [00:00<?, ?it/s]
1_F1: 1.0000, 0_F1: 1.0000, accuracy: 1.0000, average_F1: 1.0000, loss: 0.0453 ||:   1%|1         | 1/82 [00:00<00:50,  1.59it/s]
1_F1: 1.0000, 0_F1: 1.0000, accuracy: 1.0000, average_F1: 1.0000, loss: 0.0512 ||:   2%|2         | 2/82 [00:01<00:47,  1.69it/s]
1_F1: 0.9825, 0_F1: 0.9744, accuracy: 0.9792, average_F1: 0.9784, loss: 0.0842 ||:   4%|3         | 3/82 [00:01<00:43,  1.81it/s]
1_F1: 0.9589, 0_F1: 0.9455, accuracy: 0.9531, average_F1: 0.9522, loss: 0.1131 ||:   5%|4         | 4/82 [00:02<00:43,  1.79it/s]
1_F1: 0.9663, 0_F1: 0.9577, accuracy: 0.9625, average_F1: 0.9620, loss: 0.0975 ||:   6%|6         | 5/82 [00:02<00:42,  1.80it/s]
1_F1: 0.9691, 0_F1: 0.9670, accuracy: 0.9681, average_F1: 0.9681, loss: 0.0856 ||:   7%|7         | 6/82 [00:03<00:46,  1.63it/s]
1_F1: 0.9661, 0_F1: 0.9608, accuracy: 0.9636, average_F1: 0.9634, loss: 0.0879 ||:   9%|8         | 7/82 [00:04<00:44,  1.70it/s]
1_F1: 0.9701, 0_F1: 0.9661, accuracy: 0.9683, average_F1: 0.9681, loss: 0.0817 ||:  10%|9         | 8/82 [00:04<00:43,  1.72it/s]
1_F1: 0.9730, 0_F1: 0.9706, accuracy: 0.9718, average_F1: 0.9718, loss: 0.0761 ||:  11%|#         | 9/82 [00:05<00:41,  1.78it/s]
1_F1: 0.9693, 0_F1: 0.9673, accuracy: 0.9684, average_F1: 0.9683, loss: 0.0871 ||:  12%|#2        | 10/82 [00:05<00:41,  1.73it/s]
1_F1: 0.9708, 0_F1: 0.9718, accuracy: 0.9713, average_F1: 0.9713, loss: 0.0852 ||:  13%|#3        | 11/82 [00:06<00:41,  1.73it/s]
1_F1: 0.9727, 0_F1: 0.9746, accuracy: 0.9737, average_F1: 0.9736, loss: 0.0801 ||:  15%|#4        | 12/82 [00:06<00:40,  1.73it/s]
1_F1: 0.9744, 0_F1: 0.9770, accuracy: 0.9757, average_F1: 0.9757, loss: 0.0787 ||:  16%|#5        | 13/82 [00:07<00:39,  1.74it/s]
1_F1: 0.9765, 0_F1: 0.9784, accuracy: 0.9775, average_F1: 0.9774, loss: 0.0759 ||:  17%|#7        | 14/82 [00:07<00:38,  1.78it/s]
1_F1: 0.9692, 0_F1: 0.9719, accuracy: 0.9706, average_F1: 0.9705, loss: 0.0866 ||:  18%|#8        | 15/82 [00:08<00:36,  1.82it/s]
1_F1: 0.9719, 0_F1: 0.9730, accuracy: 0.9724, average_F1: 0.9724, loss: 0.0841 ||:  20%|#9        | 16/82 [00:09<00:38,  1.73it/s]
1_F1: 0.9744, 0_F1: 0.9738, accuracy: 0.9741, average_F1: 0.9741, loss: 0.0823 ||:  21%|##        | 17/82 [00:09<00:35,  1.83it/s]
1_F1: 0.9766, 0_F1: 0.9744, accuracy: 0.9755, average_F1: 0.9755, loss: 0.0793 ||:  22%|##1       | 18/82 [00:10<00:36,  1.78it/s]
1_F1: 0.9779, 0_F1: 0.9756, accuracy: 0.9768, average_F1: 0.9768, loss: 0.0776 ||:  23%|##3       | 19/82 [00:10<00:36,  1.73it/s]
1_F1: 0.9730, 0_F1: 0.9703, accuracy: 0.9717, average_F1: 0.9716, loss: 0.0833 ||:  24%|##4       | 20/82 [00:11<00:33,  1.83it/s]
1_F1: 0.9713, 0_F1: 0.9687, accuracy: 0.9701, average_F1: 0.9700, loss: 0.0915 ||:  26%|##5       | 21/82 [00:11<00:32,  1.89it/s]
1_F1: 0.9728, 0_F1: 0.9699, accuracy: 0.9714, average_F1: 0.9714, loss: 0.0890 ||:  27%|##6       | 22/82 [00:12<00:34,  1.73it/s]
1_F1: 0.9734, 0_F1: 0.9719, accuracy: 0.9727, average_F1: 0.9727, loss: 0.0861 ||:  28%|##8       | 23/82 [00:13<00:35,  1.64it/s]
1_F1: 0.9738, 0_F1: 0.9738, accuracy: 0.9738, average_F1: 0.9738, loss: 0.0858 ||:  29%|##9       | 24/82 [00:13<00:35,  1.62it/s]
1_F1: 0.9747, 0_F1: 0.9750, accuracy: 0.9749, average_F1: 0.9749, loss: 0.0844 ||:  30%|###       | 25/82 [00:14<00:33,  1.68it/s]
1_F1: 0.9756, 0_F1: 0.9761, accuracy: 0.9758, average_F1: 0.9758, loss: 0.0821 ||:  32%|###1      | 26/82 [00:14<00:32,  1.74it/s]
1_F1: 0.9735, 0_F1: 0.9753, accuracy: 0.9744, average_F1: 0.9744, loss: 0.0831 ||:  33%|###2      | 27/82 [00:15<00:30,  1.79it/s]
1_F1: 0.9744, 0_F1: 0.9762, accuracy: 0.9753, average_F1: 0.9753, loss: 0.0834 ||:  34%|###4      | 28/82 [00:15<00:31,  1.74it/s]
1_F1: 0.9752, 0_F1: 0.9771, accuracy: 0.9762, average_F1: 0.9762, loss: 0.0825 ||:  35%|###5      | 29/82 [00:16<00:30,  1.73it/s]
1_F1: 0.9737, 0_F1: 0.9760, accuracy: 0.9749, average_F1: 0.9748, loss: 0.0854 ||:  37%|###6      | 30/82 [00:17<00:29,  1.75it/s]
1_F1: 0.9744, 0_F1: 0.9769, accuracy: 0.9757, average_F1: 0.9756, loss: 0.0852 ||:  38%|###7      | 31/82 [00:17<00:28,  1.80it/s]
1_F1: 0.9755, 0_F1: 0.9774, accuracy: 0.9765, average_F1: 0.9764, loss: 0.0854 ||:  39%|###9      | 32/82 [00:18<00:29,  1.71it/s]
1_F1: 0.9725, 0_F1: 0.9742, accuracy: 0.9734, average_F1: 0.9734, loss: 0.0868 ||:  40%|####      | 33/82 [00:18<00:25,  1.91it/s]
1_F1: 0.9736, 0_F1: 0.9747, accuracy: 0.9742, average_F1: 0.9742, loss: 0.0857 ||:  41%|####1     | 34/82 [00:19<00:27,  1.75it/s]
1_F1: 0.9745, 0_F1: 0.9754, accuracy: 0.9749, average_F1: 0.9749, loss: 0.0846 ||:  43%|####2     | 35/82 [00:19<00:26,  1.79it/s]
1_F1: 0.9734, 0_F1: 0.9744, accuracy: 0.9739, average_F1: 0.9739, loss: 0.0874 ||:  44%|####3     | 36/82 [00:20<00:25,  1.82it/s]
1_F1: 0.9741, 0_F1: 0.9750, accuracy: 0.9746, average_F1: 0.9746, loss: 0.0855 ||:  45%|####5     | 37/82 [00:21<00:26,  1.69it/s]
1_F1: 0.9745, 0_F1: 0.9759, accuracy: 0.9752, average_F1: 0.9752, loss: 0.0853 ||:  46%|####6     | 38/82 [00:21<00:26,  1.67it/s]
1_F1: 0.9753, 0_F1: 0.9765, accuracy: 0.9759, average_F1: 0.9759, loss: 0.0853 ||:  48%|####7     | 39/82 [00:22<00:24,  1.74it/s]
1_F1: 0.9755, 0_F1: 0.9774, accuracy: 0.9765, average_F1: 0.9765, loss: 0.0836 ||:  49%|####8     | 40/82 [00:23<00:26,  1.59it/s]
1_F1: 0.9760, 0_F1: 0.9780, accuracy: 0.9771, average_F1: 0.9770, loss: 0.0819 ||:  50%|#####     | 41/82 [00:23<00:24,  1.68it/s]
1_F1: 0.9749, 0_F1: 0.9772, accuracy: 0.9761, average_F1: 0.9761, loss: 0.0820 ||:  51%|#####1    | 42/82 [00:24<00:23,  1.71it/s]
1_F1: 0.9756, 0_F1: 0.9777, accuracy: 0.9767, average_F1: 0.9766, loss: 0.0808 ||:  52%|#####2    | 43/82 [00:24<00:23,  1.66it/s]
1_F1: 0.9761, 0_F1: 0.9782, accuracy: 0.9772, average_F1: 0.9772, loss: 0.0800 ||:  54%|#####3    | 44/82 [00:25<00:21,  1.78it/s]
1_F1: 0.9767, 0_F1: 0.9787, accuracy: 0.9777, average_F1: 0.9777, loss: 0.0795 ||:  55%|#####4    | 45/82 [00:25<00:20,  1.82it/s]
1_F1: 0.9773, 0_F1: 0.9791, accuracy: 0.9782, average_F1: 0.9782, loss: 0.0786 ||:  56%|#####6    | 46/82 [00:26<00:21,  1.70it/s]
1_F1: 0.9780, 0_F1: 0.9793, accuracy: 0.9787, average_F1: 0.9786, loss: 0.0775 ||:  57%|#####7    | 47/82 [00:26<00:20,  1.69it/s]
1_F1: 0.9786, 0_F1: 0.9796, accuracy: 0.9791, average_F1: 0.9791, loss: 0.0772 ||:  59%|#####8    | 48/82 [00:27<00:19,  1.78it/s]
1_F1: 0.9777, 0_F1: 0.9788, accuracy: 0.9783, average_F1: 0.9782, loss: 0.0795 ||:  60%|#####9    | 49/82 [00:28<00:19,  1.73it/s]
1_F1: 0.9780, 0_F1: 0.9794, accuracy: 0.9787, average_F1: 0.9787, loss: 0.0787 ||:  61%|######    | 50/82 [00:28<00:18,  1.73it/s]
1_F1: 0.9784, 0_F1: 0.9798, accuracy: 0.9791, average_F1: 0.9791, loss: 0.0776 ||:  62%|######2   | 51/82 [00:29<00:17,  1.82it/s]
1_F1: 0.9763, 0_F1: 0.9778, accuracy: 0.9771, average_F1: 0.9771, loss: 0.0788 ||:  63%|######3   | 52/82 [00:29<00:16,  1.82it/s]
1_F1: 0.9756, 0_F1: 0.9771, accuracy: 0.9764, average_F1: 0.9763, loss: 0.0830 ||:  65%|######4   | 53/82 [00:30<00:15,  1.91it/s]
1_F1: 0.9761, 0_F1: 0.9774, accuracy: 0.9768, average_F1: 0.9768, loss: 0.0819 ||:  66%|######5   | 54/82 [00:30<00:16,  1.71it/s]
1_F1: 0.9755, 0_F1: 0.9766, accuracy: 0.9761, average_F1: 0.9761, loss: 0.0827 ||:  67%|######7   | 55/82 [00:31<00:15,  1.77it/s]
1_F1: 0.9761, 0_F1: 0.9769, accuracy: 0.9765, average_F1: 0.9765, loss: 0.0827 ||:  68%|######8   | 56/82 [00:32<00:15,  1.68it/s]
1_F1: 0.9765, 0_F1: 0.9773, accuracy: 0.9769, average_F1: 0.9769, loss: 0.0821 ||:  70%|######9   | 57/82 [00:32<00:13,  1.79it/s]
1_F1: 0.9758, 0_F1: 0.9766, accuracy: 0.9762, average_F1: 0.9762, loss: 0.0856 ||:  71%|#######   | 58/82 [00:33<00:13,  1.76it/s]
1_F1: 0.9763, 0_F1: 0.9770, accuracy: 0.9766, average_F1: 0.9766, loss: 0.0855 ||:  72%|#######1  | 59/82 [00:33<00:13,  1.75it/s]
1_F1: 0.9757, 0_F1: 0.9763, accuracy: 0.9760, average_F1: 0.9760, loss: 0.0866 ||:  73%|#######3  | 60/82 [00:34<00:12,  1.79it/s]
1_F1: 0.9762, 0_F1: 0.9766, accuracy: 0.9764, average_F1: 0.9764, loss: 0.0857 ||:  74%|#######4  | 61/82 [00:34<00:11,  1.84it/s]
1_F1: 0.9759, 0_F1: 0.9757, accuracy: 0.9758, average_F1: 0.9758, loss: 0.0860 ||:  76%|#######5  | 62/82 [00:35<00:10,  1.98it/s]
1_F1: 0.9753, 0_F1: 0.9750, accuracy: 0.9751, average_F1: 0.9751, loss: 0.0860 ||:  77%|#######6  | 63/82 [00:35<00:10,  1.89it/s]
1_F1: 0.9756, 0_F1: 0.9755, accuracy: 0.9755, average_F1: 0.9755, loss: 0.0855 ||:  78%|#######8  | 64/82 [00:36<00:09,  1.83it/s]
1_F1: 0.9759, 0_F1: 0.9759, accuracy: 0.9759, average_F1: 0.9759, loss: 0.0849 ||:  79%|#######9  | 65/82 [00:36<00:09,  1.79it/s]
1_F1: 0.9753, 0_F1: 0.9754, accuracy: 0.9753, average_F1: 0.9753, loss: 0.0873 ||:  80%|########  | 66/82 [00:37<00:08,  1.81it/s]
1_F1: 0.9756, 0_F1: 0.9758, accuracy: 0.9757, average_F1: 0.9757, loss: 0.0864 ||:  82%|########1 | 67/82 [00:37<00:08,  1.85it/s]
1_F1: 0.9751, 0_F1: 0.9752, accuracy: 0.9751, average_F1: 0.9751, loss: 0.0866 ||:  83%|########2 | 68/82 [00:38<00:07,  1.82it/s]
1_F1: 0.9755, 0_F1: 0.9755, accuracy: 0.9755, average_F1: 0.9755, loss: 0.0859 ||:  84%|########4 | 69/82 [00:39<00:07,  1.70it/s]
1_F1: 0.9760, 0_F1: 0.9757, accuracy: 0.9758, average_F1: 0.9758, loss: 0.0850 ||:  85%|########5 | 70/82 [00:39<00:06,  1.77it/s]
1_F1: 0.9754, 0_F1: 0.9752, accuracy: 0.9753, average_F1: 0.9753, loss: 0.0851 ||:  87%|########6 | 71/82 [00:40<00:06,  1.81it/s]
1_F1: 0.9748, 0_F1: 0.9747, accuracy: 0.9748, average_F1: 0.9748, loss: 0.0869 ||:  88%|########7 | 72/82 [00:42<00:10,  1.07s/it]
1_F1: 0.9753, 0_F1: 0.9749, accuracy: 0.9751, average_F1: 0.9751, loss: 0.0871 ||:  89%|########9 | 73/82 [00:42<00:07,  1.25it/s]
1_F1: 0.9756, 0_F1: 0.9754, accuracy: 0.9755, average_F1: 0.9755, loss: 0.0875 ||:  90%|######### | 74/82 [00:43<00:05,  1.51it/s]
1_F1: 0.9752, 0_F1: 0.9747, accuracy: 0.9750, average_F1: 0.9750, loss: 0.0890 ||:  91%|#########1| 75/82 [00:43<00:03,  1.85it/s]
1_F1: 0.9756, 0_F1: 0.9750, accuracy: 0.9753, average_F1: 0.9753, loss: 0.0885 ||:  93%|#########2| 76/82 [00:43<00:02,  2.09it/s]
1_F1: 0.9759, 0_F1: 0.9753, accuracy: 0.9756, average_F1: 0.9756, loss: 0.0878 ||:  94%|#########3| 77/82 [00:43<00:02,  2.34it/s]
1_F1: 0.9753, 0_F1: 0.9749, accuracy: 0.9751, average_F1: 0.9751, loss: 0.0879 ||:  95%|#########5| 78/82 [00:44<00:01,  2.11it/s]
1_F1: 0.9756, 0_F1: 0.9753, accuracy: 0.9754, average_F1: 0.9754, loss: 0.0873 ||:  96%|#########6| 79/82 [00:45<00:01,  1.98it/s]
1_F1: 0.9750, 0_F1: 0.9749, accuracy: 0.9750, average_F1: 0.9750, loss: 0.0877 ||:  98%|#########7| 80/82 [00:45<00:01,  1.88it/s]
1_F1: 0.9739, 0_F1: 0.9735, accuracy: 0.9737, average_F1: 0.9737, loss: 0.0904 ||:  99%|#########8| 81/82 [00:46<00:00,  1.93it/s]
1_F1: 0.9742, 0_F1: 0.9739, accuracy: 0.9740, average_F1: 0.9740, loss: 0.0903 ||: 100%|##########| 82/82 [00:46<00:00,  1.83it/s]
1_F1: 0.9742, 0_F1: 0.9739, accuracy: 0.9740, average_F1: 0.9740, loss: 0.0903 ||: 100%|##########| 82/82 [00:46<00:00,  1.75it/s]

  0%|          | 0/11 [00:00<?, ?it/s]
1_F1: 0.9412, 0_F1: 0.9333, accuracy: 0.9375, average_F1: 0.9373, loss: 0.2504 ||:   9%|9         | 1/11 [00:00<00:01,  6.12it/s]
1_F1: 0.8571, 0_F1: 0.8276, accuracy: 0.8438, average_F1: 0.8424, loss: 0.4724 ||:  18%|#8        | 2/11 [00:00<00:01,  5.89it/s]
1_F1: 0.8621, 0_F1: 0.7895, accuracy: 0.8333, average_F1: 0.8258, loss: 0.5996 ||:  27%|##7       | 3/11 [00:00<00:01,  6.17it/s]
1_F1: 0.8571, 0_F1: 0.8276, accuracy: 0.8438, average_F1: 0.8424, loss: 0.5243 ||:  36%|###6      | 4/11 [00:00<00:01,  6.22it/s]
1_F1: 0.8372, 0_F1: 0.8108, accuracy: 0.8250, average_F1: 0.8240, loss: 0.4929 ||:  45%|####5     | 5/11 [00:00<00:00,  6.31it/s]
1_F1: 0.8454, 0_F1: 0.8421, accuracy: 0.8438, average_F1: 0.8437, loss: 0.4532 ||:  55%|#####4    | 6/11 [00:00<00:00,  7.03it/s]
1_F1: 0.8673, 0_F1: 0.8649, accuracy: 0.8661, average_F1: 0.8661, loss: 0.3987 ||:  64%|######3   | 7/11 [00:01<00:00,  6.41it/s]
1_F1: 0.8702, 0_F1: 0.8640, accuracy: 0.8672, average_F1: 0.8671, loss: 0.3743 ||:  73%|#######2  | 8/11 [00:01<00:00,  6.08it/s]
1_F1: 0.8811, 0_F1: 0.8828, accuracy: 0.8819, average_F1: 0.8819, loss: 0.3460 ||:  82%|########1 | 9/11 [00:01<00:00,  5.61it/s]
1_F1: 0.8750, 0_F1: 0.8750, accuracy: 0.8750, average_F1: 0.8750, loss: 0.3463 ||:  91%|######### | 10/11 [00:01<00:00,  5.97it/s]
1_F1: 0.8765, 0_F1: 0.8765, accuracy: 0.8765, average_F1: 0.8765, loss: 0.3234 ||: 100%|##########| 11/11 [00:01<00:00,  6.44it/s]

  0%|          | 0/82 [00:00<?, ?it/s]
1_F1: 1.0000, 0_F1: 1.0000, accuracy: 1.0000, average_F1: 1.0000, loss: 0.0550 ||:   1%|1         | 1/82 [00:00<00:51,  1.57it/s]
1_F1: 0.9744, 0_F1: 0.9600, accuracy: 0.9688, average_F1: 0.9672, loss: 0.0595 ||:   2%|2         | 2/82 [00:01<00:47,  1.68it/s]
1_F1: 0.9818, 0_F1: 0.9756, accuracy: 0.9792, average_F1: 0.9787, loss: 0.0750 ||:   4%|3         | 3/82 [00:01<00:44,  1.79it/s]
1_F1: 0.9577, 0_F1: 0.9474, accuracy: 0.9531, average_F1: 0.9526, loss: 0.1042 ||:   5%|4         | 4/82 [00:02<00:42,  1.82it/s]
1_F1: 0.9412, 0_F1: 0.9333, accuracy: 0.9375, average_F1: 0.9373, loss: 0.1598 ||:   6%|6         | 5/82 [00:02<00:41,  1.87it/s]
1_F1: 0.9515, 0_F1: 0.9438, accuracy: 0.9479, average_F1: 0.9476, loss: 0.1385 ||:   7%|7         | 6/82 [00:03<00:40,  1.90it/s]
1_F1: 0.9580, 0_F1: 0.9524, accuracy: 0.9554, average_F1: 0.9552, loss: 0.1302 ||:   9%|8         | 7/82 [00:03<00:36,  2.08it/s]
1_F1: 0.9624, 0_F1: 0.9593, accuracy: 0.9609, average_F1: 0.9609, loss: 0.1166 ||:  10%|9         | 8/82 [00:04<00:39,  1.89it/s]
1_F1: 0.9655, 0_F1: 0.9650, accuracy: 0.9653, average_F1: 0.9653, loss: 0.1063 ||:  11%|#         | 9/82 [00:04<00:42,  1.72it/s]
1_F1: 0.9697, 0_F1: 0.9677, accuracy: 0.9688, average_F1: 0.9687, loss: 0.1010 ||:  12%|#2        | 10/82 [00:05<00:41,  1.75it/s]
1_F1: 0.9730, 0_F1: 0.9701, accuracy: 0.9716, average_F1: 0.9715, loss: 0.0960 ||:  13%|#3        | 11/82 [00:05<00:37,  1.87it/s]
1_F1: 0.9761, 0_F1: 0.9714, accuracy: 0.9740, average_F1: 0.9738, loss: 0.0901 ||:  15%|#4        | 12/82 [00:06<00:38,  1.81it/s]
1_F1: 0.9778, 0_F1: 0.9738, accuracy: 0.9760, average_F1: 0.9758, loss: 0.0856 ||:  16%|#5        | 13/82 [00:07<00:37,  1.82it/s]
1_F1: 0.9791, 0_F1: 0.9761, accuracy: 0.9777, average_F1: 0.9776, loss: 0.0817 ||:  17%|#7        | 14/82 [00:07<00:41,  1.66it/s]
1_F1: 0.9805, 0_F1: 0.9776, accuracy: 0.9792, average_F1: 0.9791, loss: 0.0776 ||:  18%|#8        | 15/82 [00:08<00:39,  1.69it/s]
1_F1: 0.9813, 0_F1: 0.9796, accuracy: 0.9805, average_F1: 0.9804, loss: 0.0751 ||:  20%|#9        | 16/82 [00:08<00:39,  1.69it/s]
1_F1: 0.9784, 0_F1: 0.9774, accuracy: 0.9779, average_F1: 0.9779, loss: 0.0742 ||:  21%|##        | 17/82 [00:09<00:38,  1.70it/s]
1_F1: 0.9793, 0_F1: 0.9790, accuracy: 0.9792, average_F1: 0.9792, loss: 0.0718 ||:  22%|##1       | 18/82 [00:10<00:37,  1.70it/s]
1_F1: 0.9806, 0_F1: 0.9799, accuracy: 0.9803, average_F1: 0.9803, loss: 0.0702 ||:  23%|##3       | 19/82 [00:10<00:35,  1.77it/s]
1_F1: 0.9814, 0_F1: 0.9811, accuracy: 0.9812, average_F1: 0.9812, loss: 0.0677 ||:  24%|##4       | 20/82 [00:11<00:34,  1.80it/s]
1_F1: 0.9821, 0_F1: 0.9821, accuracy: 0.9821, average_F1: 0.9821, loss: 0.0653 ||:  26%|##5       | 21/82 [00:11<00:33,  1.83it/s]
1_F1: 0.9831, 0_F1: 0.9829, accuracy: 0.9830, average_F1: 0.9830, loss: 0.0636 ||:  27%|##6       | 22/82 [00:12<00:32,  1.87it/s]
1_F1: 0.9837, 0_F1: 0.9837, accuracy: 0.9837, average_F1: 0.9837, loss: 0.0646 ||:  28%|##8       | 23/82 [00:12<00:31,  1.88it/s]
1_F1: 0.9818, 0_F1: 0.9817, accuracy: 0.9818, average_F1: 0.9818, loss: 0.0652 ||:  29%|##9       | 24/82 [00:13<00:31,  1.82it/s]
1_F1: 0.9828, 0_F1: 0.9822, accuracy: 0.9825, average_F1: 0.9825, loss: 0.0638 ||:  30%|###       | 25/82 [00:13<00:30,  1.90it/s]
1_F1: 0.9831, 0_F1: 0.9832, accuracy: 0.9832, average_F1: 0.9832, loss: 0.0627 ||:  32%|###1      | 26/82 [00:14<00:31,  1.80it/s]
1_F1: 0.9840, 0_F1: 0.9836, accuracy: 0.9838, average_F1: 0.9838, loss: 0.0610 ||:  33%|###2      | 27/82 [00:15<00:32,  1.69it/s]
1_F1: 0.9844, 0_F1: 0.9843, accuracy: 0.9844, average_F1: 0.9844, loss: 0.0603 ||:  34%|###4      | 28/82 [00:15<00:31,  1.72it/s]
1_F1: 0.9851, 0_F1: 0.9847, accuracy: 0.9849, average_F1: 0.9849, loss: 0.0603 ||:  35%|###5      | 29/82 [00:15<00:28,  1.87it/s]
1_F1: 0.9852, 0_F1: 0.9855, accuracy: 0.9854, average_F1: 0.9854, loss: 0.0591 ||:  37%|###6      | 30/82 [00:16<00:30,  1.69it/s]
1_F1: 0.9836, 0_F1: 0.9840, accuracy: 0.9838, average_F1: 0.9838, loss: 0.0642 ||:  38%|###7      | 31/82 [00:17<00:29,  1.72it/s]
1_F1: 0.9843, 0_F1: 0.9844, accuracy: 0.9843, average_F1: 0.9843, loss: 0.0629 ||:  39%|###9      | 32/82 [00:17<00:28,  1.76it/s]
1_F1: 0.9846, 0_F1: 0.9850, accuracy: 0.9848, average_F1: 0.9848, loss: 0.0622 ||:  40%|####      | 33/82 [00:18<00:26,  1.83it/s]
1_F1: 0.9815, 0_F1: 0.9816, accuracy: 0.9815, average_F1: 0.9815, loss: 0.0672 ||:  41%|####1     | 34/82 [00:18<00:25,  1.85it/s]
1_F1: 0.9786, 0_F1: 0.9783, accuracy: 0.9785, average_F1: 0.9785, loss: 0.0686 ||:  43%|####2     | 35/82 [00:19<00:24,  1.89it/s]
1_F1: 0.9793, 0_F1: 0.9789, accuracy: 0.9791, average_F1: 0.9791, loss: 0.0676 ||:  44%|####3     | 36/82 [00:19<00:25,  1.83it/s]
1_F1: 0.9801, 0_F1: 0.9792, accuracy: 0.9797, average_F1: 0.9797, loss: 0.0664 ||:  45%|####5     | 37/82 [00:20<00:24,  1.84it/s]
1_F1: 0.9806, 0_F1: 0.9797, accuracy: 0.9802, average_F1: 0.9802, loss: 0.0654 ||:  46%|####6     | 38/82 [00:20<00:23,  1.90it/s]
1_F1: 0.9810, 0_F1: 0.9805, accuracy: 0.9807, average_F1: 0.9807, loss: 0.0644 ||:  48%|####7     | 39/82 [00:21<00:23,  1.85it/s]
1_F1: 0.9815, 0_F1: 0.9809, accuracy: 0.9812, average_F1: 0.9812, loss: 0.0634 ||:  49%|####8     | 40/82 [00:22<00:23,  1.76it/s]
1_F1: 0.9820, 0_F1: 0.9813, accuracy: 0.9817, average_F1: 0.9816, loss: 0.0629 ||:  50%|#####     | 41/82 [00:22<00:23,  1.72it/s]
1_F1: 0.9826, 0_F1: 0.9816, accuracy: 0.9821, average_F1: 0.9821, loss: 0.0623 ||:  51%|#####1    | 42/82 [00:23<00:23,  1.72it/s]
1_F1: 0.9830, 0_F1: 0.9820, accuracy: 0.9825, average_F1: 0.9825, loss: 0.0615 ||:  52%|#####2    | 43/82 [00:24<00:23,  1.63it/s]
1_F1: 0.9823, 0_F1: 0.9806, accuracy: 0.9815, average_F1: 0.9814, loss: 0.0640 ||:  54%|#####3    | 44/82 [00:24<00:21,  1.81it/s]
1_F1: 0.9826, 0_F1: 0.9812, accuracy: 0.9819, average_F1: 0.9819, loss: 0.0638 ||:  55%|#####4    | 45/82 [00:24<00:19,  1.87it/s]
1_F1: 0.9830, 0_F1: 0.9816, accuracy: 0.9823, average_F1: 0.9823, loss: 0.0629 ||:  56%|#####6    | 46/82 [00:25<00:20,  1.79it/s]
1_F1: 0.9833, 0_F1: 0.9820, accuracy: 0.9827, average_F1: 0.9826, loss: 0.0622 ||:  57%|#####7    | 47/82 [00:26<00:20,  1.70it/s]
1_F1: 0.9836, 0_F1: 0.9825, accuracy: 0.9830, average_F1: 0.9830, loss: 0.0613 ||:  59%|#####8    | 48/82 [00:26<00:20,  1.68it/s]
1_F1: 0.9838, 0_F1: 0.9829, accuracy: 0.9834, average_F1: 0.9834, loss: 0.0611 ||:  60%|#####9    | 49/82 [00:27<00:19,  1.68it/s]
1_F1: 0.9842, 0_F1: 0.9832, accuracy: 0.9837, average_F1: 0.9837, loss: 0.0603 ||:  61%|######    | 50/82 [00:27<00:17,  1.85it/s]
1_F1: 0.9844, 0_F1: 0.9837, accuracy: 0.9840, average_F1: 0.9840, loss: 0.0595 ||:  62%|######2   | 51/82 [00:28<00:17,  1.77it/s]
1_F1: 0.9834, 0_F1: 0.9828, accuracy: 0.9831, average_F1: 0.9831, loss: 0.0630 ||:  63%|######3   | 52/82 [00:29<00:16,  1.78it/s]
1_F1: 0.9825, 0_F1: 0.9820, accuracy: 0.9823, average_F1: 0.9823, loss: 0.0654 ||:  65%|######4   | 53/82 [00:29<00:15,  1.82it/s]
1_F1: 0.9829, 0_F1: 0.9823, accuracy: 0.9826, average_F1: 0.9826, loss: 0.0645 ||:  66%|######5   | 54/82 [00:30<00:15,  1.79it/s]
1_F1: 0.9831, 0_F1: 0.9827, accuracy: 0.9829, average_F1: 0.9829, loss: 0.0637 ||:  67%|######7   | 55/82 [00:30<00:16,  1.69it/s]
1_F1: 0.9823, 0_F1: 0.9819, accuracy: 0.9821, average_F1: 0.9821, loss: 0.0659 ||:  68%|######8   | 56/82 [00:31<00:15,  1.71it/s]
1_F1: 0.9826, 0_F1: 0.9823, accuracy: 0.9824, average_F1: 0.9824, loss: 0.0661 ||:  70%|######9   | 57/82 [00:31<00:14,  1.78it/s]
1_F1: 0.9818, 0_F1: 0.9815, accuracy: 0.9816, average_F1: 0.9816, loss: 0.0665 ||:  71%|#######   | 58/82 [00:32<00:13,  1.72it/s]
1_F1: 0.9822, 0_F1: 0.9817, accuracy: 0.9820, average_F1: 0.9820, loss: 0.0658 ||:  72%|#######1  | 59/82 [00:33<00:12,  1.77it/s]
1_F1: 0.9825, 0_F1: 0.9820, accuracy: 0.9823, average_F1: 0.9823, loss: 0.0652 ||:  73%|#######3  | 60/82 [00:33<00:11,  1.86it/s]
1_F1: 0.9829, 0_F1: 0.9821, accuracy: 0.9825, average_F1: 0.9825, loss: 0.0645 ||:  74%|#######4  | 61/82 [00:34<00:11,  1.76it/s]
1_F1: 0.9833, 0_F1: 0.9823, accuracy: 0.9828, average_F1: 0.9828, loss: 0.0638 ||:  76%|#######5  | 62/82 [00:34<00:11,  1.74it/s]
1_F1: 0.9836, 0_F1: 0.9825, accuracy: 0.9831, average_F1: 0.9831, loss: 0.0632 ||:  77%|#######6  | 63/82 [00:35<00:10,  1.76it/s]
1_F1: 0.9840, 0_F1: 0.9827, accuracy: 0.9834, average_F1: 0.9833, loss: 0.0627 ||:  78%|#######8  | 64/82 [00:35<00:10,  1.77it/s]
1_F1: 0.9842, 0_F1: 0.9830, accuracy: 0.9836, average_F1: 0.9836, loss: 0.0627 ||:  79%|#######9  | 65/82 [00:36<00:09,  1.80it/s]
1_F1: 0.9843, 0_F1: 0.9834, accuracy: 0.9839, average_F1: 0.9839, loss: 0.0622 ||:  80%|########  | 66/82 [00:36<00:08,  1.80it/s]
1_F1: 0.9847, 0_F1: 0.9835, accuracy: 0.9841, average_F1: 0.9841, loss: 0.0616 ||:  82%|########1 | 67/82 [00:37<00:08,  1.78it/s]
1_F1: 0.9848, 0_F1: 0.9839, accuracy: 0.9843, average_F1: 0.9843, loss: 0.0612 ||:  83%|########2 | 68/82 [00:38<00:08,  1.65it/s]
1_F1: 0.9850, 0_F1: 0.9842, accuracy: 0.9846, average_F1: 0.9846, loss: 0.0608 ||:  84%|########4 | 69/82 [00:38<00:07,  1.69it/s]
1_F1: 0.9835, 0_F1: 0.9825, accuracy: 0.9830, average_F1: 0.9830, loss: 0.0643 ||:  85%|########5 | 70/82 [00:39<00:06,  1.81it/s]
1_F1: 0.9837, 0_F1: 0.9828, accuracy: 0.9832, average_F1: 0.9832, loss: 0.0636 ||:  87%|########6 | 71/82 [00:39<00:06,  1.75it/s]
1_F1: 0.9839, 0_F1: 0.9830, accuracy: 0.9835, average_F1: 0.9835, loss: 0.0630 ||:  88%|########7 | 72/82 [00:40<00:06,  1.65it/s]
1_F1: 0.9841, 0_F1: 0.9833, accuracy: 0.9837, average_F1: 0.9837, loss: 0.0624 ||:  89%|########9 | 73/82 [00:41<00:05,  1.55it/s]
1_F1: 0.9843, 0_F1: 0.9836, accuracy: 0.9839, average_F1: 0.9839, loss: 0.0620 ||:  90%|######### | 74/82 [00:41<00:04,  1.65it/s]
1_F1: 0.9836, 0_F1: 0.9830, accuracy: 0.9833, average_F1: 0.9833, loss: 0.0620 ||:  91%|#########1| 75/82 [00:42<00:03,  2.01it/s]
1_F1: 0.9837, 0_F1: 0.9834, accuracy: 0.9835, average_F1: 0.9835, loss: 0.0614 ||:  93%|#########2| 76/82 [00:42<00:02,  2.28it/s]
1_F1: 0.9831, 0_F1: 0.9828, accuracy: 0.9829, average_F1: 0.9829, loss: 0.0614 ||:  94%|#########3| 77/82 [00:42<00:01,  2.58it/s]
1_F1: 0.9833, 0_F1: 0.9830, accuracy: 0.9831, average_F1: 0.9831, loss: 0.0612 ||:  95%|#########5| 78/82 [00:42<00:01,  3.05it/s]
1_F1: 0.9835, 0_F1: 0.9833, accuracy: 0.9834, average_F1: 0.9834, loss: 0.0607 ||:  96%|#########6| 79/82 [00:43<00:00,  3.15it/s]
1_F1: 0.9836, 0_F1: 0.9835, accuracy: 0.9836, average_F1: 0.9836, loss: 0.0602 ||:  98%|#########7| 80/82 [00:43<00:00,  2.57it/s]
1_F1: 0.9839, 0_F1: 0.9837, accuracy: 0.9838, average_F1: 0.9838, loss: 0.0596 ||:  99%|#########8| 81/82 [00:44<00:00,  2.25it/s]
1_F1: 0.9840, 0_F1: 0.9839, accuracy: 0.9840, average_F1: 0.9840, loss: 0.0591 ||: 100%|##########| 82/82 [00:44<00:00,  1.88it/s]
1_F1: 0.9840, 0_F1: 0.9839, accuracy: 0.9840, average_F1: 0.9840, loss: 0.0591 ||: 100%|##########| 82/82 [00:44<00:00,  1.82it/s]

  0%|          | 0/11 [00:00<?, ?it/s]
1_F1: 0.7778, 0_F1: 0.7143, accuracy: 0.7500, average_F1: 0.7460, loss: 0.3466 ||:   9%|9         | 1/11 [00:00<00:01,  5.83it/s]
1_F1: 0.7778, 0_F1: 0.7143, accuracy: 0.7500, average_F1: 0.7460, loss: 0.5845 ||:  18%|#8        | 2/11 [00:00<00:01,  5.78it/s]
1_F1: 0.8302, 0_F1: 0.7907, accuracy: 0.8125, average_F1: 0.8104, loss: 0.5102 ||:  27%|##7       | 3/11 [00:00<00:01,  5.98it/s]
1_F1: 0.8235, 0_F1: 0.8000, accuracy: 0.8125, average_F1: 0.8118, loss: 0.5630 ||:  36%|###6      | 4/11 [00:00<00:01,  5.96it/s]
1_F1: 0.8333, 0_F1: 0.8158, accuracy: 0.8250, average_F1: 0.8246, loss: 0.4875 ||:  45%|####5     | 5/11 [00:00<00:00,  6.29it/s]
1_F1: 0.8496, 0_F1: 0.8468, accuracy: 0.8482, average_F1: 0.8482, loss: 0.4212 ||:  64%|######3   | 7/11 [00:01<00:00,  6.49it/s]
1_F1: 0.8480, 0_F1: 0.8550, accuracy: 0.8516, average_F1: 0.8515, loss: 0.3931 ||:  73%|#######2  | 8/11 [00:01<00:00,  6.21it/s]
1_F1: 0.8369, 0_F1: 0.8435, accuracy: 0.8403, average_F1: 0.8402, loss: 0.3945 ||:  82%|########1 | 9/11 [00:01<00:00,  5.74it/s]
1_F1: 0.8408, 0_F1: 0.8466, accuracy: 0.8438, average_F1: 0.8437, loss: 0.3742 ||:  91%|######### | 10/11 [00:01<00:00,  6.07it/s]
1_F1: 0.8428, 0_F1: 0.8485, accuracy: 0.8457, average_F1: 0.8456, loss: 0.3441 ||: 100%|##########| 11/11 [00:01<00:00,  6.52it/s]

  0%|          | 0/11 [00:00<?, ?it/s]
1_F1: 0.62, 0_F1: 0.62, accuracy: 0.62, average_F1: 0.62, loss: 0.78 ||:   9%|9         | 1/11 [00:00<00:01,  9.52it/s]
1_F1: 0.81, 0_F1: 0.82, accuracy: 0.81, average_F1: 0.81, loss: 0.27 ||:  27%|##7       | 3/11 [00:00<00:00, 10.29it/s]
1_F1: 0.79, 0_F1: 0.80, accuracy: 0.80, average_F1: 0.80, loss: 0.54 ||:  45%|####5     | 5/11 [00:00<00:00, 11.01it/s]
1_F1: 0.74, 0_F1: 0.79, accuracy: 0.77, average_F1: 0.77, loss: 1.00 ||:  64%|######3   | 7/11 [00:00<00:00, 11.01it/s]
1_F1: 0.77, 0_F1: 0.81, accuracy: 0.79, average_F1: 0.79, loss: 0.48 ||:  82%|########1 | 9/11 [00:00<00:00, 10.55it/s]
1_F1: 0.77, 0_F1: 0.81, accuracy: 0.79, average_F1: 0.79, loss: 0.82 ||:  91%|######### | 10/11 [00:00<00:00,  9.85it/s]
1_F1: 0.77, 0_F1: 0.82, accuracy: 0.80, average_F1: 0.79, loss: 0.01 ||: 100%|##########| 11/11 [00:00<00:00, 11.55it/s]

