0it [00:00, ?it/s]
78it [00:00, 775.43it/s]
213it [00:00, 888.11it/s]
347it [00:00, 986.87it/s]
478it [00:00, 1064.35it/s]
573it [00:00, 851.55it/s] 
702it [00:00, 946.90it/s]
835it [00:00, 1035.48it/s]
970it [00:00, 1111.97it/s]
1101it [00:00, 1163.27it/s]
1235it [00:01, 1209.77it/s]
1310it [00:01, 1162.44it/s]

0it [00:00, ?it/s]
115it [00:00, 1143.51it/s]
162it [00:00, 1163.42it/s]

0it [00:00, ?it/s]
128it [00:00, 1273.23it/s]
162it [00:00, 1289.48it/s]

0it [00:00, ?it/s]
1634it [00:00, 98786.24it/s]

  0%|          | 0/82 [00:00<?, ?it/s]
neg_F1: 0.8571, pos_F1: 0.0000, accuracy: 0.7500, average_F1: 0.4286, loss: 0.6553 ||:   1%|1         | 1/82 [00:00<01:02,  1.29it/s]
neg_F1: 0.7925, pos_F1: 0.0000, accuracy: 0.6562, average_F1: 0.3962, loss: 1.0016 ||:   2%|2         | 2/82 [00:01<00:50,  1.59it/s]
neg_F1: 0.7692, pos_F1: 0.0000, accuracy: 0.6250, average_F1: 0.3846, loss: 0.8987 ||:   4%|3         | 3/82 [00:01<00:41,  1.91it/s]
neg_F1: 0.7925, pos_F1: 0.0000, accuracy: 0.6562, average_F1: 0.3962, loss: 0.8250 ||:   5%|4         | 4/82 [00:01<00:34,  2.29it/s]
neg_F1: 0.8060, pos_F1: 0.0000, accuracy: 0.6750, average_F1: 0.4030, loss: 0.7822 ||:   6%|6         | 5/82 [00:01<00:27,  2.76it/s]
neg_F1: 0.8075, pos_F1: 0.0000, accuracy: 0.6771, average_F1: 0.4037, loss: 0.7546 ||:   7%|7         | 6/82 [00:01<00:24,  3.10it/s]
neg_F1: 0.8148, pos_F1: 0.0000, accuracy: 0.6875, average_F1: 0.4074, loss: 0.7288 ||:   9%|8         | 7/82 [00:02<00:23,  3.14it/s]
neg_F1: 0.8148, pos_F1: 0.0000, accuracy: 0.6875, average_F1: 0.4074, loss: 0.7144 ||:  10%|9         | 8/82 [00:02<00:23,  3.17it/s]
neg_F1: 0.8099, pos_F1: 0.0000, accuracy: 0.6806, average_F1: 0.4050, loss: 0.7096 ||:  11%|#         | 9/82 [00:02<00:23,  3.13it/s]
neg_F1: 0.8060, pos_F1: 0.0000, accuracy: 0.6750, average_F1: 0.4030, loss: 0.7025 ||:  12%|#2        | 10/82 [00:03<00:21,  3.32it/s]
neg_F1: 0.8027, pos_F1: 0.0000, accuracy: 0.6705, average_F1: 0.4014, loss: 0.7013 ||:  13%|#3        | 11/82 [00:03<00:21,  3.33it/s]
neg_F1: 0.8037, pos_F1: 0.0000, accuracy: 0.6719, average_F1: 0.4019, loss: 0.6935 ||:  15%|#4        | 12/82 [00:03<00:19,  3.50it/s]
neg_F1: 0.8046, pos_F1: 0.0000, accuracy: 0.6731, average_F1: 0.4023, loss: 0.6833 ||:  16%|#5        | 13/82 [00:04<00:20,  3.35it/s]
neg_F1: 0.7957, pos_F1: 0.0000, accuracy: 0.6607, average_F1: 0.3978, loss: 0.6881 ||:  17%|#7        | 14/82 [00:04<00:21,  3.18it/s]
neg_F1: 0.7949, pos_F1: 0.0471, accuracy: 0.6625, average_F1: 0.4210, loss: 0.6840 ||:  18%|#8        | 15/82 [00:04<00:20,  3.34it/s]
neg_F1: 0.7905, pos_F1: 0.0435, accuracy: 0.6562, average_F1: 0.4170, loss: 0.6812 ||:  20%|#9        | 16/82 [00:04<00:18,  3.47it/s]
neg_F1: 0.7892, pos_F1: 0.0408, accuracy: 0.6544, average_F1: 0.4150, loss: 0.6777 ||:  21%|##        | 17/82 [00:05<00:18,  3.54it/s]
neg_F1: 0.7958, pos_F1: 0.0396, accuracy: 0.6632, average_F1: 0.4177, loss: 0.6677 ||:  22%|##1       | 18/82 [00:05<00:18,  3.37it/s]
neg_F1: 0.7992, pos_F1: 0.0381, accuracy: 0.6678, average_F1: 0.4187, loss: 0.6601 ||:  23%|##3       | 19/82 [00:05<00:19,  3.29it/s]
neg_F1: 0.8000, pos_F1: 0.0364, accuracy: 0.6687, average_F1: 0.4182, loss: 0.6540 ||:  24%|##4       | 20/82 [00:06<00:18,  3.37it/s]
neg_F1: 0.8029, pos_F1: 0.0351, accuracy: 0.6726, average_F1: 0.4190, loss: 0.6447 ||:  26%|##5       | 21/82 [00:06<00:17,  3.45it/s]
neg_F1: 0.8034, pos_F1: 0.0336, accuracy: 0.6733, average_F1: 0.4185, loss: 0.6433 ||:  27%|##6       | 22/82 [00:06<00:18,  3.30it/s]
neg_F1: 0.8039, pos_F1: 0.0323, accuracy: 0.6739, average_F1: 0.4181, loss: 0.6377 ||:  28%|##8       | 23/82 [00:07<00:18,  3.22it/s]
neg_F1: 0.8006, pos_F1: 0.0305, accuracy: 0.6693, average_F1: 0.4156, loss: 0.6379 ||:  29%|##9       | 24/82 [00:07<00:17,  3.24it/s]
neg_F1: 0.8042, pos_F1: 0.0851, accuracy: 0.6775, average_F1: 0.4447, loss: 0.6353 ||:  30%|###       | 25/82 [00:07<00:17,  3.20it/s]
neg_F1: 0.8041, pos_F1: 0.0946, accuracy: 0.6779, average_F1: 0.4493, loss: 0.6318 ||:  32%|###1      | 26/82 [00:08<00:17,  3.11it/s]
neg_F1: 0.8028, pos_F1: 0.0909, accuracy: 0.6759, average_F1: 0.4469, loss: 0.6326 ||:  33%|###2      | 27/82 [00:08<00:17,  3.08it/s]
neg_F1: 0.8093, pos_F1: 0.1358, accuracy: 0.6875, average_F1: 0.4725, loss: 0.6241 ||:  34%|###4      | 28/82 [00:08<00:16,  3.18it/s]
neg_F1: 0.8079, pos_F1: 0.1310, accuracy: 0.6853, average_F1: 0.4694, loss: 0.6217 ||:  35%|###5      | 29/82 [00:08<00:16,  3.21it/s]
neg_F1: 0.8042, pos_F1: 0.2011, accuracy: 0.6854, average_F1: 0.5026, loss: 0.6222 ||:  37%|###6      | 30/82 [00:09<00:15,  3.29it/s]
neg_F1: 0.8051, pos_F1: 0.2376, accuracy: 0.6895, average_F1: 0.5213, loss: 0.6172 ||:  38%|###7      | 31/82 [00:09<00:15,  3.21it/s]
neg_F1: 0.8010, pos_F1: 0.2512, accuracy: 0.6855, average_F1: 0.5261, loss: 0.6178 ||:  39%|###9      | 32/82 [00:09<00:14,  3.46it/s]
neg_F1: 0.8024, pos_F1: 0.2743, accuracy: 0.6894, average_F1: 0.5384, loss: 0.6152 ||:  40%|####      | 33/82 [00:10<00:13,  3.54it/s]
neg_F1: 0.8033, pos_F1: 0.2821, accuracy: 0.6912, average_F1: 0.5427, loss: 0.6098 ||:  41%|####1     | 34/82 [00:10<00:13,  3.59it/s]
neg_F1: 0.8050, pos_F1: 0.2773, accuracy: 0.6929, average_F1: 0.5411, loss: 0.6043 ||:  43%|####2     | 35/82 [00:10<00:12,  3.67it/s]
neg_F1: 0.8088, pos_F1: 0.2810, accuracy: 0.6979, average_F1: 0.5449, loss: 0.5966 ||:  44%|####3     | 36/82 [00:10<00:12,  3.77it/s]
neg_F1: 0.8094, pos_F1: 0.2880, accuracy: 0.6993, average_F1: 0.5487, loss: 0.5956 ||:  45%|####5     | 37/82 [00:11<00:11,  3.94it/s]
neg_F1: 0.8042, pos_F1: 0.3008, accuracy: 0.6941, average_F1: 0.5525, loss: 0.5975 ||:  46%|####6     | 38/82 [00:11<00:12,  3.51it/s]
neg_F1: 0.8090, pos_F1: 0.3048, accuracy: 0.7003, average_F1: 0.5569, loss: 0.5904 ||:  48%|####7     | 39/82 [00:11<00:12,  3.43it/s]
neg_F1: 0.8060, pos_F1: 0.3071, accuracy: 0.6969, average_F1: 0.5566, loss: 0.5944 ||:  49%|####8     | 40/82 [00:12<00:11,  3.51it/s]
neg_F1: 0.8043, pos_F1: 0.3103, accuracy: 0.6951, average_F1: 0.5573, loss: 0.5923 ||:  50%|#####     | 41/82 [00:12<00:11,  3.61it/s]
neg_F1: 0.8023, pos_F1: 0.3322, accuracy: 0.6949, average_F1: 0.5673, loss: 0.5926 ||:  51%|#####1    | 42/82 [00:12<00:11,  3.48it/s]
neg_F1: 0.8023, pos_F1: 0.3448, accuracy: 0.6962, average_F1: 0.5735, loss: 0.5941 ||:  52%|#####2    | 43/82 [00:12<00:10,  3.79it/s]
neg_F1: 0.8019, pos_F1: 0.3604, accuracy: 0.6974, average_F1: 0.5811, loss: 0.5920 ||:  54%|#####3    | 44/82 [00:13<00:09,  3.81it/s]
neg_F1: 0.8022, pos_F1: 0.3673, accuracy: 0.6986, average_F1: 0.5848, loss: 0.5896 ||:  55%|#####4    | 45/82 [00:13<00:09,  3.74it/s]
neg_F1: 0.8046, pos_F1: 0.3761, accuracy: 0.7024, average_F1: 0.5904, loss: 0.5852 ||:  56%|#####6    | 46/82 [00:13<00:10,  3.55it/s]
neg_F1: 0.8056, pos_F1: 0.3978, accuracy: 0.7061, average_F1: 0.6017, loss: 0.5806 ||:  57%|#####7    | 47/82 [00:13<00:10,  3.46it/s]
neg_F1: 0.8024, pos_F1: 0.4031, accuracy: 0.7031, average_F1: 0.6028, loss: 0.5821 ||:  59%|#####8    | 48/82 [00:14<00:10,  3.38it/s]
neg_F1: 0.8048, pos_F1: 0.4103, accuracy: 0.7066, average_F1: 0.6075, loss: 0.5806 ||:  60%|#####9    | 49/82 [00:14<00:10,  3.27it/s]
neg_F1: 0.8043, pos_F1: 0.4110, accuracy: 0.7063, average_F1: 0.6077, loss: 0.5785 ||:  61%|######    | 50/82 [00:14<00:09,  3.27it/s]
neg_F1: 0.8049, pos_F1: 0.4128, accuracy: 0.7071, average_F1: 0.6088, loss: 0.5773 ||:  62%|######2   | 51/82 [00:15<00:09,  3.42it/s]
neg_F1: 0.8058, pos_F1: 0.4116, accuracy: 0.7079, average_F1: 0.6087, loss: 0.5764 ||:  63%|######3   | 52/82 [00:15<00:08,  3.57it/s]
neg_F1: 0.8035, pos_F1: 0.4104, accuracy: 0.7052, average_F1: 0.6069, loss: 0.5770 ||:  65%|######4   | 53/82 [00:15<00:08,  3.44it/s]
neg_F1: 0.8031, pos_F1: 0.4111, accuracy: 0.7049, average_F1: 0.6071, loss: 0.5767 ||:  66%|######5   | 54/82 [00:16<00:07,  3.54it/s]
neg_F1: 0.8046, pos_F1: 0.4225, accuracy: 0.7080, average_F1: 0.6135, loss: 0.5722 ||:  67%|######7   | 55/82 [00:16<00:07,  3.49it/s]
neg_F1: 0.8030, pos_F1: 0.4279, accuracy: 0.7069, average_F1: 0.6155, loss: 0.5741 ||:  68%|######8   | 56/82 [00:16<00:08,  3.23it/s]
neg_F1: 0.8024, pos_F1: 0.4307, accuracy: 0.7066, average_F1: 0.6165, loss: 0.5750 ||:  70%|######9   | 57/82 [00:16<00:07,  3.33it/s]
neg_F1: 0.8038, pos_F1: 0.4328, accuracy: 0.7084, average_F1: 0.6183, loss: 0.5718 ||:  71%|#######   | 58/82 [00:17<00:07,  3.28it/s]
neg_F1: 0.8063, pos_F1: 0.4333, accuracy: 0.7113, average_F1: 0.6198, loss: 0.5696 ||:  72%|#######1  | 59/82 [00:17<00:07,  3.22it/s]
neg_F1: 0.8056, pos_F1: 0.4280, accuracy: 0.7098, average_F1: 0.6168, loss: 0.5696 ||:  73%|#######3  | 60/82 [00:17<00:06,  3.37it/s]
neg_F1: 0.8088, pos_F1: 0.4294, accuracy: 0.7136, average_F1: 0.6191, loss: 0.5663 ||:  74%|#######4  | 61/82 [00:18<00:06,  3.45it/s]
neg_F1: 0.8089, pos_F1: 0.4329, accuracy: 0.7141, average_F1: 0.6209, loss: 0.5667 ||:  76%|#######5  | 62/82 [00:18<00:05,  3.68it/s]
neg_F1: 0.8088, pos_F1: 0.4384, accuracy: 0.7147, average_F1: 0.6236, loss: 0.5670 ||:  77%|#######6  | 63/82 [00:18<00:05,  3.75it/s]
neg_F1: 0.8063, pos_F1: 0.4411, accuracy: 0.7123, average_F1: 0.6237, loss: 0.5695 ||:  78%|#######8  | 64/82 [00:18<00:05,  3.60it/s]
neg_F1: 0.8062, pos_F1: 0.4461, accuracy: 0.7129, average_F1: 0.6262, loss: 0.5687 ||:  79%|#######9  | 65/82 [00:19<00:05,  3.38it/s]
neg_F1: 0.8077, pos_F1: 0.4457, accuracy: 0.7144, average_F1: 0.6267, loss: 0.5660 ||:  80%|########  | 66/82 [00:19<00:04,  3.57it/s]
neg_F1: 0.8066, pos_F1: 0.4448, accuracy: 0.7131, average_F1: 0.6257, loss: 0.5679 ||:  82%|########1 | 67/82 [00:19<00:04,  3.48it/s]
neg_F1: 0.8065, pos_F1: 0.4429, accuracy: 0.7127, average_F1: 0.6247, loss: 0.5677 ||:  83%|########2 | 68/82 [00:20<00:03,  3.81it/s]
neg_F1: 0.8061, pos_F1: 0.4495, accuracy: 0.7132, average_F1: 0.6278, loss: 0.5665 ||:  84%|########4 | 69/82 [00:20<00:03,  3.35it/s]
neg_F1: 0.8075, pos_F1: 0.4491, accuracy: 0.7147, average_F1: 0.6283, loss: 0.5643 ||:  85%|########5 | 70/82 [00:20<00:03,  3.32it/s]
neg_F1: 0.8081, pos_F1: 0.4479, accuracy: 0.7152, average_F1: 0.6280, loss: 0.5642 ||:  87%|########6 | 71/82 [00:21<00:03,  3.25it/s]
neg_F1: 0.8061, pos_F1: 0.4482, accuracy: 0.7130, average_F1: 0.6271, loss: 0.5636 ||:  88%|########7 | 72/82 [00:21<00:03,  3.09it/s]
neg_F1: 0.8051, pos_F1: 0.4535, accuracy: 0.7127, average_F1: 0.6293, loss: 0.5639 ||:  89%|########9 | 73/82 [00:21<00:02,  3.15it/s]
neg_F1: 0.8051, pos_F1: 0.4576, accuracy: 0.7132, average_F1: 0.6313, loss: 0.5625 ||:  90%|######### | 74/82 [00:21<00:02,  3.30it/s]
neg_F1: 0.8048, pos_F1: 0.4632, accuracy: 0.7137, average_F1: 0.6340, loss: 0.5618 ||:  91%|#########1| 75/82 [00:22<00:02,  3.39it/s]
neg_F1: 0.8031, pos_F1: 0.4615, accuracy: 0.7117, average_F1: 0.6323, loss: 0.5626 ||:  93%|#########2| 76/82 [00:22<00:01,  3.89it/s]
neg_F1: 0.8040, pos_F1: 0.4643, accuracy: 0.7130, average_F1: 0.6342, loss: 0.5622 ||:  94%|#########3| 77/82 [00:22<00:01,  3.62it/s]
neg_F1: 0.8055, pos_F1: 0.4678, accuracy: 0.7151, average_F1: 0.6366, loss: 0.5601 ||:  95%|#########5| 78/82 [00:22<00:01,  3.73it/s]
neg_F1: 0.8041, pos_F1: 0.4645, accuracy: 0.7132, average_F1: 0.6343, loss: 0.5614 ||:  96%|#########6| 79/82 [00:23<00:00,  3.77it/s]
neg_F1: 0.8045, pos_F1: 0.4649, accuracy: 0.7136, average_F1: 0.6347, loss: 0.5614 ||:  98%|#########7| 80/82 [00:23<00:00,  3.62it/s]
neg_F1: 0.8042, pos_F1: 0.4699, accuracy: 0.7141, average_F1: 0.6371, loss: 0.5600 ||:  99%|#########8| 81/82 [00:23<00:00,  3.45it/s]
neg_F1: 0.8056, pos_F1: 0.4679, accuracy: 0.7153, average_F1: 0.6368, loss: 0.5592 ||: 100%|##########| 82/82 [00:24<00:00,  3.84it/s]
neg_F1: 0.8056, pos_F1: 0.4679, accuracy: 0.7153, average_F1: 0.6368, loss: 0.5592 ||: 100%|##########| 82/82 [00:24<00:00,  3.41it/s]

  0%|          | 0/11 [00:00<?, ?it/s]
neg_F1: 0.7273, pos_F1: 0.4000, accuracy: 0.6250, average_F1: 0.5636, loss: 0.4812 ||:   9%|9         | 1/11 [00:00<00:01,  9.51it/s]
neg_F1: 0.7714, pos_F1: 0.3846, accuracy: 0.6667, average_F1: 0.5780, loss: 0.6227 ||:  27%|##7       | 3/11 [00:00<00:00, 10.35it/s]
neg_F1: 0.7679, pos_F1: 0.4583, accuracy: 0.6750, average_F1: 0.6131, loss: 0.5674 ||:  45%|####5     | 5/11 [00:00<00:00, 10.72it/s]
neg_F1: 0.7875, pos_F1: 0.4687, accuracy: 0.6964, average_F1: 0.6281, loss: 0.5864 ||:  64%|######3   | 7/11 [00:00<00:00, 10.64it/s]
neg_F1: 0.8000, pos_F1: 0.4789, accuracy: 0.7109, average_F1: 0.6394, loss: 0.5611 ||:  73%|#######2  | 8/11 [00:00<00:00, 10.24it/s]
neg_F1: 0.7864, pos_F1: 0.4634, accuracy: 0.6944, average_F1: 0.6249, loss: 0.5773 ||:  82%|########1 | 9/11 [00:00<00:00,  9.74it/s]
neg_F1: 0.7733, pos_F1: 0.4632, accuracy: 0.6813, average_F1: 0.6182, loss: 0.6004 ||:  91%|######### | 10/11 [00:00<00:00,  9.32it/s]
neg_F1: 0.7665, pos_F1: 0.4536, accuracy: 0.6728, average_F1: 0.6101, loss: 0.7300 ||: 100%|##########| 11/11 [00:00<00:00, 11.11it/s]

  0%|          | 0/82 [00:00<?, ?it/s]
neg_F1: 0.8571, pos_F1: 0.0000, accuracy: 0.7500, average_F1: 0.4286, loss: 0.4578 ||:   1%|1         | 1/82 [00:00<00:19,  4.23it/s]
neg_F1: 0.8636, pos_F1: 0.7000, accuracy: 0.8125, average_F1: 0.7818, loss: 0.4252 ||:   2%|2         | 2/82 [00:00<00:19,  4.04it/s]
neg_F1: 0.8615, pos_F1: 0.7097, accuracy: 0.8125, average_F1: 0.7856, loss: 0.4206 ||:   4%|3         | 3/82 [00:00<00:19,  4.04it/s]
neg_F1: 0.8539, pos_F1: 0.6667, accuracy: 0.7969, average_F1: 0.7603, loss: 0.4430 ||:   5%|4         | 4/82 [00:00<00:18,  4.26it/s]
neg_F1: 0.8491, pos_F1: 0.7037, accuracy: 0.8000, average_F1: 0.7764, loss: 0.4313 ||:   6%|6         | 5/82 [00:01<00:21,  3.60it/s]
neg_F1: 0.8682, pos_F1: 0.7302, accuracy: 0.8229, average_F1: 0.7992, loss: 0.4084 ||:   7%|7         | 6/82 [00:01<00:21,  3.49it/s]
neg_F1: 0.8571, pos_F1: 0.7273, accuracy: 0.8125, average_F1: 0.7922, loss: 0.4262 ||:   9%|8         | 7/82 [00:01<00:20,  3.69it/s]
neg_F1: 0.8675, pos_F1: 0.7556, accuracy: 0.8281, average_F1: 0.8115, loss: 0.4071 ||:  10%|9         | 8/82 [00:02<00:19,  3.77it/s]
neg_F1: 0.8763, pos_F1: 0.7447, accuracy: 0.8333, average_F1: 0.8105, loss: 0.3869 ||:  11%|#         | 9/82 [00:02<00:18,  3.92it/s]
neg_F1: 0.8704, pos_F1: 0.7308, accuracy: 0.8250, average_F1: 0.8006, loss: 0.4109 ||:  12%|#2        | 10/82 [00:02<00:19,  3.71it/s]
neg_F1: 0.8760, pos_F1: 0.7273, accuracy: 0.8295, average_F1: 0.8017, loss: 0.3936 ||:  13%|#3        | 11/82 [00:02<00:18,  3.77it/s]
neg_F1: 0.8821, pos_F1: 0.7438, accuracy: 0.8385, average_F1: 0.8130, loss: 0.3813 ||:  15%|#4        | 12/82 [00:03<00:18,  3.73it/s]
neg_F1: 0.8763, pos_F1: 0.7368, accuracy: 0.8317, average_F1: 0.8066, loss: 0.3842 ||:  16%|#5        | 13/82 [00:03<00:18,  3.69it/s]
neg_F1: 0.8733, pos_F1: 0.7432, accuracy: 0.8304, average_F1: 0.8083, loss: 0.3809 ||:  17%|#7        | 14/82 [00:03<00:18,  3.72it/s]
neg_F1: 0.8773, pos_F1: 0.7403, accuracy: 0.8333, average_F1: 0.8088, loss: 0.3727 ||:  18%|#8        | 15/82 [00:03<00:16,  4.10it/s]
neg_F1: 0.8746, pos_F1: 0.7456, accuracy: 0.8320, average_F1: 0.8101, loss: 0.3802 ||:  20%|#9        | 16/82 [00:04<00:16,  4.04it/s]
neg_F1: 0.8722, pos_F1: 0.7500, accuracy: 0.8309, average_F1: 0.8111, loss: 0.3748 ||:  21%|##        | 17/82 [00:04<00:17,  3.73it/s]
neg_F1: 0.8677, pos_F1: 0.7475, accuracy: 0.8264, average_F1: 0.8076, loss: 0.3852 ||:  22%|##1       | 18/82 [00:05<00:22,  2.86it/s]
neg_F1: 0.8691, pos_F1: 0.7389, accuracy: 0.8257, average_F1: 0.8040, loss: 0.3880 ||:  23%|##3       | 19/82 [00:05<00:20,  3.12it/s]
neg_F1: 0.8685, pos_F1: 0.7383, accuracy: 0.8250, average_F1: 0.8034, loss: 0.3895 ||:  24%|##4       | 20/82 [00:05<00:19,  3.14it/s]
neg_F1: 0.8750, pos_F1: 0.7500, accuracy: 0.8333, average_F1: 0.8125, loss: 0.3787 ||:  26%|##5       | 21/82 [00:05<00:20,  3.03it/s]
neg_F1: 0.8753, pos_F1: 0.7446, accuracy: 0.8324, average_F1: 0.8099, loss: 0.3805 ||:  27%|##6       | 22/82 [00:06<00:19,  3.03it/s]
neg_F1: 0.8701, pos_F1: 0.7490, accuracy: 0.8288, average_F1: 0.8096, loss: 0.3930 ||:  28%|##8       | 23/82 [00:06<00:20,  2.88it/s]
neg_F1: 0.8696, pos_F1: 0.7481, accuracy: 0.8281, average_F1: 0.8088, loss: 0.3949 ||:  29%|##9       | 24/82 [00:06<00:18,  3.08it/s]
neg_F1: 0.8653, pos_F1: 0.7399, accuracy: 0.8225, average_F1: 0.8026, loss: 0.4029 ||:  30%|###       | 25/82 [00:07<00:18,  3.09it/s]
neg_F1: 0.8619, pos_F1: 0.7405, accuracy: 0.8197, average_F1: 0.8012, loss: 0.4075 ||:  32%|###1      | 26/82 [00:07<00:17,  3.22it/s]
neg_F1: 0.8617, pos_F1: 0.7400, accuracy: 0.8194, average_F1: 0.8009, loss: 0.4064 ||:  33%|###2      | 27/82 [00:07<00:17,  3.21it/s]
neg_F1: 0.8659, pos_F1: 0.7427, accuracy: 0.8237, average_F1: 0.8043, loss: 0.4032 ||:  34%|###4      | 28/82 [00:08<00:16,  3.25it/s]
neg_F1: 0.8679, pos_F1: 0.7429, accuracy: 0.8254, average_F1: 0.8054, loss: 0.4016 ||:  35%|###5      | 29/82 [00:08<00:16,  3.29it/s]
neg_F1: 0.8701, pos_F1: 0.7414, accuracy: 0.8271, average_F1: 0.8058, loss: 0.3962 ||:  37%|###6      | 30/82 [00:08<00:15,  3.46it/s]
neg_F1: 0.8718, pos_F1: 0.7416, accuracy: 0.8286, average_F1: 0.8067, loss: 0.3926 ||:  38%|###7      | 31/82 [00:08<00:14,  3.53it/s]
neg_F1: 0.8763, pos_F1: 0.7478, accuracy: 0.8340, average_F1: 0.8120, loss: 0.3856 ||:  39%|###9      | 32/82 [00:09<00:14,  3.45it/s]
neg_F1: 0.8732, pos_F1: 0.7399, accuracy: 0.8295, average_F1: 0.8066, loss: 0.3913 ||:  40%|####      | 33/82 [00:09<00:14,  3.34it/s]
neg_F1: 0.8747, pos_F1: 0.7401, accuracy: 0.8309, average_F1: 0.8074, loss: 0.3902 ||:  41%|####1     | 34/82 [00:09<00:14,  3.21it/s]
neg_F1: 0.8757, pos_F1: 0.7418, accuracy: 0.8321, average_F1: 0.8087, loss: 0.3891 ||:  43%|####2     | 35/82 [00:10<00:14,  3.22it/s]
neg_F1: 0.8780, pos_F1: 0.7453, accuracy: 0.8351, average_F1: 0.8117, loss: 0.3819 ||:  44%|####3     | 36/82 [00:10<00:14,  3.16it/s]
neg_F1: 0.8764, pos_F1: 0.7415, accuracy: 0.8328, average_F1: 0.8090, loss: 0.3820 ||:  45%|####5     | 37/82 [00:10<00:14,  3.12it/s]
neg_F1: 0.8762, pos_F1: 0.7398, accuracy: 0.8322, average_F1: 0.8080, loss: 0.3860 ||:  46%|####6     | 38/82 [00:11<00:13,  3.30it/s]
neg_F1: 0.8760, pos_F1: 0.7382, accuracy: 0.8317, average_F1: 0.8071, loss: 0.3886 ||:  48%|####7     | 39/82 [00:11<00:12,  3.39it/s]
neg_F1: 0.8753, pos_F1: 0.7391, accuracy: 0.8313, average_F1: 0.8072, loss: 0.3864 ||:  49%|####8     | 40/82 [00:11<00:11,  3.59it/s]
neg_F1: 0.8761, pos_F1: 0.7406, accuracy: 0.8323, average_F1: 0.8083, loss: 0.3844 ||:  50%|#####     | 41/82 [00:11<00:11,  3.63it/s]
neg_F1: 0.8784, pos_F1: 0.7425, accuracy: 0.8348, average_F1: 0.8104, loss: 0.3821 ||:  51%|#####1    | 42/82 [00:12<00:11,  3.53it/s]
neg_F1: 0.8774, pos_F1: 0.7444, accuracy: 0.8343, average_F1: 0.8109, loss: 0.3805 ||:  52%|#####2    | 43/82 [00:12<00:11,  3.35it/s]
neg_F1: 0.8784, pos_F1: 0.7445, accuracy: 0.8352, average_F1: 0.8115, loss: 0.3771 ||:  54%|#####3    | 44/82 [00:12<00:11,  3.38it/s]
neg_F1: 0.8800, pos_F1: 0.7484, accuracy: 0.8375, average_F1: 0.8142, loss: 0.3739 ||:  55%|#####4    | 45/82 [00:13<00:11,  3.35it/s]
neg_F1: 0.8798, pos_F1: 0.7468, accuracy: 0.8370, average_F1: 0.8133, loss: 0.3753 ||:  56%|#####6    | 46/82 [00:13<00:10,  3.46it/s]
neg_F1: 0.8787, pos_F1: 0.7427, accuracy: 0.8351, average_F1: 0.8107, loss: 0.3878 ||:  57%|#####7    | 47/82 [00:13<00:10,  3.34it/s]
neg_F1: 0.8772, pos_F1: 0.7409, accuracy: 0.8333, average_F1: 0.8090, loss: 0.3905 ||:  59%|#####8    | 48/82 [00:14<00:09,  3.56it/s]
neg_F1: 0.8761, pos_F1: 0.7436, accuracy: 0.8329, average_F1: 0.8099, loss: 0.3908 ||:  60%|#####9    | 49/82 [00:14<00:09,  3.39it/s]
neg_F1: 0.8731, pos_F1: 0.7405, accuracy: 0.8296, average_F1: 0.8068, loss: 0.3959 ||:  61%|######    | 50/82 [00:14<00:10,  3.11it/s]
neg_F1: 0.8753, pos_F1: 0.7410, accuracy: 0.8317, average_F1: 0.8082, loss: 0.3930 ||:  62%|######2   | 51/82 [00:15<00:09,  3.18it/s]
neg_F1: 0.8758, pos_F1: 0.7431, accuracy: 0.8325, average_F1: 0.8094, loss: 0.3923 ||:  63%|######3   | 52/82 [00:15<00:09,  3.33it/s]
neg_F1: 0.8784, pos_F1: 0.7468, accuracy: 0.8357, average_F1: 0.8126, loss: 0.3891 ||:  65%|######4   | 53/82 [00:15<00:08,  3.23it/s]
neg_F1: 0.8794, pos_F1: 0.7459, accuracy: 0.8364, average_F1: 0.8127, loss: 0.3869 ||:  66%|######5   | 54/82 [00:15<00:08,  3.36it/s]
neg_F1: 0.8810, pos_F1: 0.7531, accuracy: 0.8394, average_F1: 0.8170, loss: 0.3843 ||:  67%|######7   | 55/82 [00:16<00:07,  3.49it/s]
neg_F1: 0.8815, pos_F1: 0.7539, accuracy: 0.8400, average_F1: 0.8177, loss: 0.3837 ||:  68%|######8   | 56/82 [00:16<00:07,  3.38it/s]
neg_F1: 0.8838, pos_F1: 0.7572, accuracy: 0.8429, average_F1: 0.8205, loss: 0.3806 ||:  70%|######9   | 57/82 [00:16<00:07,  3.29it/s]
neg_F1: 0.8816, pos_F1: 0.7542, accuracy: 0.8402, average_F1: 0.8179, loss: 0.3834 ||:  71%|#######   | 58/82 [00:17<00:07,  3.39it/s]
neg_F1: 0.8833, pos_F1: 0.7597, accuracy: 0.8429, average_F1: 0.8215, loss: 0.3809 ||:  72%|#######1  | 59/82 [00:17<00:07,  3.26it/s]
neg_F1: 0.8820, pos_F1: 0.7580, accuracy: 0.8413, average_F1: 0.8200, loss: 0.3822 ||:  73%|#######3  | 60/82 [00:17<00:06,  3.45it/s]
neg_F1: 0.8824, pos_F1: 0.7586, accuracy: 0.8419, average_F1: 0.8205, loss: 0.3812 ||:  74%|#######4  | 61/82 [00:17<00:06,  3.39it/s]
neg_F1: 0.8820, pos_F1: 0.7581, accuracy: 0.8414, average_F1: 0.8201, loss: 0.3818 ||:  76%|#######5  | 62/82 [00:18<00:05,  3.61it/s]
neg_F1: 0.8821, pos_F1: 0.7602, accuracy: 0.8419, average_F1: 0.8212, loss: 0.3817 ||:  77%|#######6  | 63/82 [00:18<00:05,  3.52it/s]
neg_F1: 0.8836, pos_F1: 0.7612, accuracy: 0.8434, average_F1: 0.8224, loss: 0.3786 ||:  78%|#######8  | 64/82 [00:18<00:04,  3.61it/s]
neg_F1: 0.8827, pos_F1: 0.7581, accuracy: 0.8420, average_F1: 0.8204, loss: 0.3783 ||:  79%|#######9  | 65/82 [00:19<00:04,  3.48it/s]
neg_F1: 0.8831, pos_F1: 0.7587, accuracy: 0.8425, average_F1: 0.8209, loss: 0.3790 ||:  80%|########  | 66/82 [00:19<00:04,  3.59it/s]
neg_F1: 0.8835, pos_F1: 0.7593, accuracy: 0.8430, average_F1: 0.8214, loss: 0.3778 ||:  82%|########1 | 67/82 [00:19<00:04,  3.67it/s]
neg_F1: 0.8833, pos_F1: 0.7581, accuracy: 0.8425, average_F1: 0.8207, loss: 0.3770 ||:  83%|########2 | 68/82 [00:19<00:04,  3.42it/s]
neg_F1: 0.8820, pos_F1: 0.7573, accuracy: 0.8412, average_F1: 0.8196, loss: 0.3797 ||:  84%|########4 | 69/82 [00:20<00:03,  3.50it/s]
neg_F1: 0.8811, pos_F1: 0.7551, accuracy: 0.8399, average_F1: 0.8181, loss: 0.3821 ||:  85%|########5 | 70/82 [00:20<00:03,  3.82it/s]
neg_F1: 0.8820, pos_F1: 0.7574, accuracy: 0.8413, average_F1: 0.8197, loss: 0.3803 ||:  87%|########6 | 71/82 [00:20<00:02,  3.67it/s]
neg_F1: 0.8819, pos_F1: 0.7563, accuracy: 0.8409, average_F1: 0.8191, loss: 0.3796 ||:  88%|########7 | 72/82 [00:21<00:02,  3.40it/s]
neg_F1: 0.8817, pos_F1: 0.7553, accuracy: 0.8405, average_F1: 0.8185, loss: 0.3822 ||:  89%|########9 | 73/82 [00:21<00:02,  3.83it/s]
neg_F1: 0.8819, pos_F1: 0.7565, accuracy: 0.8409, average_F1: 0.8192, loss: 0.3797 ||:  90%|######### | 74/82 [00:21<00:02,  3.54it/s]
neg_F1: 0.8816, pos_F1: 0.7561, accuracy: 0.8406, average_F1: 0.8188, loss: 0.3802 ||:  91%|#########1| 75/82 [00:21<00:02,  3.38it/s]
neg_F1: 0.8814, pos_F1: 0.7551, accuracy: 0.8402, average_F1: 0.8182, loss: 0.3813 ||:  93%|#########2| 76/82 [00:22<00:01,  3.59it/s]
neg_F1: 0.8806, pos_F1: 0.7531, accuracy: 0.8390, average_F1: 0.8168, loss: 0.3830 ||:  94%|#########3| 77/82 [00:22<00:01,  3.60it/s]
neg_F1: 0.8800, pos_F1: 0.7540, accuracy: 0.8387, average_F1: 0.8170, loss: 0.3869 ||:  95%|#########5| 78/82 [00:22<00:01,  3.66it/s]
neg_F1: 0.8797, pos_F1: 0.7536, accuracy: 0.8384, average_F1: 0.8167, loss: 0.3867 ||:  96%|#########6| 79/82 [00:22<00:00,  3.93it/s]
neg_F1: 0.8806, pos_F1: 0.7557, accuracy: 0.8396, average_F1: 0.8181, loss: 0.3837 ||:  98%|#########7| 80/82 [00:23<00:00,  3.70it/s]
neg_F1: 0.8800, pos_F1: 0.7564, accuracy: 0.8393, average_F1: 0.8182, loss: 0.3835 ||:  99%|#########8| 81/82 [00:23<00:00,  3.51it/s]
neg_F1: 0.8805, pos_F1: 0.7564, accuracy: 0.8397, average_F1: 0.8185, loss: 0.3812 ||: 100%|##########| 82/82 [00:23<00:00,  3.63it/s]
neg_F1: 0.8805, pos_F1: 0.7564, accuracy: 0.8397, average_F1: 0.8185, loss: 0.3812 ||: 100%|##########| 82/82 [00:23<00:00,  3.45it/s]

  0%|          | 0/11 [00:00<?, ?it/s]
neg_F1: 0.7805, pos_F1: 0.6087, accuracy: 0.7188, average_F1: 0.6946, loss: 0.6774 ||:  18%|#8        | 2/11 [00:00<00:00, 12.03it/s]
neg_F1: 0.7901, pos_F1: 0.6383, accuracy: 0.7344, average_F1: 0.7142, loss: 0.6276 ||:  36%|###6      | 4/11 [00:00<00:00, 12.29it/s]
neg_F1: 0.8031, pos_F1: 0.6154, accuracy: 0.7396, average_F1: 0.7093, loss: 0.5835 ||:  55%|#####4    | 6/11 [00:00<00:00, 11.76it/s]
neg_F1: 0.7758, pos_F1: 0.5934, accuracy: 0.7109, average_F1: 0.6846, loss: 0.6039 ||:  73%|#######2  | 8/11 [00:00<00:00, 11.14it/s]
neg_F1: 0.7634, pos_F1: 0.5686, accuracy: 0.6944, average_F1: 0.6660, loss: 0.6432 ||:  82%|########1 | 9/11 [00:00<00:00, 10.34it/s]
neg_F1: 0.7783, pos_F1: 0.6154, accuracy: 0.7188, average_F1: 0.6969, loss: 0.6000 ||:  91%|######### | 10/11 [00:00<00:00,  9.88it/s]
neg_F1: 0.7707, pos_F1: 0.6050, accuracy: 0.7099, average_F1: 0.6879, loss: 0.7376 ||: 100%|##########| 11/11 [00:00<00:00, 11.42it/s]

  0%|          | 0/82 [00:00<?, ?it/s]
neg_F1: 0.8571, pos_F1: 0.8889, accuracy: 0.8750, average_F1: 0.8730, loss: 0.2924 ||:   1%|1         | 1/82 [00:00<00:34,  2.33it/s]
neg_F1: 0.8889, pos_F1: 0.8571, accuracy: 0.8750, average_F1: 0.8730, loss: 0.2404 ||:   2%|2         | 2/82 [00:00<00:31,  2.56it/s]
neg_F1: 0.8929, pos_F1: 0.8500, accuracy: 0.8750, average_F1: 0.8714, loss: 0.2537 ||:   4%|3         | 3/82 [00:00<00:27,  2.84it/s]
neg_F1: 0.9024, pos_F1: 0.8261, accuracy: 0.8750, average_F1: 0.8643, loss: 0.2507 ||:   5%|4         | 4/82 [00:01<00:25,  3.05it/s]
neg_F1: 0.9245, pos_F1: 0.8519, accuracy: 0.9000, average_F1: 0.8882, loss: 0.2336 ||:   6%|6         | 5/82 [00:01<00:23,  3.21it/s]
neg_F1: 0.9375, pos_F1: 0.8750, accuracy: 0.9167, average_F1: 0.9062, loss: 0.2106 ||:   7%|7         | 6/82 [00:01<00:24,  3.15it/s]
neg_F1: 0.9371, pos_F1: 0.8889, accuracy: 0.9196, average_F1: 0.9130, loss: 0.2107 ||:   9%|8         | 7/82 [00:02<00:23,  3.17it/s]
neg_F1: 0.9398, pos_F1: 0.8889, accuracy: 0.9219, average_F1: 0.9143, loss: 0.2122 ||:  10%|9         | 8/82 [00:02<00:23,  3.18it/s]
neg_F1: 0.9468, pos_F1: 0.9000, accuracy: 0.9306, average_F1: 0.9234, loss: 0.2061 ||:  11%|#         | 9/82 [00:02<00:22,  3.20it/s]
neg_F1: 0.9474, pos_F1: 0.9009, accuracy: 0.9313, average_F1: 0.9241, loss: 0.2045 ||:  12%|#2        | 10/82 [00:03<00:22,  3.24it/s]
neg_F1: 0.9375, pos_F1: 0.8906, accuracy: 0.9205, average_F1: 0.9141, loss: 0.2215 ||:  13%|#3        | 11/82 [00:03<00:20,  3.48it/s]
neg_F1: 0.9355, pos_F1: 0.8824, accuracy: 0.9167, average_F1: 0.9089, loss: 0.2252 ||:  15%|#4        | 12/82 [00:03<00:20,  3.36it/s]
neg_F1: 0.9294, pos_F1: 0.8707, accuracy: 0.9087, average_F1: 0.9001, loss: 0.2363 ||:  16%|#5        | 13/82 [00:03<00:20,  3.45it/s]
neg_F1: 0.9320, pos_F1: 0.8701, accuracy: 0.9107, average_F1: 0.9011, loss: 0.2279 ||:  17%|#7        | 14/82 [00:04<00:18,  3.61it/s]
neg_F1: 0.9308, pos_F1: 0.8642, accuracy: 0.9083, average_F1: 0.8975, loss: 0.2308 ||:  18%|#8        | 15/82 [00:04<00:19,  3.52it/s]
neg_F1: 0.9309, pos_F1: 0.8715, accuracy: 0.9102, average_F1: 0.9012, loss: 0.2332 ||:  20%|#9        | 16/82 [00:04<00:18,  3.52it/s]
neg_F1: 0.9345, pos_F1: 0.8808, accuracy: 0.9154, average_F1: 0.9077, loss: 0.2289 ||:  21%|##        | 17/82 [00:05<00:19,  3.34it/s]
neg_F1: 0.9268, pos_F1: 0.8696, accuracy: 0.9062, average_F1: 0.8982, loss: 0.2365 ||:  22%|##1       | 18/82 [00:05<00:17,  3.67it/s]
neg_F1: 0.9254, pos_F1: 0.8676, accuracy: 0.9046, average_F1: 0.8965, loss: 0.2357 ||:  23%|##3       | 19/82 [00:05<00:16,  3.81it/s]
neg_F1: 0.9261, pos_F1: 0.8718, accuracy: 0.9062, average_F1: 0.8990, loss: 0.2323 ||:  24%|##4       | 20/82 [00:05<00:17,  3.58it/s]
neg_F1: 0.9256, pos_F1: 0.8678, accuracy: 0.9048, average_F1: 0.8967, loss: 0.2327 ||:  26%|##5       | 21/82 [00:06<00:17,  3.45it/s]
neg_F1: 0.9244, pos_F1: 0.8661, accuracy: 0.9034, average_F1: 0.8953, loss: 0.2411 ||:  27%|##6       | 22/82 [00:06<00:18,  3.23it/s]
neg_F1: 0.9234, pos_F1: 0.8647, accuracy: 0.9022, average_F1: 0.8940, loss: 0.2413 ||:  28%|##8       | 23/82 [00:06<00:17,  3.37it/s]
neg_F1: 0.9224, pos_F1: 0.8633, accuracy: 0.9010, average_F1: 0.8929, loss: 0.2389 ||:  29%|##9       | 24/82 [00:07<00:17,  3.38it/s]
neg_F1: 0.9240, pos_F1: 0.8641, accuracy: 0.9025, average_F1: 0.8940, loss: 0.2446 ||:  30%|###       | 25/82 [00:07<00:14,  3.90it/s]
neg_F1: 0.9262, pos_F1: 0.8621, accuracy: 0.9038, average_F1: 0.8941, loss: 0.2404 ||:  32%|###1      | 26/82 [00:07<00:14,  3.99it/s]
neg_F1: 0.9244, pos_F1: 0.8542, accuracy: 0.9005, average_F1: 0.8893, loss: 0.2439 ||:  33%|###2      | 27/82 [00:07<00:12,  4.34it/s]
neg_F1: 0.9275, pos_F1: 0.8581, accuracy: 0.9040, average_F1: 0.8928, loss: 0.2403 ||:  34%|###4      | 28/82 [00:07<00:13,  3.94it/s]
neg_F1: 0.9281, pos_F1: 0.8608, accuracy: 0.9052, average_F1: 0.8944, loss: 0.2412 ||:  35%|###5      | 29/82 [00:08<00:13,  3.88it/s]
neg_F1: 0.9285, pos_F1: 0.8640, accuracy: 0.9062, average_F1: 0.8963, loss: 0.2432 ||:  37%|###6      | 30/82 [00:08<00:14,  3.48it/s]
neg_F1: 0.9292, pos_F1: 0.8655, accuracy: 0.9073, average_F1: 0.8974, loss: 0.2436 ||:  38%|###7      | 31/82 [00:08<00:15,  3.32it/s]
neg_F1: 0.9302, pos_F1: 0.8661, accuracy: 0.9082, average_F1: 0.8981, loss: 0.2447 ||:  39%|###9      | 32/82 [00:09<00:14,  3.41it/s]
neg_F1: 0.9280, pos_F1: 0.8619, accuracy: 0.9053, average_F1: 0.8949, loss: 0.2458 ||:  40%|####      | 33/82 [00:09<00:13,  3.60it/s]
neg_F1: 0.9302, pos_F1: 0.8656, accuracy: 0.9081, average_F1: 0.8979, loss: 0.2408 ||:  41%|####1     | 34/82 [00:09<00:13,  3.44it/s]
neg_F1: 0.9292, pos_F1: 0.8653, accuracy: 0.9071, average_F1: 0.8972, loss: 0.2407 ||:  43%|####2     | 35/82 [00:10<00:14,  3.34it/s]
neg_F1: 0.9302, pos_F1: 0.8651, accuracy: 0.9080, average_F1: 0.8977, loss: 0.2406 ||:  44%|####3     | 36/82 [00:10<00:17,  2.66it/s]
neg_F1: 0.9251, pos_F1: 0.8585, accuracy: 0.9020, average_F1: 0.8918, loss: 0.2490 ||:  45%|####5     | 37/82 [00:10<00:15,  2.98it/s]
neg_F1: 0.9258, pos_F1: 0.8599, accuracy: 0.9030, average_F1: 0.8928, loss: 0.2466 ||:  46%|####6     | 38/82 [00:11<00:14,  3.10it/s]
neg_F1: 0.9276, pos_F1: 0.8637, accuracy: 0.9054, average_F1: 0.8957, loss: 0.2448 ||:  48%|####7     | 39/82 [00:11<00:14,  3.05it/s]
neg_F1: 0.9286, pos_F1: 0.8636, accuracy: 0.9062, average_F1: 0.8961, loss: 0.2428 ||:  49%|####8     | 40/82 [00:11<00:12,  3.25it/s]
neg_F1: 0.9306, pos_F1: 0.8661, accuracy: 0.9085, average_F1: 0.8983, loss: 0.2400 ||:  50%|#####     | 41/82 [00:12<00:11,  3.43it/s]
neg_F1: 0.9293, pos_F1: 0.8609, accuracy: 0.9062, average_F1: 0.8951, loss: 0.2415 ||:  51%|#####1    | 42/82 [00:12<00:10,  3.85it/s]
neg_F1: 0.9275, pos_F1: 0.8584, accuracy: 0.9041, average_F1: 0.8929, loss: 0.2437 ||:  52%|#####2    | 43/82 [00:12<00:10,  3.87it/s]
neg_F1: 0.9272, pos_F1: 0.8565, accuracy: 0.9034, average_F1: 0.8919, loss: 0.2444 ||:  54%|#####3    | 44/82 [00:12<00:10,  3.68it/s]
neg_F1: 0.9260, pos_F1: 0.8524, accuracy: 0.9014, average_F1: 0.8892, loss: 0.2450 ||:  55%|#####4    | 45/82 [00:13<00:10,  3.55it/s]
neg_F1: 0.9253, pos_F1: 0.8525, accuracy: 0.9008, average_F1: 0.8889, loss: 0.2489 ||:  56%|#####6    | 46/82 [00:13<00:10,  3.41it/s]
neg_F1: 0.9268, pos_F1: 0.8560, accuracy: 0.9029, average_F1: 0.8914, loss: 0.2453 ||:  57%|#####7    | 47/82 [00:13<00:09,  3.53it/s]
neg_F1: 0.9277, pos_F1: 0.8555, accuracy: 0.9036, average_F1: 0.8916, loss: 0.2432 ||:  59%|#####8    | 48/82 [00:13<00:08,  3.81it/s]
neg_F1: 0.9263, pos_F1: 0.8528, accuracy: 0.9018, average_F1: 0.8895, loss: 0.2458 ||:  60%|#####9    | 49/82 [00:14<00:08,  3.74it/s]
neg_F1: 0.9244, pos_F1: 0.8469, accuracy: 0.8988, average_F1: 0.8856, loss: 0.2501 ||:  61%|######    | 50/82 [00:14<00:08,  3.59it/s]
neg_F1: 0.9239, pos_F1: 0.8466, accuracy: 0.8983, average_F1: 0.8853, loss: 0.2494 ||:  62%|######2   | 51/82 [00:14<00:08,  3.60it/s]
neg_F1: 0.9243, pos_F1: 0.8473, accuracy: 0.8988, average_F1: 0.8858, loss: 0.2494 ||:  63%|######3   | 52/82 [00:15<00:09,  3.27it/s]
neg_F1: 0.9262, pos_F1: 0.8484, accuracy: 0.9007, average_F1: 0.8873, loss: 0.2457 ||:  65%|######4   | 53/82 [00:15<00:08,  3.39it/s]
neg_F1: 0.9261, pos_F1: 0.8464, accuracy: 0.9002, average_F1: 0.8863, loss: 0.2476 ||:  66%|######5   | 54/82 [00:15<00:07,  3.66it/s]
neg_F1: 0.9268, pos_F1: 0.8466, accuracy: 0.9009, average_F1: 0.8867, loss: 0.2488 ||:  67%|######7   | 55/82 [00:15<00:07,  3.77it/s]
neg_F1: 0.9272, pos_F1: 0.8483, accuracy: 0.9016, average_F1: 0.8877, loss: 0.2485 ||:  68%|######8   | 56/82 [00:16<00:06,  3.84it/s]
neg_F1: 0.9258, pos_F1: 0.8465, accuracy: 0.9000, average_F1: 0.8862, loss: 0.2504 ||:  70%|######9   | 57/82 [00:16<00:07,  3.49it/s]
neg_F1: 0.9265, pos_F1: 0.8467, accuracy: 0.9006, average_F1: 0.8866, loss: 0.2511 ||:  71%|#######   | 58/82 [00:16<00:07,  3.35it/s]
neg_F1: 0.9260, pos_F1: 0.8469, accuracy: 0.9002, average_F1: 0.8864, loss: 0.2515 ||:  72%|#######1  | 59/82 [00:17<00:06,  3.45it/s]
neg_F1: 0.9264, pos_F1: 0.8480, accuracy: 0.9008, average_F1: 0.8872, loss: 0.2525 ||:  73%|#######3  | 60/82 [00:17<00:06,  3.53it/s]
neg_F1: 0.9275, pos_F1: 0.8509, accuracy: 0.9025, average_F1: 0.8892, loss: 0.2491 ||:  74%|#######4  | 61/82 [00:17<00:05,  3.56it/s]
neg_F1: 0.9285, pos_F1: 0.8541, accuracy: 0.9040, average_F1: 0.8913, loss: 0.2461 ||:  76%|#######5  | 62/82 [00:17<00:05,  3.44it/s]
neg_F1: 0.9300, pos_F1: 0.8550, accuracy: 0.9056, average_F1: 0.8925, loss: 0.2436 ||:  77%|#######6  | 63/82 [00:18<00:05,  3.55it/s]
neg_F1: 0.9303, pos_F1: 0.8559, accuracy: 0.9061, average_F1: 0.8931, loss: 0.2425 ||:  78%|#######8  | 64/82 [00:18<00:05,  3.42it/s]
neg_F1: 0.9307, pos_F1: 0.8567, accuracy: 0.9066, average_F1: 0.8937, loss: 0.2407 ||:  79%|#######9  | 65/82 [00:18<00:05,  3.39it/s]
neg_F1: 0.9308, pos_F1: 0.8584, accuracy: 0.9070, average_F1: 0.8946, loss: 0.2402 ||:  80%|########  | 66/82 [00:19<00:05,  3.18it/s]
neg_F1: 0.9318, pos_F1: 0.8604, accuracy: 0.9084, average_F1: 0.8961, loss: 0.2374 ||:  82%|########1 | 67/82 [00:19<00:04,  3.11it/s]
neg_F1: 0.9299, pos_F1: 0.8575, accuracy: 0.9061, average_F1: 0.8937, loss: 0.2399 ||:  83%|########2 | 68/82 [00:19<00:04,  3.35it/s]
neg_F1: 0.9307, pos_F1: 0.8607, accuracy: 0.9074, average_F1: 0.8957, loss: 0.2381 ||:  84%|########4 | 69/82 [00:20<00:03,  3.36it/s]
neg_F1: 0.9296, pos_F1: 0.8591, accuracy: 0.9061, average_F1: 0.8943, loss: 0.2382 ||:  85%|########5 | 70/82 [00:20<00:03,  3.50it/s]
neg_F1: 0.9287, pos_F1: 0.8568, accuracy: 0.9048, average_F1: 0.8927, loss: 0.2413 ||:  87%|########6 | 71/82 [00:20<00:03,  3.60it/s]
neg_F1: 0.9283, pos_F1: 0.8564, accuracy: 0.9043, average_F1: 0.8923, loss: 0.2411 ||:  88%|########7 | 72/82 [00:20<00:02,  3.81it/s]
neg_F1: 0.9291, pos_F1: 0.8590, accuracy: 0.9057, average_F1: 0.8940, loss: 0.2399 ||:  89%|########9 | 73/82 [00:21<00:02,  3.86it/s]
neg_F1: 0.9280, pos_F1: 0.8579, accuracy: 0.9044, average_F1: 0.8929, loss: 0.2424 ||:  90%|######### | 74/82 [00:21<00:02,  3.75it/s]
neg_F1: 0.9277, pos_F1: 0.8571, accuracy: 0.9040, average_F1: 0.8924, loss: 0.2417 ||:  91%|#########1| 75/82 [00:21<00:01,  3.60it/s]
neg_F1: 0.9271, pos_F1: 0.8578, accuracy: 0.9036, average_F1: 0.8925, loss: 0.2423 ||:  93%|#########2| 76/82 [00:21<00:01,  3.55it/s]
neg_F1: 0.9263, pos_F1: 0.8558, accuracy: 0.9024, average_F1: 0.8910, loss: 0.2452 ||:  94%|#########3| 77/82 [00:22<00:01,  3.21it/s]
neg_F1: 0.9259, pos_F1: 0.8558, accuracy: 0.9021, average_F1: 0.8908, loss: 0.2464 ||:  95%|#########5| 78/82 [00:22<00:01,  3.13it/s]
neg_F1: 0.9257, pos_F1: 0.8551, accuracy: 0.9017, average_F1: 0.8904, loss: 0.2469 ||:  96%|#########6| 79/82 [00:22<00:00,  3.08it/s]
neg_F1: 0.9265, pos_F1: 0.8575, accuracy: 0.9030, average_F1: 0.8920, loss: 0.2455 ||:  98%|#########7| 80/82 [00:23<00:00,  3.25it/s]
neg_F1: 0.9256, pos_F1: 0.8558, accuracy: 0.9019, average_F1: 0.8907, loss: 0.2471 ||:  99%|#########8| 81/82 [00:23<00:00,  3.38it/s]
neg_F1: 0.9249, pos_F1: 0.8536, accuracy: 0.9008, average_F1: 0.8893, loss: 0.2475 ||: 100%|##########| 82/82 [00:23<00:00,  3.28it/s]
neg_F1: 0.9249, pos_F1: 0.8536, accuracy: 0.9008, average_F1: 0.8893, loss: 0.2475 ||: 100%|##########| 82/82 [00:23<00:00,  3.44it/s]

  0%|          | 0/11 [00:00<?, ?it/s]
neg_F1: 0.7500, pos_F1: 0.5833, accuracy: 0.6875, average_F1: 0.6667, loss: 0.7902 ||:  18%|#8        | 2/11 [00:00<00:00, 11.12it/s]
neg_F1: 0.8095, pos_F1: 0.6364, accuracy: 0.7500, average_F1: 0.7229, loss: 0.7294 ||:  36%|###6      | 4/11 [00:00<00:00, 11.58it/s]
neg_F1: 0.7812, pos_F1: 0.5625, accuracy: 0.7083, average_F1: 0.6719, loss: 0.7074 ||:  55%|#####4    | 6/11 [00:00<00:00, 11.63it/s]
neg_F1: 0.7561, pos_F1: 0.5652, accuracy: 0.6875, average_F1: 0.6607, loss: 0.7394 ||:  73%|#######2  | 8/11 [00:00<00:00, 11.31it/s]
neg_F1: 0.7634, pos_F1: 0.5686, accuracy: 0.6944, average_F1: 0.6660, loss: 0.7311 ||:  82%|########1 | 9/11 [00:00<00:00, 10.29it/s]
neg_F1: 0.7610, pos_F1: 0.5739, accuracy: 0.6937, average_F1: 0.6674, loss: 0.7395 ||:  91%|######### | 10/11 [00:00<00:00,  9.45it/s]
neg_F1: 0.7596, pos_F1: 0.5690, accuracy: 0.6914, average_F1: 0.6643, loss: 0.8683 ||: 100%|##########| 11/11 [00:00<00:00, 11.37it/s]

  0%|          | 0/82 [00:00<?, ?it/s]
neg_F1: 0.9565, pos_F1: 0.8889, accuracy: 0.9375, average_F1: 0.9227, loss: 0.1721 ||:   1%|1         | 1/82 [00:00<00:25,  3.15it/s]
neg_F1: 0.9565, pos_F1: 0.8889, accuracy: 0.9375, average_F1: 0.9227, loss: 0.1849 ||:   2%|2         | 2/82 [00:00<00:23,  3.47it/s]
neg_F1: 0.9508, pos_F1: 0.9032, accuracy: 0.9348, average_F1: 0.9270, loss: 0.1894 ||:   4%|3         | 3/82 [00:00<00:24,  3.19it/s]
neg_F1: 0.9512, pos_F1: 0.9048, accuracy: 0.9355, average_F1: 0.9280, loss: 0.1849 ||:   5%|4         | 4/82 [00:01<00:25,  3.12it/s]
neg_F1: 0.9307, pos_F1: 0.8727, accuracy: 0.9103, average_F1: 0.9017, loss: 0.2166 ||:   6%|6         | 5/82 [00:01<00:24,  3.19it/s]
neg_F1: 0.9344, pos_F1: 0.8788, accuracy: 0.9149, average_F1: 0.9066, loss: 0.2062 ||:   7%|7         | 6/82 [00:01<00:23,  3.23it/s]
neg_F1: 0.9353, pos_F1: 0.8889, accuracy: 0.9182, average_F1: 0.9121, loss: 0.1983 ||:   9%|8         | 7/82 [00:02<00:22,  3.26it/s]
neg_F1: 0.9419, pos_F1: 0.9072, accuracy: 0.9286, average_F1: 0.9246, loss: 0.1830 ||:  10%|9         | 8/82 [00:02<00:23,  3.20it/s]
neg_F1: 0.9412, pos_F1: 0.9123, accuracy: 0.9296, average_F1: 0.9267, loss: 0.1811 ||:  11%|#         | 9/82 [00:02<00:21,  3.37it/s]
neg_F1: 0.9424, pos_F1: 0.9120, accuracy: 0.9304, average_F1: 0.9272, loss: 0.1755 ||:  12%|#2        | 10/82 [00:03<00:21,  3.40it/s]
neg_F1: 0.9434, pos_F1: 0.9118, accuracy: 0.9310, average_F1: 0.9276, loss: 0.1734 ||:  13%|#3        | 11/82 [00:03<00:20,  3.53it/s]
neg_F1: 0.9483, pos_F1: 0.9189, accuracy: 0.9368, average_F1: 0.9336, loss: 0.1632 ||:  15%|#4        | 12/82 [00:03<00:20,  3.48it/s]
neg_F1: 0.9528, pos_F1: 0.9241, accuracy: 0.9417, average_F1: 0.9384, loss: 0.1538 ||:  16%|#5        | 13/82 [00:03<00:18,  3.64it/s]
neg_F1: 0.9496, pos_F1: 0.9157, accuracy: 0.9369, average_F1: 0.9327, loss: 0.1569 ||:  17%|#7        | 14/82 [00:04<00:19,  3.54it/s]
neg_F1: 0.9495, pos_F1: 0.9162, accuracy: 0.9370, average_F1: 0.9328, loss: 0.1597 ||:  18%|#8        | 15/82 [00:04<00:19,  3.36it/s]
neg_F1: 0.9530, pos_F1: 0.9206, accuracy: 0.9409, average_F1: 0.9368, loss: 0.1563 ||:  20%|#9        | 16/82 [00:04<00:20,  3.15it/s]
neg_F1: 0.9532, pos_F1: 0.9192, accuracy: 0.9407, average_F1: 0.9362, loss: 0.1547 ||:  21%|##        | 17/82 [00:05<00:20,  3.14it/s]
neg_F1: 0.9526, pos_F1: 0.9202, accuracy: 0.9406, average_F1: 0.9364, loss: 0.1527 ||:  22%|##1       | 18/82 [00:05<00:21,  3.02it/s]
neg_F1: 0.9554, pos_F1: 0.9238, accuracy: 0.9437, average_F1: 0.9396, loss: 0.1476 ||:  23%|##3       | 19/82 [00:05<00:20,  3.09it/s]
neg_F1: 0.9512, pos_F1: 0.9115, accuracy: 0.9371, average_F1: 0.9314, loss: 0.1561 ||:  24%|##4       | 20/82 [00:05<00:17,  3.51it/s]
neg_F1: 0.9543, pos_F1: 0.9130, accuracy: 0.9401, average_F1: 0.9337, loss: 0.1521 ||:  26%|##5       | 21/82 [00:06<00:15,  3.92it/s]
neg_F1: 0.9544, pos_F1: 0.9121, accuracy: 0.9400, average_F1: 0.9333, loss: 0.1499 ||:  27%|##6       | 22/82 [00:06<00:16,  3.60it/s]
neg_F1: 0.9560, pos_F1: 0.9176, accuracy: 0.9426, average_F1: 0.9368, loss: 0.1477 ||:  28%|##8       | 23/82 [00:06<00:16,  3.66it/s]
neg_F1: 0.9576, pos_F1: 0.9219, accuracy: 0.9450, average_F1: 0.9398, loss: 0.1450 ||:  29%|##9       | 24/82 [00:07<00:17,  3.41it/s]
neg_F1: 0.9552, pos_F1: 0.9187, accuracy: 0.9422, average_F1: 0.9369, loss: 0.1529 ||:  30%|###       | 25/82 [00:07<00:17,  3.18it/s]
neg_F1: 0.9570, pos_F1: 0.9215, accuracy: 0.9444, average_F1: 0.9393, loss: 0.1500 ||:  32%|###1      | 26/82 [00:07<00:16,  3.33it/s]
neg_F1: 0.9568, pos_F1: 0.9211, accuracy: 0.9442, average_F1: 0.9389, loss: 0.1482 ||:  33%|###2      | 27/82 [00:08<00:17,  3.21it/s]
neg_F1: 0.9585, pos_F1: 0.9236, accuracy: 0.9462, average_F1: 0.9410, loss: 0.1448 ||:  34%|###4      | 28/82 [00:08<00:17,  3.12it/s]
neg_F1: 0.9565, pos_F1: 0.9202, accuracy: 0.9437, average_F1: 0.9384, loss: 0.1555 ||:  35%|###5      | 29/82 [00:08<00:16,  3.29it/s]
neg_F1: 0.9550, pos_F1: 0.9162, accuracy: 0.9414, average_F1: 0.9356, loss: 0.1567 ||:  37%|###6      | 30/82 [00:08<00:14,  3.49it/s]
neg_F1: 0.9550, pos_F1: 0.9155, accuracy: 0.9413, average_F1: 0.9352, loss: 0.1557 ||:  38%|###7      | 31/82 [00:09<00:14,  3.43it/s]
neg_F1: 0.9552, pos_F1: 0.9143, accuracy: 0.9412, average_F1: 0.9348, loss: 0.1562 ||:  39%|###9      | 32/82 [00:09<00:13,  3.65it/s]
neg_F1: 0.9565, pos_F1: 0.9171, accuracy: 0.9430, average_F1: 0.9368, loss: 0.1532 ||:  40%|####      | 33/82 [00:09<00:13,  3.56it/s]
neg_F1: 0.9579, pos_F1: 0.9194, accuracy: 0.9446, average_F1: 0.9386, loss: 0.1508 ||:  41%|####1     | 34/82 [00:10<00:14,  3.38it/s]
neg_F1: 0.9546, pos_F1: 0.9152, accuracy: 0.9409, average_F1: 0.9349, loss: 0.1567 ||:  43%|####2     | 35/82 [00:10<00:13,  3.51it/s]
neg_F1: 0.9559, pos_F1: 0.9173, accuracy: 0.9425, average_F1: 0.9366, loss: 0.1534 ||:  44%|####3     | 36/82 [00:10<00:12,  3.54it/s]
neg_F1: 0.9572, pos_F1: 0.9193, accuracy: 0.9441, average_F1: 0.9383, loss: 0.1517 ||:  45%|####5     | 37/82 [00:10<00:12,  3.62it/s]
neg_F1: 0.9584, pos_F1: 0.9212, accuracy: 0.9455, average_F1: 0.9398, loss: 0.1505 ||:  46%|####6     | 38/82 [00:11<00:12,  3.64it/s]
neg_F1: 0.9580, pos_F1: 0.9217, accuracy: 0.9453, average_F1: 0.9398, loss: 0.1505 ||:  48%|####7     | 39/82 [00:11<00:11,  3.65it/s]
neg_F1: 0.9577, pos_F1: 0.9220, accuracy: 0.9451, average_F1: 0.9399, loss: 0.1510 ||:  49%|####8     | 40/82 [00:11<00:11,  3.70it/s]
neg_F1: 0.9589, pos_F1: 0.9234, accuracy: 0.9465, average_F1: 0.9411, loss: 0.1477 ||:  50%|#####     | 41/82 [00:12<00:11,  3.51it/s]
neg_F1: 0.9588, pos_F1: 0.9227, accuracy: 0.9463, average_F1: 0.9408, loss: 0.1469 ||:  51%|#####1    | 42/82 [00:12<00:10,  3.67it/s]
neg_F1: 0.9587, pos_F1: 0.9224, accuracy: 0.9461, average_F1: 0.9405, loss: 0.1466 ||:  52%|#####2    | 43/82 [00:12<00:10,  3.56it/s]
neg_F1: 0.9597, pos_F1: 0.9240, accuracy: 0.9473, average_F1: 0.9418, loss: 0.1447 ||:  54%|#####3    | 44/82 [00:12<00:11,  3.45it/s]
neg_F1: 0.9596, pos_F1: 0.9234, accuracy: 0.9471, average_F1: 0.9415, loss: 0.1437 ||:  55%|#####4    | 45/82 [00:13<00:10,  3.65it/s]
neg_F1: 0.9594, pos_F1: 0.9231, accuracy: 0.9469, average_F1: 0.9412, loss: 0.1455 ||:  56%|#####6    | 46/82 [00:13<00:09,  3.83it/s]
neg_F1: 0.9583, pos_F1: 0.9207, accuracy: 0.9453, average_F1: 0.9395, loss: 0.1461 ||:  57%|#####7    | 47/82 [00:13<00:09,  3.50it/s]
neg_F1: 0.9592, pos_F1: 0.9222, accuracy: 0.9465, average_F1: 0.9407, loss: 0.1447 ||:  59%|#####8    | 48/82 [00:13<00:09,  3.56it/s]
neg_F1: 0.9579, pos_F1: 0.9208, accuracy: 0.9450, average_F1: 0.9393, loss: 0.1499 ||:  60%|#####9    | 49/82 [00:14<00:09,  3.64it/s]
neg_F1: 0.9587, pos_F1: 0.9225, accuracy: 0.9461, average_F1: 0.9406, loss: 0.1479 ||:  61%|######    | 50/82 [00:14<00:09,  3.45it/s]
neg_F1: 0.9577, pos_F1: 0.9204, accuracy: 0.9447, average_F1: 0.9390, loss: 0.1486 ||:  62%|######2   | 51/82 [00:14<00:09,  3.34it/s]
neg_F1: 0.9587, pos_F1: 0.9212, accuracy: 0.9458, average_F1: 0.9399, loss: 0.1471 ||:  63%|######3   | 52/82 [00:15<00:09,  3.26it/s]
neg_F1: 0.9596, pos_F1: 0.9220, accuracy: 0.9468, average_F1: 0.9408, loss: 0.1457 ||:  65%|######4   | 53/82 [00:15<00:08,  3.45it/s]
neg_F1: 0.9602, pos_F1: 0.9241, accuracy: 0.9478, average_F1: 0.9422, loss: 0.1450 ||:  66%|######5   | 54/82 [00:15<00:10,  2.79it/s]
neg_F1: 0.9610, pos_F1: 0.9254, accuracy: 0.9487, average_F1: 0.9432, loss: 0.1435 ||:  67%|######7   | 55/82 [00:16<00:08,  3.08it/s]
neg_F1: 0.9617, pos_F1: 0.9266, accuracy: 0.9497, average_F1: 0.9441, loss: 0.1426 ||:  68%|######8   | 56/82 [00:16<00:08,  3.25it/s]
neg_F1: 0.9625, pos_F1: 0.9273, accuracy: 0.9505, average_F1: 0.9449, loss: 0.1407 ||:  70%|######9   | 57/82 [00:16<00:07,  3.41it/s]
neg_F1: 0.9634, pos_F1: 0.9278, accuracy: 0.9514, average_F1: 0.9456, loss: 0.1397 ||:  71%|#######   | 58/82 [00:16<00:06,  3.62it/s]
neg_F1: 0.9608, pos_F1: 0.9226, accuracy: 0.9480, average_F1: 0.9417, loss: 0.1507 ||:  72%|#######1  | 59/82 [00:17<00:06,  3.48it/s]
neg_F1: 0.9608, pos_F1: 0.9221, accuracy: 0.9478, average_F1: 0.9414, loss: 0.1507 ||:  73%|#######3  | 60/82 [00:17<00:06,  3.34it/s]
neg_F1: 0.9606, pos_F1: 0.9219, accuracy: 0.9476, average_F1: 0.9413, loss: 0.1528 ||:  74%|#######4  | 61/82 [00:17<00:05,  3.78it/s]
neg_F1: 0.9597, pos_F1: 0.9203, accuracy: 0.9465, average_F1: 0.9400, loss: 0.1550 ||:  76%|#######5  | 62/82 [00:18<00:05,  3.54it/s]
neg_F1: 0.9602, pos_F1: 0.9222, accuracy: 0.9473, average_F1: 0.9412, loss: 0.1542 ||:  77%|#######6  | 63/82 [00:18<00:05,  3.74it/s]
neg_F1: 0.9601, pos_F1: 0.9220, accuracy: 0.9472, average_F1: 0.9410, loss: 0.1535 ||:  78%|#######8  | 64/82 [00:18<00:04,  3.75it/s]
neg_F1: 0.9599, pos_F1: 0.9218, accuracy: 0.9470, average_F1: 0.9409, loss: 0.1537 ||:  79%|#######9  | 65/82 [00:18<00:04,  3.61it/s]
neg_F1: 0.9606, pos_F1: 0.9229, accuracy: 0.9478, average_F1: 0.9417, loss: 0.1523 ||:  80%|########  | 66/82 [00:19<00:04,  3.67it/s]
neg_F1: 0.9609, pos_F1: 0.9250, accuracy: 0.9486, average_F1: 0.9429, loss: 0.1509 ||:  82%|########1 | 67/82 [00:19<00:04,  3.45it/s]
neg_F1: 0.9607, pos_F1: 0.9249, accuracy: 0.9484, average_F1: 0.9428, loss: 0.1505 ||:  83%|########2 | 68/82 [00:19<00:03,  3.72it/s]
neg_F1: 0.9584, pos_F1: 0.9211, accuracy: 0.9456, average_F1: 0.9398, loss: 0.1535 ||:  84%|########4 | 69/82 [00:19<00:03,  3.98it/s]
neg_F1: 0.9569, pos_F1: 0.9185, accuracy: 0.9436, average_F1: 0.9377, loss: 0.1568 ||:  85%|########5 | 70/82 [00:20<00:03,  3.88it/s]
neg_F1: 0.9562, pos_F1: 0.9170, accuracy: 0.9427, average_F1: 0.9366, loss: 0.1585 ||:  87%|########6 | 71/82 [00:20<00:02,  3.69it/s]
neg_F1: 0.9562, pos_F1: 0.9167, accuracy: 0.9426, average_F1: 0.9365, loss: 0.1574 ||:  88%|########7 | 72/82 [00:20<00:02,  3.50it/s]
neg_F1: 0.9570, pos_F1: 0.9173, accuracy: 0.9434, average_F1: 0.9371, loss: 0.1561 ||:  89%|########9 | 73/82 [00:21<00:02,  3.38it/s]
neg_F1: 0.9570, pos_F1: 0.9170, accuracy: 0.9433, average_F1: 0.9370, loss: 0.1560 ||:  90%|######### | 74/82 [00:21<00:02,  3.27it/s]
neg_F1: 0.9570, pos_F1: 0.9167, accuracy: 0.9432, average_F1: 0.9368, loss: 0.1551 ||:  91%|#########1| 75/82 [00:21<00:02,  3.38it/s]
neg_F1: 0.9568, pos_F1: 0.9168, accuracy: 0.9432, average_F1: 0.9368, loss: 0.1552 ||:  93%|#########2| 76/82 [00:22<00:01,  3.36it/s]
neg_F1: 0.9575, pos_F1: 0.9176, accuracy: 0.9439, average_F1: 0.9375, loss: 0.1541 ||:  94%|#########3| 77/82 [00:22<00:01,  3.50it/s]
neg_F1: 0.9581, pos_F1: 0.9185, accuracy: 0.9446, average_F1: 0.9383, loss: 0.1529 ||:  95%|#########5| 78/82 [00:22<00:01,  3.81it/s]
neg_F1: 0.9586, pos_F1: 0.9197, accuracy: 0.9453, average_F1: 0.9391, loss: 0.1519 ||:  96%|#########6| 79/82 [00:22<00:00,  3.75it/s]
neg_F1: 0.9579, pos_F1: 0.9183, accuracy: 0.9444, average_F1: 0.9381, loss: 0.1540 ||:  98%|#########7| 80/82 [00:23<00:00,  3.59it/s]
neg_F1: 0.9578, pos_F1: 0.9182, accuracy: 0.9444, average_F1: 0.9380, loss: 0.1542 ||:  99%|#########8| 81/82 [00:23<00:00,  3.59it/s]
neg_F1: 0.9584, pos_F1: 0.9189, accuracy: 0.9450, average_F1: 0.9387, loss: 0.1529 ||: 100%|##########| 82/82 [00:23<00:00,  3.51it/s]
neg_F1: 0.9584, pos_F1: 0.9189, accuracy: 0.9450, average_F1: 0.9387, loss: 0.1529 ||: 100%|##########| 82/82 [00:23<00:00,  3.46it/s]

  0%|          | 0/11 [00:00<?, ?it/s]
neg_F1: 0.7179, pos_F1: 0.5600, accuracy: 0.6562, average_F1: 0.6390, loss: 1.0176 ||:  18%|#8        | 2/11 [00:00<00:00, 11.87it/s]
neg_F1: 0.7765, pos_F1: 0.5581, accuracy: 0.7031, average_F1: 0.6673, loss: 0.7955 ||:  36%|###6      | 4/11 [00:00<00:00, 12.19it/s]
neg_F1: 0.7879, pos_F1: 0.5333, accuracy: 0.7083, average_F1: 0.6606, loss: 0.7620 ||:  55%|#####4    | 6/11 [00:00<00:00, 11.94it/s]
neg_F1: 0.7545, pos_F1: 0.5393, accuracy: 0.6797, average_F1: 0.6469, loss: 0.8463 ||:  73%|#######2  | 8/11 [00:00<00:00, 11.11it/s]
neg_F1: 0.7749, pos_F1: 0.5567, accuracy: 0.7014, average_F1: 0.6658, loss: 0.7897 ||:  82%|########1 | 9/11 [00:00<00:00, 10.24it/s]
neg_F1: 0.7714, pos_F1: 0.5636, accuracy: 0.7000, average_F1: 0.6675, loss: 0.8387 ||:  91%|######### | 10/11 [00:00<00:00,  9.69it/s]
neg_F1: 0.7642, pos_F1: 0.5536, accuracy: 0.6914, average_F1: 0.6589, loss: 1.1660 ||: 100%|##########| 11/11 [00:00<00:00, 11.36it/s]

  0%|          | 0/82 [00:00<?, ?it/s]
neg_F1: 0.9231, pos_F1: 0.9474, accuracy: 0.9375, average_F1: 0.9352, loss: 0.0982 ||:   1%|1         | 1/82 [00:00<00:22,  3.52it/s]
neg_F1: 0.9730, pos_F1: 0.9630, accuracy: 0.9688, average_F1: 0.9680, loss: 0.0612 ||:   2%|2         | 2/82 [00:00<00:23,  3.38it/s]
neg_F1: 0.9851, pos_F1: 0.9655, accuracy: 0.9792, average_F1: 0.9753, loss: 0.0499 ||:   4%|3         | 3/82 [00:00<00:24,  3.28it/s]
neg_F1: 0.9892, pos_F1: 0.9714, accuracy: 0.9844, average_F1: 0.9803, loss: 0.0573 ||:   5%|4         | 4/82 [00:01<00:22,  3.41it/s]
neg_F1: 0.9915, pos_F1: 0.9767, accuracy: 0.9875, average_F1: 0.9841, loss: 0.0578 ||:   6%|6         | 5/82 [00:01<00:23,  3.33it/s]
neg_F1: 0.9848, pos_F1: 0.9667, accuracy: 0.9792, average_F1: 0.9758, loss: 0.0990 ||:   7%|7         | 6/82 [00:01<00:21,  3.47it/s]
neg_F1: 0.9868, pos_F1: 0.9722, accuracy: 0.9821, average_F1: 0.9795, loss: 0.0988 ||:   9%|8         | 7/82 [00:02<00:20,  3.57it/s]
neg_F1: 0.9825, pos_F1: 0.9647, accuracy: 0.9766, average_F1: 0.9736, loss: 0.1109 ||:  10%|9         | 8/82 [00:02<00:22,  3.34it/s]
neg_F1: 0.9841, pos_F1: 0.9697, accuracy: 0.9792, average_F1: 0.9769, loss: 0.1052 ||:  11%|#         | 9/82 [00:02<00:21,  3.44it/s]
neg_F1: 0.9806, pos_F1: 0.9649, accuracy: 0.9750, average_F1: 0.9727, loss: 0.1041 ||:  12%|#2        | 10/82 [00:02<00:21,  3.32it/s]
neg_F1: 0.9823, pos_F1: 0.9683, accuracy: 0.9773, average_F1: 0.9753, loss: 0.0981 ||:  13%|#3        | 11/82 [00:03<00:22,  3.19it/s]
neg_F1: 0.9843, pos_F1: 0.9692, accuracy: 0.9792, average_F1: 0.9767, loss: 0.0958 ||:  15%|#4        | 12/82 [00:03<00:20,  3.47it/s]
neg_F1: 0.9784, pos_F1: 0.9565, accuracy: 0.9712, average_F1: 0.9675, loss: 0.1008 ||:  16%|#5        | 13/82 [00:03<00:19,  3.47it/s]
neg_F1: 0.9793, pos_F1: 0.9620, accuracy: 0.9732, average_F1: 0.9707, loss: 0.0972 ||:  17%|#7        | 14/82 [00:04<00:20,  3.30it/s]
neg_F1: 0.9799, pos_F1: 0.9670, accuracy: 0.9750, average_F1: 0.9734, loss: 0.0969 ||:  18%|#8        | 15/82 [00:04<00:20,  3.28it/s]
neg_F1: 0.9814, pos_F1: 0.9684, accuracy: 0.9766, average_F1: 0.9749, loss: 0.0948 ||:  20%|#9        | 16/82 [00:04<00:20,  3.23it/s]
neg_F1: 0.9828, pos_F1: 0.9694, accuracy: 0.9779, average_F1: 0.9761, loss: 0.0918 ||:  21%|##        | 17/82 [00:05<00:18,  3.46it/s]
neg_F1: 0.9812, pos_F1: 0.9655, accuracy: 0.9757, average_F1: 0.9734, loss: 0.0931 ||:  22%|##1       | 18/82 [00:05<00:17,  3.57it/s]
neg_F1: 0.9824, pos_F1: 0.9668, accuracy: 0.9770, average_F1: 0.9746, loss: 0.0889 ||:  23%|##3       | 19/82 [00:05<00:18,  3.41it/s]
neg_F1: 0.9832, pos_F1: 0.9686, accuracy: 0.9781, average_F1: 0.9759, loss: 0.0892 ||:  24%|##4       | 20/82 [00:05<00:17,  3.60it/s]
neg_F1: 0.9838, pos_F1: 0.9707, accuracy: 0.9792, average_F1: 0.9773, loss: 0.0879 ||:  26%|##5       | 21/82 [00:06<00:17,  3.44it/s]
neg_F1: 0.9846, pos_F1: 0.9719, accuracy: 0.9801, average_F1: 0.9783, loss: 0.0893 ||:  27%|##6       | 22/82 [00:06<00:15,  3.90it/s]
neg_F1: 0.9810, pos_F1: 0.9658, accuracy: 0.9755, average_F1: 0.9734, loss: 0.1019 ||:  28%|##8       | 23/82 [00:06<00:16,  3.50it/s]
neg_F1: 0.9797, pos_F1: 0.9638, accuracy: 0.9740, average_F1: 0.9717, loss: 0.1017 ||:  29%|##9       | 24/82 [00:07<00:17,  3.41it/s]
neg_F1: 0.9806, pos_F1: 0.9648, accuracy: 0.9750, average_F1: 0.9727, loss: 0.0988 ||:  30%|###       | 25/82 [00:07<00:16,  3.41it/s]
neg_F1: 0.9811, pos_F1: 0.9669, accuracy: 0.9760, average_F1: 0.9740, loss: 0.0971 ||:  32%|###1      | 26/82 [00:07<00:16,  3.37it/s]
neg_F1: 0.9818, pos_F1: 0.9684, accuracy: 0.9769, average_F1: 0.9751, loss: 0.0959 ||:  33%|###2      | 27/82 [00:07<00:15,  3.64it/s]
neg_F1: 0.9822, pos_F1: 0.9701, accuracy: 0.9777, average_F1: 0.9761, loss: 0.0954 ||:  34%|###4      | 28/82 [00:08<00:15,  3.45it/s]
neg_F1: 0.9828, pos_F1: 0.9711, accuracy: 0.9784, average_F1: 0.9770, loss: 0.0943 ||:  35%|###5      | 29/82 [00:08<00:15,  3.48it/s]
neg_F1: 0.9819, pos_F1: 0.9688, accuracy: 0.9771, average_F1: 0.9754, loss: 0.1028 ||:  37%|###6      | 30/82 [00:08<00:15,  3.36it/s]
neg_F1: 0.9825, pos_F1: 0.9699, accuracy: 0.9778, average_F1: 0.9762, loss: 0.1015 ||:  38%|###7      | 31/82 [00:09<00:14,  3.46it/s]
neg_F1: 0.9832, pos_F1: 0.9702, accuracy: 0.9785, average_F1: 0.9767, loss: 0.1002 ||:  39%|###9      | 32/82 [00:09<00:14,  3.37it/s]
neg_F1: 0.9838, pos_F1: 0.9707, accuracy: 0.9792, average_F1: 0.9773, loss: 0.0986 ||:  40%|####      | 33/82 [00:09<00:13,  3.61it/s]
neg_F1: 0.9844, pos_F1: 0.9713, accuracy: 0.9798, average_F1: 0.9778, loss: 0.0965 ||:  41%|####1     | 34/82 [00:09<00:13,  3.47it/s]
neg_F1: 0.9849, pos_F1: 0.9720, accuracy: 0.9804, average_F1: 0.9784, loss: 0.0946 ||:  43%|####2     | 35/82 [00:10<00:13,  3.51it/s]
neg_F1: 0.9853, pos_F1: 0.9727, accuracy: 0.9809, average_F1: 0.9790, loss: 0.0932 ||:  44%|####3     | 36/82 [00:10<00:14,  3.25it/s]
neg_F1: 0.9845, pos_F1: 0.9709, accuracy: 0.9797, average_F1: 0.9777, loss: 0.0928 ||:  45%|####5     | 37/82 [00:10<00:13,  3.23it/s]
neg_F1: 0.9848, pos_F1: 0.9717, accuracy: 0.9803, average_F1: 0.9783, loss: 0.0909 ||:  46%|####6     | 38/82 [00:11<00:13,  3.18it/s]
neg_F1: 0.9840, pos_F1: 0.9703, accuracy: 0.9792, average_F1: 0.9771, loss: 0.0901 ||:  48%|####7     | 39/82 [00:11<00:13,  3.27it/s]
neg_F1: 0.9843, pos_F1: 0.9713, accuracy: 0.9797, average_F1: 0.9778, loss: 0.0886 ||:  49%|####8     | 40/82 [00:11<00:12,  3.32it/s]
neg_F1: 0.9847, pos_F1: 0.9720, accuracy: 0.9802, average_F1: 0.9783, loss: 0.0885 ||:  50%|#####     | 41/82 [00:12<00:11,  3.46it/s]
neg_F1: 0.9850, pos_F1: 0.9726, accuracy: 0.9807, average_F1: 0.9788, loss: 0.0874 ||:  51%|#####1    | 42/82 [00:12<00:10,  3.70it/s]
neg_F1: 0.9854, pos_F1: 0.9733, accuracy: 0.9811, average_F1: 0.9793, loss: 0.0856 ||:  52%|#####2    | 43/82 [00:12<00:10,  3.74it/s]
neg_F1: 0.9845, pos_F1: 0.9721, accuracy: 0.9801, average_F1: 0.9783, loss: 0.0859 ||:  54%|#####3    | 44/82 [00:12<00:10,  3.73it/s]
neg_F1: 0.9829, pos_F1: 0.9684, accuracy: 0.9778, average_F1: 0.9756, loss: 0.0877 ||:  55%|#####4    | 45/82 [00:13<00:10,  3.65it/s]
neg_F1: 0.9823, pos_F1: 0.9669, accuracy: 0.9769, average_F1: 0.9746, loss: 0.0881 ||:  56%|#####6    | 46/82 [00:13<00:09,  3.74it/s]
neg_F1: 0.9826, pos_F1: 0.9677, accuracy: 0.9774, average_F1: 0.9752, loss: 0.0868 ||:  57%|#####7    | 47/82 [00:13<00:09,  3.74it/s]
neg_F1: 0.9820, pos_F1: 0.9663, accuracy: 0.9766, average_F1: 0.9742, loss: 0.0869 ||:  59%|#####8    | 48/82 [00:13<00:09,  3.46it/s]
neg_F1: 0.9826, pos_F1: 0.9664, accuracy: 0.9770, average_F1: 0.9745, loss: 0.0869 ||:  60%|#####9    | 49/82 [00:14<00:09,  3.53it/s]
neg_F1: 0.9830, pos_F1: 0.9669, accuracy: 0.9775, average_F1: 0.9749, loss: 0.0854 ||:  61%|######    | 50/82 [00:14<00:09,  3.44it/s]
neg_F1: 0.9814, pos_F1: 0.9642, accuracy: 0.9755, average_F1: 0.9728, loss: 0.0876 ||:  62%|######2   | 51/82 [00:14<00:08,  3.54it/s]
neg_F1: 0.9807, pos_F1: 0.9635, accuracy: 0.9748, average_F1: 0.9721, loss: 0.0892 ||:  63%|######3   | 52/82 [00:15<00:08,  3.59it/s]
neg_F1: 0.9810, pos_F1: 0.9643, accuracy: 0.9752, average_F1: 0.9727, loss: 0.0886 ||:  65%|######4   | 53/82 [00:15<00:08,  3.38it/s]
neg_F1: 0.9814, pos_F1: 0.9648, accuracy: 0.9757, average_F1: 0.9731, loss: 0.0883 ||:  66%|######5   | 54/82 [00:15<00:07,  3.66it/s]
neg_F1: 0.9799, pos_F1: 0.9625, accuracy: 0.9739, average_F1: 0.9712, loss: 0.0911 ||:  67%|######7   | 55/82 [00:15<00:06,  3.93it/s]
neg_F1: 0.9795, pos_F1: 0.9613, accuracy: 0.9732, average_F1: 0.9704, loss: 0.0910 ||:  68%|######8   | 56/82 [00:16<00:06,  3.85it/s]
neg_F1: 0.9791, pos_F1: 0.9601, accuracy: 0.9726, average_F1: 0.9696, loss: 0.0920 ||:  70%|######9   | 57/82 [00:16<00:06,  3.86it/s]
neg_F1: 0.9779, pos_F1: 0.9575, accuracy: 0.9709, average_F1: 0.9677, loss: 0.0965 ||:  71%|#######   | 58/82 [00:16<00:06,  3.78it/s]
neg_F1: 0.9782, pos_F1: 0.9583, accuracy: 0.9714, average_F1: 0.9683, loss: 0.0953 ||:  72%|#######1  | 59/82 [00:16<00:06,  3.78it/s]
neg_F1: 0.9787, pos_F1: 0.9588, accuracy: 0.9719, average_F1: 0.9687, loss: 0.0947 ||:  73%|#######3  | 60/82 [00:17<00:05,  3.82it/s]
neg_F1: 0.9782, pos_F1: 0.9581, accuracy: 0.9713, average_F1: 0.9681, loss: 0.0971 ||:  74%|#######4  | 61/82 [00:17<00:05,  3.78it/s]
neg_F1: 0.9778, pos_F1: 0.9570, accuracy: 0.9708, average_F1: 0.9674, loss: 0.0978 ||:  76%|#######5  | 62/82 [00:17<00:05,  3.71it/s]
neg_F1: 0.9782, pos_F1: 0.9578, accuracy: 0.9712, average_F1: 0.9680, loss: 0.0969 ||:  77%|#######6  | 63/82 [00:17<00:05,  3.67it/s]
neg_F1: 0.9784, pos_F1: 0.9589, accuracy: 0.9717, average_F1: 0.9686, loss: 0.0970 ||:  78%|#######8  | 64/82 [00:18<00:05,  3.46it/s]
neg_F1: 0.9781, pos_F1: 0.9579, accuracy: 0.9712, average_F1: 0.9680, loss: 0.1000 ||:  79%|#######9  | 65/82 [00:18<00:05,  3.39it/s]
neg_F1: 0.9784, pos_F1: 0.9586, accuracy: 0.9716, average_F1: 0.9685, loss: 0.0996 ||:  80%|########  | 66/82 [00:18<00:04,  3.50it/s]
neg_F1: 0.9788, pos_F1: 0.9590, accuracy: 0.9720, average_F1: 0.9689, loss: 0.0991 ||:  82%|########1 | 67/82 [00:19<00:03,  3.90it/s]
neg_F1: 0.9784, pos_F1: 0.9582, accuracy: 0.9715, average_F1: 0.9683, loss: 0.0989 ||:  83%|########2 | 68/82 [00:19<00:03,  3.61it/s]
neg_F1: 0.9780, pos_F1: 0.9574, accuracy: 0.9710, average_F1: 0.9677, loss: 0.0994 ||:  84%|########4 | 69/82 [00:19<00:03,  3.49it/s]
neg_F1: 0.9777, pos_F1: 0.9567, accuracy: 0.9705, average_F1: 0.9672, loss: 0.0997 ||:  85%|########5 | 70/82 [00:19<00:03,  3.49it/s]
neg_F1: 0.9774, pos_F1: 0.9558, accuracy: 0.9701, average_F1: 0.9666, loss: 0.1003 ||:  87%|########6 | 71/82 [00:20<00:03,  3.35it/s]
neg_F1: 0.9762, pos_F1: 0.9542, accuracy: 0.9687, average_F1: 0.9652, loss: 0.1019 ||:  88%|########7 | 72/82 [00:20<00:03,  2.56it/s]
neg_F1: 0.9766, pos_F1: 0.9545, accuracy: 0.9691, average_F1: 0.9656, loss: 0.1010 ||:  89%|########9 | 73/82 [00:21<00:03,  2.79it/s]
neg_F1: 0.9770, pos_F1: 0.9549, accuracy: 0.9695, average_F1: 0.9659, loss: 0.0999 ||:  90%|######### | 74/82 [00:21<00:02,  2.94it/s]
neg_F1: 0.9773, pos_F1: 0.9557, accuracy: 0.9699, average_F1: 0.9665, loss: 0.0995 ||:  91%|#########1| 75/82 [00:21<00:02,  3.14it/s]
neg_F1: 0.9775, pos_F1: 0.9566, accuracy: 0.9703, average_F1: 0.9670, loss: 0.0983 ||:  93%|#########2| 76/82 [00:22<00:01,  3.20it/s]
neg_F1: 0.9771, pos_F1: 0.9561, accuracy: 0.9699, average_F1: 0.9666, loss: 0.0990 ||:  94%|#########3| 77/82 [00:22<00:01,  3.18it/s]
neg_F1: 0.9762, pos_F1: 0.9543, accuracy: 0.9687, average_F1: 0.9652, loss: 0.1027 ||:  95%|#########5| 78/82 [00:22<00:01,  3.36it/s]
neg_F1: 0.9753, pos_F1: 0.9527, accuracy: 0.9675, average_F1: 0.9640, loss: 0.1046 ||:  96%|#########6| 79/82 [00:22<00:00,  3.52it/s]
neg_F1: 0.9756, pos_F1: 0.9531, accuracy: 0.9679, average_F1: 0.9644, loss: 0.1038 ||:  98%|#########7| 80/82 [00:23<00:00,  3.90it/s]
neg_F1: 0.9760, pos_F1: 0.9536, accuracy: 0.9683, average_F1: 0.9648, loss: 0.1033 ||:  99%|#########8| 81/82 [00:23<00:00,  3.71it/s]
neg_F1: 0.9762, pos_F1: 0.9542, accuracy: 0.9687, average_F1: 0.9652, loss: 0.1026 ||: 100%|##########| 82/82 [00:23<00:00,  3.44it/s]
neg_F1: 0.9762, pos_F1: 0.9542, accuracy: 0.9687, average_F1: 0.9652, loss: 0.1026 ||: 100%|##########| 82/82 [00:23<00:00,  3.46it/s]

  0%|          | 0/11 [00:00<?, ?it/s]
neg_F1: 0.7778, pos_F1: 0.7143, accuracy: 0.7500, average_F1: 0.7460, loss: 1.0168 ||:  18%|#8        | 2/11 [00:00<00:00, 11.27it/s]
neg_F1: 0.7368, pos_F1: 0.6154, accuracy: 0.6875, average_F1: 0.6761, loss: 1.0172 ||:  36%|###6      | 4/11 [00:00<00:00, 11.65it/s]
neg_F1: 0.7742, pos_F1: 0.5882, accuracy: 0.7083, average_F1: 0.6812, loss: 0.9562 ||:  55%|#####4    | 6/11 [00:00<00:00, 11.36it/s]
neg_F1: 0.7625, pos_F1: 0.6042, accuracy: 0.7031, average_F1: 0.6833, loss: 0.9505 ||:  73%|#######2  | 8/11 [00:00<00:00, 11.02it/s]
neg_F1: 0.7640, pos_F1: 0.6182, accuracy: 0.7083, average_F1: 0.6911, loss: 0.9495 ||:  82%|########1 | 9/11 [00:00<00:00, 10.10it/s]
neg_F1: 0.7638, pos_F1: 0.6116, accuracy: 0.7063, average_F1: 0.6877, loss: 0.9540 ||:  91%|######### | 10/11 [00:00<00:00,  9.40it/s]
neg_F1: 0.7624, pos_F1: 0.6066, accuracy: 0.7037, average_F1: 0.6845, loss: 0.9887 ||: 100%|##########| 11/11 [00:00<00:00, 11.14it/s]

  0%|          | 0/11 [00:00<?, ?it/s]
neg_F1: 0.82, pos_F1: 0.60, accuracy: 0.75, average_F1: 0.71, loss: 0.45 ||:   9%|9         | 1/11 [00:00<00:01,  8.25it/s]
neg_F1: 0.76, pos_F1: 0.42, accuracy: 0.66, average_F1: 0.59, loss: 1.07 ||:  18%|#8        | 2/11 [00:00<00:01,  8.44it/s]
neg_F1: 0.86, pos_F1: 0.53, accuracy: 0.78, average_F1: 0.70, loss: 0.29 ||:  36%|###6      | 4/11 [00:00<00:00,  8.99it/s]
neg_F1: 0.87, pos_F1: 0.63, accuracy: 0.80, average_F1: 0.75, loss: 0.22 ||:  55%|#####4    | 6/11 [00:00<00:00,  9.44it/s]
neg_F1: 0.84, pos_F1: 0.56, accuracy: 0.77, average_F1: 0.70, loss: 0.54 ||:  73%|#######2  | 8/11 [00:00<00:00,  9.76it/s]
neg_F1: 0.83, pos_F1: 0.54, accuracy: 0.75, average_F1: 0.68, loss: 0.58 ||:  82%|########1 | 9/11 [00:00<00:00,  9.49it/s]
neg_F1: 0.84, pos_F1: 0.60, accuracy: 0.77, average_F1: 0.72, loss: 0.24 ||:  91%|######### | 10/11 [00:01<00:00,  9.19it/s]
neg_F1: 0.84, pos_F1: 0.61, accuracy: 0.77, average_F1: 0.72, loss: 0.34 ||: 100%|##########| 11/11 [00:01<00:00, 10.41it/s]

