2019-12-03 21:25:10,752 - INFO - allennlp.common.from_params - instantiating class <class 'allennlp.data.dataset_readers.dataset_reader.DatasetReader'> from params {'bert_model_name': 'bert-base-uncased', 'token_indexers': {'bert': {'pretrained_model': 'bert-base-uncased', 'type': 'bert-pretrained'}}, 'type': 'hur_reader_emo_0'} and extras {}
2019-12-03 21:25:10,752 - INFO - allennlp.common.params - dataset_reader.type = hur_reader_emo_0
2019-12-03 21:25:10,752 - INFO - allennlp.common.from_params - instantiating class <class 'my_library.dataset_readers.hurricanes_reader_emo0.SarcasmDatasetReaderAux'> from params {'bert_model_name': 'bert-base-uncased', 'token_indexers': {'bert': {'pretrained_model': 'bert-base-uncased', 'type': 'bert-pretrained'}}} and extras {}
2019-12-03 21:25:10,752 - INFO - allennlp.common.params - dataset_reader.lazy = False
2019-12-03 21:25:10,752 - INFO - allennlp.common.params - dataset_reader.seq_len = 256
2019-12-03 21:25:10,752 - INFO - allennlp.common.params - dataset_reader.bert_model_name = bert-base-uncased
2019-12-03 21:25:10,752 - INFO - allennlp.common.from_params - instantiating class allennlp.data.token_indexers.token_indexer.TokenIndexer from params {'pretrained_model': 'bert-base-uncased', 'type': 'bert-pretrained'} and extras {}
2019-12-03 21:25:10,752 - INFO - allennlp.common.params - dataset_reader.token_indexers.bert.type = bert-pretrained
2019-12-03 21:25:10,753 - INFO - allennlp.common.from_params - instantiating class allennlp.data.token_indexers.wordpiece_indexer.PretrainedBertIndexer from params {'pretrained_model': 'bert-base-uncased'} and extras {}
2019-12-03 21:25:10,753 - INFO - allennlp.common.params - dataset_reader.token_indexers.bert.pretrained_model = bert-base-uncased
2019-12-03 21:25:10,753 - INFO - allennlp.common.params - dataset_reader.token_indexers.bert.use_starting_offsets = False
2019-12-03 21:25:10,753 - INFO - allennlp.common.params - dataset_reader.token_indexers.bert.do_lowercase = True
2019-12-03 21:25:10,753 - INFO - allennlp.common.params - dataset_reader.token_indexers.bert.never_lowercase = None
2019-12-03 21:25:10,753 - INFO - allennlp.common.params - dataset_reader.token_indexers.bert.max_pieces = 512
2019-12-03 21:25:10,825 - INFO - pytorch_pretrained_bert.tokenization - loading vocabulary file https://s3.amazonaws.com/models.huggingface.co/bert/bert-base-uncased-vocab.txt from cache at /home/ubuntu/.pytorch_pretrained_bert/26bc1ad6c0ac742e9b52263248f6d0f00068293b33709fae12320c0e35ccfbbb.542ce4285a40d23a559526243235df47c5f75c197f04f37d1a0c124c32c9a084
2019-12-03 21:25:10,930 - INFO - transformers.tokenization_utils - loading file https://s3.amazonaws.com/models.huggingface.co/bert/bert-base-uncased-vocab.txt from cache at /home/ubuntu/.cache/torch/transformers/26bc1ad6c0ac742e9b52263248f6d0f00068293b33709fae12320c0e35ccfbbb.542ce4285a40d23a559526243235df47c5f75c197f04f37d1a0c124c32c9a084
2019-12-03 21:25:10,959 - INFO - allennlp.common.params - validation_dataset_reader = None
2019-12-03 21:25:10,959 - INFO - allennlp.common.params - train_data_path = data/Train5.json
2019-12-03 21:25:10,959 - INFO - allennlp.commands.train - Reading training data from data/Train5.json
2019-12-03 21:25:10,960 - INFO - my_library.dataset_readers.hurricanes_reader_emo0 - Reading instances from lines in file at: data/Train5.json
2019-12-03 21:25:12,086 - INFO - allennlp.common.params - validation_data_path = data/Val5.json
2019-12-03 21:25:12,087 - INFO - allennlp.commands.train - Reading validation data from data/Val5.json
2019-12-03 21:25:12,087 - INFO - my_library.dataset_readers.hurricanes_reader_emo0 - Reading instances from lines in file at: data/Val5.json
2019-12-03 21:25:12,226 - INFO - allennlp.common.params - test_data_path = data/Test5.json
2019-12-03 21:25:12,227 - INFO - allennlp.commands.train - Reading test data from data/Test5.json
2019-12-03 21:25:12,228 - INFO - my_library.dataset_readers.hurricanes_reader_emo0 - Reading instances from lines in file at: data/Test5.json
2019-12-03 21:25:12,356 - INFO - allennlp.commands.train - From dataset instances, validation, test, train will be considered for vocabulary creation.
2019-12-03 21:25:12,356 - INFO - allennlp.common.params - vocabulary.type = None
2019-12-03 21:25:12,356 - INFO - allennlp.common.params - vocabulary.extend = False
2019-12-03 21:25:12,356 - INFO - allennlp.common.params - vocabulary.directory_path = None
2019-12-03 21:25:12,356 - INFO - allennlp.common.params - vocabulary.min_count = None
2019-12-03 21:25:12,356 - INFO - allennlp.common.params - vocabulary.max_vocab_size = None
2019-12-03 21:25:12,356 - INFO - allennlp.common.params - vocabulary.non_padded_namespaces = ('*tags', '*labels')
2019-12-03 21:25:12,356 - INFO - allennlp.common.params - vocabulary.min_pretrained_embeddings = None
2019-12-03 21:25:12,356 - INFO - allennlp.common.params - vocabulary.only_include_pretrained_words = False
2019-12-03 21:25:12,356 - INFO - allennlp.common.params - vocabulary.tokens_to_add = None
2019-12-03 21:25:12,356 - INFO - allennlp.data.vocabulary - Fitting token dictionary from dataset.
2019-12-03 21:25:12,374 - INFO - allennlp.common.from_params - instantiating class <class 'allennlp.models.model.Model'> from params {'bert_model_name': 'bert-base-uncased', 'type': 'emotion_classifier'} and extras {'vocab': <allennlp.data.vocabulary.Vocabulary object at 0x7f70face9c88>}
2019-12-03 21:25:12,374 - INFO - allennlp.common.params - model.type = emotion_classifier
2019-12-03 21:25:12,374 - INFO - allennlp.common.params - model.bert_model_name = bert-base-uncased
2019-12-03 21:25:12,374 - INFO - allennlp.common.params - model.initializer = []
2019-12-03 21:25:12,375 - INFO - allennlp.common.params - model.regularizer = []
2019-12-03 21:25:12,452 - INFO - transformers.configuration_utils - loading configuration file https://s3.amazonaws.com/models.huggingface.co/bert/bert-base-uncased-config.json from cache at /home/ubuntu/.cache/torch/transformers/4dad0251492946e18ac39290fcfe91b89d370fee250efe9521476438fe8ca185.bf3b9ea126d8c0001ee8a1e8b92229871d06d36d8808208cc2449280da87785c
2019-12-03 21:25:12,453 - INFO - transformers.configuration_utils - Model config {
  "attention_probs_dropout_prob": 0.1,
  "finetuning_task": null,
  "hidden_act": "gelu",
  "hidden_dropout_prob": 0.1,
  "hidden_size": 768,
  "initializer_range": 0.02,
  "intermediate_size": 3072,
  "is_decoder": false,
  "layer_norm_eps": 1e-12,
  "max_position_embeddings": 512,
  "num_attention_heads": 12,
  "num_hidden_layers": 12,
  "num_labels": 2,
  "output_attentions": false,
  "output_hidden_states": false,
  "output_past": true,
  "pruned_heads": {},
  "torchscript": false,
  "type_vocab_size": 2,
  "use_bfloat16": false,
  "vocab_size": 30522
}

2019-12-03 21:25:12,526 - INFO - transformers.modeling_utils - loading weights file https://s3.amazonaws.com/models.huggingface.co/bert/bert-base-uncased-pytorch_model.bin from cache at /home/ubuntu/.cache/torch/transformers/aa1ef1aede4482d0dbcd4d52baad8ae300e60902e88fcb0bebdec09afd232066.36ca03ab34a1a5d5fa7bc3d03d55c4fa650fed07220e2eeebc06ce58d0e9a157
2019-12-03 21:25:15,235 - INFO - allennlp.nn.initializers - Initializing parameters
2019-12-03 21:25:15,236 - INFO - allennlp.nn.initializers - Done initializing parameters; the following parameters are using their default initialization from their code
2019-12-03 21:25:15,236 - INFO - allennlp.nn.initializers -    linear.bias
2019-12-03 21:25:15,236 - INFO - allennlp.nn.initializers -    linear.weight
2019-12-03 21:25:15,236 - INFO - allennlp.nn.initializers -    text_field_embedder.embeddings.LayerNorm.bias
2019-12-03 21:25:15,236 - INFO - allennlp.nn.initializers -    text_field_embedder.embeddings.LayerNorm.weight
2019-12-03 21:25:15,237 - INFO - allennlp.nn.initializers -    text_field_embedder.embeddings.position_embeddings.weight
2019-12-03 21:25:15,237 - INFO - allennlp.nn.initializers -    text_field_embedder.embeddings.token_type_embeddings.weight
2019-12-03 21:25:15,237 - INFO - allennlp.nn.initializers -    text_field_embedder.embeddings.word_embeddings.weight
2019-12-03 21:25:15,237 - INFO - allennlp.nn.initializers -    text_field_embedder.encoder.layer.0.attention.output.LayerNorm.bias
2019-12-03 21:25:15,237 - INFO - allennlp.nn.initializers -    text_field_embedder.encoder.layer.0.attention.output.LayerNorm.weight
2019-12-03 21:25:15,237 - INFO - allennlp.nn.initializers -    text_field_embedder.encoder.layer.0.attention.output.dense.bias
2019-12-03 21:25:15,237 - INFO - allennlp.nn.initializers -    text_field_embedder.encoder.layer.0.attention.output.dense.weight
2019-12-03 21:25:15,237 - INFO - allennlp.nn.initializers -    text_field_embedder.encoder.layer.0.attention.self.key.bias
2019-12-03 21:25:15,237 - INFO - allennlp.nn.initializers -    text_field_embedder.encoder.layer.0.attention.self.key.weight
2019-12-03 21:25:15,237 - INFO - allennlp.nn.initializers -    text_field_embedder.encoder.layer.0.attention.self.query.bias
2019-12-03 21:25:15,237 - INFO - allennlp.nn.initializers -    text_field_embedder.encoder.layer.0.attention.self.query.weight
2019-12-03 21:25:15,237 - INFO - allennlp.nn.initializers -    text_field_embedder.encoder.layer.0.attention.self.value.bias
2019-12-03 21:25:15,237 - INFO - allennlp.nn.initializers -    text_field_embedder.encoder.layer.0.attention.self.value.weight
2019-12-03 21:25:15,237 - INFO - allennlp.nn.initializers -    text_field_embedder.encoder.layer.0.intermediate.dense.bias
2019-12-03 21:25:15,237 - INFO - allennlp.nn.initializers -    text_field_embedder.encoder.layer.0.intermediate.dense.weight
2019-12-03 21:25:15,237 - INFO - allennlp.nn.initializers -    text_field_embedder.encoder.layer.0.output.LayerNorm.bias
2019-12-03 21:25:15,237 - INFO - allennlp.nn.initializers -    text_field_embedder.encoder.layer.0.output.LayerNorm.weight
2019-12-03 21:25:15,238 - INFO - allennlp.nn.initializers -    text_field_embedder.encoder.layer.0.output.dense.bias
2019-12-03 21:25:15,238 - INFO - allennlp.nn.initializers -    text_field_embedder.encoder.layer.0.output.dense.weight
2019-12-03 21:25:15,238 - INFO - allennlp.nn.initializers -    text_field_embedder.encoder.layer.1.attention.output.LayerNorm.bias
2019-12-03 21:25:15,238 - INFO - allennlp.nn.initializers -    text_field_embedder.encoder.layer.1.attention.output.LayerNorm.weight
2019-12-03 21:25:15,238 - INFO - allennlp.nn.initializers -    text_field_embedder.encoder.layer.1.attention.output.dense.bias
2019-12-03 21:25:15,238 - INFO - allennlp.nn.initializers -    text_field_embedder.encoder.layer.1.attention.output.dense.weight
2019-12-03 21:25:15,238 - INFO - allennlp.nn.initializers -    text_field_embedder.encoder.layer.1.attention.self.key.bias
2019-12-03 21:25:15,238 - INFO - allennlp.nn.initializers -    text_field_embedder.encoder.layer.1.attention.self.key.weight
2019-12-03 21:25:15,238 - INFO - allennlp.nn.initializers -    text_field_embedder.encoder.layer.1.attention.self.query.bias
2019-12-03 21:25:15,238 - INFO - allennlp.nn.initializers -    text_field_embedder.encoder.layer.1.attention.self.query.weight
2019-12-03 21:25:15,238 - INFO - allennlp.nn.initializers -    text_field_embedder.encoder.layer.1.attention.self.value.bias
2019-12-03 21:25:15,238 - INFO - allennlp.nn.initializers -    text_field_embedder.encoder.layer.1.attention.self.value.weight
2019-12-03 21:25:15,238 - INFO - allennlp.nn.initializers -    text_field_embedder.encoder.layer.1.intermediate.dense.bias
2019-12-03 21:25:15,238 - INFO - allennlp.nn.initializers -    text_field_embedder.encoder.layer.1.intermediate.dense.weight
2019-12-03 21:25:15,238 - INFO - allennlp.nn.initializers -    text_field_embedder.encoder.layer.1.output.LayerNorm.bias
2019-12-03 21:25:15,238 - INFO - allennlp.nn.initializers -    text_field_embedder.encoder.layer.1.output.LayerNorm.weight
2019-12-03 21:25:15,238 - INFO - allennlp.nn.initializers -    text_field_embedder.encoder.layer.1.output.dense.bias
2019-12-03 21:25:15,239 - INFO - allennlp.nn.initializers -    text_field_embedder.encoder.layer.1.output.dense.weight
2019-12-03 21:25:15,239 - INFO - allennlp.nn.initializers -    text_field_embedder.encoder.layer.10.attention.output.LayerNorm.bias
2019-12-03 21:25:15,239 - INFO - allennlp.nn.initializers -    text_field_embedder.encoder.layer.10.attention.output.LayerNorm.weight
2019-12-03 21:25:15,239 - INFO - allennlp.nn.initializers -    text_field_embedder.encoder.layer.10.attention.output.dense.bias
2019-12-03 21:25:15,239 - INFO - allennlp.nn.initializers -    text_field_embedder.encoder.layer.10.attention.output.dense.weight
2019-12-03 21:25:15,239 - INFO - allennlp.nn.initializers -    text_field_embedder.encoder.layer.10.attention.self.key.bias
2019-12-03 21:25:15,239 - INFO - allennlp.nn.initializers -    text_field_embedder.encoder.layer.10.attention.self.key.weight
2019-12-03 21:25:15,239 - INFO - allennlp.nn.initializers -    text_field_embedder.encoder.layer.10.attention.self.query.bias
2019-12-03 21:25:15,239 - INFO - allennlp.nn.initializers -    text_field_embedder.encoder.layer.10.attention.self.query.weight
2019-12-03 21:25:15,239 - INFO - allennlp.nn.initializers -    text_field_embedder.encoder.layer.10.attention.self.value.bias
2019-12-03 21:25:15,239 - INFO - allennlp.nn.initializers -    text_field_embedder.encoder.layer.10.attention.self.value.weight
2019-12-03 21:25:15,239 - INFO - allennlp.nn.initializers -    text_field_embedder.encoder.layer.10.intermediate.dense.bias
2019-12-03 21:25:15,239 - INFO - allennlp.nn.initializers -    text_field_embedder.encoder.layer.10.intermediate.dense.weight
2019-12-03 21:25:15,239 - INFO - allennlp.nn.initializers -    text_field_embedder.encoder.layer.10.output.LayerNorm.bias
2019-12-03 21:25:15,239 - INFO - allennlp.nn.initializers -    text_field_embedder.encoder.layer.10.output.LayerNorm.weight
2019-12-03 21:25:15,239 - INFO - allennlp.nn.initializers -    text_field_embedder.encoder.layer.10.output.dense.bias
2019-12-03 21:25:15,239 - INFO - allennlp.nn.initializers -    text_field_embedder.encoder.layer.10.output.dense.weight
2019-12-03 21:25:15,240 - INFO - allennlp.nn.initializers -    text_field_embedder.encoder.layer.11.attention.output.LayerNorm.bias
2019-12-03 21:25:15,240 - INFO - allennlp.nn.initializers -    text_field_embedder.encoder.layer.11.attention.output.LayerNorm.weight
2019-12-03 21:25:15,240 - INFO - allennlp.nn.initializers -    text_field_embedder.encoder.layer.11.attention.output.dense.bias
2019-12-03 21:25:15,240 - INFO - allennlp.nn.initializers -    text_field_embedder.encoder.layer.11.attention.output.dense.weight
2019-12-03 21:25:15,240 - INFO - allennlp.nn.initializers -    text_field_embedder.encoder.layer.11.attention.self.key.bias
2019-12-03 21:25:15,240 - INFO - allennlp.nn.initializers -    text_field_embedder.encoder.layer.11.attention.self.key.weight
2019-12-03 21:25:15,240 - INFO - allennlp.nn.initializers -    text_field_embedder.encoder.layer.11.attention.self.query.bias
2019-12-03 21:25:15,240 - INFO - allennlp.nn.initializers -    text_field_embedder.encoder.layer.11.attention.self.query.weight
2019-12-03 21:25:15,240 - INFO - allennlp.nn.initializers -    text_field_embedder.encoder.layer.11.attention.self.value.bias
2019-12-03 21:25:15,240 - INFO - allennlp.nn.initializers -    text_field_embedder.encoder.layer.11.attention.self.value.weight
2019-12-03 21:25:15,240 - INFO - allennlp.nn.initializers -    text_field_embedder.encoder.layer.11.intermediate.dense.bias
2019-12-03 21:25:15,240 - INFO - allennlp.nn.initializers -    text_field_embedder.encoder.layer.11.intermediate.dense.weight
2019-12-03 21:25:15,240 - INFO - allennlp.nn.initializers -    text_field_embedder.encoder.layer.11.output.LayerNorm.bias
2019-12-03 21:25:15,240 - INFO - allennlp.nn.initializers -    text_field_embedder.encoder.layer.11.output.LayerNorm.weight
2019-12-03 21:25:15,240 - INFO - allennlp.nn.initializers -    text_field_embedder.encoder.layer.11.output.dense.bias
2019-12-03 21:25:15,240 - INFO - allennlp.nn.initializers -    text_field_embedder.encoder.layer.11.output.dense.weight
2019-12-03 21:25:15,240 - INFO - allennlp.nn.initializers -    text_field_embedder.encoder.layer.2.attention.output.LayerNorm.bias
2019-12-03 21:25:15,241 - INFO - allennlp.nn.initializers -    text_field_embedder.encoder.layer.2.attention.output.LayerNorm.weight
2019-12-03 21:25:15,241 - INFO - allennlp.nn.initializers -    text_field_embedder.encoder.layer.2.attention.output.dense.bias
2019-12-03 21:25:15,241 - INFO - allennlp.nn.initializers -    text_field_embedder.encoder.layer.2.attention.output.dense.weight
2019-12-03 21:25:15,241 - INFO - allennlp.nn.initializers -    text_field_embedder.encoder.layer.2.attention.self.key.bias
2019-12-03 21:25:15,241 - INFO - allennlp.nn.initializers -    text_field_embedder.encoder.layer.2.attention.self.key.weight
2019-12-03 21:25:15,241 - INFO - allennlp.nn.initializers -    text_field_embedder.encoder.layer.2.attention.self.query.bias
2019-12-03 21:25:15,241 - INFO - allennlp.nn.initializers -    text_field_embedder.encoder.layer.2.attention.self.query.weight
2019-12-03 21:25:15,241 - INFO - allennlp.nn.initializers -    text_field_embedder.encoder.layer.2.attention.self.value.bias
2019-12-03 21:25:15,241 - INFO - allennlp.nn.initializers -    text_field_embedder.encoder.layer.2.attention.self.value.weight
2019-12-03 21:25:15,241 - INFO - allennlp.nn.initializers -    text_field_embedder.encoder.layer.2.intermediate.dense.bias
2019-12-03 21:25:15,241 - INFO - allennlp.nn.initializers -    text_field_embedder.encoder.layer.2.intermediate.dense.weight
2019-12-03 21:25:15,241 - INFO - allennlp.nn.initializers -    text_field_embedder.encoder.layer.2.output.LayerNorm.bias
2019-12-03 21:25:15,241 - INFO - allennlp.nn.initializers -    text_field_embedder.encoder.layer.2.output.LayerNorm.weight
2019-12-03 21:25:15,241 - INFO - allennlp.nn.initializers -    text_field_embedder.encoder.layer.2.output.dense.bias
2019-12-03 21:25:15,241 - INFO - allennlp.nn.initializers -    text_field_embedder.encoder.layer.2.output.dense.weight
2019-12-03 21:25:15,241 - INFO - allennlp.nn.initializers -    text_field_embedder.encoder.layer.3.attention.output.LayerNorm.bias
2019-12-03 21:25:15,242 - INFO - allennlp.nn.initializers -    text_field_embedder.encoder.layer.3.attention.output.LayerNorm.weight
2019-12-03 21:25:15,242 - INFO - allennlp.nn.initializers -    text_field_embedder.encoder.layer.3.attention.output.dense.bias
2019-12-03 21:25:15,242 - INFO - allennlp.nn.initializers -    text_field_embedder.encoder.layer.3.attention.output.dense.weight
2019-12-03 21:25:15,242 - INFO - allennlp.nn.initializers -    text_field_embedder.encoder.layer.3.attention.self.key.bias
2019-12-03 21:25:15,242 - INFO - allennlp.nn.initializers -    text_field_embedder.encoder.layer.3.attention.self.key.weight
2019-12-03 21:25:15,242 - INFO - allennlp.nn.initializers -    text_field_embedder.encoder.layer.3.attention.self.query.bias
2019-12-03 21:25:15,242 - INFO - allennlp.nn.initializers -    text_field_embedder.encoder.layer.3.attention.self.query.weight
2019-12-03 21:25:15,242 - INFO - allennlp.nn.initializers -    text_field_embedder.encoder.layer.3.attention.self.value.bias
2019-12-03 21:25:15,242 - INFO - allennlp.nn.initializers -    text_field_embedder.encoder.layer.3.attention.self.value.weight
2019-12-03 21:25:15,242 - INFO - allennlp.nn.initializers -    text_field_embedder.encoder.layer.3.intermediate.dense.bias
2019-12-03 21:25:15,242 - INFO - allennlp.nn.initializers -    text_field_embedder.encoder.layer.3.intermediate.dense.weight
2019-12-03 21:25:15,242 - INFO - allennlp.nn.initializers -    text_field_embedder.encoder.layer.3.output.LayerNorm.bias
2019-12-03 21:25:15,242 - INFO - allennlp.nn.initializers -    text_field_embedder.encoder.layer.3.output.LayerNorm.weight
2019-12-03 21:25:15,242 - INFO - allennlp.nn.initializers -    text_field_embedder.encoder.layer.3.output.dense.bias
2019-12-03 21:25:15,242 - INFO - allennlp.nn.initializers -    text_field_embedder.encoder.layer.3.output.dense.weight
2019-12-03 21:25:15,242 - INFO - allennlp.nn.initializers -    text_field_embedder.encoder.layer.4.attention.output.LayerNorm.bias
2019-12-03 21:25:15,242 - INFO - allennlp.nn.initializers -    text_field_embedder.encoder.layer.4.attention.output.LayerNorm.weight
2019-12-03 21:25:15,242 - INFO - allennlp.nn.initializers -    text_field_embedder.encoder.layer.4.attention.output.dense.bias
2019-12-03 21:25:15,243 - INFO - allennlp.nn.initializers -    text_field_embedder.encoder.layer.4.attention.output.dense.weight
2019-12-03 21:25:15,243 - INFO - allennlp.nn.initializers -    text_field_embedder.encoder.layer.4.attention.self.key.bias
2019-12-03 21:25:15,243 - INFO - allennlp.nn.initializers -    text_field_embedder.encoder.layer.4.attention.self.key.weight
2019-12-03 21:25:15,243 - INFO - allennlp.nn.initializers -    text_field_embedder.encoder.layer.4.attention.self.query.bias
2019-12-03 21:25:15,243 - INFO - allennlp.nn.initializers -    text_field_embedder.encoder.layer.4.attention.self.query.weight
2019-12-03 21:25:15,243 - INFO - allennlp.nn.initializers -    text_field_embedder.encoder.layer.4.attention.self.value.bias
2019-12-03 21:25:15,243 - INFO - allennlp.nn.initializers -    text_field_embedder.encoder.layer.4.attention.self.value.weight
2019-12-03 21:25:15,243 - INFO - allennlp.nn.initializers -    text_field_embedder.encoder.layer.4.intermediate.dense.bias
2019-12-03 21:25:15,243 - INFO - allennlp.nn.initializers -    text_field_embedder.encoder.layer.4.intermediate.dense.weight
2019-12-03 21:25:15,243 - INFO - allennlp.nn.initializers -    text_field_embedder.encoder.layer.4.output.LayerNorm.bias
2019-12-03 21:25:15,243 - INFO - allennlp.nn.initializers -    text_field_embedder.encoder.layer.4.output.LayerNorm.weight
2019-12-03 21:25:15,243 - INFO - allennlp.nn.initializers -    text_field_embedder.encoder.layer.4.output.dense.bias
2019-12-03 21:25:15,243 - INFO - allennlp.nn.initializers -    text_field_embedder.encoder.layer.4.output.dense.weight
2019-12-03 21:25:15,243 - INFO - allennlp.nn.initializers -    text_field_embedder.encoder.layer.5.attention.output.LayerNorm.bias
2019-12-03 21:25:15,243 - INFO - allennlp.nn.initializers -    text_field_embedder.encoder.layer.5.attention.output.LayerNorm.weight
2019-12-03 21:25:15,243 - INFO - allennlp.nn.initializers -    text_field_embedder.encoder.layer.5.attention.output.dense.bias
2019-12-03 21:25:15,244 - INFO - allennlp.nn.initializers -    text_field_embedder.encoder.layer.5.attention.output.dense.weight
2019-12-03 21:25:15,244 - INFO - allennlp.nn.initializers -    text_field_embedder.encoder.layer.5.attention.self.key.bias
2019-12-03 21:25:15,244 - INFO - allennlp.nn.initializers -    text_field_embedder.encoder.layer.5.attention.self.key.weight
2019-12-03 21:25:15,244 - INFO - allennlp.nn.initializers -    text_field_embedder.encoder.layer.5.attention.self.query.bias
2019-12-03 21:25:15,244 - INFO - allennlp.nn.initializers -    text_field_embedder.encoder.layer.5.attention.self.query.weight
2019-12-03 21:25:15,244 - INFO - allennlp.nn.initializers -    text_field_embedder.encoder.layer.5.attention.self.value.bias
2019-12-03 21:25:15,244 - INFO - allennlp.nn.initializers -    text_field_embedder.encoder.layer.5.attention.self.value.weight
2019-12-03 21:25:15,244 - INFO - allennlp.nn.initializers -    text_field_embedder.encoder.layer.5.intermediate.dense.bias
2019-12-03 21:25:15,244 - INFO - allennlp.nn.initializers -    text_field_embedder.encoder.layer.5.intermediate.dense.weight
2019-12-03 21:25:15,244 - INFO - allennlp.nn.initializers -    text_field_embedder.encoder.layer.5.output.LayerNorm.bias
2019-12-03 21:25:15,244 - INFO - allennlp.nn.initializers -    text_field_embedder.encoder.layer.5.output.LayerNorm.weight
2019-12-03 21:25:15,244 - INFO - allennlp.nn.initializers -    text_field_embedder.encoder.layer.5.output.dense.bias
2019-12-03 21:25:15,244 - INFO - allennlp.nn.initializers -    text_field_embedder.encoder.layer.5.output.dense.weight
2019-12-03 21:25:15,244 - INFO - allennlp.nn.initializers -    text_field_embedder.encoder.layer.6.attention.output.LayerNorm.bias
2019-12-03 21:25:15,244 - INFO - allennlp.nn.initializers -    text_field_embedder.encoder.layer.6.attention.output.LayerNorm.weight
2019-12-03 21:25:15,244 - INFO - allennlp.nn.initializers -    text_field_embedder.encoder.layer.6.attention.output.dense.bias
2019-12-03 21:25:15,244 - INFO - allennlp.nn.initializers -    text_field_embedder.encoder.layer.6.attention.output.dense.weight
2019-12-03 21:25:15,245 - INFO - allennlp.nn.initializers -    text_field_embedder.encoder.layer.6.attention.self.key.bias
2019-12-03 21:25:15,245 - INFO - allennlp.nn.initializers -    text_field_embedder.encoder.layer.6.attention.self.key.weight
2019-12-03 21:25:15,245 - INFO - allennlp.nn.initializers -    text_field_embedder.encoder.layer.6.attention.self.query.bias
2019-12-03 21:25:15,245 - INFO - allennlp.nn.initializers -    text_field_embedder.encoder.layer.6.attention.self.query.weight
2019-12-03 21:25:15,245 - INFO - allennlp.nn.initializers -    text_field_embedder.encoder.layer.6.attention.self.value.bias
2019-12-03 21:25:15,245 - INFO - allennlp.nn.initializers -    text_field_embedder.encoder.layer.6.attention.self.value.weight
2019-12-03 21:25:15,245 - INFO - allennlp.nn.initializers -    text_field_embedder.encoder.layer.6.intermediate.dense.bias
2019-12-03 21:25:15,245 - INFO - allennlp.nn.initializers -    text_field_embedder.encoder.layer.6.intermediate.dense.weight
2019-12-03 21:25:15,245 - INFO - allennlp.nn.initializers -    text_field_embedder.encoder.layer.6.output.LayerNorm.bias
2019-12-03 21:25:15,245 - INFO - allennlp.nn.initializers -    text_field_embedder.encoder.layer.6.output.LayerNorm.weight
2019-12-03 21:25:15,245 - INFO - allennlp.nn.initializers -    text_field_embedder.encoder.layer.6.output.dense.bias
2019-12-03 21:25:15,245 - INFO - allennlp.nn.initializers -    text_field_embedder.encoder.layer.6.output.dense.weight
2019-12-03 21:25:15,245 - INFO - allennlp.nn.initializers -    text_field_embedder.encoder.layer.7.attention.output.LayerNorm.bias
2019-12-03 21:25:15,245 - INFO - allennlp.nn.initializers -    text_field_embedder.encoder.layer.7.attention.output.LayerNorm.weight
2019-12-03 21:25:15,245 - INFO - allennlp.nn.initializers -    text_field_embedder.encoder.layer.7.attention.output.dense.bias
2019-12-03 21:25:15,245 - INFO - allennlp.nn.initializers -    text_field_embedder.encoder.layer.7.attention.output.dense.weight
2019-12-03 21:25:15,245 - INFO - allennlp.nn.initializers -    text_field_embedder.encoder.layer.7.attention.self.key.bias
2019-12-03 21:25:15,246 - INFO - allennlp.nn.initializers -    text_field_embedder.encoder.layer.7.attention.self.key.weight
2019-12-03 21:25:15,246 - INFO - allennlp.nn.initializers -    text_field_embedder.encoder.layer.7.attention.self.query.bias
2019-12-03 21:25:15,246 - INFO - allennlp.nn.initializers -    text_field_embedder.encoder.layer.7.attention.self.query.weight
2019-12-03 21:25:15,246 - INFO - allennlp.nn.initializers -    text_field_embedder.encoder.layer.7.attention.self.value.bias
2019-12-03 21:25:15,246 - INFO - allennlp.nn.initializers -    text_field_embedder.encoder.layer.7.attention.self.value.weight
2019-12-03 21:25:15,246 - INFO - allennlp.nn.initializers -    text_field_embedder.encoder.layer.7.intermediate.dense.bias
2019-12-03 21:25:15,246 - INFO - allennlp.nn.initializers -    text_field_embedder.encoder.layer.7.intermediate.dense.weight
2019-12-03 21:25:15,246 - INFO - allennlp.nn.initializers -    text_field_embedder.encoder.layer.7.output.LayerNorm.bias
2019-12-03 21:25:15,246 - INFO - allennlp.nn.initializers -    text_field_embedder.encoder.layer.7.output.LayerNorm.weight
2019-12-03 21:25:15,246 - INFO - allennlp.nn.initializers -    text_field_embedder.encoder.layer.7.output.dense.bias
2019-12-03 21:25:15,246 - INFO - allennlp.nn.initializers -    text_field_embedder.encoder.layer.7.output.dense.weight
2019-12-03 21:25:15,246 - INFO - allennlp.nn.initializers -    text_field_embedder.encoder.layer.8.attention.output.LayerNorm.bias
2019-12-03 21:25:15,246 - INFO - allennlp.nn.initializers -    text_field_embedder.encoder.layer.8.attention.output.LayerNorm.weight
2019-12-03 21:25:15,246 - INFO - allennlp.nn.initializers -    text_field_embedder.encoder.layer.8.attention.output.dense.bias
2019-12-03 21:25:15,246 - INFO - allennlp.nn.initializers -    text_field_embedder.encoder.layer.8.attention.output.dense.weight
2019-12-03 21:25:15,246 - INFO - allennlp.nn.initializers -    text_field_embedder.encoder.layer.8.attention.self.key.bias
2019-12-03 21:25:15,246 - INFO - allennlp.nn.initializers -    text_field_embedder.encoder.layer.8.attention.self.key.weight
2019-12-03 21:25:15,247 - INFO - allennlp.nn.initializers -    text_field_embedder.encoder.layer.8.attention.self.query.bias
2019-12-03 21:25:15,247 - INFO - allennlp.nn.initializers -    text_field_embedder.encoder.layer.8.attention.self.query.weight
2019-12-03 21:25:15,247 - INFO - allennlp.nn.initializers -    text_field_embedder.encoder.layer.8.attention.self.value.bias
2019-12-03 21:25:15,247 - INFO - allennlp.nn.initializers -    text_field_embedder.encoder.layer.8.attention.self.value.weight
2019-12-03 21:25:15,247 - INFO - allennlp.nn.initializers -    text_field_embedder.encoder.layer.8.intermediate.dense.bias
2019-12-03 21:25:15,247 - INFO - allennlp.nn.initializers -    text_field_embedder.encoder.layer.8.intermediate.dense.weight
2019-12-03 21:25:15,247 - INFO - allennlp.nn.initializers -    text_field_embedder.encoder.layer.8.output.LayerNorm.bias
2019-12-03 21:25:15,247 - INFO - allennlp.nn.initializers -    text_field_embedder.encoder.layer.8.output.LayerNorm.weight
2019-12-03 21:25:15,247 - INFO - allennlp.nn.initializers -    text_field_embedder.encoder.layer.8.output.dense.bias
2019-12-03 21:25:15,247 - INFO - allennlp.nn.initializers -    text_field_embedder.encoder.layer.8.output.dense.weight
2019-12-03 21:25:15,247 - INFO - allennlp.nn.initializers -    text_field_embedder.encoder.layer.9.attention.output.LayerNorm.bias
2019-12-03 21:25:15,247 - INFO - allennlp.nn.initializers -    text_field_embedder.encoder.layer.9.attention.output.LayerNorm.weight
2019-12-03 21:25:15,247 - INFO - allennlp.nn.initializers -    text_field_embedder.encoder.layer.9.attention.output.dense.bias
2019-12-03 21:25:15,247 - INFO - allennlp.nn.initializers -    text_field_embedder.encoder.layer.9.attention.output.dense.weight
2019-12-03 21:25:15,247 - INFO - allennlp.nn.initializers -    text_field_embedder.encoder.layer.9.attention.self.key.bias
2019-12-03 21:25:15,247 - INFO - allennlp.nn.initializers -    text_field_embedder.encoder.layer.9.attention.self.key.weight
2019-12-03 21:25:15,247 - INFO - allennlp.nn.initializers -    text_field_embedder.encoder.layer.9.attention.self.query.bias
2019-12-03 21:25:15,248 - INFO - allennlp.nn.initializers -    text_field_embedder.encoder.layer.9.attention.self.query.weight
2019-12-03 21:25:15,248 - INFO - allennlp.nn.initializers -    text_field_embedder.encoder.layer.9.attention.self.value.bias
2019-12-03 21:25:15,248 - INFO - allennlp.nn.initializers -    text_field_embedder.encoder.layer.9.attention.self.value.weight
2019-12-03 21:25:15,248 - INFO - allennlp.nn.initializers -    text_field_embedder.encoder.layer.9.intermediate.dense.bias
2019-12-03 21:25:15,248 - INFO - allennlp.nn.initializers -    text_field_embedder.encoder.layer.9.intermediate.dense.weight
2019-12-03 21:25:15,248 - INFO - allennlp.nn.initializers -    text_field_embedder.encoder.layer.9.output.LayerNorm.bias
2019-12-03 21:25:15,248 - INFO - allennlp.nn.initializers -    text_field_embedder.encoder.layer.9.output.LayerNorm.weight
2019-12-03 21:25:15,248 - INFO - allennlp.nn.initializers -    text_field_embedder.encoder.layer.9.output.dense.bias
2019-12-03 21:25:15,248 - INFO - allennlp.nn.initializers -    text_field_embedder.encoder.layer.9.output.dense.weight
2019-12-03 21:25:15,248 - INFO - allennlp.nn.initializers -    text_field_embedder.pooler.dense.bias
2019-12-03 21:25:15,248 - INFO - allennlp.nn.initializers -    text_field_embedder.pooler.dense.weight
2019-12-03 21:25:15,249 - INFO - allennlp.common.from_params - instantiating class <class 'allennlp.data.iterators.data_iterator.DataIterator'> from params {'batch_size': 16, 'sorting_keys': [['quote_response', 'num_tokens']], 'type': 'bucket'} and extras {}
2019-12-03 21:25:15,249 - INFO - allennlp.common.params - iterator.type = bucket
2019-12-03 21:25:15,249 - INFO - allennlp.common.from_params - instantiating class <class 'allennlp.data.iterators.bucket_iterator.BucketIterator'> from params {'batch_size': 16, 'sorting_keys': [['quote_response', 'num_tokens']]} and extras {}
2019-12-03 21:25:15,249 - INFO - allennlp.common.params - iterator.sorting_keys = [['quote_response', 'num_tokens']]
2019-12-03 21:25:15,250 - INFO - allennlp.common.params - iterator.padding_noise = 0.1
2019-12-03 21:25:15,250 - INFO - allennlp.common.params - iterator.biggest_batch_first = False
2019-12-03 21:25:15,250 - INFO - allennlp.common.params - iterator.batch_size = 16
2019-12-03 21:25:15,250 - INFO - allennlp.common.params - iterator.instances_per_epoch = None
2019-12-03 21:25:15,250 - INFO - allennlp.common.params - iterator.max_instances_in_memory = None
2019-12-03 21:25:15,250 - INFO - allennlp.common.params - iterator.cache_instances = False
2019-12-03 21:25:15,250 - INFO - allennlp.common.params - iterator.track_epoch = False
2019-12-03 21:25:15,250 - INFO - allennlp.common.params - iterator.maximum_samples_per_batch = None
2019-12-03 21:25:15,250 - INFO - allennlp.common.params - validation_iterator = None
2019-12-03 21:25:15,250 - INFO - allennlp.common.params - trainer.no_grad = ()
2019-12-03 21:25:15,252 - INFO - allennlp.commands.train - Following parameters are Frozen  (without gradient):
2019-12-03 21:25:15,252 - INFO - allennlp.commands.train - Following parameters are Tunable (with gradient):
2019-12-03 21:25:15,252 - INFO - allennlp.commands.train - text_field_embedder.embeddings.word_embeddings.weight
2019-12-03 21:25:15,252 - INFO - allennlp.commands.train - text_field_embedder.embeddings.position_embeddings.weight
2019-12-03 21:25:15,252 - INFO - allennlp.commands.train - text_field_embedder.embeddings.token_type_embeddings.weight
2019-12-03 21:25:15,252 - INFO - allennlp.commands.train - text_field_embedder.embeddings.LayerNorm.weight
2019-12-03 21:25:15,252 - INFO - allennlp.commands.train - text_field_embedder.embeddings.LayerNorm.bias
2019-12-03 21:25:15,252 - INFO - allennlp.commands.train - text_field_embedder.encoder.layer.0.attention.self.query.weight
2019-12-03 21:25:15,252 - INFO - allennlp.commands.train - text_field_embedder.encoder.layer.0.attention.self.query.bias
2019-12-03 21:25:15,253 - INFO - allennlp.commands.train - text_field_embedder.encoder.layer.0.attention.self.key.weight
2019-12-03 21:25:15,253 - INFO - allennlp.commands.train - text_field_embedder.encoder.layer.0.attention.self.key.bias
2019-12-03 21:25:15,253 - INFO - allennlp.commands.train - text_field_embedder.encoder.layer.0.attention.self.value.weight
2019-12-03 21:25:15,253 - INFO - allennlp.commands.train - text_field_embedder.encoder.layer.0.attention.self.value.bias
2019-12-03 21:25:15,253 - INFO - allennlp.commands.train - text_field_embedder.encoder.layer.0.attention.output.dense.weight
2019-12-03 21:25:15,253 - INFO - allennlp.commands.train - text_field_embedder.encoder.layer.0.attention.output.dense.bias
2019-12-03 21:25:15,253 - INFO - allennlp.commands.train - text_field_embedder.encoder.layer.0.attention.output.LayerNorm.weight
2019-12-03 21:25:15,253 - INFO - allennlp.commands.train - text_field_embedder.encoder.layer.0.attention.output.LayerNorm.bias
2019-12-03 21:25:15,253 - INFO - allennlp.commands.train - text_field_embedder.encoder.layer.0.intermediate.dense.weight
2019-12-03 21:25:15,253 - INFO - allennlp.commands.train - text_field_embedder.encoder.layer.0.intermediate.dense.bias
2019-12-03 21:25:15,253 - INFO - allennlp.commands.train - text_field_embedder.encoder.layer.0.output.dense.weight
2019-12-03 21:25:15,253 - INFO - allennlp.commands.train - text_field_embedder.encoder.layer.0.output.dense.bias
2019-12-03 21:25:15,253 - INFO - allennlp.commands.train - text_field_embedder.encoder.layer.0.output.LayerNorm.weight
2019-12-03 21:25:15,253 - INFO - allennlp.commands.train - text_field_embedder.encoder.layer.0.output.LayerNorm.bias
2019-12-03 21:25:15,253 - INFO - allennlp.commands.train - text_field_embedder.encoder.layer.1.attention.self.query.weight
2019-12-03 21:25:15,253 - INFO - allennlp.commands.train - text_field_embedder.encoder.layer.1.attention.self.query.bias
2019-12-03 21:25:15,253 - INFO - allennlp.commands.train - text_field_embedder.encoder.layer.1.attention.self.key.weight
2019-12-03 21:25:15,253 - INFO - allennlp.commands.train - text_field_embedder.encoder.layer.1.attention.self.key.bias
2019-12-03 21:25:15,253 - INFO - allennlp.commands.train - text_field_embedder.encoder.layer.1.attention.self.value.weight
2019-12-03 21:25:15,254 - INFO - allennlp.commands.train - text_field_embedder.encoder.layer.1.attention.self.value.bias
2019-12-03 21:25:15,254 - INFO - allennlp.commands.train - text_field_embedder.encoder.layer.1.attention.output.dense.weight
2019-12-03 21:25:15,254 - INFO - allennlp.commands.train - text_field_embedder.encoder.layer.1.attention.output.dense.bias
2019-12-03 21:25:15,254 - INFO - allennlp.commands.train - text_field_embedder.encoder.layer.1.attention.output.LayerNorm.weight
2019-12-03 21:25:15,254 - INFO - allennlp.commands.train - text_field_embedder.encoder.layer.1.attention.output.LayerNorm.bias
2019-12-03 21:25:15,254 - INFO - allennlp.commands.train - text_field_embedder.encoder.layer.1.intermediate.dense.weight
2019-12-03 21:25:15,254 - INFO - allennlp.commands.train - text_field_embedder.encoder.layer.1.intermediate.dense.bias
2019-12-03 21:25:15,254 - INFO - allennlp.commands.train - text_field_embedder.encoder.layer.1.output.dense.weight
2019-12-03 21:25:15,254 - INFO - allennlp.commands.train - text_field_embedder.encoder.layer.1.output.dense.bias
2019-12-03 21:25:15,254 - INFO - allennlp.commands.train - text_field_embedder.encoder.layer.1.output.LayerNorm.weight
2019-12-03 21:25:15,254 - INFO - allennlp.commands.train - text_field_embedder.encoder.layer.1.output.LayerNorm.bias
2019-12-03 21:25:15,254 - INFO - allennlp.commands.train - text_field_embedder.encoder.layer.2.attention.self.query.weight
2019-12-03 21:25:15,254 - INFO - allennlp.commands.train - text_field_embedder.encoder.layer.2.attention.self.query.bias
2019-12-03 21:25:15,254 - INFO - allennlp.commands.train - text_field_embedder.encoder.layer.2.attention.self.key.weight
2019-12-03 21:25:15,254 - INFO - allennlp.commands.train - text_field_embedder.encoder.layer.2.attention.self.key.bias
2019-12-03 21:25:15,254 - INFO - allennlp.commands.train - text_field_embedder.encoder.layer.2.attention.self.value.weight
2019-12-03 21:25:15,254 - INFO - allennlp.commands.train - text_field_embedder.encoder.layer.2.attention.self.value.bias
2019-12-03 21:25:15,254 - INFO - allennlp.commands.train - text_field_embedder.encoder.layer.2.attention.output.dense.weight
2019-12-03 21:25:15,255 - INFO - allennlp.commands.train - text_field_embedder.encoder.layer.2.attention.output.dense.bias
2019-12-03 21:25:15,255 - INFO - allennlp.commands.train - text_field_embedder.encoder.layer.2.attention.output.LayerNorm.weight
2019-12-03 21:25:15,255 - INFO - allennlp.commands.train - text_field_embedder.encoder.layer.2.attention.output.LayerNorm.bias
2019-12-03 21:25:15,255 - INFO - allennlp.commands.train - text_field_embedder.encoder.layer.2.intermediate.dense.weight
2019-12-03 21:25:15,255 - INFO - allennlp.commands.train - text_field_embedder.encoder.layer.2.intermediate.dense.bias
2019-12-03 21:25:15,255 - INFO - allennlp.commands.train - text_field_embedder.encoder.layer.2.output.dense.weight
2019-12-03 21:25:15,255 - INFO - allennlp.commands.train - text_field_embedder.encoder.layer.2.output.dense.bias
2019-12-03 21:25:15,255 - INFO - allennlp.commands.train - text_field_embedder.encoder.layer.2.output.LayerNorm.weight
2019-12-03 21:25:15,255 - INFO - allennlp.commands.train - text_field_embedder.encoder.layer.2.output.LayerNorm.bias
2019-12-03 21:25:15,255 - INFO - allennlp.commands.train - text_field_embedder.encoder.layer.3.attention.self.query.weight
2019-12-03 21:25:15,255 - INFO - allennlp.commands.train - text_field_embedder.encoder.layer.3.attention.self.query.bias
2019-12-03 21:25:15,255 - INFO - allennlp.commands.train - text_field_embedder.encoder.layer.3.attention.self.key.weight
2019-12-03 21:25:15,255 - INFO - allennlp.commands.train - text_field_embedder.encoder.layer.3.attention.self.key.bias
2019-12-03 21:25:15,255 - INFO - allennlp.commands.train - text_field_embedder.encoder.layer.3.attention.self.value.weight
2019-12-03 21:25:15,255 - INFO - allennlp.commands.train - text_field_embedder.encoder.layer.3.attention.self.value.bias
2019-12-03 21:25:15,255 - INFO - allennlp.commands.train - text_field_embedder.encoder.layer.3.attention.output.dense.weight
2019-12-03 21:25:15,255 - INFO - allennlp.commands.train - text_field_embedder.encoder.layer.3.attention.output.dense.bias
2019-12-03 21:25:15,255 - INFO - allennlp.commands.train - text_field_embedder.encoder.layer.3.attention.output.LayerNorm.weight
2019-12-03 21:25:15,256 - INFO - allennlp.commands.train - text_field_embedder.encoder.layer.3.attention.output.LayerNorm.bias
2019-12-03 21:25:15,256 - INFO - allennlp.commands.train - text_field_embedder.encoder.layer.3.intermediate.dense.weight
2019-12-03 21:25:15,256 - INFO - allennlp.commands.train - text_field_embedder.encoder.layer.3.intermediate.dense.bias
2019-12-03 21:25:15,256 - INFO - allennlp.commands.train - text_field_embedder.encoder.layer.3.output.dense.weight
2019-12-03 21:25:15,256 - INFO - allennlp.commands.train - text_field_embedder.encoder.layer.3.output.dense.bias
2019-12-03 21:25:15,256 - INFO - allennlp.commands.train - text_field_embedder.encoder.layer.3.output.LayerNorm.weight
2019-12-03 21:25:15,256 - INFO - allennlp.commands.train - text_field_embedder.encoder.layer.3.output.LayerNorm.bias
2019-12-03 21:25:15,256 - INFO - allennlp.commands.train - text_field_embedder.encoder.layer.4.attention.self.query.weight
2019-12-03 21:25:15,256 - INFO - allennlp.commands.train - text_field_embedder.encoder.layer.4.attention.self.query.bias
2019-12-03 21:25:15,256 - INFO - allennlp.commands.train - text_field_embedder.encoder.layer.4.attention.self.key.weight
2019-12-03 21:25:15,256 - INFO - allennlp.commands.train - text_field_embedder.encoder.layer.4.attention.self.key.bias
2019-12-03 21:25:15,256 - INFO - allennlp.commands.train - text_field_embedder.encoder.layer.4.attention.self.value.weight
2019-12-03 21:25:15,256 - INFO - allennlp.commands.train - text_field_embedder.encoder.layer.4.attention.self.value.bias
2019-12-03 21:25:15,256 - INFO - allennlp.commands.train - text_field_embedder.encoder.layer.4.attention.output.dense.weight
2019-12-03 21:25:15,256 - INFO - allennlp.commands.train - text_field_embedder.encoder.layer.4.attention.output.dense.bias
2019-12-03 21:25:15,256 - INFO - allennlp.commands.train - text_field_embedder.encoder.layer.4.attention.output.LayerNorm.weight
2019-12-03 21:25:15,256 - INFO - allennlp.commands.train - text_field_embedder.encoder.layer.4.attention.output.LayerNorm.bias
2019-12-03 21:25:15,256 - INFO - allennlp.commands.train - text_field_embedder.encoder.layer.4.intermediate.dense.weight
2019-12-03 21:25:15,256 - INFO - allennlp.commands.train - text_field_embedder.encoder.layer.4.intermediate.dense.bias
2019-12-03 21:25:15,257 - INFO - allennlp.commands.train - text_field_embedder.encoder.layer.4.output.dense.weight
2019-12-03 21:25:15,257 - INFO - allennlp.commands.train - text_field_embedder.encoder.layer.4.output.dense.bias
2019-12-03 21:25:15,257 - INFO - allennlp.commands.train - text_field_embedder.encoder.layer.4.output.LayerNorm.weight
2019-12-03 21:25:15,257 - INFO - allennlp.commands.train - text_field_embedder.encoder.layer.4.output.LayerNorm.bias
2019-12-03 21:25:15,257 - INFO - allennlp.commands.train - text_field_embedder.encoder.layer.5.attention.self.query.weight
2019-12-03 21:25:15,257 - INFO - allennlp.commands.train - text_field_embedder.encoder.layer.5.attention.self.query.bias
2019-12-03 21:25:15,257 - INFO - allennlp.commands.train - text_field_embedder.encoder.layer.5.attention.self.key.weight
2019-12-03 21:25:15,257 - INFO - allennlp.commands.train - text_field_embedder.encoder.layer.5.attention.self.key.bias
2019-12-03 21:25:15,257 - INFO - allennlp.commands.train - text_field_embedder.encoder.layer.5.attention.self.value.weight
2019-12-03 21:25:15,257 - INFO - allennlp.commands.train - text_field_embedder.encoder.layer.5.attention.self.value.bias
2019-12-03 21:25:15,257 - INFO - allennlp.commands.train - text_field_embedder.encoder.layer.5.attention.output.dense.weight
2019-12-03 21:25:15,257 - INFO - allennlp.commands.train - text_field_embedder.encoder.layer.5.attention.output.dense.bias
2019-12-03 21:25:15,257 - INFO - allennlp.commands.train - text_field_embedder.encoder.layer.5.attention.output.LayerNorm.weight
2019-12-03 21:25:15,257 - INFO - allennlp.commands.train - text_field_embedder.encoder.layer.5.attention.output.LayerNorm.bias
2019-12-03 21:25:15,257 - INFO - allennlp.commands.train - text_field_embedder.encoder.layer.5.intermediate.dense.weight
2019-12-03 21:25:15,257 - INFO - allennlp.commands.train - text_field_embedder.encoder.layer.5.intermediate.dense.bias
2019-12-03 21:25:15,257 - INFO - allennlp.commands.train - text_field_embedder.encoder.layer.5.output.dense.weight
2019-12-03 21:25:15,257 - INFO - allennlp.commands.train - text_field_embedder.encoder.layer.5.output.dense.bias
2019-12-03 21:25:15,258 - INFO - allennlp.commands.train - text_field_embedder.encoder.layer.5.output.LayerNorm.weight
2019-12-03 21:25:15,258 - INFO - allennlp.commands.train - text_field_embedder.encoder.layer.5.output.LayerNorm.bias
2019-12-03 21:25:15,258 - INFO - allennlp.commands.train - text_field_embedder.encoder.layer.6.attention.self.query.weight
2019-12-03 21:25:15,258 - INFO - allennlp.commands.train - text_field_embedder.encoder.layer.6.attention.self.query.bias
2019-12-03 21:25:15,258 - INFO - allennlp.commands.train - text_field_embedder.encoder.layer.6.attention.self.key.weight
2019-12-03 21:25:15,258 - INFO - allennlp.commands.train - text_field_embedder.encoder.layer.6.attention.self.key.bias
2019-12-03 21:25:15,258 - INFO - allennlp.commands.train - text_field_embedder.encoder.layer.6.attention.self.value.weight
2019-12-03 21:25:15,258 - INFO - allennlp.commands.train - text_field_embedder.encoder.layer.6.attention.self.value.bias
2019-12-03 21:25:15,258 - INFO - allennlp.commands.train - text_field_embedder.encoder.layer.6.attention.output.dense.weight
2019-12-03 21:25:15,258 - INFO - allennlp.commands.train - text_field_embedder.encoder.layer.6.attention.output.dense.bias
2019-12-03 21:25:15,258 - INFO - allennlp.commands.train - text_field_embedder.encoder.layer.6.attention.output.LayerNorm.weight
2019-12-03 21:25:15,258 - INFO - allennlp.commands.train - text_field_embedder.encoder.layer.6.attention.output.LayerNorm.bias
2019-12-03 21:25:15,258 - INFO - allennlp.commands.train - text_field_embedder.encoder.layer.6.intermediate.dense.weight
2019-12-03 21:25:15,258 - INFO - allennlp.commands.train - text_field_embedder.encoder.layer.6.intermediate.dense.bias
2019-12-03 21:25:15,258 - INFO - allennlp.commands.train - text_field_embedder.encoder.layer.6.output.dense.weight
2019-12-03 21:25:15,258 - INFO - allennlp.commands.train - text_field_embedder.encoder.layer.6.output.dense.bias
2019-12-03 21:25:15,258 - INFO - allennlp.commands.train - text_field_embedder.encoder.layer.6.output.LayerNorm.weight
2019-12-03 21:25:15,258 - INFO - allennlp.commands.train - text_field_embedder.encoder.layer.6.output.LayerNorm.bias
2019-12-03 21:25:15,258 - INFO - allennlp.commands.train - text_field_embedder.encoder.layer.7.attention.self.query.weight
2019-12-03 21:25:15,259 - INFO - allennlp.commands.train - text_field_embedder.encoder.layer.7.attention.self.query.bias
2019-12-03 21:25:15,259 - INFO - allennlp.commands.train - text_field_embedder.encoder.layer.7.attention.self.key.weight
2019-12-03 21:25:15,259 - INFO - allennlp.commands.train - text_field_embedder.encoder.layer.7.attention.self.key.bias
2019-12-03 21:25:15,259 - INFO - allennlp.commands.train - text_field_embedder.encoder.layer.7.attention.self.value.weight
2019-12-03 21:25:15,259 - INFO - allennlp.commands.train - text_field_embedder.encoder.layer.7.attention.self.value.bias
2019-12-03 21:25:15,259 - INFO - allennlp.commands.train - text_field_embedder.encoder.layer.7.attention.output.dense.weight
2019-12-03 21:25:15,259 - INFO - allennlp.commands.train - text_field_embedder.encoder.layer.7.attention.output.dense.bias
2019-12-03 21:25:15,259 - INFO - allennlp.commands.train - text_field_embedder.encoder.layer.7.attention.output.LayerNorm.weight
2019-12-03 21:25:15,259 - INFO - allennlp.commands.train - text_field_embedder.encoder.layer.7.attention.output.LayerNorm.bias
2019-12-03 21:25:15,259 - INFO - allennlp.commands.train - text_field_embedder.encoder.layer.7.intermediate.dense.weight
2019-12-03 21:25:15,259 - INFO - allennlp.commands.train - text_field_embedder.encoder.layer.7.intermediate.dense.bias
2019-12-03 21:25:15,259 - INFO - allennlp.commands.train - text_field_embedder.encoder.layer.7.output.dense.weight
2019-12-03 21:25:15,259 - INFO - allennlp.commands.train - text_field_embedder.encoder.layer.7.output.dense.bias
2019-12-03 21:25:15,259 - INFO - allennlp.commands.train - text_field_embedder.encoder.layer.7.output.LayerNorm.weight
2019-12-03 21:25:15,259 - INFO - allennlp.commands.train - text_field_embedder.encoder.layer.7.output.LayerNorm.bias
2019-12-03 21:25:15,259 - INFO - allennlp.commands.train - text_field_embedder.encoder.layer.8.attention.self.query.weight
2019-12-03 21:25:15,259 - INFO - allennlp.commands.train - text_field_embedder.encoder.layer.8.attention.self.query.bias
2019-12-03 21:25:15,260 - INFO - allennlp.commands.train - text_field_embedder.encoder.layer.8.attention.self.key.weight
2019-12-03 21:25:15,260 - INFO - allennlp.commands.train - text_field_embedder.encoder.layer.8.attention.self.key.bias
2019-12-03 21:25:15,260 - INFO - allennlp.commands.train - text_field_embedder.encoder.layer.8.attention.self.value.weight
2019-12-03 21:25:15,260 - INFO - allennlp.commands.train - text_field_embedder.encoder.layer.8.attention.self.value.bias
2019-12-03 21:25:15,260 - INFO - allennlp.commands.train - text_field_embedder.encoder.layer.8.attention.output.dense.weight
2019-12-03 21:25:15,260 - INFO - allennlp.commands.train - text_field_embedder.encoder.layer.8.attention.output.dense.bias
2019-12-03 21:25:15,260 - INFO - allennlp.commands.train - text_field_embedder.encoder.layer.8.attention.output.LayerNorm.weight
2019-12-03 21:25:15,260 - INFO - allennlp.commands.train - text_field_embedder.encoder.layer.8.attention.output.LayerNorm.bias
2019-12-03 21:25:15,260 - INFO - allennlp.commands.train - text_field_embedder.encoder.layer.8.intermediate.dense.weight
2019-12-03 21:25:15,260 - INFO - allennlp.commands.train - text_field_embedder.encoder.layer.8.intermediate.dense.bias
2019-12-03 21:25:15,260 - INFO - allennlp.commands.train - text_field_embedder.encoder.layer.8.output.dense.weight
2019-12-03 21:25:15,260 - INFO - allennlp.commands.train - text_field_embedder.encoder.layer.8.output.dense.bias
2019-12-03 21:25:15,260 - INFO - allennlp.commands.train - text_field_embedder.encoder.layer.8.output.LayerNorm.weight
2019-12-03 21:25:15,260 - INFO - allennlp.commands.train - text_field_embedder.encoder.layer.8.output.LayerNorm.bias
2019-12-03 21:25:15,260 - INFO - allennlp.commands.train - text_field_embedder.encoder.layer.9.attention.self.query.weight
2019-12-03 21:25:15,260 - INFO - allennlp.commands.train - text_field_embedder.encoder.layer.9.attention.self.query.bias
2019-12-03 21:25:15,260 - INFO - allennlp.commands.train - text_field_embedder.encoder.layer.9.attention.self.key.weight
2019-12-03 21:25:15,260 - INFO - allennlp.commands.train - text_field_embedder.encoder.layer.9.attention.self.key.bias
2019-12-03 21:25:15,261 - INFO - allennlp.commands.train - text_field_embedder.encoder.layer.9.attention.self.value.weight
2019-12-03 21:25:15,261 - INFO - allennlp.commands.train - text_field_embedder.encoder.layer.9.attention.self.value.bias
2019-12-03 21:25:15,261 - INFO - allennlp.commands.train - text_field_embedder.encoder.layer.9.attention.output.dense.weight
2019-12-03 21:25:15,261 - INFO - allennlp.commands.train - text_field_embedder.encoder.layer.9.attention.output.dense.bias
2019-12-03 21:25:15,261 - INFO - allennlp.commands.train - text_field_embedder.encoder.layer.9.attention.output.LayerNorm.weight
2019-12-03 21:25:15,261 - INFO - allennlp.commands.train - text_field_embedder.encoder.layer.9.attention.output.LayerNorm.bias
2019-12-03 21:25:15,261 - INFO - allennlp.commands.train - text_field_embedder.encoder.layer.9.intermediate.dense.weight
2019-12-03 21:25:15,261 - INFO - allennlp.commands.train - text_field_embedder.encoder.layer.9.intermediate.dense.bias
2019-12-03 21:25:15,261 - INFO - allennlp.commands.train - text_field_embedder.encoder.layer.9.output.dense.weight
2019-12-03 21:25:15,261 - INFO - allennlp.commands.train - text_field_embedder.encoder.layer.9.output.dense.bias
2019-12-03 21:25:15,261 - INFO - allennlp.commands.train - text_field_embedder.encoder.layer.9.output.LayerNorm.weight
2019-12-03 21:25:15,261 - INFO - allennlp.commands.train - text_field_embedder.encoder.layer.9.output.LayerNorm.bias
2019-12-03 21:25:15,261 - INFO - allennlp.commands.train - text_field_embedder.encoder.layer.10.attention.self.query.weight
2019-12-03 21:25:15,261 - INFO - allennlp.commands.train - text_field_embedder.encoder.layer.10.attention.self.query.bias
2019-12-03 21:25:15,261 - INFO - allennlp.commands.train - text_field_embedder.encoder.layer.10.attention.self.key.weight
2019-12-03 21:25:15,261 - INFO - allennlp.commands.train - text_field_embedder.encoder.layer.10.attention.self.key.bias
2019-12-03 21:25:15,261 - INFO - allennlp.commands.train - text_field_embedder.encoder.layer.10.attention.self.value.weight
2019-12-03 21:25:15,261 - INFO - allennlp.commands.train - text_field_embedder.encoder.layer.10.attention.self.value.bias
2019-12-03 21:25:15,261 - INFO - allennlp.commands.train - text_field_embedder.encoder.layer.10.attention.output.dense.weight
2019-12-03 21:25:15,262 - INFO - allennlp.commands.train - text_field_embedder.encoder.layer.10.attention.output.dense.bias
2019-12-03 21:25:15,262 - INFO - allennlp.commands.train - text_field_embedder.encoder.layer.10.attention.output.LayerNorm.weight
2019-12-03 21:25:15,262 - INFO - allennlp.commands.train - text_field_embedder.encoder.layer.10.attention.output.LayerNorm.bias
2019-12-03 21:25:15,262 - INFO - allennlp.commands.train - text_field_embedder.encoder.layer.10.intermediate.dense.weight
2019-12-03 21:25:15,262 - INFO - allennlp.commands.train - text_field_embedder.encoder.layer.10.intermediate.dense.bias
2019-12-03 21:25:15,262 - INFO - allennlp.commands.train - text_field_embedder.encoder.layer.10.output.dense.weight
2019-12-03 21:25:15,262 - INFO - allennlp.commands.train - text_field_embedder.encoder.layer.10.output.dense.bias
2019-12-03 21:25:15,262 - INFO - allennlp.commands.train - text_field_embedder.encoder.layer.10.output.LayerNorm.weight
2019-12-03 21:25:15,262 - INFO - allennlp.commands.train - text_field_embedder.encoder.layer.10.output.LayerNorm.bias
2019-12-03 21:25:15,262 - INFO - allennlp.commands.train - text_field_embedder.encoder.layer.11.attention.self.query.weight
2019-12-03 21:25:15,262 - INFO - allennlp.commands.train - text_field_embedder.encoder.layer.11.attention.self.query.bias
2019-12-03 21:25:15,262 - INFO - allennlp.commands.train - text_field_embedder.encoder.layer.11.attention.self.key.weight
2019-12-03 21:25:15,262 - INFO - allennlp.commands.train - text_field_embedder.encoder.layer.11.attention.self.key.bias
2019-12-03 21:25:15,262 - INFO - allennlp.commands.train - text_field_embedder.encoder.layer.11.attention.self.value.weight
2019-12-03 21:25:15,262 - INFO - allennlp.commands.train - text_field_embedder.encoder.layer.11.attention.self.value.bias
2019-12-03 21:25:15,262 - INFO - allennlp.commands.train - text_field_embedder.encoder.layer.11.attention.output.dense.weight
2019-12-03 21:25:15,262 - INFO - allennlp.commands.train - text_field_embedder.encoder.layer.11.attention.output.dense.bias
2019-12-03 21:25:15,262 - INFO - allennlp.commands.train - text_field_embedder.encoder.layer.11.attention.output.LayerNorm.weight
2019-12-03 21:25:15,263 - INFO - allennlp.commands.train - text_field_embedder.encoder.layer.11.attention.output.LayerNorm.bias
2019-12-03 21:25:15,263 - INFO - allennlp.commands.train - text_field_embedder.encoder.layer.11.intermediate.dense.weight
2019-12-03 21:25:15,263 - INFO - allennlp.commands.train - text_field_embedder.encoder.layer.11.intermediate.dense.bias
2019-12-03 21:25:15,263 - INFO - allennlp.commands.train - text_field_embedder.encoder.layer.11.output.dense.weight
2019-12-03 21:25:15,263 - INFO - allennlp.commands.train - text_field_embedder.encoder.layer.11.output.dense.bias
2019-12-03 21:25:15,263 - INFO - allennlp.commands.train - text_field_embedder.encoder.layer.11.output.LayerNorm.weight
2019-12-03 21:25:15,263 - INFO - allennlp.commands.train - text_field_embedder.encoder.layer.11.output.LayerNorm.bias
2019-12-03 21:25:15,263 - INFO - allennlp.commands.train - text_field_embedder.pooler.dense.weight
2019-12-03 21:25:15,263 - INFO - allennlp.commands.train - text_field_embedder.pooler.dense.bias
2019-12-03 21:25:15,263 - INFO - allennlp.commands.train - linear.weight
2019-12-03 21:25:15,263 - INFO - allennlp.commands.train - linear.bias
2019-12-03 21:25:15,263 - INFO - allennlp.common.params - trainer.type = default
2019-12-03 21:25:15,263 - INFO - allennlp.common.params - trainer.patience = 3
2019-12-03 21:25:15,263 - INFO - allennlp.common.params - trainer.validation_metric = +average_F1
2019-12-03 21:25:15,263 - INFO - allennlp.common.params - trainer.shuffle = True
2019-12-03 21:25:15,263 - INFO - allennlp.common.params - trainer.num_epochs = 30
2019-12-03 21:25:15,264 - INFO - allennlp.common.params - trainer.cuda_device = 4
2019-12-03 21:25:15,264 - INFO - allennlp.common.params - trainer.grad_norm = None
2019-12-03 21:25:15,264 - INFO - allennlp.common.params - trainer.grad_clipping = None
2019-12-03 21:25:15,264 - INFO - allennlp.common.params - trainer.learning_rate_scheduler = None
2019-12-03 21:25:18,528 - INFO - allennlp.common.params - trainer.optimizer.type = adagrad
2019-12-03 21:25:18,528 - INFO - allennlp.common.params - trainer.optimizer.parameter_groups = None
2019-12-03 21:25:18,529 - INFO - allennlp.training.optimizers - Number of trainable parameters: 109483778
2019-12-03 21:25:18,531 - INFO - allennlp.common.params - Converting Params object to dict; logging of default values will not occur when dictionary parameters are used subsequently.
2019-12-03 21:25:18,531 - INFO - allennlp.common.params - CURRENTLY DEFINED PARAMETERS: 
2019-12-03 21:25:18,531 - INFO - allennlp.common.params - trainer.optimizer.lr = 0.0001
2019-12-03 21:25:18,552 - INFO - allennlp.common.params - trainer.num_serialized_models_to_keep = 20
2019-12-03 21:25:18,552 - INFO - allennlp.common.params - trainer.keep_serialized_model_every_num_seconds = None
2019-12-03 21:25:18,552 - INFO - allennlp.common.params - trainer.model_save_interval = None
2019-12-03 21:25:18,553 - INFO - allennlp.common.params - trainer.summary_interval = 100
2019-12-03 21:25:18,553 - INFO - allennlp.common.params - trainer.histogram_interval = None
2019-12-03 21:25:18,553 - INFO - allennlp.common.params - trainer.should_log_parameter_statistics = True
2019-12-03 21:25:18,553 - INFO - allennlp.common.params - trainer.should_log_learning_rate = False
2019-12-03 21:25:18,553 - INFO - allennlp.common.params - trainer.log_batch_size_period = None
2019-12-03 21:25:18,557 - INFO - allennlp.common.params - evaluate_on_test = True
2019-12-03 21:25:18,557 - INFO - allennlp.training.trainer - Beginning training.
2019-12-03 21:25:18,557 - INFO - allennlp.training.trainer - Epoch 0/29
2019-12-03 21:25:18,557 - INFO - allennlp.training.trainer - Peak CPU memory usage MB: 2657.64
2019-12-03 21:25:18,842 - INFO - allennlp.training.trainer - GPU 0 memory usage MB: 11
2019-12-03 21:25:18,842 - INFO - allennlp.training.trainer - GPU 1 memory usage MB: 11
2019-12-03 21:25:18,842 - INFO - allennlp.training.trainer - GPU 2 memory usage MB: 11
2019-12-03 21:25:18,842 - INFO - allennlp.training.trainer - GPU 3 memory usage MB: 2942
2019-12-03 21:25:18,842 - INFO - allennlp.training.trainer - GPU 4 memory usage MB: 1243
2019-12-03 21:25:18,842 - INFO - allennlp.training.trainer - GPU 5 memory usage MB: 11
2019-12-03 21:25:18,842 - INFO - allennlp.training.trainer - GPU 6 memory usage MB: 11
2019-12-03 21:25:18,842 - INFO - allennlp.training.trainer - GPU 7 memory usage MB: 11
2019-12-03 21:25:18,842 - INFO - allennlp.training.trainer - GPU 8 memory usage MB: 11
2019-12-03 21:25:18,842 - INFO - allennlp.training.trainer - GPU 9 memory usage MB: 11
2019-12-03 21:25:18,842 - INFO - allennlp.training.trainer - GPU 10 memory usage MB: 11
2019-12-03 21:25:18,843 - INFO - allennlp.training.trainer - GPU 11 memory usage MB: 11
2019-12-03 21:25:18,843 - INFO - allennlp.training.trainer - GPU 12 memory usage MB: 11
2019-12-03 21:25:18,843 - INFO - allennlp.training.trainer - GPU 13 memory usage MB: 11
2019-12-03 21:25:18,843 - INFO - allennlp.training.trainer - GPU 14 memory usage MB: 11
2019-12-03 21:25:18,843 - INFO - allennlp.training.trainer - GPU 15 memory usage MB: 11
2019-12-03 21:25:18,844 - INFO - allennlp.training.trainer - Training
2019-12-03 21:25:42,893 - INFO - allennlp.training.trainer - Validating
2019-12-03 21:25:43,889 - INFO - allennlp.training.trainer -                      Training |  Validation
2019-12-03 21:25:43,889 - INFO - allennlp.training.trainer - gpu_11_memory_MB |    11.000  |       N/A
2019-12-03 21:25:43,889 - INFO - allennlp.training.trainer - gpu_1_memory_MB  |    11.000  |       N/A
2019-12-03 21:25:43,889 - INFO - allennlp.training.trainer - accuracy         |     0.715  |     0.673
2019-12-03 21:25:43,889 - INFO - allennlp.training.trainer - gpu_6_memory_MB  |    11.000  |       N/A
2019-12-03 21:25:43,889 - INFO - allennlp.training.trainer - neg_F1           |     0.806  |     0.767
2019-12-03 21:25:43,889 - INFO - allennlp.training.trainer - cpu_memory_MB    |  2657.640  |       N/A
2019-12-03 21:25:43,889 - INFO - allennlp.training.trainer - gpu_10_memory_MB |    11.000  |       N/A
2019-12-03 21:25:43,889 - INFO - allennlp.training.trainer - gpu_15_memory_MB |    11.000  |       N/A
2019-12-03 21:25:43,889 - INFO - allennlp.training.trainer - gpu_5_memory_MB  |    11.000  |       N/A
2019-12-03 21:25:43,889 - INFO - allennlp.training.trainer - gpu_0_memory_MB  |    11.000  |       N/A
2019-12-03 21:25:43,890 - INFO - allennlp.training.trainer - gpu_4_memory_MB  |  1243.000  |       N/A
2019-12-03 21:25:43,890 - INFO - allennlp.training.trainer - gpu_9_memory_MB  |    11.000  |       N/A
2019-12-03 21:25:43,890 - INFO - allennlp.training.trainer - gpu_2_memory_MB  |    11.000  |       N/A
2019-12-03 21:25:43,890 - INFO - allennlp.training.trainer - gpu_7_memory_MB  |    11.000  |       N/A
2019-12-03 21:25:43,890 - INFO - allennlp.training.trainer - gpu_14_memory_MB |    11.000  |       N/A
2019-12-03 21:25:43,890 - INFO - allennlp.training.trainer - loss             |     0.559  |     0.730
2019-12-03 21:25:43,890 - INFO - allennlp.training.trainer - gpu_3_memory_MB  |  2942.000  |       N/A
2019-12-03 21:25:43,890 - INFO - allennlp.training.trainer - gpu_13_memory_MB |    11.000  |       N/A
2019-12-03 21:25:43,890 - INFO - allennlp.training.trainer - average_F1       |     0.637  |     0.610
2019-12-03 21:25:43,890 - INFO - allennlp.training.trainer - gpu_12_memory_MB |    11.000  |       N/A
2019-12-03 21:25:43,890 - INFO - allennlp.training.trainer - gpu_8_memory_MB  |    11.000  |       N/A
2019-12-03 21:25:43,890 - INFO - allennlp.training.trainer - pos_F1           |     0.468  |     0.454
2019-12-03 21:25:44,778 - INFO - allennlp.training.trainer - Best validation performance so far. Copying weights to 'Sent/04/best.th'.
2019-12-03 21:25:45,242 - INFO - allennlp.training.trainer - Epoch duration: 00:00:26
2019-12-03 21:25:45,242 - INFO - allennlp.training.trainer - Estimated training time remaining: 0:12:53
2019-12-03 21:25:45,242 - INFO - allennlp.training.trainer - Epoch 1/29
2019-12-03 21:25:45,242 - INFO - allennlp.training.trainer - Peak CPU memory usage MB: 2657.64
2019-12-03 21:25:45,515 - INFO - allennlp.training.trainer - GPU 0 memory usage MB: 11
2019-12-03 21:25:45,515 - INFO - allennlp.training.trainer - GPU 1 memory usage MB: 11
2019-12-03 21:25:45,515 - INFO - allennlp.training.trainer - GPU 2 memory usage MB: 11
2019-12-03 21:25:45,515 - INFO - allennlp.training.trainer - GPU 3 memory usage MB: 2942
2019-12-03 21:25:45,515 - INFO - allennlp.training.trainer - GPU 4 memory usage MB: 3034
2019-12-03 21:25:45,515 - INFO - allennlp.training.trainer - GPU 5 memory usage MB: 11
2019-12-03 21:25:45,516 - INFO - allennlp.training.trainer - GPU 6 memory usage MB: 11
2019-12-03 21:25:45,516 - INFO - allennlp.training.trainer - GPU 7 memory usage MB: 11
2019-12-03 21:25:45,516 - INFO - allennlp.training.trainer - GPU 8 memory usage MB: 11
2019-12-03 21:25:45,516 - INFO - allennlp.training.trainer - GPU 9 memory usage MB: 11
2019-12-03 21:25:45,516 - INFO - allennlp.training.trainer - GPU 10 memory usage MB: 11
2019-12-03 21:25:45,516 - INFO - allennlp.training.trainer - GPU 11 memory usage MB: 11
2019-12-03 21:25:45,516 - INFO - allennlp.training.trainer - GPU 12 memory usage MB: 11
2019-12-03 21:25:45,516 - INFO - allennlp.training.trainer - GPU 13 memory usage MB: 11
2019-12-03 21:25:45,516 - INFO - allennlp.training.trainer - GPU 14 memory usage MB: 11
2019-12-03 21:25:45,516 - INFO - allennlp.training.trainer - GPU 15 memory usage MB: 11
2019-12-03 21:25:45,517 - INFO - allennlp.training.trainer - Training
2019-12-03 21:26:09,279 - INFO - allennlp.training.trainer - Validating
2019-12-03 21:26:10,248 - INFO - allennlp.training.trainer -                      Training |  Validation
2019-12-03 21:26:10,248 - INFO - allennlp.training.trainer - gpu_11_memory_MB |    11.000  |       N/A
2019-12-03 21:26:10,248 - INFO - allennlp.training.trainer - gpu_1_memory_MB  |    11.000  |       N/A
2019-12-03 21:26:10,249 - INFO - allennlp.training.trainer - accuracy         |     0.840  |     0.710
2019-12-03 21:26:10,249 - INFO - allennlp.training.trainer - gpu_6_memory_MB  |    11.000  |       N/A
2019-12-03 21:26:10,249 - INFO - allennlp.training.trainer - neg_F1           |     0.881  |     0.771
2019-12-03 21:26:10,249 - INFO - allennlp.training.trainer - cpu_memory_MB    |  2657.640  |       N/A
2019-12-03 21:26:10,249 - INFO - allennlp.training.trainer - gpu_10_memory_MB |    11.000  |       N/A
2019-12-03 21:26:10,249 - INFO - allennlp.training.trainer - gpu_15_memory_MB |    11.000  |       N/A
2019-12-03 21:26:10,249 - INFO - allennlp.training.trainer - gpu_5_memory_MB  |    11.000  |       N/A
2019-12-03 21:26:10,249 - INFO - allennlp.training.trainer - gpu_0_memory_MB  |    11.000  |       N/A
2019-12-03 21:26:10,249 - INFO - allennlp.training.trainer - gpu_4_memory_MB  |  3034.000  |       N/A
2019-12-03 21:26:10,249 - INFO - allennlp.training.trainer - gpu_9_memory_MB  |    11.000  |       N/A
2019-12-03 21:26:10,249 - INFO - allennlp.training.trainer - gpu_2_memory_MB  |    11.000  |       N/A
2019-12-03 21:26:10,249 - INFO - allennlp.training.trainer - gpu_7_memory_MB  |    11.000  |       N/A
2019-12-03 21:26:10,249 - INFO - allennlp.training.trainer - gpu_14_memory_MB |    11.000  |       N/A
2019-12-03 21:26:10,249 - INFO - allennlp.training.trainer - loss             |     0.381  |     0.738
2019-12-03 21:26:10,249 - INFO - allennlp.training.trainer - gpu_3_memory_MB  |  2942.000  |       N/A
2019-12-03 21:26:10,249 - INFO - allennlp.training.trainer - gpu_13_memory_MB |    11.000  |       N/A
2019-12-03 21:26:10,249 - INFO - allennlp.training.trainer - average_F1       |     0.818  |     0.688
2019-12-03 21:26:10,250 - INFO - allennlp.training.trainer - gpu_12_memory_MB |    11.000  |       N/A
2019-12-03 21:26:10,250 - INFO - allennlp.training.trainer - gpu_8_memory_MB  |    11.000  |       N/A
2019-12-03 21:26:10,250 - INFO - allennlp.training.trainer - pos_F1           |     0.756  |     0.605
2019-12-03 21:26:11,270 - INFO - allennlp.training.trainer - Best validation performance so far. Copying weights to 'Sent/04/best.th'.
2019-12-03 21:26:19,942 - INFO - allennlp.training.trainer - Epoch duration: 00:00:34
2019-12-03 21:26:19,943 - INFO - allennlp.training.trainer - Estimated training time remaining: 0:14:19
2019-12-03 21:26:19,943 - INFO - allennlp.training.trainer - Epoch 2/29
2019-12-03 21:26:19,943 - INFO - allennlp.training.trainer - Peak CPU memory usage MB: 2657.64
2019-12-03 21:26:20,230 - INFO - allennlp.training.trainer - GPU 0 memory usage MB: 11
2019-12-03 21:26:20,230 - INFO - allennlp.training.trainer - GPU 1 memory usage MB: 11
2019-12-03 21:26:20,230 - INFO - allennlp.training.trainer - GPU 2 memory usage MB: 11
2019-12-03 21:26:20,230 - INFO - allennlp.training.trainer - GPU 3 memory usage MB: 2942
2019-12-03 21:26:20,230 - INFO - allennlp.training.trainer - GPU 4 memory usage MB: 3034
2019-12-03 21:26:20,230 - INFO - allennlp.training.trainer - GPU 5 memory usage MB: 11
2019-12-03 21:26:20,231 - INFO - allennlp.training.trainer - GPU 6 memory usage MB: 11
2019-12-03 21:26:20,231 - INFO - allennlp.training.trainer - GPU 7 memory usage MB: 11
2019-12-03 21:26:20,231 - INFO - allennlp.training.trainer - GPU 8 memory usage MB: 11
2019-12-03 21:26:20,231 - INFO - allennlp.training.trainer - GPU 9 memory usage MB: 11
2019-12-03 21:26:20,231 - INFO - allennlp.training.trainer - GPU 10 memory usage MB: 11
2019-12-03 21:26:20,231 - INFO - allennlp.training.trainer - GPU 11 memory usage MB: 11
2019-12-03 21:26:20,231 - INFO - allennlp.training.trainer - GPU 12 memory usage MB: 11
2019-12-03 21:26:20,231 - INFO - allennlp.training.trainer - GPU 13 memory usage MB: 11
2019-12-03 21:26:20,231 - INFO - allennlp.training.trainer - GPU 14 memory usage MB: 11
2019-12-03 21:26:20,231 - INFO - allennlp.training.trainer - GPU 15 memory usage MB: 11
2019-12-03 21:26:20,233 - INFO - allennlp.training.trainer - Training
2019-12-03 21:26:44,048 - INFO - allennlp.training.trainer - Validating
2019-12-03 21:26:45,021 - INFO - allennlp.training.trainer -                      Training |  Validation
2019-12-03 21:26:45,021 - INFO - allennlp.training.trainer - gpu_11_memory_MB |    11.000  |       N/A
2019-12-03 21:26:45,021 - INFO - allennlp.training.trainer - gpu_1_memory_MB  |    11.000  |       N/A
2019-12-03 21:26:45,021 - INFO - allennlp.training.trainer - accuracy         |     0.901  |     0.691
2019-12-03 21:26:45,022 - INFO - allennlp.training.trainer - gpu_6_memory_MB  |    11.000  |       N/A
2019-12-03 21:26:45,022 - INFO - allennlp.training.trainer - neg_F1           |     0.925  |     0.760
2019-12-03 21:26:45,022 - INFO - allennlp.training.trainer - cpu_memory_MB    |  2657.640  |       N/A
2019-12-03 21:26:45,022 - INFO - allennlp.training.trainer - gpu_10_memory_MB |    11.000  |       N/A
2019-12-03 21:26:45,022 - INFO - allennlp.training.trainer - gpu_15_memory_MB |    11.000  |       N/A
2019-12-03 21:26:45,022 - INFO - allennlp.training.trainer - gpu_5_memory_MB  |    11.000  |       N/A
2019-12-03 21:26:45,022 - INFO - allennlp.training.trainer - gpu_0_memory_MB  |    11.000  |       N/A
2019-12-03 21:26:45,022 - INFO - allennlp.training.trainer - gpu_4_memory_MB  |  3034.000  |       N/A
2019-12-03 21:26:45,022 - INFO - allennlp.training.trainer - gpu_9_memory_MB  |    11.000  |       N/A
2019-12-03 21:26:45,022 - INFO - allennlp.training.trainer - gpu_2_memory_MB  |    11.000  |       N/A
2019-12-03 21:26:45,022 - INFO - allennlp.training.trainer - gpu_7_memory_MB  |    11.000  |       N/A
2019-12-03 21:26:45,022 - INFO - allennlp.training.trainer - gpu_14_memory_MB |    11.000  |       N/A
2019-12-03 21:26:45,022 - INFO - allennlp.training.trainer - loss             |     0.247  |     0.868
2019-12-03 21:26:45,022 - INFO - allennlp.training.trainer - gpu_3_memory_MB  |  2942.000  |       N/A
2019-12-03 21:26:45,023 - INFO - allennlp.training.trainer - gpu_13_memory_MB |    11.000  |       N/A
2019-12-03 21:26:45,023 - INFO - allennlp.training.trainer - average_F1       |     0.889  |     0.664
2019-12-03 21:26:45,023 - INFO - allennlp.training.trainer - gpu_12_memory_MB |    11.000  |       N/A
2019-12-03 21:26:45,023 - INFO - allennlp.training.trainer - gpu_8_memory_MB  |    11.000  |       N/A
2019-12-03 21:26:45,023 - INFO - allennlp.training.trainer - pos_F1           |     0.854  |     0.569
2019-12-03 21:26:46,676 - INFO - allennlp.training.trainer - Epoch duration: 00:00:26
2019-12-03 21:26:46,677 - INFO - allennlp.training.trainer - Estimated training time remaining: 0:13:13
2019-12-03 21:26:46,677 - INFO - allennlp.training.trainer - Epoch 3/29
2019-12-03 21:26:46,677 - INFO - allennlp.training.trainer - Peak CPU memory usage MB: 2657.64
2019-12-03 21:26:46,952 - INFO - allennlp.training.trainer - GPU 0 memory usage MB: 11
2019-12-03 21:26:46,952 - INFO - allennlp.training.trainer - GPU 1 memory usage MB: 11
2019-12-03 21:26:46,952 - INFO - allennlp.training.trainer - GPU 2 memory usage MB: 11
2019-12-03 21:26:46,952 - INFO - allennlp.training.trainer - GPU 3 memory usage MB: 2942
2019-12-03 21:26:46,953 - INFO - allennlp.training.trainer - GPU 4 memory usage MB: 3034
2019-12-03 21:26:46,953 - INFO - allennlp.training.trainer - GPU 5 memory usage MB: 11
2019-12-03 21:26:46,953 - INFO - allennlp.training.trainer - GPU 6 memory usage MB: 11
2019-12-03 21:26:46,953 - INFO - allennlp.training.trainer - GPU 7 memory usage MB: 11
2019-12-03 21:26:46,953 - INFO - allennlp.training.trainer - GPU 8 memory usage MB: 11
2019-12-03 21:26:46,953 - INFO - allennlp.training.trainer - GPU 9 memory usage MB: 11
2019-12-03 21:26:46,953 - INFO - allennlp.training.trainer - GPU 10 memory usage MB: 11
2019-12-03 21:26:46,953 - INFO - allennlp.training.trainer - GPU 11 memory usage MB: 11
2019-12-03 21:26:46,953 - INFO - allennlp.training.trainer - GPU 12 memory usage MB: 11
2019-12-03 21:26:46,953 - INFO - allennlp.training.trainer - GPU 13 memory usage MB: 11
2019-12-03 21:26:46,953 - INFO - allennlp.training.trainer - GPU 14 memory usage MB: 11
2019-12-03 21:26:46,953 - INFO - allennlp.training.trainer - GPU 15 memory usage MB: 11
2019-12-03 21:26:46,955 - INFO - allennlp.training.trainer - Training
2019-12-03 21:27:10,643 - INFO - allennlp.training.trainer - Validating
2019-12-03 21:27:11,615 - INFO - allennlp.training.trainer -                      Training |  Validation
2019-12-03 21:27:11,615 - INFO - allennlp.training.trainer - gpu_11_memory_MB |    11.000  |       N/A
2019-12-03 21:27:11,615 - INFO - allennlp.training.trainer - gpu_1_memory_MB  |    11.000  |       N/A
2019-12-03 21:27:11,616 - INFO - allennlp.training.trainer - accuracy         |     0.945  |     0.691
2019-12-03 21:27:11,616 - INFO - allennlp.training.trainer - gpu_6_memory_MB  |    11.000  |       N/A
2019-12-03 21:27:11,616 - INFO - allennlp.training.trainer - neg_F1           |     0.958  |     0.764
2019-12-03 21:27:11,616 - INFO - allennlp.training.trainer - cpu_memory_MB    |  2657.640  |       N/A
2019-12-03 21:27:11,616 - INFO - allennlp.training.trainer - gpu_10_memory_MB |    11.000  |       N/A
2019-12-03 21:27:11,616 - INFO - allennlp.training.trainer - gpu_15_memory_MB |    11.000  |       N/A
2019-12-03 21:27:11,616 - INFO - allennlp.training.trainer - gpu_5_memory_MB  |    11.000  |       N/A
2019-12-03 21:27:11,616 - INFO - allennlp.training.trainer - gpu_0_memory_MB  |    11.000  |       N/A
2019-12-03 21:27:11,616 - INFO - allennlp.training.trainer - gpu_4_memory_MB  |  3034.000  |       N/A
2019-12-03 21:27:11,616 - INFO - allennlp.training.trainer - gpu_9_memory_MB  |    11.000  |       N/A
2019-12-03 21:27:11,616 - INFO - allennlp.training.trainer - gpu_2_memory_MB  |    11.000  |       N/A
2019-12-03 21:27:11,616 - INFO - allennlp.training.trainer - gpu_7_memory_MB  |    11.000  |       N/A
2019-12-03 21:27:11,616 - INFO - allennlp.training.trainer - gpu_14_memory_MB |    11.000  |       N/A
2019-12-03 21:27:11,617 - INFO - allennlp.training.trainer - loss             |     0.153  |     1.166
2019-12-03 21:27:11,617 - INFO - allennlp.training.trainer - gpu_3_memory_MB  |  2942.000  |       N/A
2019-12-03 21:27:11,617 - INFO - allennlp.training.trainer - gpu_13_memory_MB |    11.000  |       N/A
2019-12-03 21:27:11,617 - INFO - allennlp.training.trainer - average_F1       |     0.939  |     0.659
2019-12-03 21:27:11,617 - INFO - allennlp.training.trainer - gpu_12_memory_MB |    11.000  |       N/A
2019-12-03 21:27:11,617 - INFO - allennlp.training.trainer - gpu_8_memory_MB  |    11.000  |       N/A
2019-12-03 21:27:11,617 - INFO - allennlp.training.trainer - pos_F1           |     0.919  |     0.554
2019-12-03 21:27:12,634 - INFO - allennlp.training.trainer - Epoch duration: 00:00:25
2019-12-03 21:27:12,634 - INFO - allennlp.training.trainer - Estimated training time remaining: 0:12:21
2019-12-03 21:27:12,634 - INFO - allennlp.training.trainer - Epoch 4/29
2019-12-03 21:27:12,634 - INFO - allennlp.training.trainer - Peak CPU memory usage MB: 2657.64
2019-12-03 21:27:12,910 - INFO - allennlp.training.trainer - GPU 0 memory usage MB: 11
2019-12-03 21:27:12,910 - INFO - allennlp.training.trainer - GPU 1 memory usage MB: 11
2019-12-03 21:27:12,910 - INFO - allennlp.training.trainer - GPU 2 memory usage MB: 11
2019-12-03 21:27:12,910 - INFO - allennlp.training.trainer - GPU 3 memory usage MB: 2946
2019-12-03 21:27:12,910 - INFO - allennlp.training.trainer - GPU 4 memory usage MB: 3034
2019-12-03 21:27:12,910 - INFO - allennlp.training.trainer - GPU 5 memory usage MB: 11
2019-12-03 21:27:12,910 - INFO - allennlp.training.trainer - GPU 6 memory usage MB: 11
2019-12-03 21:27:12,910 - INFO - allennlp.training.trainer - GPU 7 memory usage MB: 11
2019-12-03 21:27:12,910 - INFO - allennlp.training.trainer - GPU 8 memory usage MB: 11
2019-12-03 21:27:12,910 - INFO - allennlp.training.trainer - GPU 9 memory usage MB: 11
2019-12-03 21:27:12,910 - INFO - allennlp.training.trainer - GPU 10 memory usage MB: 11
2019-12-03 21:27:12,910 - INFO - allennlp.training.trainer - GPU 11 memory usage MB: 11
2019-12-03 21:27:12,911 - INFO - allennlp.training.trainer - GPU 12 memory usage MB: 11
2019-12-03 21:27:12,911 - INFO - allennlp.training.trainer - GPU 13 memory usage MB: 11
2019-12-03 21:27:12,911 - INFO - allennlp.training.trainer - GPU 14 memory usage MB: 11
2019-12-03 21:27:12,911 - INFO - allennlp.training.trainer - GPU 15 memory usage MB: 11
2019-12-03 21:27:12,912 - INFO - allennlp.training.trainer - Training
2019-12-03 21:27:36,633 - INFO - allennlp.training.trainer - Validating
2019-12-03 21:27:37,623 - INFO - allennlp.training.trainer - Ran out of patience.  Stopping training.
2019-12-03 21:27:37,624 - INFO - allennlp.models.archival - archiving weights and vocabulary to Sent/04/model.tar.gz
2019-12-03 21:28:00,003 - INFO - allennlp.commands.train - Loading the best epoch weights.
2019-12-03 21:28:00,248 - INFO - allennlp.commands.train - The model will be evaluated using the best epoch weights.
2019-12-03 21:28:00,249 - INFO - allennlp.commands.evaluate - Iterating over dataset
2019-12-03 21:28:01,308 - INFO - allennlp.common.util - Metrics: {
  "peak_cpu_memory_MB": 2657.64,
  "peak_gpu_0_memory_MB": 11,
  "peak_gpu_1_memory_MB": 11,
  "peak_gpu_2_memory_MB": 11,
  "peak_gpu_3_memory_MB": 2946,
  "peak_gpu_4_memory_MB": 3034,
  "peak_gpu_5_memory_MB": 11,
  "peak_gpu_6_memory_MB": 11,
  "peak_gpu_7_memory_MB": 11,
  "peak_gpu_8_memory_MB": 11,
  "peak_gpu_9_memory_MB": 11,
  "peak_gpu_10_memory_MB": 11,
  "peak_gpu_11_memory_MB": 11,
  "peak_gpu_12_memory_MB": 11,
  "peak_gpu_13_memory_MB": 11,
  "peak_gpu_14_memory_MB": 11,
  "peak_gpu_15_memory_MB": 11,
  "training_duration": "00:01:53",
  "training_start_epoch": 0,
  "training_epochs": 3,
  "epoch": 3,
  "training_neg_F1": 0.9584295612008739,
  "training_pos_F1": 0.9189189189188689,
  "training_accuracy": 0.9450381679389313,
  "training_average_F1": 0.9386742400598713,
  "training_loss": 0.15293437619580003,
  "training_cpu_memory_MB": 2657.64,
  "training_gpu_0_memory_MB": 11,
  "training_gpu_1_memory_MB": 11,
  "training_gpu_2_memory_MB": 11,
  "training_gpu_3_memory_MB": 2942,
  "training_gpu_4_memory_MB": 3034,
  "training_gpu_5_memory_MB": 11,
  "training_gpu_6_memory_MB": 11,
  "training_gpu_7_memory_MB": 11,
  "training_gpu_8_memory_MB": 11,
  "training_gpu_9_memory_MB": 11,
  "training_gpu_10_memory_MB": 11,
  "training_gpu_11_memory_MB": 11,
  "training_gpu_12_memory_MB": 11,
  "training_gpu_13_memory_MB": 11,
  "training_gpu_14_memory_MB": 11,
  "training_gpu_15_memory_MB": 11,
  "validation_neg_F1": 0.7641509433961766,
  "validation_pos_F1": 0.5535714285713796,
  "validation_accuracy": 0.691358024691358,
  "validation_average_F1": 0.6588611859837781,
  "validation_loss": 1.1660038828849792,
  "best_epoch": 1,
  "best_validation_neg_F1": 0.7707317073170233,
  "best_validation_pos_F1": 0.605042016806673,
  "best_validation_accuracy": 0.7098765432098766,
  "best_validation_average_F1": 0.6878868620618481,
  "best_validation_loss": 0.7376202737743204,
  "test_neg_F1": 0.8384279475982034,
  "test_pos_F1": 0.6105263157894237,
  "test_accuracy": 0.7716049382716049,
  "test_average_F1": 0.7244771316938136,
  "test_loss": 0.4625058499249545
}
